-- The C compiler identification is GNU 11.2.0
-- The CXX compiler identification is GNU 11.2.0
-- Detecting C compiler ABI info
-- Detecting C compiler ABI info - done
-- Check for working C compiler: /usr/bin/cc - skipped
-- Detecting C compile features
-- Detecting C compile features - done
-- Detecting CXX compiler ABI info
-- Detecting CXX compiler ABI info - done
-- Check for working CXX compiler: /usr/bin/c++ - skipped
-- Detecting CXX compile features
-- Detecting CXX compile features - done
-- Found ament_cmake: 1.3.2 (/opt/ros/humble/share/ament_cmake/cmake)
-- Found Python3: /usr/bin/python3.10 (found version "3.10.6") found components: Interpreter 
-- Override CMake install command with custom implementation using symlinks instead of copying resources
-- Found ament_lint_auto: 0.12.4 (/opt/ros/humble/share/ament_lint_auto/cmake)
-- Added test 'lint_cmake' to check CMake code style
-- Added test 'xmllint' to check XML markup files
-- Configuring done
-- Generating done
-- Build files have been written to: /home/alyssa/homework2-alyssa225/src/build/turtle_brick_interfaces
-- Install configuration: ""
-- Execute custom install script
-- Symlinking: /home/alyssa/homework2-alyssa225/src/install/turtle_brick_interfaces/share/ament_index/resource_index/package_run_dependencies/turtle_brick_interfaces
-- Symlinking: /home/alyssa/homework2-alyssa225/src/install/turtle_brick_interfaces/share/ament_index/resource_index/parent_prefix_path/turtle_brick_interfaces
-- Symlinking: /home/alyssa/homework2-alyssa225/src/install/turtle_brick_interfaces/share/turtle_brick_interfaces/environment/ament_prefix_path.sh
-- Symlinking: /home/alyssa/homework2-alyssa225/src/install/turtle_brick_interfaces/share/turtle_brick_interfaces/environment/ament_prefix_path.dsv
-- Symlinking: /home/alyssa/homework2-alyssa225/src/install/turtle_brick_interfaces/share/turtle_brick_interfaces/environment/path.sh
-- Symlinking: /home/alyssa/homework2-alyssa225/src/install/turtle_brick_interfaces/share/turtle_brick_interfaces/environment/path.dsv
-- Symlinking: /home/alyssa/homework2-alyssa225/src/install/turtle_brick_interfaces/share/turtle_brick_interfaces/local_setup.bash
-- Symlinking: /home/alyssa/homework2-alyssa225/src/install/turtle_brick_interfaces/share/turtle_brick_interfaces/local_setup.sh
-- Symlinking: /home/alyssa/homework2-alyssa225/src/install/turtle_brick_interfaces/share/turtle_brick_interfaces/local_setup.zsh
-- Symlinking: /home/alyssa/homework2-alyssa225/src/install/turtle_brick_interfaces/share/turtle_brick_interfaces/local_setup.dsv
-- Symlinking: /home/alyssa/homework2-alyssa225/src/install/turtle_brick_interfaces/share/turtle_brick_interfaces/package.dsv
-- Symlinking: /home/alyssa/homework2-alyssa225/src/install/turtle_brick_interfaces/share/ament_index/resource_index/packages/turtle_brick_interfaces
-- Symlinking: /home/alyssa/homework2-alyssa225/src/install/turtle_brick_interfaces/share/turtle_brick_interfaces/cmake/turtle_brick_interfacesConfig.cmake
-- Symlinking: /home/alyssa/homework2-alyssa225/src/install/turtle_brick_interfaces/share/turtle_brick_interfaces/cmake/turtle_brick_interfacesConfig-version.cmake
-- Symlinking: /home/alyssa/homework2-alyssa225/src/install/turtle_brick_interfaces/share/turtle_brick_interfaces/package.xml
