[0.216s] DEBUG:colcon:Command line arguments: ['/usr/bin/colcon', 'build']
[0.216s] DEBUG:colcon:Parsed command line arguments: Namespace(log_base=None, log_level=None, verb_name='build', build_base='build', install_base='install', merge_install=False, symlink_install=False, test_result_base=None, continue_on_error=False, executor='parallel', parallel_workers=8, event_handlers=None, ignore_user_meta=False, metas=['./colcon.meta'], base_paths=['.'], packages_ignore=None, packages_ignore_regex=None, paths=None, packages_up_to=None, packages_up_to_regex=None, packages_above=None, packages_above_and_dependencies=None, packages_above_depth=None, packages_select_by_dep=None, packages_skip_by_dep=None, packages_skip_up_to=None, packages_select_build_failed=False, packages_skip_build_finished=False, packages_select_test_failures=False, packages_skip_test_passed=False, packages_select=None, packages_skip=None, packages_select_regex=None, packages_skip_regex=None, packages_start=None, packages_end=None, allow_overriding=[], cmake_args=None, cmake_target=None, cmake_target_skip_unavailable=False, cmake_clean_cache=False, cmake_clean_first=False, cmake_force_configure=False, ament_cmake_args=None, catkin_cmake_args=None, catkin_skip_building_tests=False, mixin_files=None, mixin=None, verb_parser=<colcon_mixin.mixin.mixin_argument.MixinArgumentDecorator object at 0x7f2d96b79ba0>, verb_extension=<colcon_core.verb.build.BuildVerb object at 0x7f2d974aeb60>, main=<bound method BuildVerb.main of <colcon_core.verb.build.BuildVerb object at 0x7f2d974aeb60>>, mixin_verb=('build',))
[0.234s] Level 1:colcon.colcon_core.package_discovery:discover_packages(colcon_meta) check parameters
[0.234s] Level 1:colcon.colcon_core.package_discovery:discover_packages(recursive) check parameters
[0.234s] Level 1:colcon.colcon_core.package_discovery:discover_packages(ignore) check parameters
[0.234s] Level 1:colcon.colcon_core.package_discovery:discover_packages(path) check parameters
[0.234s] Level 1:colcon.colcon_core.package_discovery:discover_packages(colcon_meta) discover
[0.234s] Level 1:colcon.colcon_core.package_discovery:discover_packages(recursive) discover
[0.234s] INFO:colcon.colcon_core.package_discovery:Crawling recursively for packages in '/home/alyssa/homework2-alyssa225'
[0.235s] Level 1:colcon.colcon_core.package_identification:_identify(.) by extensions ['ignore', 'ignore_ament_install']
[0.235s] Level 1:colcon.colcon_core.package_identification:_identify(.) by extension 'ignore'
[0.235s] Level 1:colcon.colcon_core.package_identification:_identify(.) by extension 'ignore_ament_install'
[0.235s] Level 1:colcon.colcon_core.package_identification:_identify(.) by extensions ['colcon_pkg']
[0.235s] Level 1:colcon.colcon_core.package_identification:_identify(.) by extension 'colcon_pkg'
[0.235s] Level 1:colcon.colcon_core.package_identification:_identify(.) by extensions ['colcon_meta']
[0.235s] Level 1:colcon.colcon_core.package_identification:_identify(.) by extension 'colcon_meta'
[0.235s] Level 1:colcon.colcon_core.package_identification:_identify(.) by extensions ['ros']
[0.235s] Level 1:colcon.colcon_core.package_identification:_identify(.) by extension 'ros'
[0.250s] Level 1:colcon.colcon_core.package_identification:_identify(.) by extensions ['cmake', 'python']
[0.250s] Level 1:colcon.colcon_core.package_identification:_identify(.) by extension 'cmake'
[0.250s] Level 1:colcon.colcon_core.package_identification:_identify(.) by extension 'python'
[0.250s] Level 1:colcon.colcon_core.package_identification:_identify(.) by extensions ['python_setup_py']
[0.250s] Level 1:colcon.colcon_core.package_identification:_identify(.) by extension 'python_setup_py'
[0.250s] Level 1:colcon.colcon_core.package_identification:_identify(build) by extensions ['ignore', 'ignore_ament_install']
[0.250s] Level 1:colcon.colcon_core.package_identification:_identify(build) by extension 'ignore'
[0.250s] Level 1:colcon.colcon_core.package_identification:_identify(build) ignored
[0.250s] Level 1:colcon.colcon_core.package_identification:_identify(install) by extensions ['ignore', 'ignore_ament_install']
[0.250s] Level 1:colcon.colcon_core.package_identification:_identify(install) by extension 'ignore'
[0.250s] Level 1:colcon.colcon_core.package_identification:_identify(install) ignored
[0.251s] Level 1:colcon.colcon_core.package_identification:_identify(log) by extensions ['ignore', 'ignore_ament_install']
[0.251s] Level 1:colcon.colcon_core.package_identification:_identify(log) by extension 'ignore'
[0.251s] Level 1:colcon.colcon_core.package_identification:_identify(log) ignored
[0.251s] Level 1:colcon.colcon_core.package_identification:_identify(src) by extensions ['ignore', 'ignore_ament_install']
[0.251s] Level 1:colcon.colcon_core.package_identification:_identify(src) by extension 'ignore'
[0.251s] Level 1:colcon.colcon_core.package_identification:_identify(src) by extension 'ignore_ament_install'
[0.251s] Level 1:colcon.colcon_core.package_identification:_identify(src) by extensions ['colcon_pkg']
[0.251s] Level 1:colcon.colcon_core.package_identification:_identify(src) by extension 'colcon_pkg'
[0.251s] Level 1:colcon.colcon_core.package_identification:_identify(src) by extensions ['colcon_meta']
[0.251s] Level 1:colcon.colcon_core.package_identification:_identify(src) by extension 'colcon_meta'
[0.251s] Level 1:colcon.colcon_core.package_identification:_identify(src) by extensions ['ros']
[0.251s] Level 1:colcon.colcon_core.package_identification:_identify(src) by extension 'ros'
[0.251s] Level 1:colcon.colcon_core.package_identification:_identify(src) by extensions ['cmake', 'python']
[0.251s] Level 1:colcon.colcon_core.package_identification:_identify(src) by extension 'cmake'
[0.251s] Level 1:colcon.colcon_core.package_identification:_identify(src) by extension 'python'
[0.251s] Level 1:colcon.colcon_core.package_identification:_identify(src) by extensions ['python_setup_py']
[0.251s] Level 1:colcon.colcon_core.package_identification:_identify(src) by extension 'python_setup_py'
[0.251s] Level 1:colcon.colcon_core.package_identification:_identify(src/build) by extensions ['ignore', 'ignore_ament_install']
[0.251s] Level 1:colcon.colcon_core.package_identification:_identify(src/build) by extension 'ignore'
[0.252s] Level 1:colcon.colcon_core.package_identification:_identify(src/build) ignored
[0.252s] Level 1:colcon.colcon_core.package_identification:_identify(src/install) by extensions ['ignore', 'ignore_ament_install']
[0.252s] Level 1:colcon.colcon_core.package_identification:_identify(src/install) by extension 'ignore'
[0.252s] Level 1:colcon.colcon_core.package_identification:_identify(src/install) ignored
[0.252s] Level 1:colcon.colcon_core.package_identification:_identify(src/log) by extensions ['ignore', 'ignore_ament_install']
[0.252s] Level 1:colcon.colcon_core.package_identification:_identify(src/log) by extension 'ignore'
[0.252s] Level 1:colcon.colcon_core.package_identification:_identify(src/log) ignored
[0.252s] Level 1:colcon.colcon_core.package_identification:_identify(src/turtle_brick) by extensions ['ignore', 'ignore_ament_install']
[0.252s] Level 1:colcon.colcon_core.package_identification:_identify(src/turtle_brick) by extension 'ignore'
[0.252s] Level 1:colcon.colcon_core.package_identification:_identify(src/turtle_brick) by extension 'ignore_ament_install'
[0.252s] Level 1:colcon.colcon_core.package_identification:_identify(src/turtle_brick) by extensions ['colcon_pkg']
[0.252s] Level 1:colcon.colcon_core.package_identification:_identify(src/turtle_brick) by extension 'colcon_pkg'
[0.252s] Level 1:colcon.colcon_core.package_identification:_identify(src/turtle_brick) by extensions ['colcon_meta']
[0.252s] Level 1:colcon.colcon_core.package_identification:_identify(src/turtle_brick) by extension 'colcon_meta'
[0.252s] Level 1:colcon.colcon_core.package_identification:_identify(src/turtle_brick) by extensions ['ros']
[0.252s] Level 1:colcon.colcon_core.package_identification:_identify(src/turtle_brick) by extension 'ros'
[0.254s] DEBUG:colcon.colcon_core.package_identification:Package 'src/turtle_brick' with type 'ros.ament_python' and name 'turtle_brick'
[0.254s] Level 1:colcon.colcon_core.package_identification:_identify(src/turtle_brick_interfaces) by extensions ['ignore', 'ignore_ament_install']
[0.255s] Level 1:colcon.colcon_core.package_identification:_identify(src/turtle_brick_interfaces) by extension 'ignore'
[0.255s] Level 1:colcon.colcon_core.package_identification:_identify(src/turtle_brick_interfaces) by extension 'ignore_ament_install'
[0.255s] Level 1:colcon.colcon_core.package_identification:_identify(src/turtle_brick_interfaces) by extensions ['colcon_pkg']
[0.255s] Level 1:colcon.colcon_core.package_identification:_identify(src/turtle_brick_interfaces) by extension 'colcon_pkg'
[0.255s] Level 1:colcon.colcon_core.package_identification:_identify(src/turtle_brick_interfaces) by extensions ['colcon_meta']
[0.255s] Level 1:colcon.colcon_core.package_identification:_identify(src/turtle_brick_interfaces) by extension 'colcon_meta'
[0.255s] Level 1:colcon.colcon_core.package_identification:_identify(src/turtle_brick_interfaces) by extensions ['ros']
[0.255s] Level 1:colcon.colcon_core.package_identification:_identify(src/turtle_brick_interfaces) by extension 'ros'
[0.255s] DEBUG:colcon.colcon_core.package_identification:Package 'src/turtle_brick_interfaces' with type 'ros.ament_cmake' and name 'turtle_brick_interfaces'
[0.255s] Level 1:colcon.colcon_core.package_discovery:discover_packages(recursive) using defaults
[0.255s] Level 1:colcon.colcon_core.package_discovery:discover_packages(ignore) discover
[0.255s] Level 1:colcon.colcon_core.package_discovery:discover_packages(ignore) using defaults
[0.255s] Level 1:colcon.colcon_core.package_discovery:discover_packages(path) discover
[0.255s] Level 1:colcon.colcon_core.package_discovery:discover_packages(path) using defaults
[0.274s] Level 1:colcon.colcon_core.package_discovery:discover_packages(prefix_path) check parameters
[0.274s] Level 1:colcon.colcon_core.package_discovery:discover_packages(prefix_path) discover
[0.275s] Level 1:colcon.colcon_core.package_discovery:discover_packages(prefix_path) using defaults
[0.277s] Level 5:colcon.colcon_core.verb:set package 'turtle_brick' build argument 'cmake_args' from command line to 'None'
[0.277s] Level 5:colcon.colcon_core.verb:set package 'turtle_brick' build argument 'cmake_target' from command line to 'None'
[0.277s] Level 5:colcon.colcon_core.verb:set package 'turtle_brick' build argument 'cmake_target_skip_unavailable' from command line to 'False'
[0.277s] Level 5:colcon.colcon_core.verb:set package 'turtle_brick' build argument 'cmake_clean_cache' from command line to 'False'
[0.277s] Level 5:colcon.colcon_core.verb:set package 'turtle_brick' build argument 'cmake_clean_first' from command line to 'False'
[0.277s] Level 5:colcon.colcon_core.verb:set package 'turtle_brick' build argument 'cmake_force_configure' from command line to 'False'
[0.277s] Level 5:colcon.colcon_core.verb:set package 'turtle_brick' build argument 'ament_cmake_args' from command line to 'None'
[0.277s] Level 5:colcon.colcon_core.verb:set package 'turtle_brick' build argument 'catkin_cmake_args' from command line to 'None'
[0.277s] Level 5:colcon.colcon_core.verb:set package 'turtle_brick' build argument 'catkin_skip_building_tests' from command line to 'False'
[0.277s] DEBUG:colcon.colcon_core.verb:Building package 'turtle_brick' with the following arguments: {'ament_cmake_args': None, 'build_base': '/home/alyssa/homework2-alyssa225/build/turtle_brick', 'catkin_cmake_args': None, 'catkin_skip_building_tests': False, 'cmake_args': None, 'cmake_clean_cache': False, 'cmake_clean_first': False, 'cmake_force_configure': False, 'cmake_target': None, 'cmake_target_skip_unavailable': False, 'install_base': '/home/alyssa/homework2-alyssa225/install/turtle_brick', 'merge_install': False, 'path': '/home/alyssa/homework2-alyssa225/src/turtle_brick', 'symlink_install': False, 'test_result_base': None}
[0.278s] Level 5:colcon.colcon_core.verb:set package 'turtle_brick_interfaces' build argument 'cmake_args' from command line to 'None'
[0.278s] Level 5:colcon.colcon_core.verb:set package 'turtle_brick_interfaces' build argument 'cmake_target' from command line to 'None'
[0.278s] Level 5:colcon.colcon_core.verb:set package 'turtle_brick_interfaces' build argument 'cmake_target_skip_unavailable' from command line to 'False'
[0.278s] Level 5:colcon.colcon_core.verb:set package 'turtle_brick_interfaces' build argument 'cmake_clean_cache' from command line to 'False'
[0.278s] Level 5:colcon.colcon_core.verb:set package 'turtle_brick_interfaces' build argument 'cmake_clean_first' from command line to 'False'
[0.278s] Level 5:colcon.colcon_core.verb:set package 'turtle_brick_interfaces' build argument 'cmake_force_configure' from command line to 'False'
[0.278s] Level 5:colcon.colcon_core.verb:set package 'turtle_brick_interfaces' build argument 'ament_cmake_args' from command line to 'None'
[0.278s] Level 5:colcon.colcon_core.verb:set package 'turtle_brick_interfaces' build argument 'catkin_cmake_args' from command line to 'None'
[0.278s] Level 5:colcon.colcon_core.verb:set package 'turtle_brick_interfaces' build argument 'catkin_skip_building_tests' from command line to 'False'
[0.278s] DEBUG:colcon.colcon_core.verb:Building package 'turtle_brick_interfaces' with the following arguments: {'ament_cmake_args': None, 'build_base': '/home/alyssa/homework2-alyssa225/build/turtle_brick_interfaces', 'catkin_cmake_args': None, 'catkin_skip_building_tests': False, 'cmake_args': None, 'cmake_clean_cache': False, 'cmake_clean_first': False, 'cmake_force_configure': False, 'cmake_target': None, 'cmake_target_skip_unavailable': False, 'install_base': '/home/alyssa/homework2-alyssa225/install/turtle_brick_interfaces', 'merge_install': False, 'path': '/home/alyssa/homework2-alyssa225/src/turtle_brick_interfaces', 'symlink_install': False, 'test_result_base': None}
[0.278s] INFO:colcon.colcon_core.executor:Executing jobs using 'parallel' executor
[0.281s] DEBUG:colcon.colcon_parallel_executor.executor.parallel:run_until_complete
[0.282s] INFO:colcon.colcon_ros.task.ament_python.build:Building ROS package in '/home/alyssa/homework2-alyssa225/src/turtle_brick' with build type 'ament_python'
[0.282s] Level 1:colcon.colcon_core.shell:create_environment_hook('turtle_brick', 'ament_prefix_path')
[0.285s] INFO:colcon.colcon_core.plugin_system:Skipping extension 'colcon_core.shell.bat': Not used on non-Windows systems
[0.285s] INFO:colcon.colcon_core.shell:Creating environment hook '/home/alyssa/homework2-alyssa225/install/turtle_brick/share/turtle_brick/hook/ament_prefix_path.ps1'
[0.286s] INFO:colcon.colcon_core.shell:Creating environment descriptor '/home/alyssa/homework2-alyssa225/install/turtle_brick/share/turtle_brick/hook/ament_prefix_path.dsv'
[0.286s] INFO:colcon.colcon_core.shell:Creating environment hook '/home/alyssa/homework2-alyssa225/install/turtle_brick/share/turtle_brick/hook/ament_prefix_path.sh'
[0.287s] INFO:colcon.colcon_core.shell:Skip shell extension 'powershell' for command environment: Not usable outside of PowerShell
[0.287s] DEBUG:colcon.colcon_core.shell:Skip shell extension 'dsv' for command environment
[0.289s] INFO:colcon.colcon_ros.task.ament_cmake.build:Building ROS package in '/home/alyssa/homework2-alyssa225/src/turtle_brick_interfaces' with build type 'ament_cmake'
[0.289s] INFO:colcon.colcon_cmake.task.cmake.build:Building CMake package in '/home/alyssa/homework2-alyssa225/src/turtle_brick_interfaces'
[0.290s] INFO:colcon.colcon_core.shell:Skip shell extension 'powershell' for command environment: Not usable outside of PowerShell
[0.290s] DEBUG:colcon.colcon_core.shell:Skip shell extension 'dsv' for command environment
[0.459s] INFO:colcon.colcon_core.task.python.build:Building Python package in '/home/alyssa/homework2-alyssa225/src/turtle_brick'
[0.460s] INFO:colcon.colcon_core.shell:Skip shell extension 'powershell' for command environment: Not usable outside of PowerShell
[0.460s] DEBUG:colcon.colcon_core.shell:Skip shell extension 'dsv' for command environment
[0.468s] DEBUG:colcon.colcon_core.event_handler.log_command:Invoking command in '/home/alyssa/homework2-alyssa225/build/turtle_brick_interfaces': /usr/bin/cmake --build /home/alyssa/homework2-alyssa225/build/turtle_brick_interfaces -- -j8 -l8
[0.493s] DEBUG:colcon.colcon_core.event_handler.log_command:Invoked command in '/home/alyssa/homework2-alyssa225/build/turtle_brick_interfaces' returned '0': /usr/bin/cmake --build /home/alyssa/homework2-alyssa225/build/turtle_brick_interfaces -- -j8 -l8
[0.516s] DEBUG:colcon.colcon_core.event_handler.log_command:Invoking command in '/home/alyssa/homework2-alyssa225/build/turtle_brick_interfaces': /usr/bin/cmake --install /home/alyssa/homework2-alyssa225/build/turtle_brick_interfaces
[0.525s] Level 1:colcon.colcon_core.environment:create_environment_scripts_only(turtle_brick_interfaces)
[0.529s] DEBUG:colcon.colcon_core.event_handler.log_command:Invoked command in '/home/alyssa/homework2-alyssa225/build/turtle_brick_interfaces' returned '0': /usr/bin/cmake --install /home/alyssa/homework2-alyssa225/build/turtle_brick_interfaces
[0.531s] Level 1:colcon.colcon_core.environment:checking '/home/alyssa/homework2-alyssa225/install/turtle_brick_interfaces' for CMake module files
[0.532s] Level 1:colcon.colcon_core.environment:checking '/home/alyssa/homework2-alyssa225/install/turtle_brick_interfaces' for CMake config files
[0.532s] Level 1:colcon.colcon_core.shell:create_environment_hook('turtle_brick_interfaces', 'cmake_prefix_path')
[0.533s] INFO:colcon.colcon_core.shell:Creating environment hook '/home/alyssa/homework2-alyssa225/install/turtle_brick_interfaces/share/turtle_brick_interfaces/hook/cmake_prefix_path.ps1'
[0.533s] INFO:colcon.colcon_core.shell:Creating environment descriptor '/home/alyssa/homework2-alyssa225/install/turtle_brick_interfaces/share/turtle_brick_interfaces/hook/cmake_prefix_path.dsv'
[0.534s] INFO:colcon.colcon_core.shell:Creating environment hook '/home/alyssa/homework2-alyssa225/install/turtle_brick_interfaces/share/turtle_brick_interfaces/hook/cmake_prefix_path.sh'
[0.534s] Level 1:colcon.colcon_core.environment:checking '/home/alyssa/homework2-alyssa225/install/turtle_brick_interfaces/bin'
[0.534s] Level 1:colcon.colcon_core.environment:checking '/home/alyssa/homework2-alyssa225/install/turtle_brick_interfaces/lib/pkgconfig/turtle_brick_interfaces.pc'
[0.535s] Level 1:colcon.colcon_core.environment:checking '/home/alyssa/homework2-alyssa225/install/turtle_brick_interfaces/lib/python3.10/site-packages'
[0.535s] Level 1:colcon.colcon_core.environment:checking '/home/alyssa/homework2-alyssa225/install/turtle_brick_interfaces/bin'
[0.536s] INFO:colcon.colcon_core.shell:Creating package script '/home/alyssa/homework2-alyssa225/install/turtle_brick_interfaces/share/turtle_brick_interfaces/package.ps1'
[0.536s] INFO:colcon.colcon_core.shell:Creating package descriptor '/home/alyssa/homework2-alyssa225/install/turtle_brick_interfaces/share/turtle_brick_interfaces/package.dsv'
[0.537s] INFO:colcon.colcon_core.shell:Creating package script '/home/alyssa/homework2-alyssa225/install/turtle_brick_interfaces/share/turtle_brick_interfaces/package.sh'
[0.538s] INFO:colcon.colcon_core.shell:Creating package script '/home/alyssa/homework2-alyssa225/install/turtle_brick_interfaces/share/turtle_brick_interfaces/package.bash'
[0.538s] INFO:colcon.colcon_core.shell:Creating package script '/home/alyssa/homework2-alyssa225/install/turtle_brick_interfaces/share/turtle_brick_interfaces/package.zsh'
[0.539s] Level 1:colcon.colcon_core.environment:create_file_with_runtime_dependencies(/home/alyssa/homework2-alyssa225/install/turtle_brick_interfaces/share/colcon-core/packages/turtle_brick_interfaces)
[0.556s] Level 1:colcon.colcon_core.environment:create_environment_scripts_only(turtle_brick_interfaces)
[0.558s] Level 1:colcon.colcon_core.environment:checking '/home/alyssa/homework2-alyssa225/install/turtle_brick_interfaces' for CMake module files
[0.558s] Level 1:colcon.colcon_core.environment:checking '/home/alyssa/homework2-alyssa225/install/turtle_brick_interfaces' for CMake config files
[0.559s] Level 1:colcon.colcon_core.shell:create_environment_hook('turtle_brick_interfaces', 'cmake_prefix_path')
[0.560s] INFO:colcon.colcon_core.shell:Creating environment hook '/home/alyssa/homework2-alyssa225/install/turtle_brick_interfaces/share/turtle_brick_interfaces/hook/cmake_prefix_path.ps1'
[0.560s] INFO:colcon.colcon_core.shell:Creating environment descriptor '/home/alyssa/homework2-alyssa225/install/turtle_brick_interfaces/share/turtle_brick_interfaces/hook/cmake_prefix_path.dsv'
[0.561s] INFO:colcon.colcon_core.shell:Creating environment hook '/home/alyssa/homework2-alyssa225/install/turtle_brick_interfaces/share/turtle_brick_interfaces/hook/cmake_prefix_path.sh'
[0.561s] Level 1:colcon.colcon_core.environment:checking '/home/alyssa/homework2-alyssa225/install/turtle_brick_interfaces/bin'
[0.561s] Level 1:colcon.colcon_core.environment:checking '/home/alyssa/homework2-alyssa225/install/turtle_brick_interfaces/lib/pkgconfig/turtle_brick_interfaces.pc'
[0.562s] Level 1:colcon.colcon_core.environment:checking '/home/alyssa/homework2-alyssa225/install/turtle_brick_interfaces/lib/python3.10/site-packages'
[0.562s] Level 1:colcon.colcon_core.environment:checking '/home/alyssa/homework2-alyssa225/install/turtle_brick_interfaces/bin'
[0.563s] INFO:colcon.colcon_core.shell:Creating package script '/home/alyssa/homework2-alyssa225/install/turtle_brick_interfaces/share/turtle_brick_interfaces/package.ps1'
[0.564s] INFO:colcon.colcon_core.shell:Creating package descriptor '/home/alyssa/homework2-alyssa225/install/turtle_brick_interfaces/share/turtle_brick_interfaces/package.dsv'
[0.564s] INFO:colcon.colcon_core.shell:Creating package script '/home/alyssa/homework2-alyssa225/install/turtle_brick_interfaces/share/turtle_brick_interfaces/package.sh'
[0.565s] INFO:colcon.colcon_core.shell:Creating package script '/home/alyssa/homework2-alyssa225/install/turtle_brick_interfaces/share/turtle_brick_interfaces/package.bash'
[0.565s] INFO:colcon.colcon_core.shell:Creating package script '/home/alyssa/homework2-alyssa225/install/turtle_brick_interfaces/share/turtle_brick_interfaces/package.zsh'
[0.566s] Level 1:colcon.colcon_core.environment:create_file_with_runtime_dependencies(/home/alyssa/homework2-alyssa225/install/turtle_brick_interfaces/share/colcon-core/packages/turtle_brick_interfaces)
[0.706s] DEBUG:colcon.colcon_core.event_handler.log_command:Invoking command in '/home/alyssa/homework2-alyssa225/src/turtle_brick': PYTHONPATH=/home/alyssa/homework2-alyssa225/install/turtle_brick/lib/python3.10/site-packages: /usr/bin/python3 setup.py egg_info --egg-base ../../build/turtle_brick build --build-base /home/alyssa/homework2-alyssa225/build/turtle_brick/build install --prefix /home/alyssa/homework2-alyssa225/install/turtle_brick --record /home/alyssa/homework2-alyssa225/build/turtle_brick/install.log --single-version-externally-managed
[0.901s] Level 1:colcon.colcon_core.environment:checking '/home/alyssa/homework2-alyssa225/install/turtle_brick' for CMake module files
[0.902s] DEBUG:colcon.colcon_core.event_handler.log_command:Invoked command in '/home/alyssa/homework2-alyssa225/src/turtle_brick' returned '0': PYTHONPATH=/home/alyssa/homework2-alyssa225/install/turtle_brick/lib/python3.10/site-packages: /usr/bin/python3 setup.py egg_info --egg-base ../../build/turtle_brick build --build-base /home/alyssa/homework2-alyssa225/build/turtle_brick/build install --prefix /home/alyssa/homework2-alyssa225/install/turtle_brick --record /home/alyssa/homework2-alyssa225/build/turtle_brick/install.log --single-version-externally-managed
[0.902s] Level 1:colcon.colcon_core.environment:checking '/home/alyssa/homework2-alyssa225/install/turtle_brick' for CMake config files
[0.903s] Level 1:colcon.colcon_core.environment:checking '/home/alyssa/homework2-alyssa225/install/turtle_brick/lib'
[0.903s] Level 1:colcon.colcon_core.environment:checking '/home/alyssa/homework2-alyssa225/install/turtle_brick/bin'
[0.903s] Level 1:colcon.colcon_core.environment:checking '/home/alyssa/homework2-alyssa225/install/turtle_brick/lib/pkgconfig/turtle_brick.pc'
[0.903s] Level 1:colcon.colcon_core.environment:checking '/home/alyssa/homework2-alyssa225/install/turtle_brick/lib/python3.10/site-packages'
[0.903s] Level 1:colcon.colcon_core.shell:create_environment_hook('turtle_brick', 'pythonpath')
[0.904s] INFO:colcon.colcon_core.shell:Creating environment hook '/home/alyssa/homework2-alyssa225/install/turtle_brick/share/turtle_brick/hook/pythonpath.ps1'
[0.905s] INFO:colcon.colcon_core.shell:Creating environment descriptor '/home/alyssa/homework2-alyssa225/install/turtle_brick/share/turtle_brick/hook/pythonpath.dsv'
[0.905s] INFO:colcon.colcon_core.shell:Creating environment hook '/home/alyssa/homework2-alyssa225/install/turtle_brick/share/turtle_brick/hook/pythonpath.sh'
[0.906s] Level 1:colcon.colcon_core.environment:checking '/home/alyssa/homework2-alyssa225/install/turtle_brick/bin'
[0.906s] Level 1:colcon.colcon_core.environment:create_environment_scripts_only(turtle_brick)
[0.907s] INFO:colcon.colcon_core.shell:Creating package script '/home/alyssa/homework2-alyssa225/install/turtle_brick/share/turtle_brick/package.ps1'
[0.908s] INFO:colcon.colcon_core.shell:Creating package descriptor '/home/alyssa/homework2-alyssa225/install/turtle_brick/share/turtle_brick/package.dsv'
[0.908s] INFO:colcon.colcon_core.shell:Creating package script '/home/alyssa/homework2-alyssa225/install/turtle_brick/share/turtle_brick/package.sh'
[0.909s] INFO:colcon.colcon_core.shell:Creating package script '/home/alyssa/homework2-alyssa225/install/turtle_brick/share/turtle_brick/package.bash'
[0.909s] INFO:colcon.colcon_core.shell:Creating package script '/home/alyssa/homework2-alyssa225/install/turtle_brick/share/turtle_brick/package.zsh'
[0.909s] Level 1:colcon.colcon_core.environment:create_file_with_runtime_dependencies(/home/alyssa/homework2-alyssa225/install/turtle_brick/share/colcon-core/packages/turtle_brick)
[0.910s] DEBUG:colcon.colcon_parallel_executor.executor.parallel:closing loop
[0.910s] DEBUG:colcon.colcon_parallel_executor.executor.parallel:loop closed
[0.910s] DEBUG:colcon.colcon_parallel_executor.executor.parallel:run_until_complete finished with '0'
[0.910s] DEBUG:colcon.colcon_core.event_reactor:joining thread
[0.917s] INFO:colcon.colcon_core.plugin_system:Skipping extension 'colcon_notification.desktop_notification.terminal_notifier': Not used on non-Darwin systems
[0.917s] INFO:colcon.colcon_core.plugin_system:Skipping extension 'colcon_notification.desktop_notification.win32': Not used on non-Windows systems
[0.917s] INFO:colcon.colcon_notification.desktop_notification:Sending desktop notification using 'notify2'
[0.927s] DEBUG:colcon.colcon_core.event_reactor:joined thread
[0.928s] INFO:colcon.colcon_core.shell:Creating prefix script '/home/alyssa/homework2-alyssa225/install/local_setup.ps1'
[0.929s] INFO:colcon.colcon_core.shell:Creating prefix util module '/home/alyssa/homework2-alyssa225/install/_local_setup_util_ps1.py'
[0.930s] INFO:colcon.colcon_core.shell:Creating prefix chain script '/home/alyssa/homework2-alyssa225/install/setup.ps1'
[0.931s] INFO:colcon.colcon_core.shell:Creating prefix script '/home/alyssa/homework2-alyssa225/install/local_setup.sh'
[0.932s] INFO:colcon.colcon_core.shell:Creating prefix util module '/home/alyssa/homework2-alyssa225/install/_local_setup_util_sh.py'
[0.932s] INFO:colcon.colcon_core.shell:Creating prefix chain script '/home/alyssa/homework2-alyssa225/install/setup.sh'
[0.933s] INFO:colcon.colcon_core.shell:Creating prefix script '/home/alyssa/homework2-alyssa225/install/local_setup.bash'
[0.933s] INFO:colcon.colcon_core.shell:Creating prefix chain script '/home/alyssa/homework2-alyssa225/install/setup.bash'
[0.934s] INFO:colcon.colcon_core.shell:Creating prefix script '/home/alyssa/homework2-alyssa225/install/local_setup.zsh'
[0.935s] INFO:colcon.colcon_core.shell:Creating prefix chain script '/home/alyssa/homework2-alyssa225/install/setup.zsh'
