[0.383s] Invoking command in '/home/alyssa/homework2-alyssa225/build/turtle_brick_interfaces': CMAKE_PREFIX_PATH=${CMAKE_PREFIX_PATH}:/home/alyssa/homework2-alyssa225/install/turtle_brick:/home/alyssa/homework2-alyssa225/src/install/turtle_brick:/opt/ros/humble /usr/bin/cmake --build /home/alyssa/homework2-alyssa225/build/turtle_brick_interfaces -- -j8 -l8
[0.476s] [  6%] Built target turtle_brick_interfaces__cpp
[0.476s] [ 12%] Built target turtle_brick_interfaces__rosidl_generator_c
[0.512s] [ 12%] Built target ament_cmake_python_copy_turtle_brick_interfaces
[0.533s] [ 31%] Built target turtle_brick_interfaces__rosidl_typesupport_fastrtps_cpp
[0.534s] [ 34%] Built target turtle_brick_interfaces__rosidl_typesupport_cpp
[0.539s] [ 44%] Built target turtle_brick_interfaces__rosidl_typesupport_introspection_cpp
[0.569s] [ 55%] Built target turtle_brick_interfaces__rosidl_typesupport_c
[0.575s] [ 65%] Built target turtle_brick_interfaces__rosidl_typesupport_fastrtps_c
[0.579s] [ 76%] Built target turtle_brick_interfaces__rosidl_typesupport_introspection_c
[0.615s] [ 76%] Built target turtle_brick_interfaces
[0.659s] [ 78%] Built target turtle_brick_interfaces__py
[0.721s] [ 87%] Built target turtle_brick_interfaces__rosidl_generator_py
[0.776s] [ 91%] Built target turtle_brick_interfaces__rosidl_typesupport_introspection_c__pyext
[0.790s] [ 95%] Built target turtle_brick_interfaces__rosidl_typesupport_fastrtps_c__pyext
[0.808s] [100%] Built target turtle_brick_interfaces__rosidl_typesupport_c__pyext
[1.124s] running egg_info
[1.127s] writing turtle_brick_interfaces.egg-info/PKG-INFO
[1.127s] writing dependency_links to turtle_brick_interfaces.egg-info/dependency_links.txt
[1.128s] writing top-level names to turtle_brick_interfaces.egg-info/top_level.txt
[1.130s] reading manifest file 'turtle_brick_interfaces.egg-info/SOURCES.txt'
[1.131s] writing manifest file 'turtle_brick_interfaces.egg-info/SOURCES.txt'
[1.189s] [100%] Built target ament_cmake_python_build_turtle_brick_interfaces_egg
[1.208s] Invoked command in '/home/alyssa/homework2-alyssa225/build/turtle_brick_interfaces' returned '0': CMAKE_PREFIX_PATH=${CMAKE_PREFIX_PATH}:/home/alyssa/homework2-alyssa225/install/turtle_brick:/home/alyssa/homework2-alyssa225/src/install/turtle_brick:/opt/ros/humble /usr/bin/cmake --build /home/alyssa/homework2-alyssa225/build/turtle_brick_interfaces -- -j8 -l8
[1.367s] Invoking command in '/home/alyssa/homework2-alyssa225/build/turtle_brick_interfaces': CMAKE_PREFIX_PATH=${CMAKE_PREFIX_PATH}:/home/alyssa/homework2-alyssa225/install/turtle_brick:/home/alyssa/homework2-alyssa225/src/install/turtle_brick:/opt/ros/humble /usr/bin/cmake --install /home/alyssa/homework2-alyssa225/build/turtle_brick_interfaces
[1.378s] -- Install configuration: ""
[1.379s] -- Up-to-date: /home/alyssa/homework2-alyssa225/install/turtle_brick_interfaces/share/ament_index/resource_index/rosidl_interfaces/turtle_brick_interfaces
[1.379s] -- Up-to-date: /home/alyssa/homework2-alyssa225/install/turtle_brick_interfaces/include/turtle_brick_interfaces/turtle_brick_interfaces
[1.379s] -- Up-to-date: /home/alyssa/homework2-alyssa225/install/turtle_brick_interfaces/include/turtle_brick_interfaces/turtle_brick_interfaces/srv
[1.380s] -- Up-to-date: /home/alyssa/homework2-alyssa225/install/turtle_brick_interfaces/include/turtle_brick_interfaces/turtle_brick_interfaces/srv/detail
[1.380s] -- Up-to-date: /home/alyssa/homework2-alyssa225/install/turtle_brick_interfaces/include/turtle_brick_interfaces/turtle_brick_interfaces/srv/detail/drop__functions.c
[1.380s] -- Up-to-date: /home/alyssa/homework2-alyssa225/install/turtle_brick_interfaces/include/turtle_brick_interfaces/turtle_brick_interfaces/srv/detail/place__struct.h
[1.382s] -- Up-to-date: /home/alyssa/homework2-alyssa225/install/turtle_brick_interfaces/include/turtle_brick_interfaces/turtle_brick_interfaces/srv/detail/drop__functions.h
[1.382s] -- Up-to-date: /home/alyssa/homework2-alyssa225/install/turtle_brick_interfaces/include/turtle_brick_interfaces/turtle_brick_interfaces/srv/detail/place__functions.h
[1.383s] -- Up-to-date: /home/alyssa/homework2-alyssa225/install/turtle_brick_interfaces/include/turtle_brick_interfaces/turtle_brick_interfaces/srv/detail/drop__struct.h
[1.383s] -- Up-to-date: /home/alyssa/homework2-alyssa225/install/turtle_brick_interfaces/include/turtle_brick_interfaces/turtle_brick_interfaces/srv/detail/place__functions.c
[1.383s] -- Up-to-date: /home/alyssa/homework2-alyssa225/install/turtle_brick_interfaces/include/turtle_brick_interfaces/turtle_brick_interfaces/srv/detail/place__type_support.h
[1.384s] -- Up-to-date: /home/alyssa/homework2-alyssa225/install/turtle_brick_interfaces/include/turtle_brick_interfaces/turtle_brick_interfaces/srv/detail/drop__type_support.h
[1.384s] -- Up-to-date: /home/alyssa/homework2-alyssa225/install/turtle_brick_interfaces/include/turtle_brick_interfaces/turtle_brick_interfaces/srv/drop.h
[1.384s] -- Up-to-date: /home/alyssa/homework2-alyssa225/install/turtle_brick_interfaces/include/turtle_brick_interfaces/turtle_brick_interfaces/srv/place.h
[1.384s] -- Up-to-date: /home/alyssa/homework2-alyssa225/install/turtle_brick_interfaces/include/turtle_brick_interfaces/turtle_brick_interfaces/msg
[1.385s] -- Up-to-date: /home/alyssa/homework2-alyssa225/install/turtle_brick_interfaces/include/turtle_brick_interfaces/turtle_brick_interfaces/msg/tilt.h
[1.385s] -- Up-to-date: /home/alyssa/homework2-alyssa225/install/turtle_brick_interfaces/include/turtle_brick_interfaces/turtle_brick_interfaces/msg/detail
[1.385s] -- Up-to-date: /home/alyssa/homework2-alyssa225/install/turtle_brick_interfaces/include/turtle_brick_interfaces/turtle_brick_interfaces/msg/detail/tilt__struct.h
[1.385s] -- Up-to-date: /home/alyssa/homework2-alyssa225/install/turtle_brick_interfaces/include/turtle_brick_interfaces/turtle_brick_interfaces/msg/detail/tilt__functions.h
[1.387s] -- Up-to-date: /home/alyssa/homework2-alyssa225/install/turtle_brick_interfaces/include/turtle_brick_interfaces/turtle_brick_interfaces/msg/detail/tilt__functions.c
[1.387s] -- Up-to-date: /home/alyssa/homework2-alyssa225/install/turtle_brick_interfaces/include/turtle_brick_interfaces/turtle_brick_interfaces/msg/detail/tilt__type_support.h
[1.388s] -- Up-to-date: /home/alyssa/homework2-alyssa225/install/turtle_brick_interfaces/include/turtle_brick_interfaces/turtle_brick_interfaces/msg/rosidl_generator_c__visibility_control.h
[1.388s] -- Up-to-date: /home/alyssa/homework2-alyssa225/install/turtle_brick_interfaces/share/turtle_brick_interfaces/environment/library_path.sh
[1.388s] -- Up-to-date: /home/alyssa/homework2-alyssa225/install/turtle_brick_interfaces/share/turtle_brick_interfaces/environment/library_path.dsv
[1.388s] -- Up-to-date: /home/alyssa/homework2-alyssa225/install/turtle_brick_interfaces/lib/libturtle_brick_interfaces__rosidl_generator_c.so
[1.388s] -- Up-to-date: /home/alyssa/homework2-alyssa225/install/turtle_brick_interfaces/include/turtle_brick_interfaces/turtle_brick_interfaces
[1.389s] -- Up-to-date: /home/alyssa/homework2-alyssa225/install/turtle_brick_interfaces/include/turtle_brick_interfaces/turtle_brick_interfaces/srv
[1.389s] -- Up-to-date: /home/alyssa/homework2-alyssa225/install/turtle_brick_interfaces/include/turtle_brick_interfaces/turtle_brick_interfaces/srv/detail
[1.389s] -- Up-to-date: /home/alyssa/homework2-alyssa225/install/turtle_brick_interfaces/include/turtle_brick_interfaces/turtle_brick_interfaces/srv/detail/drop__rosidl_typesupport_fastrtps_c.h
[1.390s] -- Up-to-date: /home/alyssa/homework2-alyssa225/install/turtle_brick_interfaces/include/turtle_brick_interfaces/turtle_brick_interfaces/srv/detail/place__rosidl_typesupport_fastrtps_c.h
[1.390s] -- Up-to-date: /home/alyssa/homework2-alyssa225/install/turtle_brick_interfaces/include/turtle_brick_interfaces/turtle_brick_interfaces/msg
[1.390s] -- Up-to-date: /home/alyssa/homework2-alyssa225/install/turtle_brick_interfaces/include/turtle_brick_interfaces/turtle_brick_interfaces/msg/rosidl_typesupport_fastrtps_c__visibility_control.h
[1.390s] -- Up-to-date: /home/alyssa/homework2-alyssa225/install/turtle_brick_interfaces/include/turtle_brick_interfaces/turtle_brick_interfaces/msg/detail
[1.391s] -- Up-to-date: /home/alyssa/homework2-alyssa225/install/turtle_brick_interfaces/include/turtle_brick_interfaces/turtle_brick_interfaces/msg/detail/tilt__rosidl_typesupport_fastrtps_c.h
[1.391s] -- Up-to-date: /home/alyssa/homework2-alyssa225/install/turtle_brick_interfaces/lib/libturtle_brick_interfaces__rosidl_typesupport_fastrtps_c.so
[1.391s] -- Up-to-date: /home/alyssa/homework2-alyssa225/install/turtle_brick_interfaces/include/turtle_brick_interfaces/turtle_brick_interfaces
[1.391s] -- Up-to-date: /home/alyssa/homework2-alyssa225/install/turtle_brick_interfaces/include/turtle_brick_interfaces/turtle_brick_interfaces/srv
[1.391s] -- Up-to-date: /home/alyssa/homework2-alyssa225/install/turtle_brick_interfaces/include/turtle_brick_interfaces/turtle_brick_interfaces/srv/detail
[1.391s] -- Up-to-date: /home/alyssa/homework2-alyssa225/install/turtle_brick_interfaces/include/turtle_brick_interfaces/turtle_brick_interfaces/srv/detail/drop__rosidl_typesupport_introspection_c.h
[1.391s] -- Up-to-date: /home/alyssa/homework2-alyssa225/install/turtle_brick_interfaces/include/turtle_brick_interfaces/turtle_brick_interfaces/srv/detail/place__rosidl_typesupport_introspection_c.h
[1.392s] -- Up-to-date: /home/alyssa/homework2-alyssa225/install/turtle_brick_interfaces/include/turtle_brick_interfaces/turtle_brick_interfaces/srv/detail/place__type_support.c
[1.392s] -- Up-to-date: /home/alyssa/homework2-alyssa225/install/turtle_brick_interfaces/include/turtle_brick_interfaces/turtle_brick_interfaces/srv/detail/drop__type_support.c
[1.392s] -- Up-to-date: /home/alyssa/homework2-alyssa225/install/turtle_brick_interfaces/include/turtle_brick_interfaces/turtle_brick_interfaces/msg
[1.392s] -- Up-to-date: /home/alyssa/homework2-alyssa225/install/turtle_brick_interfaces/include/turtle_brick_interfaces/turtle_brick_interfaces/msg/detail
[1.392s] -- Up-to-date: /home/alyssa/homework2-alyssa225/install/turtle_brick_interfaces/include/turtle_brick_interfaces/turtle_brick_interfaces/msg/detail/tilt__type_support.c
[1.392s] -- Up-to-date: /home/alyssa/homework2-alyssa225/install/turtle_brick_interfaces/include/turtle_brick_interfaces/turtle_brick_interfaces/msg/detail/tilt__rosidl_typesupport_introspection_c.h
[1.392s] -- Up-to-date: /home/alyssa/homework2-alyssa225/install/turtle_brick_interfaces/include/turtle_brick_interfaces/turtle_brick_interfaces/msg/rosidl_typesupport_introspection_c__visibility_control.h
[1.393s] -- Up-to-date: /home/alyssa/homework2-alyssa225/install/turtle_brick_interfaces/lib/libturtle_brick_interfaces__rosidl_typesupport_introspection_c.so
[1.393s] -- Up-to-date: /home/alyssa/homework2-alyssa225/install/turtle_brick_interfaces/lib/libturtle_brick_interfaces__rosidl_typesupport_c.so
[1.393s] -- Up-to-date: /home/alyssa/homework2-alyssa225/install/turtle_brick_interfaces/include/turtle_brick_interfaces/turtle_brick_interfaces
[1.393s] -- Up-to-date: /home/alyssa/homework2-alyssa225/install/turtle_brick_interfaces/include/turtle_brick_interfaces/turtle_brick_interfaces/srv
[1.393s] -- Up-to-date: /home/alyssa/homework2-alyssa225/install/turtle_brick_interfaces/include/turtle_brick_interfaces/turtle_brick_interfaces/srv/place.hpp
[1.393s] -- Up-to-date: /home/alyssa/homework2-alyssa225/install/turtle_brick_interfaces/include/turtle_brick_interfaces/turtle_brick_interfaces/srv/detail
[1.393s] -- Up-to-date: /home/alyssa/homework2-alyssa225/install/turtle_brick_interfaces/include/turtle_brick_interfaces/turtle_brick_interfaces/srv/detail/drop__struct.hpp
[1.393s] -- Up-to-date: /home/alyssa/homework2-alyssa225/install/turtle_brick_interfaces/include/turtle_brick_interfaces/turtle_brick_interfaces/srv/detail/place__traits.hpp
[1.393s] -- Up-to-date: /home/alyssa/homework2-alyssa225/install/turtle_brick_interfaces/include/turtle_brick_interfaces/turtle_brick_interfaces/srv/detail/place__struct.hpp
[1.394s] -- Up-to-date: /home/alyssa/homework2-alyssa225/install/turtle_brick_interfaces/include/turtle_brick_interfaces/turtle_brick_interfaces/srv/detail/drop__traits.hpp
[1.394s] -- Up-to-date: /home/alyssa/homework2-alyssa225/install/turtle_brick_interfaces/include/turtle_brick_interfaces/turtle_brick_interfaces/srv/detail/place__builder.hpp
[1.394s] -- Up-to-date: /home/alyssa/homework2-alyssa225/install/turtle_brick_interfaces/include/turtle_brick_interfaces/turtle_brick_interfaces/srv/detail/drop__builder.hpp
[1.394s] -- Up-to-date: /home/alyssa/homework2-alyssa225/install/turtle_brick_interfaces/include/turtle_brick_interfaces/turtle_brick_interfaces/srv/drop.hpp
[1.394s] -- Up-to-date: /home/alyssa/homework2-alyssa225/install/turtle_brick_interfaces/include/turtle_brick_interfaces/turtle_brick_interfaces/msg
[1.394s] -- Up-to-date: /home/alyssa/homework2-alyssa225/install/turtle_brick_interfaces/include/turtle_brick_interfaces/turtle_brick_interfaces/msg/detail
[1.394s] -- Up-to-date: /home/alyssa/homework2-alyssa225/install/turtle_brick_interfaces/include/turtle_brick_interfaces/turtle_brick_interfaces/msg/detail/tilt__traits.hpp
[1.394s] -- Up-to-date: /home/alyssa/homework2-alyssa225/install/turtle_brick_interfaces/include/turtle_brick_interfaces/turtle_brick_interfaces/msg/detail/tilt__builder.hpp
[1.394s] -- Up-to-date: /home/alyssa/homework2-alyssa225/install/turtle_brick_interfaces/include/turtle_brick_interfaces/turtle_brick_interfaces/msg/detail/tilt__struct.hpp
[1.394s] -- Up-to-date: /home/alyssa/homework2-alyssa225/install/turtle_brick_interfaces/include/turtle_brick_interfaces/turtle_brick_interfaces/msg/tilt.hpp
[1.394s] -- Up-to-date: /home/alyssa/homework2-alyssa225/install/turtle_brick_interfaces/include/turtle_brick_interfaces/turtle_brick_interfaces
[1.395s] -- Up-to-date: /home/alyssa/homework2-alyssa225/install/turtle_brick_interfaces/include/turtle_brick_interfaces/turtle_brick_interfaces/srv
[1.395s] -- Up-to-date: /home/alyssa/homework2-alyssa225/install/turtle_brick_interfaces/include/turtle_brick_interfaces/turtle_brick_interfaces/srv/detail
[1.395s] -- Up-to-date: /home/alyssa/homework2-alyssa225/install/turtle_brick_interfaces/include/turtle_brick_interfaces/turtle_brick_interfaces/srv/detail/dds_fastrtps
[1.396s] -- Up-to-date: /home/alyssa/homework2-alyssa225/install/turtle_brick_interfaces/include/turtle_brick_interfaces/turtle_brick_interfaces/srv/detail/drop__rosidl_typesupport_fastrtps_cpp.hpp
[1.396s] -- Up-to-date: /home/alyssa/homework2-alyssa225/install/turtle_brick_interfaces/include/turtle_brick_interfaces/turtle_brick_interfaces/srv/detail/place__rosidl_typesupport_fastrtps_cpp.hpp
[1.397s] -- Up-to-date: /home/alyssa/homework2-alyssa225/install/turtle_brick_interfaces/include/turtle_brick_interfaces/turtle_brick_interfaces/msg
[1.397s] -- Up-to-date: /home/alyssa/homework2-alyssa225/install/turtle_brick_interfaces/include/turtle_brick_interfaces/turtle_brick_interfaces/msg/detail
[1.397s] -- Up-to-date: /home/alyssa/homework2-alyssa225/install/turtle_brick_interfaces/include/turtle_brick_interfaces/turtle_brick_interfaces/msg/detail/dds_fastrtps
[1.398s] -- Up-to-date: /home/alyssa/homework2-alyssa225/install/turtle_brick_interfaces/include/turtle_brick_interfaces/turtle_brick_interfaces/msg/detail/tilt__rosidl_typesupport_fastrtps_cpp.hpp
[1.398s] -- Up-to-date: /home/alyssa/homework2-alyssa225/install/turtle_brick_interfaces/include/turtle_brick_interfaces/turtle_brick_interfaces/msg/rosidl_typesupport_fastrtps_cpp__visibility_control.h
[1.398s] -- Up-to-date: /home/alyssa/homework2-alyssa225/install/turtle_brick_interfaces/lib/libturtle_brick_interfaces__rosidl_typesupport_fastrtps_cpp.so
[1.398s] -- Up-to-date: /home/alyssa/homework2-alyssa225/install/turtle_brick_interfaces/include/turtle_brick_interfaces/turtle_brick_interfaces
[1.398s] -- Up-to-date: /home/alyssa/homework2-alyssa225/install/turtle_brick_interfaces/include/turtle_brick_interfaces/turtle_brick_interfaces/srv
[1.398s] -- Up-to-date: /home/alyssa/homework2-alyssa225/install/turtle_brick_interfaces/include/turtle_brick_interfaces/turtle_brick_interfaces/srv/detail
[1.398s] -- Up-to-date: /home/alyssa/homework2-alyssa225/install/turtle_brick_interfaces/include/turtle_brick_interfaces/turtle_brick_interfaces/srv/detail/drop__rosidl_typesupport_introspection_cpp.hpp
[1.399s] -- Up-to-date: /home/alyssa/homework2-alyssa225/install/turtle_brick_interfaces/include/turtle_brick_interfaces/turtle_brick_interfaces/srv/detail/drop__type_support.cpp
[1.399s] -- Up-to-date: /home/alyssa/homework2-alyssa225/install/turtle_brick_interfaces/include/turtle_brick_interfaces/turtle_brick_interfaces/srv/detail/place__type_support.cpp
[1.399s] -- Up-to-date: /home/alyssa/homework2-alyssa225/install/turtle_brick_interfaces/include/turtle_brick_interfaces/turtle_brick_interfaces/srv/detail/place__rosidl_typesupport_introspection_cpp.hpp
[1.399s] -- Up-to-date: /home/alyssa/homework2-alyssa225/install/turtle_brick_interfaces/include/turtle_brick_interfaces/turtle_brick_interfaces/msg
[1.399s] -- Up-to-date: /home/alyssa/homework2-alyssa225/install/turtle_brick_interfaces/include/turtle_brick_interfaces/turtle_brick_interfaces/msg/detail
[1.399s] -- Up-to-date: /home/alyssa/homework2-alyssa225/install/turtle_brick_interfaces/include/turtle_brick_interfaces/turtle_brick_interfaces/msg/detail/tilt__type_support.cpp
[1.400s] -- Up-to-date: /home/alyssa/homework2-alyssa225/install/turtle_brick_interfaces/include/turtle_brick_interfaces/turtle_brick_interfaces/msg/detail/tilt__rosidl_typesupport_introspection_cpp.hpp
[1.400s] -- Up-to-date: /home/alyssa/homework2-alyssa225/install/turtle_brick_interfaces/lib/libturtle_brick_interfaces__rosidl_typesupport_introspection_cpp.so
[1.400s] -- Up-to-date: /home/alyssa/homework2-alyssa225/install/turtle_brick_interfaces/lib/libturtle_brick_interfaces__rosidl_typesupport_cpp.so
[1.400s] -- Up-to-date: /home/alyssa/homework2-alyssa225/install/turtle_brick_interfaces/share/turtle_brick_interfaces/environment/pythonpath.sh
[1.400s] -- Up-to-date: /home/alyssa/homework2-alyssa225/install/turtle_brick_interfaces/share/turtle_brick_interfaces/environment/pythonpath.dsv
[1.400s] -- Up-to-date: /home/alyssa/homework2-alyssa225/install/turtle_brick_interfaces/local/lib/python3.10/dist-packages/turtle_brick_interfaces-0.0.0-py3.10.egg-info
[1.400s] -- Installing: /home/alyssa/homework2-alyssa225/install/turtle_brick_interfaces/local/lib/python3.10/dist-packages/turtle_brick_interfaces-0.0.0-py3.10.egg-info/top_level.txt
[1.401s] -- Installing: /home/alyssa/homework2-alyssa225/install/turtle_brick_interfaces/local/lib/python3.10/dist-packages/turtle_brick_interfaces-0.0.0-py3.10.egg-info/dependency_links.txt
[1.401s] -- Installing: /home/alyssa/homework2-alyssa225/install/turtle_brick_interfaces/local/lib/python3.10/dist-packages/turtle_brick_interfaces-0.0.0-py3.10.egg-info/SOURCES.txt
[1.401s] -- Installing: /home/alyssa/homework2-alyssa225/install/turtle_brick_interfaces/local/lib/python3.10/dist-packages/turtle_brick_interfaces-0.0.0-py3.10.egg-info/PKG-INFO
[1.401s] -- Up-to-date: /home/alyssa/homework2-alyssa225/install/turtle_brick_interfaces/local/lib/python3.10/dist-packages/turtle_brick_interfaces
[1.401s] -- Up-to-date: /home/alyssa/homework2-alyssa225/install/turtle_brick_interfaces/local/lib/python3.10/dist-packages/turtle_brick_interfaces/turtle_brick_interfaces_s__rosidl_typesupport_introspection_c.cpython-310-x86_64-linux-gnu.so
[1.401s] -- Up-to-date: /home/alyssa/homework2-alyssa225/install/turtle_brick_interfaces/local/lib/python3.10/dist-packages/turtle_brick_interfaces/srv
[1.402s] -- Up-to-date: /home/alyssa/homework2-alyssa225/install/turtle_brick_interfaces/local/lib/python3.10/dist-packages/turtle_brick_interfaces/srv/_drop.py
[1.402s] -- Up-to-date: /home/alyssa/homework2-alyssa225/install/turtle_brick_interfaces/local/lib/python3.10/dist-packages/turtle_brick_interfaces/srv/_drop_s.c
[1.402s] -- Up-to-date: /home/alyssa/homework2-alyssa225/install/turtle_brick_interfaces/local/lib/python3.10/dist-packages/turtle_brick_interfaces/srv/__init__.py
[1.402s] -- Up-to-date: /home/alyssa/homework2-alyssa225/install/turtle_brick_interfaces/local/lib/python3.10/dist-packages/turtle_brick_interfaces/srv/_place_s.c
[1.402s] -- Up-to-date: /home/alyssa/homework2-alyssa225/install/turtle_brick_interfaces/local/lib/python3.10/dist-packages/turtle_brick_interfaces/srv/_place.py
[1.402s] -- Up-to-date: /home/alyssa/homework2-alyssa225/install/turtle_brick_interfaces/local/lib/python3.10/dist-packages/turtle_brick_interfaces/msg
[1.402s] -- Up-to-date: /home/alyssa/homework2-alyssa225/install/turtle_brick_interfaces/local/lib/python3.10/dist-packages/turtle_brick_interfaces/msg/_tilt.py
[1.403s] -- Up-to-date: /home/alyssa/homework2-alyssa225/install/turtle_brick_interfaces/local/lib/python3.10/dist-packages/turtle_brick_interfaces/msg/_tilt_s.c
[1.403s] -- Up-to-date: /home/alyssa/homework2-alyssa225/install/turtle_brick_interfaces/local/lib/python3.10/dist-packages/turtle_brick_interfaces/msg/__init__.py
[1.403s] -- Up-to-date: /home/alyssa/homework2-alyssa225/install/turtle_brick_interfaces/local/lib/python3.10/dist-packages/turtle_brick_interfaces/_turtle_brick_interfaces_s.ep.rosidl_typesupport_introspection_c.c
[1.403s] -- Up-to-date: /home/alyssa/homework2-alyssa225/install/turtle_brick_interfaces/local/lib/python3.10/dist-packages/turtle_brick_interfaces/turtle_brick_interfaces_s__rosidl_typesupport_fastrtps_c.cpython-310-x86_64-linux-gnu.so
[1.403s] -- Up-to-date: /home/alyssa/homework2-alyssa225/install/turtle_brick_interfaces/local/lib/python3.10/dist-packages/turtle_brick_interfaces/_turtle_brick_interfaces_s.ep.rosidl_typesupport_fastrtps_c.c
[1.403s] -- Up-to-date: /home/alyssa/homework2-alyssa225/install/turtle_brick_interfaces/local/lib/python3.10/dist-packages/turtle_brick_interfaces/_turtle_brick_interfaces_s.ep.rosidl_typesupport_c.c
[1.403s] -- Up-to-date: /home/alyssa/homework2-alyssa225/install/turtle_brick_interfaces/local/lib/python3.10/dist-packages/turtle_brick_interfaces/__init__.py
[1.404s] -- Up-to-date: /home/alyssa/homework2-alyssa225/install/turtle_brick_interfaces/local/lib/python3.10/dist-packages/turtle_brick_interfaces/turtle_brick_interfaces_s__rosidl_typesupport_c.cpython-310-x86_64-linux-gnu.so
[1.404s] -- Up-to-date: /home/alyssa/homework2-alyssa225/install/turtle_brick_interfaces/local/lib/python3.10/dist-packages/turtle_brick_interfaces/libturtle_brick_interfaces__rosidl_generator_py.so
[1.460s] Listing '/home/alyssa/homework2-alyssa225/install/turtle_brick_interfaces/local/lib/python3.10/dist-packages/turtle_brick_interfaces'...
[1.460s] Listing '/home/alyssa/homework2-alyssa225/install/turtle_brick_interfaces/local/lib/python3.10/dist-packages/turtle_brick_interfaces/msg'...
[1.460s] Listing '/home/alyssa/homework2-alyssa225/install/turtle_brick_interfaces/local/lib/python3.10/dist-packages/turtle_brick_interfaces/srv'...
[1.471s] -- Up-to-date: /home/alyssa/homework2-alyssa225/install/turtle_brick_interfaces/local/lib/python3.10/dist-packages/turtle_brick_interfaces/turtle_brick_interfaces_s__rosidl_typesupport_fastrtps_c.cpython-310-x86_64-linux-gnu.so
[1.472s] -- Up-to-date: /home/alyssa/homework2-alyssa225/install/turtle_brick_interfaces/local/lib/python3.10/dist-packages/turtle_brick_interfaces/turtle_brick_interfaces_s__rosidl_typesupport_introspection_c.cpython-310-x86_64-linux-gnu.so
[1.474s] -- Up-to-date: /home/alyssa/homework2-alyssa225/install/turtle_brick_interfaces/local/lib/python3.10/dist-packages/turtle_brick_interfaces/turtle_brick_interfaces_s__rosidl_typesupport_c.cpython-310-x86_64-linux-gnu.so
[1.475s] -- Up-to-date: /home/alyssa/homework2-alyssa225/install/turtle_brick_interfaces/lib/libturtle_brick_interfaces__rosidl_generator_py.so
[1.475s] -- Up-to-date: /home/alyssa/homework2-alyssa225/install/turtle_brick_interfaces/share/turtle_brick_interfaces/msg/Tilt.idl
[1.476s] -- Up-to-date: /home/alyssa/homework2-alyssa225/install/turtle_brick_interfaces/share/turtle_brick_interfaces/srv/Place.idl
[1.476s] -- Up-to-date: /home/alyssa/homework2-alyssa225/install/turtle_brick_interfaces/share/turtle_brick_interfaces/srv/Drop.idl
[1.476s] -- Up-to-date: /home/alyssa/homework2-alyssa225/install/turtle_brick_interfaces/share/turtle_brick_interfaces/msg/Tilt.msg
[1.477s] -- Up-to-date: /home/alyssa/homework2-alyssa225/install/turtle_brick_interfaces/share/turtle_brick_interfaces/srv/Place.srv
[1.477s] -- Up-to-date: /home/alyssa/homework2-alyssa225/install/turtle_brick_interfaces/share/turtle_brick_interfaces/srv/Place_Request.msg
[1.477s] -- Up-to-date: /home/alyssa/homework2-alyssa225/install/turtle_brick_interfaces/share/turtle_brick_interfaces/srv/Place_Response.msg
[1.477s] -- Up-to-date: /home/alyssa/homework2-alyssa225/install/turtle_brick_interfaces/share/turtle_brick_interfaces/srv/Drop.srv
[1.478s] -- Up-to-date: /home/alyssa/homework2-alyssa225/install/turtle_brick_interfaces/share/turtle_brick_interfaces/srv/Drop_Request.msg
[1.478s] -- Up-to-date: /home/alyssa/homework2-alyssa225/install/turtle_brick_interfaces/share/turtle_brick_interfaces/srv/Drop_Response.msg
[1.478s] -- Up-to-date: /home/alyssa/homework2-alyssa225/install/turtle_brick_interfaces/share/ament_index/resource_index/package_run_dependencies/turtle_brick_interfaces
[1.478s] -- Up-to-date: /home/alyssa/homework2-alyssa225/install/turtle_brick_interfaces/share/ament_index/resource_index/parent_prefix_path/turtle_brick_interfaces
[1.479s] -- Up-to-date: /home/alyssa/homework2-alyssa225/install/turtle_brick_interfaces/share/turtle_brick_interfaces/environment/ament_prefix_path.sh
[1.479s] -- Up-to-date: /home/alyssa/homework2-alyssa225/install/turtle_brick_interfaces/share/turtle_brick_interfaces/environment/ament_prefix_path.dsv
[1.479s] -- Up-to-date: /home/alyssa/homework2-alyssa225/install/turtle_brick_interfaces/share/turtle_brick_interfaces/environment/path.sh
[1.479s] -- Up-to-date: /home/alyssa/homework2-alyssa225/install/turtle_brick_interfaces/share/turtle_brick_interfaces/environment/path.dsv
[1.479s] -- Up-to-date: /home/alyssa/homework2-alyssa225/install/turtle_brick_interfaces/share/turtle_brick_interfaces/local_setup.bash
[1.479s] -- Up-to-date: /home/alyssa/homework2-alyssa225/install/turtle_brick_interfaces/share/turtle_brick_interfaces/local_setup.sh
[1.480s] -- Up-to-date: /home/alyssa/homework2-alyssa225/install/turtle_brick_interfaces/share/turtle_brick_interfaces/local_setup.zsh
[1.480s] -- Up-to-date: /home/alyssa/homework2-alyssa225/install/turtle_brick_interfaces/share/turtle_brick_interfaces/local_setup.dsv
[1.480s] -- Installing: /home/alyssa/homework2-alyssa225/install/turtle_brick_interfaces/share/turtle_brick_interfaces/package.dsv
[1.480s] -- Up-to-date: /home/alyssa/homework2-alyssa225/install/turtle_brick_interfaces/share/ament_index/resource_index/packages/turtle_brick_interfaces
[1.480s] -- Up-to-date: /home/alyssa/homework2-alyssa225/install/turtle_brick_interfaces/share/turtle_brick_interfaces/cmake/export_turtle_brick_interfaces__rosidl_generator_cExport.cmake
[1.480s] -- Up-to-date: /home/alyssa/homework2-alyssa225/install/turtle_brick_interfaces/share/turtle_brick_interfaces/cmake/export_turtle_brick_interfaces__rosidl_generator_cExport-noconfig.cmake
[1.481s] -- Up-to-date: /home/alyssa/homework2-alyssa225/install/turtle_brick_interfaces/share/turtle_brick_interfaces/cmake/export_turtle_brick_interfaces__rosidl_typesupport_fastrtps_cExport.cmake
[1.481s] -- Up-to-date: /home/alyssa/homework2-alyssa225/install/turtle_brick_interfaces/share/turtle_brick_interfaces/cmake/export_turtle_brick_interfaces__rosidl_typesupport_fastrtps_cExport-noconfig.cmake
[1.482s] -- Up-to-date: /home/alyssa/homework2-alyssa225/install/turtle_brick_interfaces/share/turtle_brick_interfaces/cmake/turtle_brick_interfaces__rosidl_typesupport_introspection_cExport.cmake
[1.483s] -- Up-to-date: /home/alyssa/homework2-alyssa225/install/turtle_brick_interfaces/share/turtle_brick_interfaces/cmake/turtle_brick_interfaces__rosidl_typesupport_introspection_cExport-noconfig.cmake
[1.483s] -- Up-to-date: /home/alyssa/homework2-alyssa225/install/turtle_brick_interfaces/share/turtle_brick_interfaces/cmake/turtle_brick_interfaces__rosidl_typesupport_cExport.cmake
[1.484s] -- Up-to-date: /home/alyssa/homework2-alyssa225/install/turtle_brick_interfaces/share/turtle_brick_interfaces/cmake/turtle_brick_interfaces__rosidl_typesupport_cExport-noconfig.cmake
[1.485s] -- Up-to-date: /home/alyssa/homework2-alyssa225/install/turtle_brick_interfaces/share/turtle_brick_interfaces/cmake/export_turtle_brick_interfaces__rosidl_generator_cppExport.cmake
[1.485s] -- Up-to-date: /home/alyssa/homework2-alyssa225/install/turtle_brick_interfaces/share/turtle_brick_interfaces/cmake/export_turtle_brick_interfaces__rosidl_typesupport_fastrtps_cppExport.cmake
[1.486s] -- Up-to-date: /home/alyssa/homework2-alyssa225/install/turtle_brick_interfaces/share/turtle_brick_interfaces/cmake/export_turtle_brick_interfaces__rosidl_typesupport_fastrtps_cppExport-noconfig.cmake
[1.487s] -- Up-to-date: /home/alyssa/homework2-alyssa225/install/turtle_brick_interfaces/share/turtle_brick_interfaces/cmake/turtle_brick_interfaces__rosidl_typesupport_introspection_cppExport.cmake
[1.488s] -- Up-to-date: /home/alyssa/homework2-alyssa225/install/turtle_brick_interfaces/share/turtle_brick_interfaces/cmake/turtle_brick_interfaces__rosidl_typesupport_introspection_cppExport-noconfig.cmake
[1.488s] -- Up-to-date: /home/alyssa/homework2-alyssa225/install/turtle_brick_interfaces/share/turtle_brick_interfaces/cmake/turtle_brick_interfaces__rosidl_typesupport_cppExport.cmake
[1.488s] -- Up-to-date: /home/alyssa/homework2-alyssa225/install/turtle_brick_interfaces/share/turtle_brick_interfaces/cmake/turtle_brick_interfaces__rosidl_typesupport_cppExport-noconfig.cmake
[1.489s] -- Up-to-date: /home/alyssa/homework2-alyssa225/install/turtle_brick_interfaces/share/turtle_brick_interfaces/cmake/export_turtle_brick_interfaces__rosidl_generator_pyExport.cmake
[1.490s] -- Up-to-date: /home/alyssa/homework2-alyssa225/install/turtle_brick_interfaces/share/turtle_brick_interfaces/cmake/export_turtle_brick_interfaces__rosidl_generator_pyExport-noconfig.cmake
[1.490s] -- Up-to-date: /home/alyssa/homework2-alyssa225/install/turtle_brick_interfaces/share/turtle_brick_interfaces/cmake/rosidl_cmake-extras.cmake
[1.490s] -- Up-to-date: /home/alyssa/homework2-alyssa225/install/turtle_brick_interfaces/share/turtle_brick_interfaces/cmake/ament_cmake_export_include_directories-extras.cmake
[1.490s] -- Up-to-date: /home/alyssa/homework2-alyssa225/install/turtle_brick_interfaces/share/turtle_brick_interfaces/cmake/ament_cmake_export_libraries-extras.cmake
[1.492s] -- Up-to-date: /home/alyssa/homework2-alyssa225/install/turtle_brick_interfaces/share/turtle_brick_interfaces/cmake/ament_cmake_export_targets-extras.cmake
[1.492s] -- Up-to-date: /home/alyssa/homework2-alyssa225/install/turtle_brick_interfaces/share/turtle_brick_interfaces/cmake/rosidl_cmake_export_typesupport_targets-extras.cmake
[1.493s] -- Up-to-date: /home/alyssa/homework2-alyssa225/install/turtle_brick_interfaces/share/turtle_brick_interfaces/cmake/ament_cmake_export_dependencies-extras.cmake
[1.493s] -- Up-to-date: /home/alyssa/homework2-alyssa225/install/turtle_brick_interfaces/share/turtle_brick_interfaces/cmake/rosidl_cmake_export_typesupport_libraries-extras.cmake
[1.493s] -- Up-to-date: /home/alyssa/homework2-alyssa225/install/turtle_brick_interfaces/share/turtle_brick_interfaces/cmake/turtle_brick_interfacesConfig.cmake
[1.493s] -- Up-to-date: /home/alyssa/homework2-alyssa225/install/turtle_brick_interfaces/share/turtle_brick_interfaces/cmake/turtle_brick_interfacesConfig-version.cmake
[1.494s] -- Up-to-date: /home/alyssa/homework2-alyssa225/install/turtle_brick_interfaces/share/turtle_brick_interfaces/package.xml
[1.494s] Invoked command in '/home/alyssa/homework2-alyssa225/build/turtle_brick_interfaces' returned '0': CMAKE_PREFIX_PATH=${CMAKE_PREFIX_PATH}:/home/alyssa/homework2-alyssa225/install/turtle_brick:/home/alyssa/homework2-alyssa225/src/install/turtle_brick:/opt/ros/humble /usr/bin/cmake --install /home/alyssa/homework2-alyssa225/build/turtle_brick_interfaces
