[0.689s] Invoking command in '/home/alyssa/homework2-alyssa225/src/turtle_brick': PYTHONPATH=/home/alyssa/homework2-alyssa225/install/turtle_brick/lib/python3.10/site-packages:${PYTHONPATH} /usr/bin/python3 setup.py egg_info --egg-base ../../build/turtle_brick build --build-base /home/alyssa/homework2-alyssa225/build/turtle_brick/build install --prefix /home/alyssa/homework2-alyssa225/install/turtle_brick --record /home/alyssa/homework2-alyssa225/build/turtle_brick/install.log --single-version-externally-managed
[0.994s] running egg_info
[0.995s] writing ../../build/turtle_brick/turtle_brick.egg-info/PKG-INFO
[0.995s] writing dependency_links to ../../build/turtle_brick/turtle_brick.egg-info/dependency_links.txt
[0.996s] writing entry points to ../../build/turtle_brick/turtle_brick.egg-info/entry_points.txt
[0.996s] writing requirements to ../../build/turtle_brick/turtle_brick.egg-info/requires.txt
[0.996s] writing top-level names to ../../build/turtle_brick/turtle_brick.egg-info/top_level.txt
[0.998s] reading manifest file '../../build/turtle_brick/turtle_brick.egg-info/SOURCES.txt'
[0.999s] writing manifest file '../../build/turtle_brick/turtle_brick.egg-info/SOURCES.txt'
[0.999s] running build
[0.999s] running build_py
[1.000s] copying turtle_brick/turtle_robot.py -> /home/alyssa/homework2-alyssa225/build/turtle_brick/build/lib/turtle_brick
[1.000s] running install
[1.000s] /usr/lib/python3/dist-packages/setuptools/command/install.py:34: SetuptoolsDeprecationWarning: setup.py install is deprecated. Use build and pip and other standards-based tools.
[1.001s]   warnings.warn(
[1.001s] running install_lib
[1.002s] copying /home/alyssa/homework2-alyssa225/build/turtle_brick/build/lib/turtle_brick/turtle_robot.py -> /home/alyssa/homework2-alyssa225/install/turtle_brick/lib/python3.10/site-packages/turtle_brick
[1.003s] byte-compiling /home/alyssa/homework2-alyssa225/install/turtle_brick/lib/python3.10/site-packages/turtle_brick/turtle_robot.py to turtle_robot.cpython-310.pyc
[1.004s] running install_data
[1.004s] running install_egg_info
[1.006s] removing '/home/alyssa/homework2-alyssa225/install/turtle_brick/lib/python3.10/site-packages/turtle_brick-0.0.0-py3.10.egg-info' (and everything under it)
[1.006s] Copying ../../build/turtle_brick/turtle_brick.egg-info to /home/alyssa/homework2-alyssa225/install/turtle_brick/lib/python3.10/site-packages/turtle_brick-0.0.0-py3.10.egg-info
[1.007s] running install_scripts
[1.028s] Installing arena script to /home/alyssa/homework2-alyssa225/install/turtle_brick/lib/turtle_brick
[1.028s] Installing turtle_robot script to /home/alyssa/homework2-alyssa225/install/turtle_brick/lib/turtle_brick
[1.028s] writing list of installed files to '/home/alyssa/homework2-alyssa225/build/turtle_brick/install.log'
[1.056s] Invoked command in '/home/alyssa/homework2-alyssa225/src/turtle_brick' returned '0': PYTHONPATH=/home/alyssa/homework2-alyssa225/install/turtle_brick/lib/python3.10/site-packages:${PYTHONPATH} /usr/bin/python3 setup.py egg_info --egg-base ../../build/turtle_brick build --build-base /home/alyssa/homework2-alyssa225/build/turtle_brick/build install --prefix /home/alyssa/homework2-alyssa225/install/turtle_brick --record /home/alyssa/homework2-alyssa225/build/turtle_brick/install.log --single-version-externally-managed
