[0.254s] Invoking command in '/home/alyssa/ros2_ws/src/homework2-alyssa225/build/turtle_brick_interface': CMAKE_PREFIX_PATH=/opt/ros/humble /usr/bin/cmake /home/alyssa/ros2_ws/src/homework2-alyssa225/turtle_brick_interface -DCMAKE_INSTALL_PREFIX=/home/alyssa/ros2_ws/src/homework2-alyssa225/install/turtle_brick_interface
[0.307s] -- The C compiler identification is GNU 11.2.0
[0.359s] -- The CXX compiler identification is GNU 11.2.0
[0.367s] -- Detecting C compiler ABI info
[0.425s] -- Detecting C compiler ABI info - done
[0.434s] -- Check for working C compiler: /usr/bin/cc - skipped
[0.435s] -- Detecting C compile features
[0.435s] -- Detecting C compile features - done
[0.440s] -- Detecting CXX compiler ABI info
[0.507s] -- Detecting CXX compiler ABI info - done
[0.515s] -- Check for working CXX compiler: /usr/bin/c++ - skipped
[0.515s] -- Detecting CXX compile features
[0.515s] -- Detecting CXX compile features - done
[0.518s] -- Found ament_cmake: 1.3.2 (/opt/ros/humble/share/ament_cmake/cmake)
[0.656s] -- Found Python3: /usr/bin/python3.10 (found version "3.10.6") found components: Interpreter 
[0.726s] -- Found ament_lint_auto: 0.12.4 (/opt/ros/humble/share/ament_lint_auto/cmake)
[0.786s] -- Added test 'cppcheck' to perform static code analysis on C / C++ code
[0.787s] -- Configured cppcheck include dirs: $<BUILD_INTERFACE:/home/alyssa/ros2_ws/src/homework2-alyssa225/turtle_brick_interface/include>
[0.787s] -- Configured cppcheck exclude dirs and/or files: 
[0.787s] -- Added test 'lint_cmake' to check CMake code style
[0.788s] -- Added test 'uncrustify' to check C / C++ code style
[0.788s] -- Configured uncrustify additional arguments: 
[0.789s] -- Added test 'xmllint' to check XML markup files
[0.790s] -- Configuring done
[0.795s] -- Generating done
[0.796s] -- Build files have been written to: /home/alyssa/ros2_ws/src/homework2-alyssa225/build/turtle_brick_interface
