[0.242s] Invoking command in '/home/alyssa/homework2-alyssa225/src/build/turtle_brick_interfaces': CMAKE_PREFIX_PATH=${CMAKE_PREFIX_PATH}:/home/alyssa/ros2_ws/src/crazy_turtle/install/crazy_turtle:/home/alyssa/homework2-alyssa225/src/install/turtle_brick:/opt/ros/humble /usr/bin/cmake --build /home/alyssa/homework2-alyssa225/src/build/turtle_brick_interfaces -- -j8 -l8
[0.258s] [31mCMake Error at CMakeLists.txt:33:
[0.258s]   Parse error.  Function missing ending ")".  Instead found unterminated
[0.258s]   string with text "srv/Place.srv
[0.258s] 
[0.259s]     )
[0.259s] 
[0.259s]   
[0.259s] 
[0.259s]   if(BUILD_TESTING)
[0.259s] 
[0.260s]     find_package(ament_lint_auto REQUIRED)
[0.260s]     # the following line skips the linter which checks for copyrights
[0.260s]     # comment the line when a copyright and license is added to all source files
[0.260s]     set(ament_cmake_copyright_FOUND TRUE)
[0.260s]     # the following line skips cpplint (only works in a git repo)
[0.260s]     # comment the line when this package is in a git repo and when
[0.260s]     # a copyright and license is added to all source files
[0.261s]     set(ament_cmake_cpplint_FOUND TRUE)
[0.261s]     ament_lint_auto_find_test_dependencies()
[0.261s] 
[0.261s]   endif()
[0.261s] 
[0.262s]   
[0.263s] 
[0.263s]   ament_package()
[0.263s] 
[0.264s]   ".
[0.264s] 
[0.264s] [0m
[0.264s] -- Configuring incomplete, errors occurred!
[0.264s] See also "/home/alyssa/homework2-alyssa225/src/build/turtle_brick_interfaces/CMakeFiles/CMakeOutput.log".
[0.264s] gmake: *** [Makefile:747: cmake_check_build_system] Error 1
[0.265s] Invoked command in '/home/alyssa/homework2-alyssa225/src/build/turtle_brick_interfaces' returned '2': CMAKE_PREFIX_PATH=${CMAKE_PREFIX_PATH}:/home/alyssa/ros2_ws/src/crazy_turtle/install/crazy_turtle:/home/alyssa/homework2-alyssa225/src/install/turtle_brick:/opt/ros/humble /usr/bin/cmake --build /home/alyssa/homework2-alyssa225/src/build/turtle_brick_interfaces -- -j8 -l8
