[0.254s] Invoking command in '/home/alyssa/homework2-alyssa225/build/turtle_brick_interfaces': CMAKE_PREFIX_PATH=${CMAKE_PREFIX_PATH}:/home/alyssa/homework2-alyssa225/install/turtle_brick:/opt/ros/humble /usr/bin/cmake --build /home/alyssa/homework2-alyssa225/build/turtle_brick_interfaces -- -j8 -l8
[0.306s] [  2%] Built target turtle_brick_interfaces__cpp
[0.307s] [ 12%] Built target turtle_brick_interfaces__rosidl_generator_c
[0.326s] [ 12%] Built target ament_cmake_python_copy_turtle_brick_interfaces
[0.348s] [ 29%] Built target turtle_brick_interfaces__rosidl_typesupport_c
[0.348s] [ 34%] Built target turtle_brick_interfaces__rosidl_typesupport_cpp
[0.349s] [ 44%] Built target turtle_brick_interfaces__rosidl_typesupport_introspection_c
[0.356s] [ 57%] Built target turtle_brick_interfaces__rosidl_typesupport_introspection_cpp
[0.356s] [ 65%] Built target turtle_brick_interfaces__rosidl_typesupport_fastrtps_c
[0.359s] [ 76%] Built target turtle_brick_interfaces__rosidl_typesupport_fastrtps_cpp
[0.381s] [ 76%] Built target turtle_brick_interfaces
[0.402s] [ 78%] Built target turtle_brick_interfaces__py
[0.427s] [ 87%] Built target turtle_brick_interfaces__rosidl_generator_py
[0.454s] [ 91%] Built target turtle_brick_interfaces__rosidl_typesupport_introspection_c__pyext
[0.455s] [ 95%] Built target turtle_brick_interfaces__rosidl_typesupport_c__pyext
[0.463s] [100%] Built target turtle_brick_interfaces__rosidl_typesupport_fastrtps_c__pyext
[0.689s] running egg_info
[0.690s] writing turtle_brick_interfaces.egg-info/PKG-INFO
[0.690s] writing dependency_links to turtle_brick_interfaces.egg-info/dependency_links.txt
[0.691s] writing top-level names to turtle_brick_interfaces.egg-info/top_level.txt
[0.694s] reading manifest file 'turtle_brick_interfaces.egg-info/SOURCES.txt'
[0.695s] writing manifest file 'turtle_brick_interfaces.egg-info/SOURCES.txt'
[0.729s] [100%] Built target ament_cmake_python_build_turtle_brick_interfaces_egg
[0.743s] Invoked command in '/home/alyssa/homework2-alyssa225/build/turtle_brick_interfaces' returned '0': CMAKE_PREFIX_PATH=${CMAKE_PREFIX_PATH}:/home/alyssa/homework2-alyssa225/install/turtle_brick:/opt/ros/humble /usr/bin/cmake --build /home/alyssa/homework2-alyssa225/build/turtle_brick_interfaces -- -j8 -l8
[0.853s] Invoking command in '/home/alyssa/homework2-alyssa225/build/turtle_brick_interfaces': CMAKE_PREFIX_PATH=${CMAKE_PREFIX_PATH}:/home/alyssa/homework2-alyssa225/install/turtle_brick:/opt/ros/humble /usr/bin/cmake --install /home/alyssa/homework2-alyssa225/build/turtle_brick_interfaces
[0.861s] -- Install configuration: ""
[0.862s] -- Up-to-date: /home/alyssa/homework2-alyssa225/install/turtle_brick_interfaces/share/ament_index/resource_index/rosidl_interfaces/turtle_brick_interfaces
[0.862s] -- Up-to-date: /home/alyssa/homework2-alyssa225/install/turtle_brick_interfaces/include/turtle_brick_interfaces/turtle_brick_interfaces
[0.862s] -- Up-to-date: /home/alyssa/homework2-alyssa225/install/turtle_brick_interfaces/include/turtle_brick_interfaces/turtle_brick_interfaces/srv
[0.862s] -- Up-to-date: /home/alyssa/homework2-alyssa225/install/turtle_brick_interfaces/include/turtle_brick_interfaces/turtle_brick_interfaces/srv/detail
[0.863s] -- Up-to-date: /home/alyssa/homework2-alyssa225/install/turtle_brick_interfaces/include/turtle_brick_interfaces/turtle_brick_interfaces/srv/detail/drop__functions.c
[0.863s] -- Up-to-date: /home/alyssa/homework2-alyssa225/install/turtle_brick_interfaces/include/turtle_brick_interfaces/turtle_brick_interfaces/srv/detail/place__struct.h
[0.863s] -- Up-to-date: /home/alyssa/homework2-alyssa225/install/turtle_brick_interfaces/include/turtle_brick_interfaces/turtle_brick_interfaces/srv/detail/drop__functions.h
[0.863s] -- Up-to-date: /home/alyssa/homework2-alyssa225/install/turtle_brick_interfaces/include/turtle_brick_interfaces/turtle_brick_interfaces/srv/detail/place__functions.h
[0.863s] -- Up-to-date: /home/alyssa/homework2-alyssa225/install/turtle_brick_interfaces/include/turtle_brick_interfaces/turtle_brick_interfaces/srv/detail/drop__struct.h
[0.864s] -- Up-to-date: /home/alyssa/homework2-alyssa225/install/turtle_brick_interfaces/include/turtle_brick_interfaces/turtle_brick_interfaces/srv/detail/place__functions.c
[0.864s] -- Up-to-date: /home/alyssa/homework2-alyssa225/install/turtle_brick_interfaces/include/turtle_brick_interfaces/turtle_brick_interfaces/srv/detail/place__type_support.h
[0.864s] -- Up-to-date: /home/alyssa/homework2-alyssa225/install/turtle_brick_interfaces/include/turtle_brick_interfaces/turtle_brick_interfaces/srv/detail/drop__type_support.h
[0.864s] -- Up-to-date: /home/alyssa/homework2-alyssa225/install/turtle_brick_interfaces/include/turtle_brick_interfaces/turtle_brick_interfaces/srv/drop.h
[0.865s] -- Up-to-date: /home/alyssa/homework2-alyssa225/install/turtle_brick_interfaces/include/turtle_brick_interfaces/turtle_brick_interfaces/srv/place.h
[0.865s] -- Up-to-date: /home/alyssa/homework2-alyssa225/install/turtle_brick_interfaces/include/turtle_brick_interfaces/turtle_brick_interfaces/msg
[0.865s] -- Up-to-date: /home/alyssa/homework2-alyssa225/install/turtle_brick_interfaces/include/turtle_brick_interfaces/turtle_brick_interfaces/msg/tilt.h
[0.865s] -- Up-to-date: /home/alyssa/homework2-alyssa225/install/turtle_brick_interfaces/include/turtle_brick_interfaces/turtle_brick_interfaces/msg/detail
[0.865s] -- Up-to-date: /home/alyssa/homework2-alyssa225/install/turtle_brick_interfaces/include/turtle_brick_interfaces/turtle_brick_interfaces/msg/detail/tilt__struct.h
[0.865s] -- Up-to-date: /home/alyssa/homework2-alyssa225/install/turtle_brick_interfaces/include/turtle_brick_interfaces/turtle_brick_interfaces/msg/detail/tilt__functions.h
[0.866s] -- Up-to-date: /home/alyssa/homework2-alyssa225/install/turtle_brick_interfaces/include/turtle_brick_interfaces/turtle_brick_interfaces/msg/detail/tilt__functions.c
[0.866s] -- Up-to-date: /home/alyssa/homework2-alyssa225/install/turtle_brick_interfaces/include/turtle_brick_interfaces/turtle_brick_interfaces/msg/detail/tilt__type_support.h
[0.866s] -- Up-to-date: /home/alyssa/homework2-alyssa225/install/turtle_brick_interfaces/include/turtle_brick_interfaces/turtle_brick_interfaces/msg/rosidl_generator_c__visibility_control.h
[0.866s] -- Up-to-date: /home/alyssa/homework2-alyssa225/install/turtle_brick_interfaces/share/turtle_brick_interfaces/environment/library_path.sh
[0.866s] -- Up-to-date: /home/alyssa/homework2-alyssa225/install/turtle_brick_interfaces/share/turtle_brick_interfaces/environment/library_path.dsv
[0.866s] -- Up-to-date: /home/alyssa/homework2-alyssa225/install/turtle_brick_interfaces/lib/libturtle_brick_interfaces__rosidl_generator_c.so
[0.867s] -- Up-to-date: /home/alyssa/homework2-alyssa225/install/turtle_brick_interfaces/include/turtle_brick_interfaces/turtle_brick_interfaces
[0.867s] -- Up-to-date: /home/alyssa/homework2-alyssa225/install/turtle_brick_interfaces/include/turtle_brick_interfaces/turtle_brick_interfaces/srv
[0.867s] -- Up-to-date: /home/alyssa/homework2-alyssa225/install/turtle_brick_interfaces/include/turtle_brick_interfaces/turtle_brick_interfaces/srv/detail
[0.867s] -- Up-to-date: /home/alyssa/homework2-alyssa225/install/turtle_brick_interfaces/include/turtle_brick_interfaces/turtle_brick_interfaces/srv/detail/drop__rosidl_typesupport_fastrtps_c.h
[0.867s] -- Up-to-date: /home/alyssa/homework2-alyssa225/install/turtle_brick_interfaces/include/turtle_brick_interfaces/turtle_brick_interfaces/srv/detail/place__rosidl_typesupport_fastrtps_c.h
[0.867s] -- Up-to-date: /home/alyssa/homework2-alyssa225/install/turtle_brick_interfaces/include/turtle_brick_interfaces/turtle_brick_interfaces/msg
[0.868s] -- Up-to-date: /home/alyssa/homework2-alyssa225/install/turtle_brick_interfaces/include/turtle_brick_interfaces/turtle_brick_interfaces/msg/rosidl_typesupport_fastrtps_c__visibility_control.h
[0.868s] -- Up-to-date: /home/alyssa/homework2-alyssa225/install/turtle_brick_interfaces/include/turtle_brick_interfaces/turtle_brick_interfaces/msg/detail
[0.868s] -- Up-to-date: /home/alyssa/homework2-alyssa225/install/turtle_brick_interfaces/include/turtle_brick_interfaces/turtle_brick_interfaces/msg/detail/tilt__rosidl_typesupport_fastrtps_c.h
[0.868s] -- Up-to-date: /home/alyssa/homework2-alyssa225/install/turtle_brick_interfaces/lib/libturtle_brick_interfaces__rosidl_typesupport_fastrtps_c.so
[0.868s] -- Up-to-date: /home/alyssa/homework2-alyssa225/install/turtle_brick_interfaces/include/turtle_brick_interfaces/turtle_brick_interfaces
[0.869s] -- Up-to-date: /home/alyssa/homework2-alyssa225/install/turtle_brick_interfaces/include/turtle_brick_interfaces/turtle_brick_interfaces/srv
[0.869s] -- Up-to-date: /home/alyssa/homework2-alyssa225/install/turtle_brick_interfaces/include/turtle_brick_interfaces/turtle_brick_interfaces/srv/detail
[0.869s] -- Up-to-date: /home/alyssa/homework2-alyssa225/install/turtle_brick_interfaces/include/turtle_brick_interfaces/turtle_brick_interfaces/srv/detail/drop__rosidl_typesupport_introspection_c.h
[0.870s] -- Up-to-date: /home/alyssa/homework2-alyssa225/install/turtle_brick_interfaces/include/turtle_brick_interfaces/turtle_brick_interfaces/srv/detail/place__rosidl_typesupport_introspection_c.h
[0.870s] -- Up-to-date: /home/alyssa/homework2-alyssa225/install/turtle_brick_interfaces/include/turtle_brick_interfaces/turtle_brick_interfaces/srv/detail/place__type_support.c
[0.870s] -- Up-to-date: /home/alyssa/homework2-alyssa225/install/turtle_brick_interfaces/include/turtle_brick_interfaces/turtle_brick_interfaces/srv/detail/drop__type_support.c
[0.870s] -- Up-to-date: /home/alyssa/homework2-alyssa225/install/turtle_brick_interfaces/include/turtle_brick_interfaces/turtle_brick_interfaces/msg
[0.871s] -- Up-to-date: /home/alyssa/homework2-alyssa225/install/turtle_brick_interfaces/include/turtle_brick_interfaces/turtle_brick_interfaces/msg/detail
[0.871s] -- Up-to-date: /home/alyssa/homework2-alyssa225/install/turtle_brick_interfaces/include/turtle_brick_interfaces/turtle_brick_interfaces/msg/detail/tilt__type_support.c
[0.871s] -- Up-to-date: /home/alyssa/homework2-alyssa225/install/turtle_brick_interfaces/include/turtle_brick_interfaces/turtle_brick_interfaces/msg/detail/tilt__rosidl_typesupport_introspection_c.h
[0.871s] -- Up-to-date: /home/alyssa/homework2-alyssa225/install/turtle_brick_interfaces/include/turtle_brick_interfaces/turtle_brick_interfaces/msg/rosidl_typesupport_introspection_c__visibility_control.h
[0.872s] -- Up-to-date: /home/alyssa/homework2-alyssa225/install/turtle_brick_interfaces/lib/libturtle_brick_interfaces__rosidl_typesupport_introspection_c.so
[0.872s] -- Up-to-date: /home/alyssa/homework2-alyssa225/install/turtle_brick_interfaces/lib/libturtle_brick_interfaces__rosidl_typesupport_c.so
[0.872s] -- Up-to-date: /home/alyssa/homework2-alyssa225/install/turtle_brick_interfaces/include/turtle_brick_interfaces/turtle_brick_interfaces
[0.872s] -- Up-to-date: /home/alyssa/homework2-alyssa225/install/turtle_brick_interfaces/include/turtle_brick_interfaces/turtle_brick_interfaces/srv
[0.873s] -- Up-to-date: /home/alyssa/homework2-alyssa225/install/turtle_brick_interfaces/include/turtle_brick_interfaces/turtle_brick_interfaces/srv/place.hpp
[0.873s] -- Up-to-date: /home/alyssa/homework2-alyssa225/install/turtle_brick_interfaces/include/turtle_brick_interfaces/turtle_brick_interfaces/srv/detail
[0.873s] -- Up-to-date: /home/alyssa/homework2-alyssa225/install/turtle_brick_interfaces/include/turtle_brick_interfaces/turtle_brick_interfaces/srv/detail/drop__struct.hpp
[0.874s] -- Up-to-date: /home/alyssa/homework2-alyssa225/install/turtle_brick_interfaces/include/turtle_brick_interfaces/turtle_brick_interfaces/srv/detail/place__traits.hpp
[0.874s] -- Up-to-date: /home/alyssa/homework2-alyssa225/install/turtle_brick_interfaces/include/turtle_brick_interfaces/turtle_brick_interfaces/srv/detail/place__struct.hpp
[0.874s] -- Up-to-date: /home/alyssa/homework2-alyssa225/install/turtle_brick_interfaces/include/turtle_brick_interfaces/turtle_brick_interfaces/srv/detail/drop__traits.hpp
[0.874s] -- Up-to-date: /home/alyssa/homework2-alyssa225/install/turtle_brick_interfaces/include/turtle_brick_interfaces/turtle_brick_interfaces/srv/detail/place__builder.hpp
[0.874s] -- Up-to-date: /home/alyssa/homework2-alyssa225/install/turtle_brick_interfaces/include/turtle_brick_interfaces/turtle_brick_interfaces/srv/detail/drop__builder.hpp
[0.874s] -- Up-to-date: /home/alyssa/homework2-alyssa225/install/turtle_brick_interfaces/include/turtle_brick_interfaces/turtle_brick_interfaces/srv/drop.hpp
[0.874s] -- Up-to-date: /home/alyssa/homework2-alyssa225/install/turtle_brick_interfaces/include/turtle_brick_interfaces/turtle_brick_interfaces/msg
[0.874s] -- Up-to-date: /home/alyssa/homework2-alyssa225/install/turtle_brick_interfaces/include/turtle_brick_interfaces/turtle_brick_interfaces/msg/detail
[0.875s] -- Up-to-date: /home/alyssa/homework2-alyssa225/install/turtle_brick_interfaces/include/turtle_brick_interfaces/turtle_brick_interfaces/msg/detail/tilt__traits.hpp
[0.875s] -- Up-to-date: /home/alyssa/homework2-alyssa225/install/turtle_brick_interfaces/include/turtle_brick_interfaces/turtle_brick_interfaces/msg/detail/tilt__builder.hpp
[0.875s] -- Up-to-date: /home/alyssa/homework2-alyssa225/install/turtle_brick_interfaces/include/turtle_brick_interfaces/turtle_brick_interfaces/msg/detail/tilt__struct.hpp
[0.875s] -- Up-to-date: /home/alyssa/homework2-alyssa225/install/turtle_brick_interfaces/include/turtle_brick_interfaces/turtle_brick_interfaces/msg/tilt.hpp
[0.875s] -- Up-to-date: /home/alyssa/homework2-alyssa225/install/turtle_brick_interfaces/include/turtle_brick_interfaces/turtle_brick_interfaces
[0.875s] -- Up-to-date: /home/alyssa/homework2-alyssa225/install/turtle_brick_interfaces/include/turtle_brick_interfaces/turtle_brick_interfaces/srv
[0.875s] -- Up-to-date: /home/alyssa/homework2-alyssa225/install/turtle_brick_interfaces/include/turtle_brick_interfaces/turtle_brick_interfaces/srv/detail
[0.876s] -- Up-to-date: /home/alyssa/homework2-alyssa225/install/turtle_brick_interfaces/include/turtle_brick_interfaces/turtle_brick_interfaces/srv/detail/dds_fastrtps
[0.876s] -- Up-to-date: /home/alyssa/homework2-alyssa225/install/turtle_brick_interfaces/include/turtle_brick_interfaces/turtle_brick_interfaces/srv/detail/drop__rosidl_typesupport_fastrtps_cpp.hpp
[0.876s] -- Up-to-date: /home/alyssa/homework2-alyssa225/install/turtle_brick_interfaces/include/turtle_brick_interfaces/turtle_brick_interfaces/srv/detail/place__rosidl_typesupport_fastrtps_cpp.hpp
[0.876s] -- Up-to-date: /home/alyssa/homework2-alyssa225/install/turtle_brick_interfaces/include/turtle_brick_interfaces/turtle_brick_interfaces/msg
[0.876s] -- Up-to-date: /home/alyssa/homework2-alyssa225/install/turtle_brick_interfaces/include/turtle_brick_interfaces/turtle_brick_interfaces/msg/detail
[0.876s] -- Up-to-date: /home/alyssa/homework2-alyssa225/install/turtle_brick_interfaces/include/turtle_brick_interfaces/turtle_brick_interfaces/msg/detail/dds_fastrtps
[0.876s] -- Up-to-date: /home/alyssa/homework2-alyssa225/install/turtle_brick_interfaces/include/turtle_brick_interfaces/turtle_brick_interfaces/msg/detail/tilt__rosidl_typesupport_fastrtps_cpp.hpp
[0.877s] -- Up-to-date: /home/alyssa/homework2-alyssa225/install/turtle_brick_interfaces/include/turtle_brick_interfaces/turtle_brick_interfaces/msg/rosidl_typesupport_fastrtps_cpp__visibility_control.h
[0.877s] -- Up-to-date: /home/alyssa/homework2-alyssa225/install/turtle_brick_interfaces/lib/libturtle_brick_interfaces__rosidl_typesupport_fastrtps_cpp.so
[0.877s] -- Up-to-date: /home/alyssa/homework2-alyssa225/install/turtle_brick_interfaces/include/turtle_brick_interfaces/turtle_brick_interfaces
[0.877s] -- Up-to-date: /home/alyssa/homework2-alyssa225/install/turtle_brick_interfaces/include/turtle_brick_interfaces/turtle_brick_interfaces/srv
[0.877s] -- Up-to-date: /home/alyssa/homework2-alyssa225/install/turtle_brick_interfaces/include/turtle_brick_interfaces/turtle_brick_interfaces/srv/detail
[0.877s] -- Up-to-date: /home/alyssa/homework2-alyssa225/install/turtle_brick_interfaces/include/turtle_brick_interfaces/turtle_brick_interfaces/srv/detail/drop__rosidl_typesupport_introspection_cpp.hpp
[0.877s] -- Up-to-date: /home/alyssa/homework2-alyssa225/install/turtle_brick_interfaces/include/turtle_brick_interfaces/turtle_brick_interfaces/srv/detail/drop__type_support.cpp
[0.877s] -- Up-to-date: /home/alyssa/homework2-alyssa225/install/turtle_brick_interfaces/include/turtle_brick_interfaces/turtle_brick_interfaces/srv/detail/place__type_support.cpp
[0.877s] -- Up-to-date: /home/alyssa/homework2-alyssa225/install/turtle_brick_interfaces/include/turtle_brick_interfaces/turtle_brick_interfaces/srv/detail/place__rosidl_typesupport_introspection_cpp.hpp
[0.878s] -- Up-to-date: /home/alyssa/homework2-alyssa225/install/turtle_brick_interfaces/include/turtle_brick_interfaces/turtle_brick_interfaces/msg
[0.878s] -- Up-to-date: /home/alyssa/homework2-alyssa225/install/turtle_brick_interfaces/include/turtle_brick_interfaces/turtle_brick_interfaces/msg/detail
[0.878s] -- Up-to-date: /home/alyssa/homework2-alyssa225/install/turtle_brick_interfaces/include/turtle_brick_interfaces/turtle_brick_interfaces/msg/detail/tilt__type_support.cpp
[0.878s] -- Up-to-date: /home/alyssa/homework2-alyssa225/install/turtle_brick_interfaces/include/turtle_brick_interfaces/turtle_brick_interfaces/msg/detail/tilt__rosidl_typesupport_introspection_cpp.hpp
[0.878s] -- Up-to-date: /home/alyssa/homework2-alyssa225/install/turtle_brick_interfaces/lib/libturtle_brick_interfaces__rosidl_typesupport_introspection_cpp.so
[0.878s] -- Up-to-date: /home/alyssa/homework2-alyssa225/install/turtle_brick_interfaces/lib/libturtle_brick_interfaces__rosidl_typesupport_cpp.so
[0.878s] -- Up-to-date: /home/alyssa/homework2-alyssa225/install/turtle_brick_interfaces/share/turtle_brick_interfaces/environment/pythonpath.sh
[0.878s] -- Up-to-date: /home/alyssa/homework2-alyssa225/install/turtle_brick_interfaces/share/turtle_brick_interfaces/environment/pythonpath.dsv
[0.878s] -- Up-to-date: /home/alyssa/homework2-alyssa225/install/turtle_brick_interfaces/local/lib/python3.10/dist-packages/turtle_brick_interfaces-0.0.0-py3.10.egg-info
[0.878s] -- Installing: /home/alyssa/homework2-alyssa225/install/turtle_brick_interfaces/local/lib/python3.10/dist-packages/turtle_brick_interfaces-0.0.0-py3.10.egg-info/top_level.txt
[0.878s] -- Installing: /home/alyssa/homework2-alyssa225/install/turtle_brick_interfaces/local/lib/python3.10/dist-packages/turtle_brick_interfaces-0.0.0-py3.10.egg-info/dependency_links.txt
[0.879s] -- Installing: /home/alyssa/homework2-alyssa225/install/turtle_brick_interfaces/local/lib/python3.10/dist-packages/turtle_brick_interfaces-0.0.0-py3.10.egg-info/SOURCES.txt
[0.879s] -- Installing: /home/alyssa/homework2-alyssa225/install/turtle_brick_interfaces/local/lib/python3.10/dist-packages/turtle_brick_interfaces-0.0.0-py3.10.egg-info/PKG-INFO
[0.879s] -- Up-to-date: /home/alyssa/homework2-alyssa225/install/turtle_brick_interfaces/local/lib/python3.10/dist-packages/turtle_brick_interfaces
[0.879s] -- Up-to-date: /home/alyssa/homework2-alyssa225/install/turtle_brick_interfaces/local/lib/python3.10/dist-packages/turtle_brick_interfaces/turtle_brick_interfaces_s__rosidl_typesupport_introspection_c.cpython-310-x86_64-linux-gnu.so
[0.879s] -- Up-to-date: /home/alyssa/homework2-alyssa225/install/turtle_brick_interfaces/local/lib/python3.10/dist-packages/turtle_brick_interfaces/srv
[0.879s] -- Up-to-date: /home/alyssa/homework2-alyssa225/install/turtle_brick_interfaces/local/lib/python3.10/dist-packages/turtle_brick_interfaces/srv/_drop.py
[0.879s] -- Up-to-date: /home/alyssa/homework2-alyssa225/install/turtle_brick_interfaces/local/lib/python3.10/dist-packages/turtle_brick_interfaces/srv/_drop_s.c
[0.879s] -- Up-to-date: /home/alyssa/homework2-alyssa225/install/turtle_brick_interfaces/local/lib/python3.10/dist-packages/turtle_brick_interfaces/srv/__init__.py
[0.880s] -- Up-to-date: /home/alyssa/homework2-alyssa225/install/turtle_brick_interfaces/local/lib/python3.10/dist-packages/turtle_brick_interfaces/srv/_place_s.c
[0.880s] -- Up-to-date: /home/alyssa/homework2-alyssa225/install/turtle_brick_interfaces/local/lib/python3.10/dist-packages/turtle_brick_interfaces/srv/_place.py
[0.880s] -- Up-to-date: /home/alyssa/homework2-alyssa225/install/turtle_brick_interfaces/local/lib/python3.10/dist-packages/turtle_brick_interfaces/msg
[0.880s] -- Up-to-date: /home/alyssa/homework2-alyssa225/install/turtle_brick_interfaces/local/lib/python3.10/dist-packages/turtle_brick_interfaces/msg/_tilt.py
[0.880s] -- Up-to-date: /home/alyssa/homework2-alyssa225/install/turtle_brick_interfaces/local/lib/python3.10/dist-packages/turtle_brick_interfaces/msg/_tilt_s.c
[0.880s] -- Up-to-date: /home/alyssa/homework2-alyssa225/install/turtle_brick_interfaces/local/lib/python3.10/dist-packages/turtle_brick_interfaces/msg/__init__.py
[0.881s] -- Up-to-date: /home/alyssa/homework2-alyssa225/install/turtle_brick_interfaces/local/lib/python3.10/dist-packages/turtle_brick_interfaces/_turtle_brick_interfaces_s.ep.rosidl_typesupport_introspection_c.c
[0.881s] -- Up-to-date: /home/alyssa/homework2-alyssa225/install/turtle_brick_interfaces/local/lib/python3.10/dist-packages/turtle_brick_interfaces/turtle_brick_interfaces_s__rosidl_typesupport_fastrtps_c.cpython-310-x86_64-linux-gnu.so
[0.881s] -- Up-to-date: /home/alyssa/homework2-alyssa225/install/turtle_brick_interfaces/local/lib/python3.10/dist-packages/turtle_brick_interfaces/_turtle_brick_interfaces_s.ep.rosidl_typesupport_fastrtps_c.c
[0.881s] -- Up-to-date: /home/alyssa/homework2-alyssa225/install/turtle_brick_interfaces/local/lib/python3.10/dist-packages/turtle_brick_interfaces/_turtle_brick_interfaces_s.ep.rosidl_typesupport_c.c
[0.881s] -- Up-to-date: /home/alyssa/homework2-alyssa225/install/turtle_brick_interfaces/local/lib/python3.10/dist-packages/turtle_brick_interfaces/__init__.py
[0.882s] -- Up-to-date: /home/alyssa/homework2-alyssa225/install/turtle_brick_interfaces/local/lib/python3.10/dist-packages/turtle_brick_interfaces/turtle_brick_interfaces_s__rosidl_typesupport_c.cpython-310-x86_64-linux-gnu.so
[0.882s] -- Up-to-date: /home/alyssa/homework2-alyssa225/install/turtle_brick_interfaces/local/lib/python3.10/dist-packages/turtle_brick_interfaces/libturtle_brick_interfaces__rosidl_generator_py.so
[0.915s] Listing '/home/alyssa/homework2-alyssa225/install/turtle_brick_interfaces/local/lib/python3.10/dist-packages/turtle_brick_interfaces'...
[0.916s] Listing '/home/alyssa/homework2-alyssa225/install/turtle_brick_interfaces/local/lib/python3.10/dist-packages/turtle_brick_interfaces/msg'...
[0.916s] Listing '/home/alyssa/homework2-alyssa225/install/turtle_brick_interfaces/local/lib/python3.10/dist-packages/turtle_brick_interfaces/srv'...
[0.922s] -- Up-to-date: /home/alyssa/homework2-alyssa225/install/turtle_brick_interfaces/local/lib/python3.10/dist-packages/turtle_brick_interfaces/turtle_brick_interfaces_s__rosidl_typesupport_fastrtps_c.cpython-310-x86_64-linux-gnu.so
[0.923s] -- Up-to-date: /home/alyssa/homework2-alyssa225/install/turtle_brick_interfaces/local/lib/python3.10/dist-packages/turtle_brick_interfaces/turtle_brick_interfaces_s__rosidl_typesupport_introspection_c.cpython-310-x86_64-linux-gnu.so
[0.923s] -- Up-to-date: /home/alyssa/homework2-alyssa225/install/turtle_brick_interfaces/local/lib/python3.10/dist-packages/turtle_brick_interfaces/turtle_brick_interfaces_s__rosidl_typesupport_c.cpython-310-x86_64-linux-gnu.so
[0.924s] -- Up-to-date: /home/alyssa/homework2-alyssa225/install/turtle_brick_interfaces/lib/libturtle_brick_interfaces__rosidl_generator_py.so
[0.924s] -- Up-to-date: /home/alyssa/homework2-alyssa225/install/turtle_brick_interfaces/share/turtle_brick_interfaces/msg/Tilt.idl
[0.925s] -- Up-to-date: /home/alyssa/homework2-alyssa225/install/turtle_brick_interfaces/share/turtle_brick_interfaces/srv/Place.idl
[0.925s] -- Up-to-date: /home/alyssa/homework2-alyssa225/install/turtle_brick_interfaces/share/turtle_brick_interfaces/srv/Drop.idl
[0.925s] -- Up-to-date: /home/alyssa/homework2-alyssa225/install/turtle_brick_interfaces/share/turtle_brick_interfaces/msg/Tilt.msg
[0.925s] -- Up-to-date: /home/alyssa/homework2-alyssa225/install/turtle_brick_interfaces/share/turtle_brick_interfaces/srv/Place.srv
[0.926s] -- Up-to-date: /home/alyssa/homework2-alyssa225/install/turtle_brick_interfaces/share/turtle_brick_interfaces/srv/Place_Request.msg
[0.926s] -- Up-to-date: /home/alyssa/homework2-alyssa225/install/turtle_brick_interfaces/share/turtle_brick_interfaces/srv/Place_Response.msg
[0.926s] -- Up-to-date: /home/alyssa/homework2-alyssa225/install/turtle_brick_interfaces/share/turtle_brick_interfaces/srv/Drop.srv
[0.926s] -- Up-to-date: /home/alyssa/homework2-alyssa225/install/turtle_brick_interfaces/share/turtle_brick_interfaces/srv/Drop_Request.msg
[0.926s] -- Up-to-date: /home/alyssa/homework2-alyssa225/install/turtle_brick_interfaces/share/turtle_brick_interfaces/srv/Drop_Response.msg
[0.927s] -- Up-to-date: /home/alyssa/homework2-alyssa225/install/turtle_brick_interfaces/share/ament_index/resource_index/package_run_dependencies/turtle_brick_interfaces
[0.927s] -- Up-to-date: /home/alyssa/homework2-alyssa225/install/turtle_brick_interfaces/share/ament_index/resource_index/parent_prefix_path/turtle_brick_interfaces
[0.927s] -- Up-to-date: /home/alyssa/homework2-alyssa225/install/turtle_brick_interfaces/share/turtle_brick_interfaces/environment/ament_prefix_path.sh
[0.927s] -- Up-to-date: /home/alyssa/homework2-alyssa225/install/turtle_brick_interfaces/share/turtle_brick_interfaces/environment/ament_prefix_path.dsv
[0.928s] -- Up-to-date: /home/alyssa/homework2-alyssa225/install/turtle_brick_interfaces/share/turtle_brick_interfaces/environment/path.sh
[0.928s] -- Up-to-date: /home/alyssa/homework2-alyssa225/install/turtle_brick_interfaces/share/turtle_brick_interfaces/environment/path.dsv
[0.928s] -- Up-to-date: /home/alyssa/homework2-alyssa225/install/turtle_brick_interfaces/share/turtle_brick_interfaces/local_setup.bash
[0.928s] -- Up-to-date: /home/alyssa/homework2-alyssa225/install/turtle_brick_interfaces/share/turtle_brick_interfaces/local_setup.sh
[0.928s] -- Up-to-date: /home/alyssa/homework2-alyssa225/install/turtle_brick_interfaces/share/turtle_brick_interfaces/local_setup.zsh
[0.929s] -- Up-to-date: /home/alyssa/homework2-alyssa225/install/turtle_brick_interfaces/share/turtle_brick_interfaces/local_setup.dsv
[0.929s] -- Installing: /home/alyssa/homework2-alyssa225/install/turtle_brick_interfaces/share/turtle_brick_interfaces/package.dsv
[0.929s] -- Up-to-date: /home/alyssa/homework2-alyssa225/install/turtle_brick_interfaces/share/ament_index/resource_index/packages/turtle_brick_interfaces
[0.930s] -- Up-to-date: /home/alyssa/homework2-alyssa225/install/turtle_brick_interfaces/share/turtle_brick_interfaces/cmake/export_turtle_brick_interfaces__rosidl_generator_cExport.cmake
[0.930s] -- Up-to-date: /home/alyssa/homework2-alyssa225/install/turtle_brick_interfaces/share/turtle_brick_interfaces/cmake/export_turtle_brick_interfaces__rosidl_generator_cExport-noconfig.cmake
[0.930s] -- Up-to-date: /home/alyssa/homework2-alyssa225/install/turtle_brick_interfaces/share/turtle_brick_interfaces/cmake/export_turtle_brick_interfaces__rosidl_typesupport_fastrtps_cExport.cmake
[0.930s] -- Up-to-date: /home/alyssa/homework2-alyssa225/install/turtle_brick_interfaces/share/turtle_brick_interfaces/cmake/export_turtle_brick_interfaces__rosidl_typesupport_fastrtps_cExport-noconfig.cmake
[0.930s] -- Up-to-date: /home/alyssa/homework2-alyssa225/install/turtle_brick_interfaces/share/turtle_brick_interfaces/cmake/turtle_brick_interfaces__rosidl_typesupport_introspection_cExport.cmake
[0.931s] -- Up-to-date: /home/alyssa/homework2-alyssa225/install/turtle_brick_interfaces/share/turtle_brick_interfaces/cmake/turtle_brick_interfaces__rosidl_typesupport_introspection_cExport-noconfig.cmake
[0.931s] -- Up-to-date: /home/alyssa/homework2-alyssa225/install/turtle_brick_interfaces/share/turtle_brick_interfaces/cmake/turtle_brick_interfaces__rosidl_typesupport_cExport.cmake
[0.931s] -- Up-to-date: /home/alyssa/homework2-alyssa225/install/turtle_brick_interfaces/share/turtle_brick_interfaces/cmake/turtle_brick_interfaces__rosidl_typesupport_cExport-noconfig.cmake
[0.931s] -- Up-to-date: /home/alyssa/homework2-alyssa225/install/turtle_brick_interfaces/share/turtle_brick_interfaces/cmake/export_turtle_brick_interfaces__rosidl_generator_cppExport.cmake
[0.931s] -- Up-to-date: /home/alyssa/homework2-alyssa225/install/turtle_brick_interfaces/share/turtle_brick_interfaces/cmake/export_turtle_brick_interfaces__rosidl_typesupport_fastrtps_cppExport.cmake
[0.931s] -- Up-to-date: /home/alyssa/homework2-alyssa225/install/turtle_brick_interfaces/share/turtle_brick_interfaces/cmake/export_turtle_brick_interfaces__rosidl_typesupport_fastrtps_cppExport-noconfig.cmake
[0.932s] -- Up-to-date: /home/alyssa/homework2-alyssa225/install/turtle_brick_interfaces/share/turtle_brick_interfaces/cmake/turtle_brick_interfaces__rosidl_typesupport_introspection_cppExport.cmake
[0.932s] -- Up-to-date: /home/alyssa/homework2-alyssa225/install/turtle_brick_interfaces/share/turtle_brick_interfaces/cmake/turtle_brick_interfaces__rosidl_typesupport_introspection_cppExport-noconfig.cmake
[0.932s] -- Up-to-date: /home/alyssa/homework2-alyssa225/install/turtle_brick_interfaces/share/turtle_brick_interfaces/cmake/turtle_brick_interfaces__rosidl_typesupport_cppExport.cmake
[0.932s] -- Up-to-date: /home/alyssa/homework2-alyssa225/install/turtle_brick_interfaces/share/turtle_brick_interfaces/cmake/turtle_brick_interfaces__rosidl_typesupport_cppExport-noconfig.cmake
[0.932s] -- Up-to-date: /home/alyssa/homework2-alyssa225/install/turtle_brick_interfaces/share/turtle_brick_interfaces/cmake/export_turtle_brick_interfaces__rosidl_generator_pyExport.cmake
[0.932s] -- Up-to-date: /home/alyssa/homework2-alyssa225/install/turtle_brick_interfaces/share/turtle_brick_interfaces/cmake/export_turtle_brick_interfaces__rosidl_generator_pyExport-noconfig.cmake
[0.932s] -- Up-to-date: /home/alyssa/homework2-alyssa225/install/turtle_brick_interfaces/share/turtle_brick_interfaces/cmake/rosidl_cmake-extras.cmake
[0.933s] -- Up-to-date: /home/alyssa/homework2-alyssa225/install/turtle_brick_interfaces/share/turtle_brick_interfaces/cmake/ament_cmake_export_include_directories-extras.cmake
[0.933s] -- Up-to-date: /home/alyssa/homework2-alyssa225/install/turtle_brick_interfaces/share/turtle_brick_interfaces/cmake/ament_cmake_export_libraries-extras.cmake
[0.933s] -- Up-to-date: /home/alyssa/homework2-alyssa225/install/turtle_brick_interfaces/share/turtle_brick_interfaces/cmake/ament_cmake_export_targets-extras.cmake
[0.935s] -- Up-to-date: /home/alyssa/homework2-alyssa225/install/turtle_brick_interfaces/share/turtle_brick_interfaces/cmake/rosidl_cmake_export_typesupport_targets-extras.cmake
[0.935s] -- Up-to-date: /home/alyssa/homework2-alyssa225/install/turtle_brick_interfaces/share/turtle_brick_interfaces/cmake/ament_cmake_export_dependencies-extras.cmake
[0.936s] -- Up-to-date: /home/alyssa/homework2-alyssa225/install/turtle_brick_interfaces/share/turtle_brick_interfaces/cmake/rosidl_cmake_export_typesupport_libraries-extras.cmake
[0.936s] -- Up-to-date: /home/alyssa/homework2-alyssa225/install/turtle_brick_interfaces/share/turtle_brick_interfaces/cmake/turtle_brick_interfacesConfig.cmake
[0.937s] -- Up-to-date: /home/alyssa/homework2-alyssa225/install/turtle_brick_interfaces/share/turtle_brick_interfaces/cmake/turtle_brick_interfacesConfig-version.cmake
[0.938s] -- Up-to-date: /home/alyssa/homework2-alyssa225/install/turtle_brick_interfaces/share/turtle_brick_interfaces/package.xml
[0.938s] Invoked command in '/home/alyssa/homework2-alyssa225/build/turtle_brick_interfaces' returned '0': CMAKE_PREFIX_PATH=${CMAKE_PREFIX_PATH}:/home/alyssa/homework2-alyssa225/install/turtle_brick:/opt/ros/humble /usr/bin/cmake --install /home/alyssa/homework2-alyssa225/build/turtle_brick_interfaces
