running egg_info
writing ../../build/turtle_brick/turtle_brick.egg-info/PKG-INFO
writing dependency_links to ../../build/turtle_brick/turtle_brick.egg-info/dependency_links.txt
writing entry points to ../../build/turtle_brick/turtle_brick.egg-info/entry_points.txt
writing requirements to ../../build/turtle_brick/turtle_brick.egg-info/requires.txt
writing top-level names to ../../build/turtle_brick/turtle_brick.egg-info/top_level.txt
reading manifest file '../../build/turtle_brick/turtle_brick.egg-info/SOURCES.txt'
writing manifest file '../../build/turtle_brick/turtle_brick.egg-info/SOURCES.txt'
running build
running build_py
copying turtle_brick/catcher.py -> /home/alyssa/homework2-alyssa225/build/turtle_brick/build/lib/turtle_brick
running install
/usr/lib/python3/dist-packages/setuptools/command/install.py:34: SetuptoolsDeprecationWarning: setup.py install is deprecated. Use build and pip and other standards-based tools.
  warnings.warn(
running install_lib
copying /home/alyssa/homework2-alyssa225/build/turtle_brick/build/lib/turtle_brick/catcher.py -> /home/alyssa/homework2-alyssa225/install/turtle_brick/lib/python3.10/site-packages/turtle_brick
byte-compiling /home/alyssa/homework2-alyssa225/install/turtle_brick/lib/python3.10/site-packages/turtle_brick/catcher.py to catcher.cpython-310.pyc
running install_data
copying config/turtle_urdf.rviz -> /home/alyssa/homework2-alyssa225/install/turtle_brick/share/turtle_brick
running install_egg_info
removing '/home/alyssa/homework2-alyssa225/install/turtle_brick/lib/python3.10/site-packages/turtle_brick-0.0.0-py3.10.egg-info' (and everything under it)
Copying ../../build/turtle_brick/turtle_brick.egg-info to /home/alyssa/homework2-alyssa225/install/turtle_brick/lib/python3.10/site-packages/turtle_brick-0.0.0-py3.10.egg-info
running install_scripts
Installing arena script to /home/alyssa/homework2-alyssa225/install/turtle_brick/lib/turtle_brick
Installing catcher script to /home/alyssa/homework2-alyssa225/install/turtle_brick/lib/turtle_brick
Installing turtle_robot script to /home/alyssa/homework2-alyssa225/install/turtle_brick/lib/turtle_brick
writing list of installed files to '/home/alyssa/homework2-alyssa225/build/turtle_brick/install.log'
