[0.242s] Invoking command in '/home/alyssa/homework2-alyssa225/src/build/turtle_brick_interfaces': CMAKE_PREFIX_PATH=${CMAKE_PREFIX_PATH}:/home/alyssa/ros2_ws/src/crazy_turtle/install/crazy_turtle:/home/alyssa/homework2-alyssa225/src/install/turtle_brick:/opt/ros/humble /usr/bin/cmake --build /home/alyssa/homework2-alyssa225/src/build/turtle_brick_interfaces -- -j8 -l8
[0.262s] -- Found ament_cmake: 1.3.2 (/opt/ros/humble/share/ament_cmake/cmake)
[0.387s] -- Override CMake install command with custom implementation using symlinks instead of copying resources
[0.395s] -- Found rosidl_default_generators: 1.2.0 (/opt/ros/humble/share/rosidl_default_generators/cmake)
[0.397s] -- Using all available rosidl_typesupport_c: rosidl_typesupport_fastrtps_c;rosidl_typesupport_introspection_c
[0.399s] -- Found rosidl_adapter: 3.1.3 (/opt/ros/humble/share/rosidl_adapter/cmake)
[0.432s] -- Using all available rosidl_typesupport_cpp: rosidl_typesupport_fastrtps_cpp;rosidl_typesupport_introspection_cpp
[0.780s] -- Found ament_cmake_ros: 0.10.0 (/opt/ros/humble/share/ament_cmake_ros/cmake)
[1.017s] -- Using all available rosidl_typesupport_c: rosidl_typesupport_fastrtps_c;rosidl_typesupport_introspection_c
[1.281s] -- Using all available rosidl_typesupport_cpp: rosidl_typesupport_fastrtps_cpp;rosidl_typesupport_introspection_cpp
[1.305s] -- Found python_cmake_module: 0.10.0 (/opt/ros/humble/share/python_cmake_module/cmake)
[1.330s] -- Using PYTHON_EXECUTABLE: /usr/bin/python3
[1.330s] -- Using PYTHON_INCLUDE_DIRS: /usr/include/python3.10
[1.330s] -- Using PYTHON_LIBRARIES: /usr/lib/x86_64-linux-gnu/libpython3.10.so
[1.345s] -- Found ament_lint_auto: 0.12.4 (/opt/ros/humble/share/ament_lint_auto/cmake)
[1.357s] -- Added test 'lint_cmake' to check CMake code style
[1.359s] -- Added test 'xmllint' to check XML markup files
[1.362s] -- Configuring done
[1.396s] -- Generating done
[1.400s] -- Build files have been written to: /home/alyssa/homework2-alyssa225/src/build/turtle_brick_interfaces
[1.432s] [  2%] [34m[1mGenerating C code for ROS interfaces[0m
[1.448s] [  5%] [34m[1mGenerating C++ code for ROS interfaces[0m
[1.450s] [  5%] Built target ament_cmake_python_symlink_turtle_brick_interfaces
[1.812s] running egg_info
[1.813s] writing turtle_brick_interfaces.egg-info/PKG-INFO
[1.813s] writing dependency_links to turtle_brick_interfaces.egg-info/dependency_links.txt
[1.813s] writing top-level names to turtle_brick_interfaces.egg-info/top_level.txt
[1.816s] reading manifest file 'turtle_brick_interfaces.egg-info/SOURCES.txt'
[1.818s] writing manifest file 'turtle_brick_interfaces.egg-info/SOURCES.txt'
[1.860s] [  5%] Built target ament_cmake_python_build_turtle_brick_interfaces_egg
[2.109s] [  5%] Built target turtle_brick_interfaces__cpp
[2.112s] [35m[1mConsolidate compiler generated dependencies of target turtle_brick_interfaces__rosidl_generator_c[0m
[2.121s] [  7%] [34m[1mGenerating C++ introspection for ROS interfaces[0m
[2.122s] [ 10%] [34m[1mGenerating C++ type support dispatch for ROS interfaces[0m
[2.124s] [ 12%] [34m[1mGenerating C++ type support for eProsima Fast-RTPS[0m
[2.128s] [ 15%] [32mBuilding C object CMakeFiles/turtle_brick_interfaces__rosidl_generator_c.dir/rosidl_generator_c/turtle_brick_interfaces/msg/detail/tilt__functions.c.o[0m
[2.128s] [ 17%] [32mBuilding C object CMakeFiles/turtle_brick_interfaces__rosidl_generator_c.dir/rosidl_generator_c/turtle_brick_interfaces/srv/detail/place__functions.c.o[0m
[2.217s] [ 20%] [32m[1mLinking C shared library libturtle_brick_interfaces__rosidl_generator_c.so[0m
[2.259s] [ 20%] Built target turtle_brick_interfaces__rosidl_generator_c
[2.274s] [ 28%] [34m[1mGenerating C introspection for ROS interfaces[0m
[2.274s] [ 28%] [34m[1mGenerating C type support for eProsima Fast-RTPS[0m
[2.274s] [ 28%] [34m[1mGenerating C type support dispatch for ROS interfaces[0m
[2.585s] [35m[1mConsolidate compiler generated dependencies of target turtle_brick_interfaces__rosidl_typesupport_cpp[0m
[2.635s] [ 30%] [32mBuilding CXX object CMakeFiles/turtle_brick_interfaces__rosidl_typesupport_cpp.dir/rosidl_typesupport_cpp/turtle_brick_interfaces/msg/tilt__type_support.cpp.o[0m
[2.648s] [ 33%] [32mBuilding CXX object CMakeFiles/turtle_brick_interfaces__rosidl_typesupport_cpp.dir/rosidl_typesupport_cpp/turtle_brick_interfaces/srv/place__type_support.cpp.o[0m
[2.655s] [35m[1mConsolidate compiler generated dependencies of target turtle_brick_interfaces__rosidl_typesupport_introspection_cpp[0m
[2.696s] [ 35%] [32mBuilding CXX object CMakeFiles/turtle_brick_interfaces__rosidl_typesupport_introspection_cpp.dir/rosidl_typesupport_introspection_cpp/turtle_brick_interfaces/msg/detail/tilt__type_support.cpp.o[0m
[2.721s] [ 38%] [32mBuilding CXX object CMakeFiles/turtle_brick_interfaces__rosidl_typesupport_introspection_cpp.dir/rosidl_typesupport_introspection_cpp/turtle_brick_interfaces/srv/detail/place__type_support.cpp.o[0m
[2.809s] [35m[1mConsolidate compiler generated dependencies of target turtle_brick_interfaces__rosidl_typesupport_fastrtps_cpp[0m
[2.840s] [ 41%] [32mBuilding CXX object CMakeFiles/turtle_brick_interfaces__rosidl_typesupport_fastrtps_cpp.dir/rosidl_typesupport_fastrtps_cpp/turtle_brick_interfaces/msg/detail/dds_fastrtps/tilt__type_support.cpp.o[0m
[2.911s] [35m[1mConsolidate compiler generated dependencies of target turtle_brick_interfaces__rosidl_typesupport_c[0m
[2.961s] [35m[1mConsolidate compiler generated dependencies of target turtle_brick_interfaces__rosidl_typesupport_fastrtps_c[0m
[2.976s] [ 43%] [32mBuilding CXX object CMakeFiles/turtle_brick_interfaces__rosidl_typesupport_c.dir/rosidl_typesupport_c/turtle_brick_interfaces/msg/tilt__type_support.cpp.o[0m
[3.003s] [ 46%] [32mBuilding CXX object CMakeFiles/turtle_brick_interfaces__rosidl_typesupport_fastrtps_c.dir/rosidl_typesupport_fastrtps_c/turtle_brick_interfaces/msg/detail/tilt__type_support_c.cpp.o[0m
[3.014s] [35m[1mConsolidate compiler generated dependencies of target turtle_brick_interfaces__rosidl_typesupport_introspection_c[0m
[3.042s] [ 48%] [32mBuilding C object CMakeFiles/turtle_brick_interfaces__rosidl_typesupport_introspection_c.dir/rosidl_typesupport_introspection_c/turtle_brick_interfaces/msg/detail/tilt__type_support.c.o[0m
[3.057s] [ 51%] [32mBuilding CXX object CMakeFiles/turtle_brick_interfaces__rosidl_typesupport_c.dir/rosidl_typesupport_c/turtle_brick_interfaces/srv/place__type_support.cpp.o[0m
[3.151s] [ 53%] [32m[1mLinking CXX shared library libturtle_brick_interfaces__rosidl_typesupport_c.so[0m
[3.169s] [ 56%] [32mBuilding C object CMakeFiles/turtle_brick_interfaces__rosidl_typesupport_introspection_c.dir/rosidl_typesupport_introspection_c/turtle_brick_interfaces/srv/detail/place__type_support.c.o[0m
[3.230s] [ 56%] Built target turtle_brick_interfaces__rosidl_typesupport_c
[3.250s] [ 58%] [32m[1mLinking C shared library libturtle_brick_interfaces__rosidl_typesupport_introspection_c.so[0m
[3.254s] [ 61%] [32mBuilding CXX object CMakeFiles/turtle_brick_interfaces__rosidl_typesupport_fastrtps_cpp.dir/rosidl_typesupport_fastrtps_cpp/turtle_brick_interfaces/srv/detail/dds_fastrtps/place__type_support.cpp.o[0m
[3.258s] [ 64%] [32m[1mLinking CXX shared library libturtle_brick_interfaces__rosidl_typesupport_cpp.so[0m
[3.279s] [ 66%] [32mBuilding CXX object CMakeFiles/turtle_brick_interfaces__rosidl_typesupport_fastrtps_c.dir/rosidl_typesupport_fastrtps_c/turtle_brick_interfaces/srv/detail/place__type_support_c.cpp.o[0m
[3.316s] [ 66%] Built target turtle_brick_interfaces__rosidl_typesupport_introspection_c
[3.368s] [ 66%] Built target turtle_brick_interfaces__rosidl_typesupport_cpp
[3.555s] [ 69%] [32m[1mLinking CXX shared library libturtle_brick_interfaces__rosidl_typesupport_introspection_cpp.so[0m
[3.607s] [ 69%] Built target turtle_brick_interfaces__rosidl_typesupport_introspection_cpp
[3.798s] [ 71%] [32m[1mLinking CXX shared library libturtle_brick_interfaces__rosidl_typesupport_fastrtps_cpp.so[0m
[3.800s] [ 74%] [32m[1mLinking CXX shared library libturtle_brick_interfaces__rosidl_typesupport_fastrtps_c.so[0m
[3.885s] [ 74%] Built target turtle_brick_interfaces__rosidl_typesupport_fastrtps_cpp
[3.885s] [ 74%] Built target turtle_brick_interfaces__rosidl_typesupport_fastrtps_c
[3.902s] [ 74%] Built target turtle_brick_interfaces
[3.919s] [ 76%] [34m[1mGenerating Python code for ROS interfaces[0m
[4.360s] [ 76%] Built target turtle_brick_interfaces__py
[4.368s] [35m[1mConsolidate compiler generated dependencies of target turtle_brick_interfaces__rosidl_generator_py[0m
[4.380s] [ 82%] [32mBuilding C object CMakeFiles/turtle_brick_interfaces__rosidl_generator_py.dir/rosidl_generator_py/turtle_brick_interfaces/msg/_tilt_s.c.o[0m
[4.381s] [ 82%] [32mBuilding C object CMakeFiles/turtle_brick_interfaces__rosidl_generator_py.dir/rosidl_generator_py/turtle_brick_interfaces/srv/_place_s.c.o[0m
[4.474s] [ 84%] [32m[1mLinking C shared library rosidl_generator_py/turtle_brick_interfaces/libturtle_brick_interfaces__rosidl_generator_py.so[0m
[4.506s] [ 84%] Built target turtle_brick_interfaces__rosidl_generator_py
[4.515s] [35m[1mConsolidate compiler generated dependencies of target turtle_brick_interfaces__rosidl_typesupport_c__pyext[0m
[4.515s] [35m[1mConsolidate compiler generated dependencies of target turtle_brick_interfaces__rosidl_typesupport_fastrtps_c__pyext[0m
[4.515s] [35m[1mConsolidate compiler generated dependencies of target turtle_brick_interfaces__rosidl_typesupport_introspection_c__pyext[0m
[4.528s] [ 87%] [32mBuilding C object CMakeFiles/turtle_brick_interfaces__rosidl_typesupport_c__pyext.dir/rosidl_generator_py/turtle_brick_interfaces/_turtle_brick_interfaces_s.ep.rosidl_typesupport_c.c.o[0m
[4.528s] [ 89%] [32mBuilding C object CMakeFiles/turtle_brick_interfaces__rosidl_typesupport_introspection_c__pyext.dir/rosidl_generator_py/turtle_brick_interfaces/_turtle_brick_interfaces_s.ep.rosidl_typesupport_introspection_c.c.o[0m
[4.529s] [ 92%] [32mBuilding C object CMakeFiles/turtle_brick_interfaces__rosidl_typesupport_fastrtps_c__pyext.dir/rosidl_generator_py/turtle_brick_interfaces/_turtle_brick_interfaces_s.ep.rosidl_typesupport_fastrtps_c.c.o[0m
[4.626s] [ 94%] [32m[1mLinking C shared library rosidl_generator_py/turtle_brick_interfaces/turtle_brick_interfaces_s__rosidl_typesupport_c.cpython-310-x86_64-linux-gnu.so[0m
[4.627s] [ 97%] [32m[1mLinking C shared library rosidl_generator_py/turtle_brick_interfaces/turtle_brick_interfaces_s__rosidl_typesupport_introspection_c.cpython-310-x86_64-linux-gnu.so[0m
[4.634s] [100%] [32m[1mLinking C shared library rosidl_generator_py/turtle_brick_interfaces/turtle_brick_interfaces_s__rosidl_typesupport_fastrtps_c.cpython-310-x86_64-linux-gnu.so[0m
[4.658s] [100%] Built target turtle_brick_interfaces__rosidl_typesupport_c__pyext
[4.658s] [100%] Built target turtle_brick_interfaces__rosidl_typesupport_introspection_c__pyext
[4.666s] [100%] Built target turtle_brick_interfaces__rosidl_typesupport_fastrtps_c__pyext
[4.675s] Invoked command in '/home/alyssa/homework2-alyssa225/src/build/turtle_brick_interfaces' returned '0': CMAKE_PREFIX_PATH=${CMAKE_PREFIX_PATH}:/home/alyssa/ros2_ws/src/crazy_turtle/install/crazy_turtle:/home/alyssa/homework2-alyssa225/src/install/turtle_brick:/opt/ros/humble /usr/bin/cmake --build /home/alyssa/homework2-alyssa225/src/build/turtle_brick_interfaces -- -j8 -l8
[4.744s] Invoking command in '/home/alyssa/homework2-alyssa225/src/build/turtle_brick_interfaces': CMAKE_PREFIX_PATH=${CMAKE_PREFIX_PATH}:/home/alyssa/ros2_ws/src/crazy_turtle/install/crazy_turtle:/home/alyssa/homework2-alyssa225/src/install/turtle_brick:/opt/ros/humble /usr/bin/cmake --install /home/alyssa/homework2-alyssa225/src/build/turtle_brick_interfaces
[4.750s] -- Install configuration: ""
[4.750s] -- Execute custom install script
[4.751s] -- Up-to-date symlink: /home/alyssa/homework2-alyssa225/src/install/turtle_brick_interfaces/share/ament_index/resource_index/rosidl_interfaces/turtle_brick_interfaces
[4.751s] -- Up-to-date symlink: /home/alyssa/homework2-alyssa225/src/install/turtle_brick_interfaces/include/turtle_brick_interfaces/turtle_brick_interfaces/msg/detail/tilt__functions.h
[4.751s] -- Up-to-date symlink: /home/alyssa/homework2-alyssa225/src/install/turtle_brick_interfaces/include/turtle_brick_interfaces/turtle_brick_interfaces/msg/detail/tilt__struct.h
[4.752s] -- Up-to-date symlink: /home/alyssa/homework2-alyssa225/src/install/turtle_brick_interfaces/include/turtle_brick_interfaces/turtle_brick_interfaces/msg/detail/tilt__type_support.h
[4.752s] -- Up-to-date symlink: /home/alyssa/homework2-alyssa225/src/install/turtle_brick_interfaces/include/turtle_brick_interfaces/turtle_brick_interfaces/msg/rosidl_generator_c__visibility_control.h
[4.752s] -- Up-to-date symlink: /home/alyssa/homework2-alyssa225/src/install/turtle_brick_interfaces/include/turtle_brick_interfaces/turtle_brick_interfaces/msg/tilt.h
[4.752s] -- Up-to-date symlink: /home/alyssa/homework2-alyssa225/src/install/turtle_brick_interfaces/include/turtle_brick_interfaces/turtle_brick_interfaces/srv/detail/place__functions.h
[4.752s] -- Up-to-date symlink: /home/alyssa/homework2-alyssa225/src/install/turtle_brick_interfaces/include/turtle_brick_interfaces/turtle_brick_interfaces/srv/detail/place__struct.h
[4.752s] -- Up-to-date symlink: /home/alyssa/homework2-alyssa225/src/install/turtle_brick_interfaces/include/turtle_brick_interfaces/turtle_brick_interfaces/srv/detail/place__type_support.h
[4.753s] -- Up-to-date symlink: /home/alyssa/homework2-alyssa225/src/install/turtle_brick_interfaces/include/turtle_brick_interfaces/turtle_brick_interfaces/srv/place.h
[4.753s] -- Up-to-date symlink: /home/alyssa/homework2-alyssa225/src/install/turtle_brick_interfaces/share/turtle_brick_interfaces/environment/library_path.sh
[4.753s] -- Up-to-date symlink: /home/alyssa/homework2-alyssa225/src/install/turtle_brick_interfaces/share/turtle_brick_interfaces/environment/library_path.dsv
[4.754s] -- Up-to-date symlink: /home/alyssa/homework2-alyssa225/src/install/turtle_brick_interfaces/include/turtle_brick_interfaces/turtle_brick_interfaces/msg/detail/tilt__rosidl_typesupport_fastrtps_c.h
[4.754s] -- Up-to-date symlink: /home/alyssa/homework2-alyssa225/src/install/turtle_brick_interfaces/include/turtle_brick_interfaces/turtle_brick_interfaces/msg/rosidl_typesupport_fastrtps_c__visibility_control.h
[4.754s] -- Up-to-date symlink: /home/alyssa/homework2-alyssa225/src/install/turtle_brick_interfaces/include/turtle_brick_interfaces/turtle_brick_interfaces/srv/detail/place__rosidl_typesupport_fastrtps_c.h
[4.755s] -- Up-to-date symlink: /home/alyssa/homework2-alyssa225/src/install/turtle_brick_interfaces/include/turtle_brick_interfaces/turtle_brick_interfaces/msg/detail/tilt__rosidl_typesupport_introspection_c.h
[4.755s] -- Up-to-date symlink: /home/alyssa/homework2-alyssa225/src/install/turtle_brick_interfaces/include/turtle_brick_interfaces/turtle_brick_interfaces/msg/rosidl_typesupport_introspection_c__visibility_control.h
[4.755s] -- Up-to-date symlink: /home/alyssa/homework2-alyssa225/src/install/turtle_brick_interfaces/include/turtle_brick_interfaces/turtle_brick_interfaces/srv/detail/place__rosidl_typesupport_introspection_c.h
[4.756s] -- Up-to-date symlink: /home/alyssa/homework2-alyssa225/src/install/turtle_brick_interfaces/include/turtle_brick_interfaces/turtle_brick_interfaces/msg/detail/tilt__builder.hpp
[4.756s] -- Up-to-date symlink: /home/alyssa/homework2-alyssa225/src/install/turtle_brick_interfaces/include/turtle_brick_interfaces/turtle_brick_interfaces/msg/detail/tilt__struct.hpp
[4.756s] -- Up-to-date symlink: /home/alyssa/homework2-alyssa225/src/install/turtle_brick_interfaces/include/turtle_brick_interfaces/turtle_brick_interfaces/msg/detail/tilt__traits.hpp
[4.756s] -- Up-to-date symlink: /home/alyssa/homework2-alyssa225/src/install/turtle_brick_interfaces/include/turtle_brick_interfaces/turtle_brick_interfaces/msg/tilt.hpp
[4.756s] -- Up-to-date symlink: /home/alyssa/homework2-alyssa225/src/install/turtle_brick_interfaces/include/turtle_brick_interfaces/turtle_brick_interfaces/srv/detail/place__builder.hpp
[4.757s] -- Up-to-date symlink: /home/alyssa/homework2-alyssa225/src/install/turtle_brick_interfaces/include/turtle_brick_interfaces/turtle_brick_interfaces/srv/detail/place__struct.hpp
[4.757s] -- Up-to-date symlink: /home/alyssa/homework2-alyssa225/src/install/turtle_brick_interfaces/include/turtle_brick_interfaces/turtle_brick_interfaces/srv/detail/place__traits.hpp
[4.757s] -- Up-to-date symlink: /home/alyssa/homework2-alyssa225/src/install/turtle_brick_interfaces/include/turtle_brick_interfaces/turtle_brick_interfaces/srv/place.hpp
[4.758s] -- Up-to-date symlink: /home/alyssa/homework2-alyssa225/src/install/turtle_brick_interfaces/include/turtle_brick_interfaces/turtle_brick_interfaces/msg/detail/tilt__rosidl_typesupport_fastrtps_cpp.hpp
[4.758s] -- Up-to-date symlink: /home/alyssa/homework2-alyssa225/src/install/turtle_brick_interfaces/include/turtle_brick_interfaces/turtle_brick_interfaces/msg/rosidl_typesupport_fastrtps_cpp__visibility_control.h
[4.758s] -- Up-to-date symlink: /home/alyssa/homework2-alyssa225/src/install/turtle_brick_interfaces/include/turtle_brick_interfaces/turtle_brick_interfaces/srv/detail/place__rosidl_typesupport_fastrtps_cpp.hpp
[4.759s] -- Up-to-date symlink: /home/alyssa/homework2-alyssa225/src/install/turtle_brick_interfaces/include/turtle_brick_interfaces/turtle_brick_interfaces/msg/detail/tilt__rosidl_typesupport_introspection_cpp.hpp
[4.759s] -- Up-to-date symlink: /home/alyssa/homework2-alyssa225/src/install/turtle_brick_interfaces/include/turtle_brick_interfaces/turtle_brick_interfaces/srv/detail/place__rosidl_typesupport_introspection_cpp.hpp
[4.759s] -- Up-to-date symlink: /home/alyssa/homework2-alyssa225/src/install/turtle_brick_interfaces/share/turtle_brick_interfaces/environment/pythonpath.sh
[4.759s] -- Up-to-date symlink: /home/alyssa/homework2-alyssa225/src/install/turtle_brick_interfaces/share/turtle_brick_interfaces/environment/pythonpath.dsv
[4.759s] -- Up-to-date symlink: /home/alyssa/homework2-alyssa225/src/install/turtle_brick_interfaces/local/lib/python3.10/dist-packages/turtle_brick_interfaces-0.0.0-py3.10.egg-info/PKG-INFO
[4.760s] -- Up-to-date symlink: /home/alyssa/homework2-alyssa225/src/install/turtle_brick_interfaces/local/lib/python3.10/dist-packages/turtle_brick_interfaces-0.0.0-py3.10.egg-info/SOURCES.txt
[4.760s] -- Up-to-date symlink: /home/alyssa/homework2-alyssa225/src/install/turtle_brick_interfaces/local/lib/python3.10/dist-packages/turtle_brick_interfaces-0.0.0-py3.10.egg-info/dependency_links.txt
[4.760s] -- Up-to-date symlink: /home/alyssa/homework2-alyssa225/src/install/turtle_brick_interfaces/local/lib/python3.10/dist-packages/turtle_brick_interfaces-0.0.0-py3.10.egg-info/top_level.txt
[4.761s] -- Up-to-date symlink: /home/alyssa/homework2-alyssa225/src/install/turtle_brick_interfaces/local/lib/python3.10/dist-packages/turtle_brick_interfaces/__init__.py
[4.761s] -- Up-to-date symlink: /home/alyssa/homework2-alyssa225/src/install/turtle_brick_interfaces/local/lib/python3.10/dist-packages/turtle_brick_interfaces/_turtle_brick_interfaces_s.ep.rosidl_typesupport_c.c
[4.761s] -- Up-to-date symlink: /home/alyssa/homework2-alyssa225/src/install/turtle_brick_interfaces/local/lib/python3.10/dist-packages/turtle_brick_interfaces/_turtle_brick_interfaces_s.ep.rosidl_typesupport_fastrtps_c.c
[4.761s] -- Up-to-date symlink: /home/alyssa/homework2-alyssa225/src/install/turtle_brick_interfaces/local/lib/python3.10/dist-packages/turtle_brick_interfaces/_turtle_brick_interfaces_s.ep.rosidl_typesupport_introspection_c.c
[4.761s] -- Up-to-date symlink: /home/alyssa/homework2-alyssa225/src/install/turtle_brick_interfaces/local/lib/python3.10/dist-packages/turtle_brick_interfaces/libturtle_brick_interfaces__rosidl_generator_py.so
[4.761s] -- Up-to-date symlink: /home/alyssa/homework2-alyssa225/src/install/turtle_brick_interfaces/local/lib/python3.10/dist-packages/turtle_brick_interfaces/msg/__init__.py
[4.761s] -- Up-to-date symlink: /home/alyssa/homework2-alyssa225/src/install/turtle_brick_interfaces/local/lib/python3.10/dist-packages/turtle_brick_interfaces/msg/_tilt.py
[4.762s] -- Up-to-date symlink: /home/alyssa/homework2-alyssa225/src/install/turtle_brick_interfaces/local/lib/python3.10/dist-packages/turtle_brick_interfaces/msg/_tilt_s.c
[4.762s] -- Up-to-date symlink: /home/alyssa/homework2-alyssa225/src/install/turtle_brick_interfaces/local/lib/python3.10/dist-packages/turtle_brick_interfaces/srv/__init__.py
[4.762s] -- Up-to-date symlink: /home/alyssa/homework2-alyssa225/src/install/turtle_brick_interfaces/local/lib/python3.10/dist-packages/turtle_brick_interfaces/srv/_place.py
[4.762s] -- Up-to-date symlink: /home/alyssa/homework2-alyssa225/src/install/turtle_brick_interfaces/local/lib/python3.10/dist-packages/turtle_brick_interfaces/srv/_place_s.c
[4.762s] -- Up-to-date symlink: /home/alyssa/homework2-alyssa225/src/install/turtle_brick_interfaces/local/lib/python3.10/dist-packages/turtle_brick_interfaces/turtle_brick_interfaces_s__rosidl_typesupport_c.cpython-310-x86_64-linux-gnu.so
[4.762s] -- Up-to-date symlink: /home/alyssa/homework2-alyssa225/src/install/turtle_brick_interfaces/local/lib/python3.10/dist-packages/turtle_brick_interfaces/turtle_brick_interfaces_s__rosidl_typesupport_fastrtps_c.cpython-310-x86_64-linux-gnu.so
[4.762s] -- Up-to-date symlink: /home/alyssa/homework2-alyssa225/src/install/turtle_brick_interfaces/local/lib/python3.10/dist-packages/turtle_brick_interfaces/turtle_brick_interfaces_s__rosidl_typesupport_introspection_c.cpython-310-x86_64-linux-gnu.so
[4.763s] -- Up-to-date symlink: /home/alyssa/homework2-alyssa225/src/install/turtle_brick_interfaces/local/lib/python3.10/dist-packages/turtle_brick_interfaces/turtle_brick_interfaces_s__rosidl_typesupport_fastrtps_c.cpython-310-x86_64-linux-gnu.so
[4.763s] -- Up-to-date symlink: /home/alyssa/homework2-alyssa225/src/install/turtle_brick_interfaces/local/lib/python3.10/dist-packages/turtle_brick_interfaces/turtle_brick_interfaces_s__rosidl_typesupport_introspection_c.cpython-310-x86_64-linux-gnu.so
[4.763s] -- Up-to-date symlink: /home/alyssa/homework2-alyssa225/src/install/turtle_brick_interfaces/local/lib/python3.10/dist-packages/turtle_brick_interfaces/turtle_brick_interfaces_s__rosidl_typesupport_c.cpython-310-x86_64-linux-gnu.so
[4.763s] -- Up-to-date symlink: /home/alyssa/homework2-alyssa225/src/install/turtle_brick_interfaces/share/turtle_brick_interfaces/msg/Tilt.idl
[4.764s] -- Up-to-date symlink: /home/alyssa/homework2-alyssa225/src/install/turtle_brick_interfaces/share/turtle_brick_interfaces/srv/Place.idl
[4.764s] -- Up-to-date symlink: /home/alyssa/homework2-alyssa225/src/install/turtle_brick_interfaces/share/turtle_brick_interfaces/msg/Tilt.msg
[4.764s] -- Up-to-date symlink: /home/alyssa/homework2-alyssa225/src/install/turtle_brick_interfaces/share/turtle_brick_interfaces/srv/Place.srv
[4.764s] -- Up-to-date symlink: /home/alyssa/homework2-alyssa225/src/install/turtle_brick_interfaces/share/turtle_brick_interfaces/srv/Place_Request.msg
[4.764s] -- Up-to-date symlink: /home/alyssa/homework2-alyssa225/src/install/turtle_brick_interfaces/share/turtle_brick_interfaces/srv/Place_Response.msg
[4.764s] -- Up-to-date symlink: /home/alyssa/homework2-alyssa225/src/install/turtle_brick_interfaces/share/ament_index/resource_index/package_run_dependencies/turtle_brick_interfaces
[4.765s] -- Up-to-date symlink: /home/alyssa/homework2-alyssa225/src/install/turtle_brick_interfaces/share/ament_index/resource_index/parent_prefix_path/turtle_brick_interfaces
[4.765s] -- Up-to-date symlink: /home/alyssa/homework2-alyssa225/src/install/turtle_brick_interfaces/share/turtle_brick_interfaces/environment/ament_prefix_path.sh
[4.765s] -- Up-to-date symlink: /home/alyssa/homework2-alyssa225/src/install/turtle_brick_interfaces/share/turtle_brick_interfaces/environment/ament_prefix_path.dsv
[4.765s] -- Up-to-date symlink: /home/alyssa/homework2-alyssa225/src/install/turtle_brick_interfaces/share/turtle_brick_interfaces/environment/path.sh
[4.765s] -- Up-to-date symlink: /home/alyssa/homework2-alyssa225/src/install/turtle_brick_interfaces/share/turtle_brick_interfaces/environment/path.dsv
[4.766s] -- Up-to-date symlink: /home/alyssa/homework2-alyssa225/src/install/turtle_brick_interfaces/share/turtle_brick_interfaces/local_setup.bash
[4.766s] -- Up-to-date symlink: /home/alyssa/homework2-alyssa225/src/install/turtle_brick_interfaces/share/turtle_brick_interfaces/local_setup.sh
[4.766s] -- Up-to-date symlink: /home/alyssa/homework2-alyssa225/src/install/turtle_brick_interfaces/share/turtle_brick_interfaces/local_setup.zsh
[4.766s] -- Up-to-date symlink: /home/alyssa/homework2-alyssa225/src/install/turtle_brick_interfaces/share/turtle_brick_interfaces/local_setup.dsv
[4.766s] -- Symlinking: /home/alyssa/homework2-alyssa225/src/install/turtle_brick_interfaces/share/turtle_brick_interfaces/package.dsv
[4.773s] -- Up-to-date symlink: /home/alyssa/homework2-alyssa225/src/install/turtle_brick_interfaces/share/ament_index/resource_index/packages/turtle_brick_interfaces
[4.774s] -- Up-to-date symlink: /home/alyssa/homework2-alyssa225/src/install/turtle_brick_interfaces/share/turtle_brick_interfaces/cmake/rosidl_cmake-extras.cmake
[4.774s] -- Up-to-date symlink: /home/alyssa/homework2-alyssa225/src/install/turtle_brick_interfaces/share/turtle_brick_interfaces/cmake/ament_cmake_export_include_directories-extras.cmake
[4.774s] -- Up-to-date symlink: /home/alyssa/homework2-alyssa225/src/install/turtle_brick_interfaces/share/turtle_brick_interfaces/cmake/ament_cmake_export_libraries-extras.cmake
[4.774s] -- Up-to-date symlink: /home/alyssa/homework2-alyssa225/src/install/turtle_brick_interfaces/share/turtle_brick_interfaces/cmake/ament_cmake_export_targets-extras.cmake
[4.774s] -- Up-to-date symlink: /home/alyssa/homework2-alyssa225/src/install/turtle_brick_interfaces/share/turtle_brick_interfaces/cmake/rosidl_cmake_export_typesupport_targets-extras.cmake
[4.774s] -- Up-to-date symlink: /home/alyssa/homework2-alyssa225/src/install/turtle_brick_interfaces/share/turtle_brick_interfaces/cmake/ament_cmake_export_dependencies-extras.cmake
[4.775s] -- Up-to-date symlink: /home/alyssa/homework2-alyssa225/src/install/turtle_brick_interfaces/share/turtle_brick_interfaces/cmake/rosidl_cmake_export_typesupport_libraries-extras.cmake
[4.775s] -- Up-to-date symlink: /home/alyssa/homework2-alyssa225/src/install/turtle_brick_interfaces/share/turtle_brick_interfaces/cmake/turtle_brick_interfacesConfig.cmake
[4.775s] -- Up-to-date symlink: /home/alyssa/homework2-alyssa225/src/install/turtle_brick_interfaces/share/turtle_brick_interfaces/cmake/turtle_brick_interfacesConfig-version.cmake
[4.775s] -- Up-to-date symlink: /home/alyssa/homework2-alyssa225/src/install/turtle_brick_interfaces/share/turtle_brick_interfaces/package.xml
[4.775s] -- Installing: /home/alyssa/homework2-alyssa225/src/install/turtle_brick_interfaces/lib/libturtle_brick_interfaces__rosidl_generator_c.so
[4.776s] -- Set runtime path of "/home/alyssa/homework2-alyssa225/src/install/turtle_brick_interfaces/lib/libturtle_brick_interfaces__rosidl_generator_c.so" to ""
[4.776s] -- Installing: /home/alyssa/homework2-alyssa225/src/install/turtle_brick_interfaces/lib/libturtle_brick_interfaces__rosidl_typesupport_fastrtps_c.so
[4.777s] -- Set runtime path of "/home/alyssa/homework2-alyssa225/src/install/turtle_brick_interfaces/lib/libturtle_brick_interfaces__rosidl_typesupport_fastrtps_c.so" to ""
[4.777s] -- Installing: /home/alyssa/homework2-alyssa225/src/install/turtle_brick_interfaces/lib/libturtle_brick_interfaces__rosidl_typesupport_introspection_c.so
[4.777s] -- Set runtime path of "/home/alyssa/homework2-alyssa225/src/install/turtle_brick_interfaces/lib/libturtle_brick_interfaces__rosidl_typesupport_introspection_c.so" to ""
[4.777s] -- Installing: /home/alyssa/homework2-alyssa225/src/install/turtle_brick_interfaces/lib/libturtle_brick_interfaces__rosidl_typesupport_c.so
[4.778s] -- Set runtime path of "/home/alyssa/homework2-alyssa225/src/install/turtle_brick_interfaces/lib/libturtle_brick_interfaces__rosidl_typesupport_c.so" to ""
[4.778s] -- Installing: /home/alyssa/homework2-alyssa225/src/install/turtle_brick_interfaces/lib/libturtle_brick_interfaces__rosidl_typesupport_fastrtps_cpp.so
[4.778s] -- Set runtime path of "/home/alyssa/homework2-alyssa225/src/install/turtle_brick_interfaces/lib/libturtle_brick_interfaces__rosidl_typesupport_fastrtps_cpp.so" to ""
[4.779s] -- Installing: /home/alyssa/homework2-alyssa225/src/install/turtle_brick_interfaces/lib/libturtle_brick_interfaces__rosidl_typesupport_introspection_cpp.so
[4.779s] -- Set runtime path of "/home/alyssa/homework2-alyssa225/src/install/turtle_brick_interfaces/lib/libturtle_brick_interfaces__rosidl_typesupport_introspection_cpp.so" to ""
[4.779s] -- Installing: /home/alyssa/homework2-alyssa225/src/install/turtle_brick_interfaces/lib/libturtle_brick_interfaces__rosidl_typesupport_cpp.so
[4.780s] -- Set runtime path of "/home/alyssa/homework2-alyssa225/src/install/turtle_brick_interfaces/lib/libturtle_brick_interfaces__rosidl_typesupport_cpp.so" to ""
[4.810s] Listing '/home/alyssa/homework2-alyssa225/src/install/turtle_brick_interfaces/local/lib/python3.10/dist-packages/turtle_brick_interfaces'...
[4.810s] Compiling '/home/alyssa/homework2-alyssa225/src/install/turtle_brick_interfaces/local/lib/python3.10/dist-packages/turtle_brick_interfaces/__init__.py'...
[4.810s] Listing '/home/alyssa/homework2-alyssa225/src/install/turtle_brick_interfaces/local/lib/python3.10/dist-packages/turtle_brick_interfaces/msg'...
[4.810s] Compiling '/home/alyssa/homework2-alyssa225/src/install/turtle_brick_interfaces/local/lib/python3.10/dist-packages/turtle_brick_interfaces/msg/__init__.py'...
[4.810s] Compiling '/home/alyssa/homework2-alyssa225/src/install/turtle_brick_interfaces/local/lib/python3.10/dist-packages/turtle_brick_interfaces/msg/_tilt.py'...
[4.810s] Listing '/home/alyssa/homework2-alyssa225/src/install/turtle_brick_interfaces/local/lib/python3.10/dist-packages/turtle_brick_interfaces/srv'...
[4.810s] Compiling '/home/alyssa/homework2-alyssa225/src/install/turtle_brick_interfaces/local/lib/python3.10/dist-packages/turtle_brick_interfaces/srv/__init__.py'...
[4.810s] Compiling '/home/alyssa/homework2-alyssa225/src/install/turtle_brick_interfaces/local/lib/python3.10/dist-packages/turtle_brick_interfaces/srv/_place.py'...
[4.814s] -- Installing: /home/alyssa/homework2-alyssa225/src/install/turtle_brick_interfaces/lib/libturtle_brick_interfaces__rosidl_generator_py.so
[4.814s] -- Set runtime path of "/home/alyssa/homework2-alyssa225/src/install/turtle_brick_interfaces/lib/libturtle_brick_interfaces__rosidl_generator_py.so" to ""
[4.815s] -- Up-to-date: /home/alyssa/homework2-alyssa225/src/install/turtle_brick_interfaces/share/turtle_brick_interfaces/cmake/export_turtle_brick_interfaces__rosidl_generator_cExport.cmake
[4.815s] -- Up-to-date: /home/alyssa/homework2-alyssa225/src/install/turtle_brick_interfaces/share/turtle_brick_interfaces/cmake/export_turtle_brick_interfaces__rosidl_generator_cExport-noconfig.cmake
[4.815s] -- Up-to-date: /home/alyssa/homework2-alyssa225/src/install/turtle_brick_interfaces/share/turtle_brick_interfaces/cmake/export_turtle_brick_interfaces__rosidl_typesupport_fastrtps_cExport.cmake
[4.815s] -- Up-to-date: /home/alyssa/homework2-alyssa225/src/install/turtle_brick_interfaces/share/turtle_brick_interfaces/cmake/export_turtle_brick_interfaces__rosidl_typesupport_fastrtps_cExport-noconfig.cmake
[4.815s] -- Up-to-date: /home/alyssa/homework2-alyssa225/src/install/turtle_brick_interfaces/share/turtle_brick_interfaces/cmake/turtle_brick_interfaces__rosidl_typesupport_introspection_cExport.cmake
[4.815s] -- Up-to-date: /home/alyssa/homework2-alyssa225/src/install/turtle_brick_interfaces/share/turtle_brick_interfaces/cmake/turtle_brick_interfaces__rosidl_typesupport_introspection_cExport-noconfig.cmake
[4.815s] -- Up-to-date: /home/alyssa/homework2-alyssa225/src/install/turtle_brick_interfaces/share/turtle_brick_interfaces/cmake/turtle_brick_interfaces__rosidl_typesupport_cExport.cmake
[4.816s] -- Up-to-date: /home/alyssa/homework2-alyssa225/src/install/turtle_brick_interfaces/share/turtle_brick_interfaces/cmake/turtle_brick_interfaces__rosidl_typesupport_cExport-noconfig.cmake
[4.816s] -- Up-to-date: /home/alyssa/homework2-alyssa225/src/install/turtle_brick_interfaces/share/turtle_brick_interfaces/cmake/export_turtle_brick_interfaces__rosidl_generator_cppExport.cmake
[4.816s] -- Up-to-date: /home/alyssa/homework2-alyssa225/src/install/turtle_brick_interfaces/share/turtle_brick_interfaces/cmake/export_turtle_brick_interfaces__rosidl_typesupport_fastrtps_cppExport.cmake
[4.816s] -- Up-to-date: /home/alyssa/homework2-alyssa225/src/install/turtle_brick_interfaces/share/turtle_brick_interfaces/cmake/export_turtle_brick_interfaces__rosidl_typesupport_fastrtps_cppExport-noconfig.cmake
[4.816s] -- Up-to-date: /home/alyssa/homework2-alyssa225/src/install/turtle_brick_interfaces/share/turtle_brick_interfaces/cmake/turtle_brick_interfaces__rosidl_typesupport_introspection_cppExport.cmake
[4.816s] -- Up-to-date: /home/alyssa/homework2-alyssa225/src/install/turtle_brick_interfaces/share/turtle_brick_interfaces/cmake/turtle_brick_interfaces__rosidl_typesupport_introspection_cppExport-noconfig.cmake
[4.816s] -- Up-to-date: /home/alyssa/homework2-alyssa225/src/install/turtle_brick_interfaces/share/turtle_brick_interfaces/cmake/turtle_brick_interfaces__rosidl_typesupport_cppExport.cmake
[4.816s] -- Up-to-date: /home/alyssa/homework2-alyssa225/src/install/turtle_brick_interfaces/share/turtle_brick_interfaces/cmake/turtle_brick_interfaces__rosidl_typesupport_cppExport-noconfig.cmake
[4.817s] -- Up-to-date: /home/alyssa/homework2-alyssa225/src/install/turtle_brick_interfaces/share/turtle_brick_interfaces/cmake/export_turtle_brick_interfaces__rosidl_generator_pyExport.cmake
[4.817s] -- Up-to-date: /home/alyssa/homework2-alyssa225/src/install/turtle_brick_interfaces/share/turtle_brick_interfaces/cmake/export_turtle_brick_interfaces__rosidl_generator_pyExport-noconfig.cmake
[4.820s] Invoked command in '/home/alyssa/homework2-alyssa225/src/build/turtle_brick_interfaces' returned '0': CMAKE_PREFIX_PATH=${CMAKE_PREFIX_PATH}:/home/alyssa/ros2_ws/src/crazy_turtle/install/crazy_turtle:/home/alyssa/homework2-alyssa225/src/install/turtle_brick:/opt/ros/humble /usr/bin/cmake --install /home/alyssa/homework2-alyssa225/src/build/turtle_brick_interfaces
