[0.393s] Invoking command in '/home/alyssa/homework2-alyssa225/build/turtle_brick_interfaces': CMAKE_PREFIX_PATH=${CMAKE_PREFIX_PATH}:/home/alyssa/homework2-alyssa225/install/turtle_brick:/opt/ros/humble /usr/bin/cmake --build /home/alyssa/homework2-alyssa225/build/turtle_brick_interfaces -- -j8 -l8
[0.466s] [ 10%] Built target turtle_brick_interfaces__rosidl_generator_c
[0.468s] [ 12%] Built target turtle_brick_interfaces__cpp
[0.489s] [ 12%] Built target ament_cmake_python_copy_turtle_brick_interfaces
[0.514s] [ 23%] Built target turtle_brick_interfaces__rosidl_typesupport_c
[0.516s] [ 34%] Built target turtle_brick_interfaces__rosidl_typesupport_introspection_c
[0.520s] [ 44%] Built target turtle_brick_interfaces__rosidl_typesupport_fastrtps_c
[0.528s] [ 55%] Built target turtle_brick_interfaces__rosidl_typesupport_fastrtps_cpp
[0.531s] [ 65%] Built target turtle_brick_interfaces__rosidl_typesupport_cpp
[0.532s] [ 76%] Built target turtle_brick_interfaces__rosidl_typesupport_introspection_cpp
[0.556s] [ 76%] Built target turtle_brick_interfaces
[0.581s] [ 78%] Built target turtle_brick_interfaces__py
[0.612s] [ 87%] Built target turtle_brick_interfaces__rosidl_generator_py
[0.647s] [ 91%] Built target turtle_brick_interfaces__rosidl_typesupport_introspection_c__pyext
[0.649s] [ 95%] Built target turtle_brick_interfaces__rosidl_typesupport_fastrtps_c__pyext
[0.651s] [100%] Built target turtle_brick_interfaces__rosidl_typesupport_c__pyext
[0.868s] running egg_info
[0.869s] writing turtle_brick_interfaces.egg-info/PKG-INFO
[0.869s] writing dependency_links to turtle_brick_interfaces.egg-info/dependency_links.txt
[0.869s] writing top-level names to turtle_brick_interfaces.egg-info/top_level.txt
[0.872s] reading manifest file 'turtle_brick_interfaces.egg-info/SOURCES.txt'
[0.873s] writing manifest file 'turtle_brick_interfaces.egg-info/SOURCES.txt'
[0.903s] [100%] Built target ament_cmake_python_build_turtle_brick_interfaces_egg
[0.917s] Invoked command in '/home/alyssa/homework2-alyssa225/build/turtle_brick_interfaces' returned '0': CMAKE_PREFIX_PATH=${CMAKE_PREFIX_PATH}:/home/alyssa/homework2-alyssa225/install/turtle_brick:/opt/ros/humble /usr/bin/cmake --build /home/alyssa/homework2-alyssa225/build/turtle_brick_interfaces -- -j8 -l8
[1.036s] Invoking command in '/home/alyssa/homework2-alyssa225/build/turtle_brick_interfaces': CMAKE_PREFIX_PATH=${CMAKE_PREFIX_PATH}:/home/alyssa/homework2-alyssa225/install/turtle_brick:/opt/ros/humble /usr/bin/cmake --install /home/alyssa/homework2-alyssa225/build/turtle_brick_interfaces
[1.047s] -- Install configuration: ""
[1.047s] -- Up-to-date: /home/alyssa/homework2-alyssa225/install/turtle_brick_interfaces/share/ament_index/resource_index/rosidl_interfaces/turtle_brick_interfaces
[1.048s] -- Up-to-date: /home/alyssa/homework2-alyssa225/install/turtle_brick_interfaces/include/turtle_brick_interfaces/turtle_brick_interfaces
[1.048s] -- Up-to-date: /home/alyssa/homework2-alyssa225/install/turtle_brick_interfaces/include/turtle_brick_interfaces/turtle_brick_interfaces/srv
[1.048s] -- Up-to-date: /home/alyssa/homework2-alyssa225/install/turtle_brick_interfaces/include/turtle_brick_interfaces/turtle_brick_interfaces/srv/detail
[1.048s] -- Up-to-date: /home/alyssa/homework2-alyssa225/install/turtle_brick_interfaces/include/turtle_brick_interfaces/turtle_brick_interfaces/srv/detail/drop__functions.c
[1.049s] -- Up-to-date: /home/alyssa/homework2-alyssa225/install/turtle_brick_interfaces/include/turtle_brick_interfaces/turtle_brick_interfaces/srv/detail/place__struct.h
[1.049s] -- Up-to-date: /home/alyssa/homework2-alyssa225/install/turtle_brick_interfaces/include/turtle_brick_interfaces/turtle_brick_interfaces/srv/detail/drop__functions.h
[1.049s] -- Up-to-date: /home/alyssa/homework2-alyssa225/install/turtle_brick_interfaces/include/turtle_brick_interfaces/turtle_brick_interfaces/srv/detail/place__functions.h
[1.050s] -- Up-to-date: /home/alyssa/homework2-alyssa225/install/turtle_brick_interfaces/include/turtle_brick_interfaces/turtle_brick_interfaces/srv/detail/drop__struct.h
[1.050s] -- Up-to-date: /home/alyssa/homework2-alyssa225/install/turtle_brick_interfaces/include/turtle_brick_interfaces/turtle_brick_interfaces/srv/detail/place__functions.c
[1.050s] -- Up-to-date: /home/alyssa/homework2-alyssa225/install/turtle_brick_interfaces/include/turtle_brick_interfaces/turtle_brick_interfaces/srv/detail/place__type_support.h
[1.051s] -- Up-to-date: /home/alyssa/homework2-alyssa225/install/turtle_brick_interfaces/include/turtle_brick_interfaces/turtle_brick_interfaces/srv/detail/drop__type_support.h
[1.051s] -- Up-to-date: /home/alyssa/homework2-alyssa225/install/turtle_brick_interfaces/include/turtle_brick_interfaces/turtle_brick_interfaces/srv/drop.h
[1.051s] -- Up-to-date: /home/alyssa/homework2-alyssa225/install/turtle_brick_interfaces/include/turtle_brick_interfaces/turtle_brick_interfaces/srv/place.h
[1.051s] -- Up-to-date: /home/alyssa/homework2-alyssa225/install/turtle_brick_interfaces/include/turtle_brick_interfaces/turtle_brick_interfaces/msg
[1.052s] -- Up-to-date: /home/alyssa/homework2-alyssa225/install/turtle_brick_interfaces/include/turtle_brick_interfaces/turtle_brick_interfaces/msg/tilt.h
[1.052s] -- Up-to-date: /home/alyssa/homework2-alyssa225/install/turtle_brick_interfaces/include/turtle_brick_interfaces/turtle_brick_interfaces/msg/detail
[1.052s] -- Up-to-date: /home/alyssa/homework2-alyssa225/install/turtle_brick_interfaces/include/turtle_brick_interfaces/turtle_brick_interfaces/msg/detail/tilt__struct.h
[1.053s] -- Up-to-date: /home/alyssa/homework2-alyssa225/install/turtle_brick_interfaces/include/turtle_brick_interfaces/turtle_brick_interfaces/msg/detail/tilt__functions.h
[1.053s] -- Up-to-date: /home/alyssa/homework2-alyssa225/install/turtle_brick_interfaces/include/turtle_brick_interfaces/turtle_brick_interfaces/msg/detail/tilt__functions.c
[1.054s] -- Up-to-date: /home/alyssa/homework2-alyssa225/install/turtle_brick_interfaces/include/turtle_brick_interfaces/turtle_brick_interfaces/msg/detail/tilt__type_support.h
[1.054s] -- Up-to-date: /home/alyssa/homework2-alyssa225/install/turtle_brick_interfaces/include/turtle_brick_interfaces/turtle_brick_interfaces/msg/rosidl_generator_c__visibility_control.h
[1.054s] -- Up-to-date: /home/alyssa/homework2-alyssa225/install/turtle_brick_interfaces/share/turtle_brick_interfaces/environment/library_path.sh
[1.054s] -- Up-to-date: /home/alyssa/homework2-alyssa225/install/turtle_brick_interfaces/share/turtle_brick_interfaces/environment/library_path.dsv
[1.054s] -- Up-to-date: /home/alyssa/homework2-alyssa225/install/turtle_brick_interfaces/lib/libturtle_brick_interfaces__rosidl_generator_c.so
[1.055s] -- Up-to-date: /home/alyssa/homework2-alyssa225/install/turtle_brick_interfaces/include/turtle_brick_interfaces/turtle_brick_interfaces
[1.055s] -- Up-to-date: /home/alyssa/homework2-alyssa225/install/turtle_brick_interfaces/include/turtle_brick_interfaces/turtle_brick_interfaces/srv
[1.055s] -- Up-to-date: /home/alyssa/homework2-alyssa225/install/turtle_brick_interfaces/include/turtle_brick_interfaces/turtle_brick_interfaces/srv/detail
[1.055s] -- Up-to-date: /home/alyssa/homework2-alyssa225/install/turtle_brick_interfaces/include/turtle_brick_interfaces/turtle_brick_interfaces/srv/detail/drop__rosidl_typesupport_fastrtps_c.h
[1.055s] -- Up-to-date: /home/alyssa/homework2-alyssa225/install/turtle_brick_interfaces/include/turtle_brick_interfaces/turtle_brick_interfaces/srv/detail/place__rosidl_typesupport_fastrtps_c.h
[1.056s] -- Up-to-date: /home/alyssa/homework2-alyssa225/install/turtle_brick_interfaces/include/turtle_brick_interfaces/turtle_brick_interfaces/msg
[1.056s] -- Up-to-date: /home/alyssa/homework2-alyssa225/install/turtle_brick_interfaces/include/turtle_brick_interfaces/turtle_brick_interfaces/msg/rosidl_typesupport_fastrtps_c__visibility_control.h
[1.056s] -- Up-to-date: /home/alyssa/homework2-alyssa225/install/turtle_brick_interfaces/include/turtle_brick_interfaces/turtle_brick_interfaces/msg/detail
[1.056s] -- Up-to-date: /home/alyssa/homework2-alyssa225/install/turtle_brick_interfaces/include/turtle_brick_interfaces/turtle_brick_interfaces/msg/detail/tilt__rosidl_typesupport_fastrtps_c.h
[1.056s] -- Up-to-date: /home/alyssa/homework2-alyssa225/install/turtle_brick_interfaces/lib/libturtle_brick_interfaces__rosidl_typesupport_fastrtps_c.so
[1.057s] -- Up-to-date: /home/alyssa/homework2-alyssa225/install/turtle_brick_interfaces/include/turtle_brick_interfaces/turtle_brick_interfaces
[1.057s] -- Up-to-date: /home/alyssa/homework2-alyssa225/install/turtle_brick_interfaces/include/turtle_brick_interfaces/turtle_brick_interfaces/srv
[1.057s] -- Up-to-date: /home/alyssa/homework2-alyssa225/install/turtle_brick_interfaces/include/turtle_brick_interfaces/turtle_brick_interfaces/srv/detail
[1.057s] -- Up-to-date: /home/alyssa/homework2-alyssa225/install/turtle_brick_interfaces/include/turtle_brick_interfaces/turtle_brick_interfaces/srv/detail/drop__rosidl_typesupport_introspection_c.h
[1.057s] -- Up-to-date: /home/alyssa/homework2-alyssa225/install/turtle_brick_interfaces/include/turtle_brick_interfaces/turtle_brick_interfaces/srv/detail/place__rosidl_typesupport_introspection_c.h
[1.058s] -- Up-to-date: /home/alyssa/homework2-alyssa225/install/turtle_brick_interfaces/include/turtle_brick_interfaces/turtle_brick_interfaces/srv/detail/place__type_support.c
[1.058s] -- Up-to-date: /home/alyssa/homework2-alyssa225/install/turtle_brick_interfaces/include/turtle_brick_interfaces/turtle_brick_interfaces/srv/detail/drop__type_support.c
[1.058s] -- Up-to-date: /home/alyssa/homework2-alyssa225/install/turtle_brick_interfaces/include/turtle_brick_interfaces/turtle_brick_interfaces/msg
[1.059s] -- Up-to-date: /home/alyssa/homework2-alyssa225/install/turtle_brick_interfaces/include/turtle_brick_interfaces/turtle_brick_interfaces/msg/detail
[1.059s] -- Up-to-date: /home/alyssa/homework2-alyssa225/install/turtle_brick_interfaces/include/turtle_brick_interfaces/turtle_brick_interfaces/msg/detail/tilt__type_support.c
[1.059s] -- Up-to-date: /home/alyssa/homework2-alyssa225/install/turtle_brick_interfaces/include/turtle_brick_interfaces/turtle_brick_interfaces/msg/detail/tilt__rosidl_typesupport_introspection_c.h
[1.059s] -- Up-to-date: /home/alyssa/homework2-alyssa225/install/turtle_brick_interfaces/include/turtle_brick_interfaces/turtle_brick_interfaces/msg/rosidl_typesupport_introspection_c__visibility_control.h
[1.059s] -- Up-to-date: /home/alyssa/homework2-alyssa225/install/turtle_brick_interfaces/lib/libturtle_brick_interfaces__rosidl_typesupport_introspection_c.so
[1.060s] -- Up-to-date: /home/alyssa/homework2-alyssa225/install/turtle_brick_interfaces/lib/libturtle_brick_interfaces__rosidl_typesupport_c.so
[1.060s] -- Up-to-date: /home/alyssa/homework2-alyssa225/install/turtle_brick_interfaces/include/turtle_brick_interfaces/turtle_brick_interfaces
[1.060s] -- Up-to-date: /home/alyssa/homework2-alyssa225/install/turtle_brick_interfaces/include/turtle_brick_interfaces/turtle_brick_interfaces/srv
[1.060s] -- Up-to-date: /home/alyssa/homework2-alyssa225/install/turtle_brick_interfaces/include/turtle_brick_interfaces/turtle_brick_interfaces/srv/place.hpp
[1.060s] -- Up-to-date: /home/alyssa/homework2-alyssa225/install/turtle_brick_interfaces/include/turtle_brick_interfaces/turtle_brick_interfaces/srv/detail
[1.060s] -- Up-to-date: /home/alyssa/homework2-alyssa225/install/turtle_brick_interfaces/include/turtle_brick_interfaces/turtle_brick_interfaces/srv/detail/drop__struct.hpp
[1.061s] -- Up-to-date: /home/alyssa/homework2-alyssa225/install/turtle_brick_interfaces/include/turtle_brick_interfaces/turtle_brick_interfaces/srv/detail/place__traits.hpp
[1.061s] -- Up-to-date: /home/alyssa/homework2-alyssa225/install/turtle_brick_interfaces/include/turtle_brick_interfaces/turtle_brick_interfaces/srv/detail/place__struct.hpp
[1.061s] -- Up-to-date: /home/alyssa/homework2-alyssa225/install/turtle_brick_interfaces/include/turtle_brick_interfaces/turtle_brick_interfaces/srv/detail/drop__traits.hpp
[1.061s] -- Up-to-date: /home/alyssa/homework2-alyssa225/install/turtle_brick_interfaces/include/turtle_brick_interfaces/turtle_brick_interfaces/srv/detail/place__builder.hpp
[1.061s] -- Up-to-date: /home/alyssa/homework2-alyssa225/install/turtle_brick_interfaces/include/turtle_brick_interfaces/turtle_brick_interfaces/srv/detail/drop__builder.hpp
[1.061s] -- Up-to-date: /home/alyssa/homework2-alyssa225/install/turtle_brick_interfaces/include/turtle_brick_interfaces/turtle_brick_interfaces/srv/drop.hpp
[1.061s] -- Up-to-date: /home/alyssa/homework2-alyssa225/install/turtle_brick_interfaces/include/turtle_brick_interfaces/turtle_brick_interfaces/msg
[1.062s] -- Up-to-date: /home/alyssa/homework2-alyssa225/install/turtle_brick_interfaces/include/turtle_brick_interfaces/turtle_brick_interfaces/msg/detail
[1.062s] -- Up-to-date: /home/alyssa/homework2-alyssa225/install/turtle_brick_interfaces/include/turtle_brick_interfaces/turtle_brick_interfaces/msg/detail/tilt__traits.hpp
[1.062s] -- Up-to-date: /home/alyssa/homework2-alyssa225/install/turtle_brick_interfaces/include/turtle_brick_interfaces/turtle_brick_interfaces/msg/detail/tilt__builder.hpp
[1.062s] -- Up-to-date: /home/alyssa/homework2-alyssa225/install/turtle_brick_interfaces/include/turtle_brick_interfaces/turtle_brick_interfaces/msg/detail/tilt__struct.hpp
[1.062s] -- Up-to-date: /home/alyssa/homework2-alyssa225/install/turtle_brick_interfaces/include/turtle_brick_interfaces/turtle_brick_interfaces/msg/tilt.hpp
[1.062s] -- Up-to-date: /home/alyssa/homework2-alyssa225/install/turtle_brick_interfaces/include/turtle_brick_interfaces/turtle_brick_interfaces
[1.063s] -- Up-to-date: /home/alyssa/homework2-alyssa225/install/turtle_brick_interfaces/include/turtle_brick_interfaces/turtle_brick_interfaces/srv
[1.063s] -- Up-to-date: /home/alyssa/homework2-alyssa225/install/turtle_brick_interfaces/include/turtle_brick_interfaces/turtle_brick_interfaces/srv/detail
[1.063s] -- Up-to-date: /home/alyssa/homework2-alyssa225/install/turtle_brick_interfaces/include/turtle_brick_interfaces/turtle_brick_interfaces/srv/detail/dds_fastrtps
[1.063s] -- Up-to-date: /home/alyssa/homework2-alyssa225/install/turtle_brick_interfaces/include/turtle_brick_interfaces/turtle_brick_interfaces/srv/detail/drop__rosidl_typesupport_fastrtps_cpp.hpp
[1.064s] -- Up-to-date: /home/alyssa/homework2-alyssa225/install/turtle_brick_interfaces/include/turtle_brick_interfaces/turtle_brick_interfaces/srv/detail/place__rosidl_typesupport_fastrtps_cpp.hpp
[1.064s] -- Up-to-date: /home/alyssa/homework2-alyssa225/install/turtle_brick_interfaces/include/turtle_brick_interfaces/turtle_brick_interfaces/msg
[1.064s] -- Up-to-date: /home/alyssa/homework2-alyssa225/install/turtle_brick_interfaces/include/turtle_brick_interfaces/turtle_brick_interfaces/msg/detail
[1.064s] -- Up-to-date: /home/alyssa/homework2-alyssa225/install/turtle_brick_interfaces/include/turtle_brick_interfaces/turtle_brick_interfaces/msg/detail/dds_fastrtps
[1.064s] -- Up-to-date: /home/alyssa/homework2-alyssa225/install/turtle_brick_interfaces/include/turtle_brick_interfaces/turtle_brick_interfaces/msg/detail/tilt__rosidl_typesupport_fastrtps_cpp.hpp
[1.064s] -- Up-to-date: /home/alyssa/homework2-alyssa225/install/turtle_brick_interfaces/include/turtle_brick_interfaces/turtle_brick_interfaces/msg/rosidl_typesupport_fastrtps_cpp__visibility_control.h
[1.065s] -- Up-to-date: /home/alyssa/homework2-alyssa225/install/turtle_brick_interfaces/lib/libturtle_brick_interfaces__rosidl_typesupport_fastrtps_cpp.so
[1.065s] -- Up-to-date: /home/alyssa/homework2-alyssa225/install/turtle_brick_interfaces/include/turtle_brick_interfaces/turtle_brick_interfaces
[1.065s] -- Up-to-date: /home/alyssa/homework2-alyssa225/install/turtle_brick_interfaces/include/turtle_brick_interfaces/turtle_brick_interfaces/srv
[1.065s] -- Up-to-date: /home/alyssa/homework2-alyssa225/install/turtle_brick_interfaces/include/turtle_brick_interfaces/turtle_brick_interfaces/srv/detail
[1.065s] -- Up-to-date: /home/alyssa/homework2-alyssa225/install/turtle_brick_interfaces/include/turtle_brick_interfaces/turtle_brick_interfaces/srv/detail/drop__rosidl_typesupport_introspection_cpp.hpp
[1.065s] -- Up-to-date: /home/alyssa/homework2-alyssa225/install/turtle_brick_interfaces/include/turtle_brick_interfaces/turtle_brick_interfaces/srv/detail/drop__type_support.cpp
[1.066s] -- Up-to-date: /home/alyssa/homework2-alyssa225/install/turtle_brick_interfaces/include/turtle_brick_interfaces/turtle_brick_interfaces/srv/detail/place__type_support.cpp
[1.066s] -- Up-to-date: /home/alyssa/homework2-alyssa225/install/turtle_brick_interfaces/include/turtle_brick_interfaces/turtle_brick_interfaces/srv/detail/place__rosidl_typesupport_introspection_cpp.hpp
[1.066s] -- Up-to-date: /home/alyssa/homework2-alyssa225/install/turtle_brick_interfaces/include/turtle_brick_interfaces/turtle_brick_interfaces/msg
[1.066s] -- Up-to-date: /home/alyssa/homework2-alyssa225/install/turtle_brick_interfaces/include/turtle_brick_interfaces/turtle_brick_interfaces/msg/detail
[1.066s] -- Up-to-date: /home/alyssa/homework2-alyssa225/install/turtle_brick_interfaces/include/turtle_brick_interfaces/turtle_brick_interfaces/msg/detail/tilt__type_support.cpp
[1.066s] -- Up-to-date: /home/alyssa/homework2-alyssa225/install/turtle_brick_interfaces/include/turtle_brick_interfaces/turtle_brick_interfaces/msg/detail/tilt__rosidl_typesupport_introspection_cpp.hpp
[1.067s] -- Up-to-date: /home/alyssa/homework2-alyssa225/install/turtle_brick_interfaces/lib/libturtle_brick_interfaces__rosidl_typesupport_introspection_cpp.so
[1.067s] -- Up-to-date: /home/alyssa/homework2-alyssa225/install/turtle_brick_interfaces/lib/libturtle_brick_interfaces__rosidl_typesupport_cpp.so
[1.067s] -- Up-to-date: /home/alyssa/homework2-alyssa225/install/turtle_brick_interfaces/share/turtle_brick_interfaces/environment/pythonpath.sh
[1.067s] -- Up-to-date: /home/alyssa/homework2-alyssa225/install/turtle_brick_interfaces/share/turtle_brick_interfaces/environment/pythonpath.dsv
[1.067s] -- Up-to-date: /home/alyssa/homework2-alyssa225/install/turtle_brick_interfaces/local/lib/python3.10/dist-packages/turtle_brick_interfaces-0.0.0-py3.10.egg-info
[1.067s] -- Installing: /home/alyssa/homework2-alyssa225/install/turtle_brick_interfaces/local/lib/python3.10/dist-packages/turtle_brick_interfaces-0.0.0-py3.10.egg-info/top_level.txt
[1.068s] -- Installing: /home/alyssa/homework2-alyssa225/install/turtle_brick_interfaces/local/lib/python3.10/dist-packages/turtle_brick_interfaces-0.0.0-py3.10.egg-info/dependency_links.txt
[1.068s] -- Installing: /home/alyssa/homework2-alyssa225/install/turtle_brick_interfaces/local/lib/python3.10/dist-packages/turtle_brick_interfaces-0.0.0-py3.10.egg-info/SOURCES.txt
[1.068s] -- Installing: /home/alyssa/homework2-alyssa225/install/turtle_brick_interfaces/local/lib/python3.10/dist-packages/turtle_brick_interfaces-0.0.0-py3.10.egg-info/PKG-INFO
[1.068s] -- Up-to-date: /home/alyssa/homework2-alyssa225/install/turtle_brick_interfaces/local/lib/python3.10/dist-packages/turtle_brick_interfaces
[1.068s] -- Up-to-date: /home/alyssa/homework2-alyssa225/install/turtle_brick_interfaces/local/lib/python3.10/dist-packages/turtle_brick_interfaces/turtle_brick_interfaces_s__rosidl_typesupport_introspection_c.cpython-310-x86_64-linux-gnu.so
[1.068s] -- Up-to-date: /home/alyssa/homework2-alyssa225/install/turtle_brick_interfaces/local/lib/python3.10/dist-packages/turtle_brick_interfaces/srv
[1.069s] -- Up-to-date: /home/alyssa/homework2-alyssa225/install/turtle_brick_interfaces/local/lib/python3.10/dist-packages/turtle_brick_interfaces/srv/_drop.py
[1.069s] -- Up-to-date: /home/alyssa/homework2-alyssa225/install/turtle_brick_interfaces/local/lib/python3.10/dist-packages/turtle_brick_interfaces/srv/_drop_s.c
[1.069s] -- Up-to-date: /home/alyssa/homework2-alyssa225/install/turtle_brick_interfaces/local/lib/python3.10/dist-packages/turtle_brick_interfaces/srv/__init__.py
[1.069s] -- Up-to-date: /home/alyssa/homework2-alyssa225/install/turtle_brick_interfaces/local/lib/python3.10/dist-packages/turtle_brick_interfaces/srv/_place_s.c
[1.069s] -- Up-to-date: /home/alyssa/homework2-alyssa225/install/turtle_brick_interfaces/local/lib/python3.10/dist-packages/turtle_brick_interfaces/srv/_place.py
[1.069s] -- Up-to-date: /home/alyssa/homework2-alyssa225/install/turtle_brick_interfaces/local/lib/python3.10/dist-packages/turtle_brick_interfaces/msg
[1.070s] -- Up-to-date: /home/alyssa/homework2-alyssa225/install/turtle_brick_interfaces/local/lib/python3.10/dist-packages/turtle_brick_interfaces/msg/_tilt.py
[1.070s] -- Up-to-date: /home/alyssa/homework2-alyssa225/install/turtle_brick_interfaces/local/lib/python3.10/dist-packages/turtle_brick_interfaces/msg/_tilt_s.c
[1.070s] -- Up-to-date: /home/alyssa/homework2-alyssa225/install/turtle_brick_interfaces/local/lib/python3.10/dist-packages/turtle_brick_interfaces/msg/__init__.py
[1.070s] -- Up-to-date: /home/alyssa/homework2-alyssa225/install/turtle_brick_interfaces/local/lib/python3.10/dist-packages/turtle_brick_interfaces/_turtle_brick_interfaces_s.ep.rosidl_typesupport_introspection_c.c
[1.070s] -- Up-to-date: /home/alyssa/homework2-alyssa225/install/turtle_brick_interfaces/local/lib/python3.10/dist-packages/turtle_brick_interfaces/turtle_brick_interfaces_s__rosidl_typesupport_fastrtps_c.cpython-310-x86_64-linux-gnu.so
[1.070s] -- Up-to-date: /home/alyssa/homework2-alyssa225/install/turtle_brick_interfaces/local/lib/python3.10/dist-packages/turtle_brick_interfaces/_turtle_brick_interfaces_s.ep.rosidl_typesupport_fastrtps_c.c
[1.071s] -- Up-to-date: /home/alyssa/homework2-alyssa225/install/turtle_brick_interfaces/local/lib/python3.10/dist-packages/turtle_brick_interfaces/_turtle_brick_interfaces_s.ep.rosidl_typesupport_c.c
[1.071s] -- Up-to-date: /home/alyssa/homework2-alyssa225/install/turtle_brick_interfaces/local/lib/python3.10/dist-packages/turtle_brick_interfaces/__init__.py
[1.071s] -- Up-to-date: /home/alyssa/homework2-alyssa225/install/turtle_brick_interfaces/local/lib/python3.10/dist-packages/turtle_brick_interfaces/turtle_brick_interfaces_s__rosidl_typesupport_c.cpython-310-x86_64-linux-gnu.so
[1.071s] -- Up-to-date: /home/alyssa/homework2-alyssa225/install/turtle_brick_interfaces/local/lib/python3.10/dist-packages/turtle_brick_interfaces/libturtle_brick_interfaces__rosidl_generator_py.so
[1.104s] Listing '/home/alyssa/homework2-alyssa225/install/turtle_brick_interfaces/local/lib/python3.10/dist-packages/turtle_brick_interfaces'...
[1.104s] Listing '/home/alyssa/homework2-alyssa225/install/turtle_brick_interfaces/local/lib/python3.10/dist-packages/turtle_brick_interfaces/msg'...
[1.104s] Listing '/home/alyssa/homework2-alyssa225/install/turtle_brick_interfaces/local/lib/python3.10/dist-packages/turtle_brick_interfaces/srv'...
[1.111s] -- Up-to-date: /home/alyssa/homework2-alyssa225/install/turtle_brick_interfaces/local/lib/python3.10/dist-packages/turtle_brick_interfaces/turtle_brick_interfaces_s__rosidl_typesupport_fastrtps_c.cpython-310-x86_64-linux-gnu.so
[1.112s] -- Up-to-date: /home/alyssa/homework2-alyssa225/install/turtle_brick_interfaces/local/lib/python3.10/dist-packages/turtle_brick_interfaces/turtle_brick_interfaces_s__rosidl_typesupport_introspection_c.cpython-310-x86_64-linux-gnu.so
[1.112s] -- Up-to-date: /home/alyssa/homework2-alyssa225/install/turtle_brick_interfaces/local/lib/python3.10/dist-packages/turtle_brick_interfaces/turtle_brick_interfaces_s__rosidl_typesupport_c.cpython-310-x86_64-linux-gnu.so
[1.112s] -- Up-to-date: /home/alyssa/homework2-alyssa225/install/turtle_brick_interfaces/lib/libturtle_brick_interfaces__rosidl_generator_py.so
[1.113s] -- Up-to-date: /home/alyssa/homework2-alyssa225/install/turtle_brick_interfaces/share/turtle_brick_interfaces/msg/Tilt.idl
[1.113s] -- Up-to-date: /home/alyssa/homework2-alyssa225/install/turtle_brick_interfaces/share/turtle_brick_interfaces/srv/Place.idl
[1.113s] -- Up-to-date: /home/alyssa/homework2-alyssa225/install/turtle_brick_interfaces/share/turtle_brick_interfaces/srv/Drop.idl
[1.113s] -- Up-to-date: /home/alyssa/homework2-alyssa225/install/turtle_brick_interfaces/share/turtle_brick_interfaces/msg/Tilt.msg
[1.114s] -- Up-to-date: /home/alyssa/homework2-alyssa225/install/turtle_brick_interfaces/share/turtle_brick_interfaces/srv/Place.srv
[1.114s] -- Up-to-date: /home/alyssa/homework2-alyssa225/install/turtle_brick_interfaces/share/turtle_brick_interfaces/srv/Place_Request.msg
[1.114s] -- Up-to-date: /home/alyssa/homework2-alyssa225/install/turtle_brick_interfaces/share/turtle_brick_interfaces/srv/Place_Response.msg
[1.114s] -- Up-to-date: /home/alyssa/homework2-alyssa225/install/turtle_brick_interfaces/share/turtle_brick_interfaces/srv/Drop.srv
[1.115s] -- Up-to-date: /home/alyssa/homework2-alyssa225/install/turtle_brick_interfaces/share/turtle_brick_interfaces/srv/Drop_Request.msg
[1.115s] -- Up-to-date: /home/alyssa/homework2-alyssa225/install/turtle_brick_interfaces/share/turtle_brick_interfaces/srv/Drop_Response.msg
[1.115s] -- Up-to-date: /home/alyssa/homework2-alyssa225/install/turtle_brick_interfaces/share/ament_index/resource_index/package_run_dependencies/turtle_brick_interfaces
[1.115s] -- Up-to-date: /home/alyssa/homework2-alyssa225/install/turtle_brick_interfaces/share/ament_index/resource_index/parent_prefix_path/turtle_brick_interfaces
[1.115s] -- Up-to-date: /home/alyssa/homework2-alyssa225/install/turtle_brick_interfaces/share/turtle_brick_interfaces/environment/ament_prefix_path.sh
[1.115s] -- Up-to-date: /home/alyssa/homework2-alyssa225/install/turtle_brick_interfaces/share/turtle_brick_interfaces/environment/ament_prefix_path.dsv
[1.116s] -- Up-to-date: /home/alyssa/homework2-alyssa225/install/turtle_brick_interfaces/share/turtle_brick_interfaces/environment/path.sh
[1.116s] -- Up-to-date: /home/alyssa/homework2-alyssa225/install/turtle_brick_interfaces/share/turtle_brick_interfaces/environment/path.dsv
[1.116s] -- Up-to-date: /home/alyssa/homework2-alyssa225/install/turtle_brick_interfaces/share/turtle_brick_interfaces/local_setup.bash
[1.116s] -- Up-to-date: /home/alyssa/homework2-alyssa225/install/turtle_brick_interfaces/share/turtle_brick_interfaces/local_setup.sh
[1.116s] -- Up-to-date: /home/alyssa/homework2-alyssa225/install/turtle_brick_interfaces/share/turtle_brick_interfaces/local_setup.zsh
[1.116s] -- Up-to-date: /home/alyssa/homework2-alyssa225/install/turtle_brick_interfaces/share/turtle_brick_interfaces/local_setup.dsv
[1.117s] -- Installing: /home/alyssa/homework2-alyssa225/install/turtle_brick_interfaces/share/turtle_brick_interfaces/package.dsv
[1.117s] -- Up-to-date: /home/alyssa/homework2-alyssa225/install/turtle_brick_interfaces/share/ament_index/resource_index/packages/turtle_brick_interfaces
[1.117s] -- Up-to-date: /home/alyssa/homework2-alyssa225/install/turtle_brick_interfaces/share/turtle_brick_interfaces/cmake/export_turtle_brick_interfaces__rosidl_generator_cExport.cmake
[1.117s] -- Up-to-date: /home/alyssa/homework2-alyssa225/install/turtle_brick_interfaces/share/turtle_brick_interfaces/cmake/export_turtle_brick_interfaces__rosidl_generator_cExport-noconfig.cmake
[1.118s] -- Up-to-date: /home/alyssa/homework2-alyssa225/install/turtle_brick_interfaces/share/turtle_brick_interfaces/cmake/export_turtle_brick_interfaces__rosidl_typesupport_fastrtps_cExport.cmake
[1.118s] -- Up-to-date: /home/alyssa/homework2-alyssa225/install/turtle_brick_interfaces/share/turtle_brick_interfaces/cmake/export_turtle_brick_interfaces__rosidl_typesupport_fastrtps_cExport-noconfig.cmake
[1.118s] -- Up-to-date: /home/alyssa/homework2-alyssa225/install/turtle_brick_interfaces/share/turtle_brick_interfaces/cmake/turtle_brick_interfaces__rosidl_typesupport_introspection_cExport.cmake
[1.118s] -- Up-to-date: /home/alyssa/homework2-alyssa225/install/turtle_brick_interfaces/share/turtle_brick_interfaces/cmake/turtle_brick_interfaces__rosidl_typesupport_introspection_cExport-noconfig.cmake
[1.118s] -- Up-to-date: /home/alyssa/homework2-alyssa225/install/turtle_brick_interfaces/share/turtle_brick_interfaces/cmake/turtle_brick_interfaces__rosidl_typesupport_cExport.cmake
[1.119s] -- Up-to-date: /home/alyssa/homework2-alyssa225/install/turtle_brick_interfaces/share/turtle_brick_interfaces/cmake/turtle_brick_interfaces__rosidl_typesupport_cExport-noconfig.cmake
[1.119s] -- Up-to-date: /home/alyssa/homework2-alyssa225/install/turtle_brick_interfaces/share/turtle_brick_interfaces/cmake/export_turtle_brick_interfaces__rosidl_generator_cppExport.cmake
[1.119s] -- Up-to-date: /home/alyssa/homework2-alyssa225/install/turtle_brick_interfaces/share/turtle_brick_interfaces/cmake/export_turtle_brick_interfaces__rosidl_typesupport_fastrtps_cppExport.cmake
[1.119s] -- Up-to-date: /home/alyssa/homework2-alyssa225/install/turtle_brick_interfaces/share/turtle_brick_interfaces/cmake/export_turtle_brick_interfaces__rosidl_typesupport_fastrtps_cppExport-noconfig.cmake
[1.119s] -- Up-to-date: /home/alyssa/homework2-alyssa225/install/turtle_brick_interfaces/share/turtle_brick_interfaces/cmake/turtle_brick_interfaces__rosidl_typesupport_introspection_cppExport.cmake
[1.120s] -- Up-to-date: /home/alyssa/homework2-alyssa225/install/turtle_brick_interfaces/share/turtle_brick_interfaces/cmake/turtle_brick_interfaces__rosidl_typesupport_introspection_cppExport-noconfig.cmake
[1.120s] -- Up-to-date: /home/alyssa/homework2-alyssa225/install/turtle_brick_interfaces/share/turtle_brick_interfaces/cmake/turtle_brick_interfaces__rosidl_typesupport_cppExport.cmake
[1.120s] -- Up-to-date: /home/alyssa/homework2-alyssa225/install/turtle_brick_interfaces/share/turtle_brick_interfaces/cmake/turtle_brick_interfaces__rosidl_typesupport_cppExport-noconfig.cmake
[1.120s] -- Up-to-date: /home/alyssa/homework2-alyssa225/install/turtle_brick_interfaces/share/turtle_brick_interfaces/cmake/export_turtle_brick_interfaces__rosidl_generator_pyExport.cmake
[1.120s] -- Up-to-date: /home/alyssa/homework2-alyssa225/install/turtle_brick_interfaces/share/turtle_brick_interfaces/cmake/export_turtle_brick_interfaces__rosidl_generator_pyExport-noconfig.cmake
[1.120s] -- Up-to-date: /home/alyssa/homework2-alyssa225/install/turtle_brick_interfaces/share/turtle_brick_interfaces/cmake/rosidl_cmake-extras.cmake
[1.121s] -- Up-to-date: /home/alyssa/homework2-alyssa225/install/turtle_brick_interfaces/share/turtle_brick_interfaces/cmake/ament_cmake_export_include_directories-extras.cmake
[1.121s] -- Up-to-date: /home/alyssa/homework2-alyssa225/install/turtle_brick_interfaces/share/turtle_brick_interfaces/cmake/ament_cmake_export_libraries-extras.cmake
[1.121s] -- Up-to-date: /home/alyssa/homework2-alyssa225/install/turtle_brick_interfaces/share/turtle_brick_interfaces/cmake/ament_cmake_export_targets-extras.cmake
[1.121s] -- Up-to-date: /home/alyssa/homework2-alyssa225/install/turtle_brick_interfaces/share/turtle_brick_interfaces/cmake/rosidl_cmake_export_typesupport_targets-extras.cmake
[1.121s] -- Up-to-date: /home/alyssa/homework2-alyssa225/install/turtle_brick_interfaces/share/turtle_brick_interfaces/cmake/ament_cmake_export_dependencies-extras.cmake
[1.122s] -- Up-to-date: /home/alyssa/homework2-alyssa225/install/turtle_brick_interfaces/share/turtle_brick_interfaces/cmake/rosidl_cmake_export_typesupport_libraries-extras.cmake
[1.122s] -- Up-to-date: /home/alyssa/homework2-alyssa225/install/turtle_brick_interfaces/share/turtle_brick_interfaces/cmake/turtle_brick_interfacesConfig.cmake
[1.122s] -- Up-to-date: /home/alyssa/homework2-alyssa225/install/turtle_brick_interfaces/share/turtle_brick_interfaces/cmake/turtle_brick_interfacesConfig-version.cmake
[1.123s] -- Up-to-date: /home/alyssa/homework2-alyssa225/install/turtle_brick_interfaces/share/turtle_brick_interfaces/package.xml
[1.125s] Invoked command in '/home/alyssa/homework2-alyssa225/build/turtle_brick_interfaces' returned '0': CMAKE_PREFIX_PATH=${CMAKE_PREFIX_PATH}:/home/alyssa/homework2-alyssa225/install/turtle_brick:/opt/ros/humble /usr/bin/cmake --install /home/alyssa/homework2-alyssa225/build/turtle_brick_interfaces
