[0.512s] Invoking command in '/home/alyssa/homework2-alyssa225/src/turtle_brick': PYTHONPATH=/home/alyssa/homework2-alyssa225/install/turtle_brick/lib/python3.10/site-packages:${PYTHONPATH} /usr/bin/python3 setup.py egg_info --egg-base ../../build/turtle_brick build --build-base /home/alyssa/homework2-alyssa225/build/turtle_brick/build install --prefix /home/alyssa/homework2-alyssa225/install/turtle_brick --record /home/alyssa/homework2-alyssa225/build/turtle_brick/install.log --single-version-externally-managed
[0.704s] running egg_info
[0.705s] writing ../../build/turtle_brick/turtle_brick.egg-info/PKG-INFO
[0.705s] writing dependency_links to ../../build/turtle_brick/turtle_brick.egg-info/dependency_links.txt
[0.706s] writing entry points to ../../build/turtle_brick/turtle_brick.egg-info/entry_points.txt
[0.706s] writing requirements to ../../build/turtle_brick/turtle_brick.egg-info/requires.txt
[0.706s] writing top-level names to ../../build/turtle_brick/turtle_brick.egg-info/top_level.txt
[0.708s] reading manifest file '../../build/turtle_brick/turtle_brick.egg-info/SOURCES.txt'
[0.709s] writing manifest file '../../build/turtle_brick/turtle_brick.egg-info/SOURCES.txt'
[0.709s] running build
[0.709s] running build_py
[0.709s] running install
[0.709s] /usr/lib/python3/dist-packages/setuptools/command/install.py:34: SetuptoolsDeprecationWarning: setup.py install is deprecated. Use build and pip and other standards-based tools.
[0.709s]   warnings.warn(
[0.710s] running install_lib
[0.711s] running install_data
[0.712s] copying package.xml -> /home/alyssa/homework2-alyssa225/install/turtle_brick/share/turtle_brick
[0.712s] running install_egg_info
[0.713s] removing '/home/alyssa/homework2-alyssa225/install/turtle_brick/lib/python3.10/site-packages/turtle_brick-0.0.0-py3.10.egg-info' (and everything under it)
[0.714s] Copying ../../build/turtle_brick/turtle_brick.egg-info to /home/alyssa/homework2-alyssa225/install/turtle_brick/lib/python3.10/site-packages/turtle_brick-0.0.0-py3.10.egg-info
[0.715s] running install_scripts
[0.731s] Installing turtle_robot script to /home/alyssa/homework2-alyssa225/install/turtle_brick/lib/turtle_brick
[0.732s] writing list of installed files to '/home/alyssa/homework2-alyssa225/build/turtle_brick/install.log'
[0.754s] Invoked command in '/home/alyssa/homework2-alyssa225/src/turtle_brick' returned '0': PYTHONPATH=/home/alyssa/homework2-alyssa225/install/turtle_brick/lib/python3.10/site-packages:${PYTHONPATH} /usr/bin/python3 setup.py egg_info --egg-base ../../build/turtle_brick build --build-base /home/alyssa/homework2-alyssa225/build/turtle_brick/build install --prefix /home/alyssa/homework2-alyssa225/install/turtle_brick --record /home/alyssa/homework2-alyssa225/build/turtle_brick/install.log --single-version-externally-managed
