[0.267s] Invoking command in '/home/alyssa/homework2-alyssa225/build/turtle_brick_interfaces': CMAKE_PREFIX_PATH=${CMAKE_PREFIX_PATH}:/home/alyssa/homework2-alyssa225/install/turtle_brick:/home/alyssa/homework2-alyssa225/src/install/turtle_brick:/opt/ros/humble /usr/bin/cmake --build /home/alyssa/homework2-alyssa225/build/turtle_brick_interfaces -- -j8 -l8
[0.290s] -- Found ament_cmake: 1.3.2 (/opt/ros/humble/share/ament_cmake/cmake)
[0.434s] -- Found rosidl_default_generators: 1.2.0 (/opt/ros/humble/share/rosidl_default_generators/cmake)
[0.436s] -- Using all available rosidl_typesupport_c: rosidl_typesupport_fastrtps_c;rosidl_typesupport_introspection_c
[0.440s] -- Found rosidl_adapter: 3.1.3 (/opt/ros/humble/share/rosidl_adapter/cmake)
[0.474s] -- Using all available rosidl_typesupport_cpp: rosidl_typesupport_fastrtps_cpp;rosidl_typesupport_introspection_cpp
[0.697s] [31mCMake Error at /opt/ros/humble/share/rosidl_adapter/cmake/rosidl_adapt_interfaces.cmake:59 (message):
[0.697s]   execute_process(/usr/bin/python3.10 -m rosidl_adapter --package-name
[0.697s]   turtle_brick_interfaces --arguments-file
[0.698s]   /home/alyssa/homework2-alyssa225/build/turtle_brick_interfaces/rosidl_adapter__arguments__turtle_brick_interfaces.json
[0.698s]   --output-dir
[0.698s]   /home/alyssa/homework2-alyssa225/build/turtle_brick_interfaces/rosidl_adapter/turtle_brick_interfaces
[0.698s]   --output-file
[0.698s]   /home/alyssa/homework2-alyssa225/build/turtle_brick_interfaces/rosidl_adapter/turtle_brick_interfaces.idls)
[0.698s]   returned error code 1:
[0.698s] 
[0.699s]   Error processing 'boolean tilting' of 'turtle_brick_interfaces/Tilt':
[0.699s]   ''boolean' is an invalid message name.  It should have the pattern
[0.699s]   '^[A-Z][A-Za-z0-9]*$''
[0.699s] 
[0.699s]   Traceback (most recent call last):
[0.699s] 
[0.699s]     File "/usr/lib/python3.10/runpy.py", line 196, in _run_module_as_main
[0.699s]       return _run_code(code, main_globals, None,
[0.700s]     File "/usr/lib/python3.10/runpy.py", line 86, in _run_code
[0.700s]       exec(code, run_globals)
[0.700s]     File "/opt/ros/humble/local/lib/python3.10/dist-packages/rosidl_adapter/__main__.py", line 19, in <module>
[0.700s]       sys.exit(main())
[0.700s]     File "/opt/ros/humble/local/lib/python3.10/dist-packages/rosidl_adapter/main.py", line 53, in main
[0.700s]       abs_idl_file = convert_to_idl(
[0.700s]     File "/opt/ros/humble/local/lib/python3.10/dist-packages/rosidl_adapter/__init__.py", line 19, in convert_to_idl
[0.701s]       return convert_msg_to_idl(
[0.701s]     File "/opt/ros/humble/local/lib/python3.10/dist-packages/rosidl_adapter/msg/__init__.py", line 28, in convert_msg_to_idl
[0.701s]       msg = parse_message_string(package_name, input_file.stem, content)
[0.701s]     File "/opt/ros/humble/local/lib/python3.10/dist-packages/rosidl_adapter/parser.py", line 520, in parse_message_string
[0.701s]       Type(type_string, context_package_name=pkg_name),
[0.701s]     File "/opt/ros/humble/local/lib/python3.10/dist-packages/rosidl_adapter/parser.py", line 277, in __init__
[0.701s]       super(Type, self).__init__(
[0.701s]     File "/opt/ros/humble/local/lib/python3.10/dist-packages/rosidl_adapter/parser.py", line 205, in __init__
[0.702s]       raise InvalidResourceName(
[0.702s] 
[0.702s]   rosidl_adapter.parser.InvalidResourceName: 'boolean' is an invalid message
[0.702s]   name.  It should have the pattern '^[A-Z][A-Za-z0-9]*$'
[0.702s] 
[0.702s] Call Stack (most recent call first):
[0.702s]   /opt/ros/humble/share/rosidl_cmake/cmake/rosidl_generate_interfaces.cmake:130 (rosidl_adapt_interfaces)
[0.703s]   CMakeLists.txt:15 (rosidl_generate_interfaces)
[0.703s] 
[0.703s] [0m
[0.703s] -- Configuring incomplete, errors occurred!
[0.703s] See also "/home/alyssa/homework2-alyssa225/build/turtle_brick_interfaces/CMakeFiles/CMakeOutput.log".
[0.703s] gmake: *** [Makefile:1179: cmake_check_build_system] Error 1
[0.705s] Invoked command in '/home/alyssa/homework2-alyssa225/build/turtle_brick_interfaces' returned '2': CMAKE_PREFIX_PATH=${CMAKE_PREFIX_PATH}:/home/alyssa/homework2-alyssa225/install/turtle_brick:/home/alyssa/homework2-alyssa225/src/install/turtle_brick:/opt/ros/humble /usr/bin/cmake --build /home/alyssa/homework2-alyssa225/build/turtle_brick_interfaces -- -j8 -l8
