[0.372s] DEBUG:colcon:Command line arguments: ['/usr/bin/colcon', 'build']
[0.372s] DEBUG:colcon:Parsed command line arguments: Namespace(log_base=None, log_level=None, verb_name='build', build_base='build', install_base='install', merge_install=False, symlink_install=False, test_result_base=None, continue_on_error=False, executor='parallel', parallel_workers=8, event_handlers=None, ignore_user_meta=False, metas=['./colcon.meta'], base_paths=['.'], packages_ignore=None, packages_ignore_regex=None, paths=None, packages_up_to=None, packages_up_to_regex=None, packages_above=None, packages_above_and_dependencies=None, packages_above_depth=None, packages_select_by_dep=None, packages_skip_by_dep=None, packages_skip_up_to=None, packages_select_build_failed=False, packages_skip_build_finished=False, packages_select_test_failures=False, packages_skip_test_passed=False, packages_select=None, packages_skip=None, packages_select_regex=None, packages_skip_regex=None, packages_start=None, packages_end=None, allow_overriding=[], cmake_args=None, cmake_target=None, cmake_target_skip_unavailable=False, cmake_clean_cache=False, cmake_clean_first=False, cmake_force_configure=False, ament_cmake_args=None, catkin_cmake_args=None, catkin_skip_building_tests=False, mixin_files=None, mixin=None, verb_parser=<colcon_mixin.mixin.mixin_argument.MixinArgumentDecorator object at 0x7f920f2960b0>, verb_extension=<colcon_core.verb.build.BuildVerb object at 0x7f920fba5720>, main=<bound method BuildVerb.main of <colcon_core.verb.build.BuildVerb object at 0x7f920fba5720>>, mixin_verb=('build',))
[0.402s] Level 1:colcon.colcon_core.package_discovery:discover_packages(colcon_meta) check parameters
[0.402s] Level 1:colcon.colcon_core.package_discovery:discover_packages(recursive) check parameters
[0.402s] Level 1:colcon.colcon_core.package_discovery:discover_packages(ignore) check parameters
[0.402s] Level 1:colcon.colcon_core.package_discovery:discover_packages(path) check parameters
[0.403s] Level 1:colcon.colcon_core.package_discovery:discover_packages(colcon_meta) discover
[0.403s] Level 1:colcon.colcon_core.package_discovery:discover_packages(recursive) discover
[0.403s] INFO:colcon.colcon_core.package_discovery:Crawling recursively for packages in '/home/alyssa/homework2-alyssa225'
[0.403s] Level 1:colcon.colcon_core.package_identification:_identify(.) by extensions ['ignore', 'ignore_ament_install']
[0.403s] Level 1:colcon.colcon_core.package_identification:_identify(.) by extension 'ignore'
[0.403s] Level 1:colcon.colcon_core.package_identification:_identify(.) by extension 'ignore_ament_install'
[0.403s] Level 1:colcon.colcon_core.package_identification:_identify(.) by extensions ['colcon_pkg']
[0.403s] Level 1:colcon.colcon_core.package_identification:_identify(.) by extension 'colcon_pkg'
[0.403s] Level 1:colcon.colcon_core.package_identification:_identify(.) by extensions ['colcon_meta']
[0.403s] Level 1:colcon.colcon_core.package_identification:_identify(.) by extension 'colcon_meta'
[0.404s] Level 1:colcon.colcon_core.package_identification:_identify(.) by extensions ['ros']
[0.404s] Level 1:colcon.colcon_core.package_identification:_identify(.) by extension 'ros'
[0.415s] Level 1:colcon.colcon_core.package_identification:_identify(.) by extensions ['cmake', 'python']
[0.415s] Level 1:colcon.colcon_core.package_identification:_identify(.) by extension 'cmake'
[0.416s] Level 1:colcon.colcon_core.package_identification:_identify(.) by extension 'python'
[0.416s] Level 1:colcon.colcon_core.package_identification:_identify(.) by extensions ['python_setup_py']
[0.416s] Level 1:colcon.colcon_core.package_identification:_identify(.) by extension 'python_setup_py'
[0.416s] Level 1:colcon.colcon_core.package_identification:_identify(build) by extensions ['ignore', 'ignore_ament_install']
[0.416s] Level 1:colcon.colcon_core.package_identification:_identify(build) by extension 'ignore'
[0.416s] Level 1:colcon.colcon_core.package_identification:_identify(build) ignored
[0.416s] Level 1:colcon.colcon_core.package_identification:_identify(install) by extensions ['ignore', 'ignore_ament_install']
[0.417s] Level 1:colcon.colcon_core.package_identification:_identify(install) by extension 'ignore'
[0.417s] Level 1:colcon.colcon_core.package_identification:_identify(install) ignored
[0.417s] Level 1:colcon.colcon_core.package_identification:_identify(log) by extensions ['ignore', 'ignore_ament_install']
[0.417s] Level 1:colcon.colcon_core.package_identification:_identify(log) by extension 'ignore'
[0.417s] Level 1:colcon.colcon_core.package_identification:_identify(log) ignored
[0.417s] Level 1:colcon.colcon_core.package_identification:_identify(src) by extensions ['ignore', 'ignore_ament_install']
[0.418s] Level 1:colcon.colcon_core.package_identification:_identify(src) by extension 'ignore'
[0.418s] Level 1:colcon.colcon_core.package_identification:_identify(src) by extension 'ignore_ament_install'
[0.418s] Level 1:colcon.colcon_core.package_identification:_identify(src) by extensions ['colcon_pkg']
[0.418s] Level 1:colcon.colcon_core.package_identification:_identify(src) by extension 'colcon_pkg'
[0.418s] Level 1:colcon.colcon_core.package_identification:_identify(src) by extensions ['colcon_meta']
[0.418s] Level 1:colcon.colcon_core.package_identification:_identify(src) by extension 'colcon_meta'
[0.418s] Level 1:colcon.colcon_core.package_identification:_identify(src) by extensions ['ros']
[0.418s] Level 1:colcon.colcon_core.package_identification:_identify(src) by extension 'ros'
[0.419s] Level 1:colcon.colcon_core.package_identification:_identify(src) by extensions ['cmake', 'python']
[0.419s] Level 1:colcon.colcon_core.package_identification:_identify(src) by extension 'cmake'
[0.419s] Level 1:colcon.colcon_core.package_identification:_identify(src) by extension 'python'
[0.419s] Level 1:colcon.colcon_core.package_identification:_identify(src) by extensions ['python_setup_py']
[0.419s] Level 1:colcon.colcon_core.package_identification:_identify(src) by extension 'python_setup_py'
[0.419s] Level 1:colcon.colcon_core.package_identification:_identify(src/build) by extensions ['ignore', 'ignore_ament_install']
[0.419s] Level 1:colcon.colcon_core.package_identification:_identify(src/build) by extension 'ignore'
[0.419s] Level 1:colcon.colcon_core.package_identification:_identify(src/build) ignored
[0.419s] Level 1:colcon.colcon_core.package_identification:_identify(src/install) by extensions ['ignore', 'ignore_ament_install']
[0.419s] Level 1:colcon.colcon_core.package_identification:_identify(src/install) by extension 'ignore'
[0.419s] Level 1:colcon.colcon_core.package_identification:_identify(src/install) ignored
[0.420s] Level 1:colcon.colcon_core.package_identification:_identify(src/log) by extensions ['ignore', 'ignore_ament_install']
[0.420s] Level 1:colcon.colcon_core.package_identification:_identify(src/log) by extension 'ignore'
[0.420s] Level 1:colcon.colcon_core.package_identification:_identify(src/log) ignored
[0.420s] Level 1:colcon.colcon_core.package_identification:_identify(src/turtle_brick) by extensions ['ignore', 'ignore_ament_install']
[0.420s] Level 1:colcon.colcon_core.package_identification:_identify(src/turtle_brick) by extension 'ignore'
[0.420s] Level 1:colcon.colcon_core.package_identification:_identify(src/turtle_brick) by extension 'ignore_ament_install'
[0.420s] Level 1:colcon.colcon_core.package_identification:_identify(src/turtle_brick) by extensions ['colcon_pkg']
[0.420s] Level 1:colcon.colcon_core.package_identification:_identify(src/turtle_brick) by extension 'colcon_pkg'
[0.420s] Level 1:colcon.colcon_core.package_identification:_identify(src/turtle_brick) by extensions ['colcon_meta']
[0.420s] Level 1:colcon.colcon_core.package_identification:_identify(src/turtle_brick) by extension 'colcon_meta'
[0.420s] Level 1:colcon.colcon_core.package_identification:_identify(src/turtle_brick) by extensions ['ros']
[0.420s] Level 1:colcon.colcon_core.package_identification:_identify(src/turtle_brick) by extension 'ros'
[0.423s] DEBUG:colcon.colcon_core.package_identification:Package 'src/turtle_brick' with type 'ros.ament_python' and name 'turtle_brick'
[0.423s] Level 1:colcon.colcon_core.package_identification:_identify(src/turtle_brick_interfaces) by extensions ['ignore', 'ignore_ament_install']
[0.423s] Level 1:colcon.colcon_core.package_identification:_identify(src/turtle_brick_interfaces) by extension 'ignore'
[0.423s] Level 1:colcon.colcon_core.package_identification:_identify(src/turtle_brick_interfaces) by extension 'ignore_ament_install'
[0.424s] Level 1:colcon.colcon_core.package_identification:_identify(src/turtle_brick_interfaces) by extensions ['colcon_pkg']
[0.424s] Level 1:colcon.colcon_core.package_identification:_identify(src/turtle_brick_interfaces) by extension 'colcon_pkg'
[0.424s] Level 1:colcon.colcon_core.package_identification:_identify(src/turtle_brick_interfaces) by extensions ['colcon_meta']
[0.424s] Level 1:colcon.colcon_core.package_identification:_identify(src/turtle_brick_interfaces) by extension 'colcon_meta'
[0.424s] Level 1:colcon.colcon_core.package_identification:_identify(src/turtle_brick_interfaces) by extensions ['ros']
[0.424s] Level 1:colcon.colcon_core.package_identification:_identify(src/turtle_brick_interfaces) by extension 'ros'
[0.424s] DEBUG:colcon.colcon_core.package_identification:Package 'src/turtle_brick_interfaces' with type 'ros.ament_cmake' and name 'turtle_brick_interfaces'
[0.424s] Level 1:colcon.colcon_core.package_discovery:discover_packages(recursive) using defaults
[0.424s] Level 1:colcon.colcon_core.package_discovery:discover_packages(ignore) discover
[0.425s] Level 1:colcon.colcon_core.package_discovery:discover_packages(ignore) using defaults
[0.425s] Level 1:colcon.colcon_core.package_discovery:discover_packages(path) discover
[0.425s] Level 1:colcon.colcon_core.package_discovery:discover_packages(path) using defaults
[0.449s] Level 1:colcon.colcon_core.package_discovery:discover_packages(prefix_path) check parameters
[0.449s] Level 1:colcon.colcon_core.package_discovery:discover_packages(prefix_path) discover
[0.452s] DEBUG:colcon.colcon_installed_package_information.package_discovery:Found 4 installed packages in /home/alyssa/homework2-alyssa225/install
[0.452s] DEBUG:colcon.colcon_installed_package_information.package_discovery:Found 2 installed packages in /home/alyssa/homework2-alyssa225/src/install
[0.453s] DEBUG:colcon.colcon_installed_package_information.package_discovery:Found 2 installed packages in /home/alyssa/ros2_ws/src/crazy_turtle/install
[0.454s] DEBUG:colcon.colcon_installed_package_information.package_discovery:Found 1 installed packages in /home/alyssa/install
[0.456s] DEBUG:colcon.colcon_installed_package_information.package_discovery:Found 321 installed packages in /opt/ros/humble
[0.458s] Level 1:colcon.colcon_core.package_discovery:discover_packages(prefix_path) using defaults
[0.529s] Level 5:colcon.colcon_core.verb:set package 'turtle_brick' build argument 'cmake_args' from command line to 'None'
[0.529s] Level 5:colcon.colcon_core.verb:set package 'turtle_brick' build argument 'cmake_target' from command line to 'None'
[0.529s] Level 5:colcon.colcon_core.verb:set package 'turtle_brick' build argument 'cmake_target_skip_unavailable' from command line to 'False'
[0.529s] Level 5:colcon.colcon_core.verb:set package 'turtle_brick' build argument 'cmake_clean_cache' from command line to 'False'
[0.529s] Level 5:colcon.colcon_core.verb:set package 'turtle_brick' build argument 'cmake_clean_first' from command line to 'False'
[0.529s] Level 5:colcon.colcon_core.verb:set package 'turtle_brick' build argument 'cmake_force_configure' from command line to 'False'
[0.529s] Level 5:colcon.colcon_core.verb:set package 'turtle_brick' build argument 'ament_cmake_args' from command line to 'None'
[0.529s] Level 5:colcon.colcon_core.verb:set package 'turtle_brick' build argument 'catkin_cmake_args' from command line to 'None'
[0.529s] Level 5:colcon.colcon_core.verb:set package 'turtle_brick' build argument 'catkin_skip_building_tests' from command line to 'False'
[0.529s] DEBUG:colcon.colcon_core.verb:Building package 'turtle_brick' with the following arguments: {'ament_cmake_args': None, 'build_base': '/home/alyssa/homework2-alyssa225/build/turtle_brick', 'catkin_cmake_args': None, 'catkin_skip_building_tests': False, 'cmake_args': None, 'cmake_clean_cache': False, 'cmake_clean_first': False, 'cmake_force_configure': False, 'cmake_target': None, 'cmake_target_skip_unavailable': False, 'install_base': '/home/alyssa/homework2-alyssa225/install/turtle_brick', 'merge_install': False, 'path': '/home/alyssa/homework2-alyssa225/src/turtle_brick', 'symlink_install': False, 'test_result_base': None}
[0.530s] Level 5:colcon.colcon_core.verb:set package 'turtle_brick_interfaces' build argument 'cmake_args' from command line to 'None'
[0.530s] Level 5:colcon.colcon_core.verb:set package 'turtle_brick_interfaces' build argument 'cmake_target' from command line to 'None'
[0.530s] Level 5:colcon.colcon_core.verb:set package 'turtle_brick_interfaces' build argument 'cmake_target_skip_unavailable' from command line to 'False'
[0.530s] Level 5:colcon.colcon_core.verb:set package 'turtle_brick_interfaces' build argument 'cmake_clean_cache' from command line to 'False'
[0.530s] Level 5:colcon.colcon_core.verb:set package 'turtle_brick_interfaces' build argument 'cmake_clean_first' from command line to 'False'
[0.530s] Level 5:colcon.colcon_core.verb:set package 'turtle_brick_interfaces' build argument 'cmake_force_configure' from command line to 'False'
[0.530s] Level 5:colcon.colcon_core.verb:set package 'turtle_brick_interfaces' build argument 'ament_cmake_args' from command line to 'None'
[0.531s] Level 5:colcon.colcon_core.verb:set package 'turtle_brick_interfaces' build argument 'catkin_cmake_args' from command line to 'None'
[0.531s] Level 5:colcon.colcon_core.verb:set package 'turtle_brick_interfaces' build argument 'catkin_skip_building_tests' from command line to 'False'
[0.531s] DEBUG:colcon.colcon_core.verb:Building package 'turtle_brick_interfaces' with the following arguments: {'ament_cmake_args': None, 'build_base': '/home/alyssa/homework2-alyssa225/build/turtle_brick_interfaces', 'catkin_cmake_args': None, 'catkin_skip_building_tests': False, 'cmake_args': None, 'cmake_clean_cache': False, 'cmake_clean_first': False, 'cmake_force_configure': False, 'cmake_target': None, 'cmake_target_skip_unavailable': False, 'install_base': '/home/alyssa/homework2-alyssa225/install/turtle_brick_interfaces', 'merge_install': False, 'path': '/home/alyssa/homework2-alyssa225/src/turtle_brick_interfaces', 'symlink_install': False, 'test_result_base': None}
[0.531s] INFO:colcon.colcon_core.executor:Executing jobs using 'parallel' executor
[0.536s] DEBUG:colcon.colcon_parallel_executor.executor.parallel:run_until_complete
[0.536s] INFO:colcon.colcon_ros.task.ament_python.build:Building ROS package in '/home/alyssa/homework2-alyssa225/src/turtle_brick' with build type 'ament_python'
[0.536s] Level 1:colcon.colcon_core.shell:create_environment_hook('turtle_brick', 'ament_prefix_path')
[0.541s] INFO:colcon.colcon_core.plugin_system:Skipping extension 'colcon_core.shell.bat': Not used on non-Windows systems
[0.541s] INFO:colcon.colcon_core.shell:Creating environment hook '/home/alyssa/homework2-alyssa225/install/turtle_brick/share/turtle_brick/hook/ament_prefix_path.ps1'
[0.542s] INFO:colcon.colcon_core.shell:Creating environment descriptor '/home/alyssa/homework2-alyssa225/install/turtle_brick/share/turtle_brick/hook/ament_prefix_path.dsv'
[0.542s] INFO:colcon.colcon_core.shell:Creating environment hook '/home/alyssa/homework2-alyssa225/install/turtle_brick/share/turtle_brick/hook/ament_prefix_path.sh'
[0.544s] INFO:colcon.colcon_core.shell:Skip shell extension 'powershell' for command environment: Not usable outside of PowerShell
[0.544s] DEBUG:colcon.colcon_core.shell:Skip shell extension 'dsv' for command environment
[0.554s] INFO:colcon.colcon_ros.task.ament_cmake.build:Building ROS package in '/home/alyssa/homework2-alyssa225/src/turtle_brick_interfaces' with build type 'ament_cmake'
[0.554s] INFO:colcon.colcon_cmake.task.cmake.build:Building CMake package in '/home/alyssa/homework2-alyssa225/src/turtle_brick_interfaces'
[0.556s] INFO:colcon.colcon_core.shell:Skip shell extension 'powershell' for command environment: Not usable outside of PowerShell
[0.556s] DEBUG:colcon.colcon_core.shell:Skip shell extension 'dsv' for command environment
[0.959s] INFO:colcon.colcon_core.task.python.build:Building Python package in '/home/alyssa/homework2-alyssa225/src/turtle_brick'
[0.960s] INFO:colcon.colcon_core.shell:Skip shell extension 'powershell' for command environment: Not usable outside of PowerShell
[0.960s] DEBUG:colcon.colcon_core.shell:Skip shell extension 'dsv' for command environment
[0.973s] DEBUG:colcon.colcon_core.event_handler.log_command:Invoking command in '/home/alyssa/homework2-alyssa225/build/turtle_brick_interfaces': CMAKE_PREFIX_PATH=${CMAKE_PREFIX_PATH}:/home/alyssa/homework2-alyssa225/install/turtle_brick:/home/alyssa/ros2_ws/src/crazy_turtle/install/crazy_turtle:/home/alyssa/homework2-alyssa225/src/install/turtle_brick:/opt/ros/humble /usr/bin/cmake --build /home/alyssa/homework2-alyssa225/build/turtle_brick_interfaces -- -j8 -l8
[1.699s] DEBUG:colcon.colcon_core.event_handler.log_command:Invoking command in '/home/alyssa/homework2-alyssa225/src/turtle_brick': PYTHONPATH=/home/alyssa/homework2-alyssa225/install/turtle_brick/lib/python3.10/site-packages:${PYTHONPATH} /usr/bin/python3 setup.py egg_info --egg-base ../../build/turtle_brick build --build-base /home/alyssa/homework2-alyssa225/build/turtle_brick/build install --prefix /home/alyssa/homework2-alyssa225/install/turtle_brick --record /home/alyssa/homework2-alyssa225/build/turtle_brick/install.log --single-version-externally-managed
[1.709s] DEBUG:colcon.colcon_core.event_handler.log_command:Invoked command in '/home/alyssa/homework2-alyssa225/build/turtle_brick_interfaces' returned '0': CMAKE_PREFIX_PATH=${CMAKE_PREFIX_PATH}:/home/alyssa/homework2-alyssa225/install/turtle_brick:/home/alyssa/ros2_ws/src/crazy_turtle/install/crazy_turtle:/home/alyssa/homework2-alyssa225/src/install/turtle_brick:/opt/ros/humble /usr/bin/cmake --build /home/alyssa/homework2-alyssa225/build/turtle_brick_interfaces -- -j8 -l8
[1.888s] DEBUG:colcon.colcon_core.event_handler.log_command:Invoking command in '/home/alyssa/homework2-alyssa225/build/turtle_brick_interfaces': CMAKE_PREFIX_PATH=${CMAKE_PREFIX_PATH}:/home/alyssa/homework2-alyssa225/install/turtle_brick:/home/alyssa/ros2_ws/src/crazy_turtle/install/crazy_turtle:/home/alyssa/homework2-alyssa225/src/install/turtle_brick:/opt/ros/humble /usr/bin/cmake --install /home/alyssa/homework2-alyssa225/build/turtle_brick_interfaces
[1.994s] Level 1:colcon.colcon_core.environment:create_environment_scripts_only(turtle_brick_interfaces)
[2.004s] DEBUG:colcon.colcon_core.event_handler.log_command:Invoked command in '/home/alyssa/homework2-alyssa225/build/turtle_brick_interfaces' returned '0': CMAKE_PREFIX_PATH=${CMAKE_PREFIX_PATH}:/home/alyssa/homework2-alyssa225/install/turtle_brick:/home/alyssa/ros2_ws/src/crazy_turtle/install/crazy_turtle:/home/alyssa/homework2-alyssa225/src/install/turtle_brick:/opt/ros/humble /usr/bin/cmake --install /home/alyssa/homework2-alyssa225/build/turtle_brick_interfaces
[2.006s] Level 1:colcon.colcon_core.environment:checking '/home/alyssa/homework2-alyssa225/install/turtle_brick_interfaces' for CMake module files
[2.007s] Level 1:colcon.colcon_core.environment:checking '/home/alyssa/homework2-alyssa225/install/turtle_brick_interfaces' for CMake config files
[2.008s] Level 1:colcon.colcon_core.shell:create_environment_hook('turtle_brick_interfaces', 'cmake_prefix_path')
[2.010s] INFO:colcon.colcon_core.shell:Creating environment hook '/home/alyssa/homework2-alyssa225/install/turtle_brick_interfaces/share/turtle_brick_interfaces/hook/cmake_prefix_path.ps1'
[2.011s] INFO:colcon.colcon_core.shell:Creating environment descriptor '/home/alyssa/homework2-alyssa225/install/turtle_brick_interfaces/share/turtle_brick_interfaces/hook/cmake_prefix_path.dsv'
[2.012s] INFO:colcon.colcon_core.shell:Creating environment hook '/home/alyssa/homework2-alyssa225/install/turtle_brick_interfaces/share/turtle_brick_interfaces/hook/cmake_prefix_path.sh'
[2.014s] Level 1:colcon.colcon_core.environment:checking '/home/alyssa/homework2-alyssa225/install/turtle_brick_interfaces/lib'
[2.014s] Level 1:colcon.colcon_core.shell:create_environment_hook('turtle_brick_interfaces', 'ld_library_path_lib')
[2.018s] INFO:colcon.colcon_core.shell:Creating environment hook '/home/alyssa/homework2-alyssa225/install/turtle_brick_interfaces/share/turtle_brick_interfaces/hook/ld_library_path_lib.ps1'
[2.020s] INFO:colcon.colcon_core.shell:Creating environment descriptor '/home/alyssa/homework2-alyssa225/install/turtle_brick_interfaces/share/turtle_brick_interfaces/hook/ld_library_path_lib.dsv'
[2.021s] INFO:colcon.colcon_core.shell:Creating environment hook '/home/alyssa/homework2-alyssa225/install/turtle_brick_interfaces/share/turtle_brick_interfaces/hook/ld_library_path_lib.sh'
[2.022s] Level 1:colcon.colcon_core.environment:checking '/home/alyssa/homework2-alyssa225/install/turtle_brick_interfaces/bin'
[2.022s] Level 1:colcon.colcon_core.environment:checking '/home/alyssa/homework2-alyssa225/install/turtle_brick_interfaces/lib/pkgconfig/turtle_brick_interfaces.pc'
[2.022s] Level 1:colcon.colcon_core.environment:checking '/home/alyssa/homework2-alyssa225/install/turtle_brick_interfaces/lib/python3.10/site-packages'
[2.023s] Level 1:colcon.colcon_core.environment:checking '/home/alyssa/homework2-alyssa225/install/turtle_brick_interfaces/bin'
[2.027s] INFO:colcon.colcon_core.shell:Creating package script '/home/alyssa/homework2-alyssa225/install/turtle_brick_interfaces/share/turtle_brick_interfaces/package.ps1'
[2.029s] INFO:colcon.colcon_core.shell:Creating package descriptor '/home/alyssa/homework2-alyssa225/install/turtle_brick_interfaces/share/turtle_brick_interfaces/package.dsv'
[2.030s] INFO:colcon.colcon_core.shell:Creating package script '/home/alyssa/homework2-alyssa225/install/turtle_brick_interfaces/share/turtle_brick_interfaces/package.sh'
[2.032s] INFO:colcon.colcon_core.shell:Creating package script '/home/alyssa/homework2-alyssa225/install/turtle_brick_interfaces/share/turtle_brick_interfaces/package.bash'
[2.034s] INFO:colcon.colcon_core.shell:Creating package script '/home/alyssa/homework2-alyssa225/install/turtle_brick_interfaces/share/turtle_brick_interfaces/package.zsh'
[2.035s] Level 1:colcon.colcon_core.environment:create_file_with_runtime_dependencies(/home/alyssa/homework2-alyssa225/install/turtle_brick_interfaces/share/colcon-core/packages/turtle_brick_interfaces)
[2.169s] Level 1:colcon.colcon_core.environment:create_environment_scripts_only(turtle_brick_interfaces)
[2.173s] Level 1:colcon.colcon_core.environment:checking '/home/alyssa/homework2-alyssa225/install/turtle_brick_interfaces' for CMake module files
[2.174s] Level 1:colcon.colcon_core.environment:checking '/home/alyssa/homework2-alyssa225/install/turtle_brick_interfaces' for CMake config files
[2.175s] Level 1:colcon.colcon_core.shell:create_environment_hook('turtle_brick_interfaces', 'cmake_prefix_path')
[2.177s] INFO:colcon.colcon_core.shell:Creating environment hook '/home/alyssa/homework2-alyssa225/install/turtle_brick_interfaces/share/turtle_brick_interfaces/hook/cmake_prefix_path.ps1'
[2.179s] INFO:colcon.colcon_core.shell:Creating environment descriptor '/home/alyssa/homework2-alyssa225/install/turtle_brick_interfaces/share/turtle_brick_interfaces/hook/cmake_prefix_path.dsv'
[2.179s] INFO:colcon.colcon_core.shell:Creating environment hook '/home/alyssa/homework2-alyssa225/install/turtle_brick_interfaces/share/turtle_brick_interfaces/hook/cmake_prefix_path.sh'
[2.181s] Level 1:colcon.colcon_core.environment:checking '/home/alyssa/homework2-alyssa225/install/turtle_brick_interfaces/lib'
[2.181s] Level 1:colcon.colcon_core.shell:create_environment_hook('turtle_brick_interfaces', 'ld_library_path_lib')
[2.184s] INFO:colcon.colcon_core.shell:Creating environment hook '/home/alyssa/homework2-alyssa225/install/turtle_brick_interfaces/share/turtle_brick_interfaces/hook/ld_library_path_lib.ps1'
[2.185s] INFO:colcon.colcon_core.shell:Creating environment descriptor '/home/alyssa/homework2-alyssa225/install/turtle_brick_interfaces/share/turtle_brick_interfaces/hook/ld_library_path_lib.dsv'
[2.186s] INFO:colcon.colcon_core.shell:Creating environment hook '/home/alyssa/homework2-alyssa225/install/turtle_brick_interfaces/share/turtle_brick_interfaces/hook/ld_library_path_lib.sh'
[2.188s] Level 1:colcon.colcon_core.environment:checking '/home/alyssa/homework2-alyssa225/install/turtle_brick_interfaces/bin'
[2.188s] Level 1:colcon.colcon_core.environment:checking '/home/alyssa/homework2-alyssa225/install/turtle_brick_interfaces/lib/pkgconfig/turtle_brick_interfaces.pc'
[2.189s] Level 1:colcon.colcon_core.environment:checking '/home/alyssa/homework2-alyssa225/install/turtle_brick_interfaces/lib/python3.10/site-packages'
[2.190s] Level 1:colcon.colcon_core.environment:checking '/home/alyssa/homework2-alyssa225/install/turtle_brick_interfaces/bin'
[2.197s] INFO:colcon.colcon_core.shell:Creating package script '/home/alyssa/homework2-alyssa225/install/turtle_brick_interfaces/share/turtle_brick_interfaces/package.ps1'
[2.200s] INFO:colcon.colcon_core.shell:Creating package descriptor '/home/alyssa/homework2-alyssa225/install/turtle_brick_interfaces/share/turtle_brick_interfaces/package.dsv'
[2.201s] INFO:colcon.colcon_core.shell:Creating package script '/home/alyssa/homework2-alyssa225/install/turtle_brick_interfaces/share/turtle_brick_interfaces/package.sh'
[2.202s] INFO:colcon.colcon_core.shell:Creating package script '/home/alyssa/homework2-alyssa225/install/turtle_brick_interfaces/share/turtle_brick_interfaces/package.bash'
[2.203s] INFO:colcon.colcon_core.shell:Creating package script '/home/alyssa/homework2-alyssa225/install/turtle_brick_interfaces/share/turtle_brick_interfaces/package.zsh'
[2.205s] Level 1:colcon.colcon_core.environment:create_file_with_runtime_dependencies(/home/alyssa/homework2-alyssa225/install/turtle_brick_interfaces/share/colcon-core/packages/turtle_brick_interfaces)
[2.321s] Level 1:colcon.colcon_core.environment:checking '/home/alyssa/homework2-alyssa225/install/turtle_brick' for CMake module files
[2.322s] DEBUG:colcon.colcon_core.event_handler.log_command:Invoked command in '/home/alyssa/homework2-alyssa225/src/turtle_brick' returned '0': PYTHONPATH=/home/alyssa/homework2-alyssa225/install/turtle_brick/lib/python3.10/site-packages:${PYTHONPATH} /usr/bin/python3 setup.py egg_info --egg-base ../../build/turtle_brick build --build-base /home/alyssa/homework2-alyssa225/build/turtle_brick/build install --prefix /home/alyssa/homework2-alyssa225/install/turtle_brick --record /home/alyssa/homework2-alyssa225/build/turtle_brick/install.log --single-version-externally-managed
[2.323s] Level 1:colcon.colcon_core.environment:checking '/home/alyssa/homework2-alyssa225/install/turtle_brick' for CMake config files
[2.323s] Level 1:colcon.colcon_core.environment:checking '/home/alyssa/homework2-alyssa225/install/turtle_brick/lib'
[2.323s] Level 1:colcon.colcon_core.environment:checking '/home/alyssa/homework2-alyssa225/install/turtle_brick/bin'
[2.323s] Level 1:colcon.colcon_core.environment:checking '/home/alyssa/homework2-alyssa225/install/turtle_brick/lib/pkgconfig/turtle_brick.pc'
[2.324s] Level 1:colcon.colcon_core.environment:checking '/home/alyssa/homework2-alyssa225/install/turtle_brick/lib/python3.10/site-packages'
[2.324s] Level 1:colcon.colcon_core.shell:create_environment_hook('turtle_brick', 'pythonpath')
[2.325s] INFO:colcon.colcon_core.shell:Creating environment hook '/home/alyssa/homework2-alyssa225/install/turtle_brick/share/turtle_brick/hook/pythonpath.ps1'
[2.326s] INFO:colcon.colcon_core.shell:Creating environment descriptor '/home/alyssa/homework2-alyssa225/install/turtle_brick/share/turtle_brick/hook/pythonpath.dsv'
[2.326s] INFO:colcon.colcon_core.shell:Creating environment hook '/home/alyssa/homework2-alyssa225/install/turtle_brick/share/turtle_brick/hook/pythonpath.sh'
[2.327s] Level 1:colcon.colcon_core.environment:checking '/home/alyssa/homework2-alyssa225/install/turtle_brick/bin'
[2.327s] Level 1:colcon.colcon_core.environment:create_environment_scripts_only(turtle_brick)
[2.329s] INFO:colcon.colcon_core.shell:Creating package script '/home/alyssa/homework2-alyssa225/install/turtle_brick/share/turtle_brick/package.ps1'
[2.329s] INFO:colcon.colcon_core.shell:Creating package descriptor '/home/alyssa/homework2-alyssa225/install/turtle_brick/share/turtle_brick/package.dsv'
[2.330s] INFO:colcon.colcon_core.shell:Creating package script '/home/alyssa/homework2-alyssa225/install/turtle_brick/share/turtle_brick/package.sh'
[2.331s] INFO:colcon.colcon_core.shell:Creating package script '/home/alyssa/homework2-alyssa225/install/turtle_brick/share/turtle_brick/package.bash'
[2.332s] INFO:colcon.colcon_core.shell:Creating package script '/home/alyssa/homework2-alyssa225/install/turtle_brick/share/turtle_brick/package.zsh'
[2.332s] Level 1:colcon.colcon_core.environment:create_file_with_runtime_dependencies(/home/alyssa/homework2-alyssa225/install/turtle_brick/share/colcon-core/packages/turtle_brick)
[2.334s] DEBUG:colcon.colcon_parallel_executor.executor.parallel:closing loop
[2.335s] DEBUG:colcon.colcon_parallel_executor.executor.parallel:loop closed
[2.335s] DEBUG:colcon.colcon_parallel_executor.executor.parallel:run_until_complete finished with '0'
[2.335s] DEBUG:colcon.colcon_core.event_reactor:joining thread
[2.354s] INFO:colcon.colcon_core.plugin_system:Skipping extension 'colcon_notification.desktop_notification.terminal_notifier': Not used on non-Darwin systems
[2.354s] INFO:colcon.colcon_core.plugin_system:Skipping extension 'colcon_notification.desktop_notification.win32': Not used on non-Windows systems
[2.354s] INFO:colcon.colcon_notification.desktop_notification:Sending desktop notification using 'notify2'
[2.372s] DEBUG:colcon.colcon_core.event_reactor:joined thread
[2.374s] INFO:colcon.colcon_core.shell:Creating prefix script '/home/alyssa/homework2-alyssa225/install/local_setup.ps1'
[2.375s] INFO:colcon.colcon_core.shell:Creating prefix util module '/home/alyssa/homework2-alyssa225/install/_local_setup_util_ps1.py'
[2.381s] INFO:colcon.colcon_core.shell:Creating prefix chain script '/home/alyssa/homework2-alyssa225/install/setup.ps1'
[2.385s] INFO:colcon.colcon_core.shell:Creating prefix script '/home/alyssa/homework2-alyssa225/install/local_setup.sh'
[2.387s] INFO:colcon.colcon_core.shell:Creating prefix util module '/home/alyssa/homework2-alyssa225/install/_local_setup_util_sh.py'
[2.389s] INFO:colcon.colcon_core.shell:Creating prefix chain script '/home/alyssa/homework2-alyssa225/install/setup.sh'
[2.393s] INFO:colcon.colcon_core.shell:Creating prefix script '/home/alyssa/homework2-alyssa225/install/local_setup.bash'
[2.394s] INFO:colcon.colcon_core.shell:Creating prefix chain script '/home/alyssa/homework2-alyssa225/install/setup.bash'
[2.400s] INFO:colcon.colcon_core.shell:Creating prefix script '/home/alyssa/homework2-alyssa225/install/local_setup.zsh'
[2.402s] INFO:colcon.colcon_core.shell:Creating prefix chain script '/home/alyssa/homework2-alyssa225/install/setup.zsh'
