[0.448s] Invoking command in '/home/alyssa/homework2-alyssa225/build/turtle_brick_interfaces': CMAKE_PREFIX_PATH=${CMAKE_PREFIX_PATH}:/home/alyssa/homework2-alyssa225/install/turtle_brick:/home/alyssa/homework2-alyssa225/src/install/turtle_brick:/opt/ros/humble /usr/bin/cmake --build /home/alyssa/homework2-alyssa225/build/turtle_brick_interfaces -- -j8 -l8
[0.553s] [  2%] Built target turtle_brick_interfaces__cpp
[0.562s] [ 12%] Built target turtle_brick_interfaces__rosidl_generator_c
[0.590s] [ 12%] Built target ament_cmake_python_copy_turtle_brick_interfaces
[0.623s] [ 23%] Built target turtle_brick_interfaces__rosidl_typesupport_fastrtps_cpp
[0.633s] [ 34%] Built target turtle_brick_interfaces__rosidl_typesupport_introspection_c
[0.639s] [ 44%] Built target turtle_brick_interfaces__rosidl_typesupport_introspection_cpp
[0.644s] [ 55%] Built target turtle_brick_interfaces__rosidl_typesupport_fastrtps_c
[0.647s] [ 65%] Built target turtle_brick_interfaces__rosidl_typesupport_cpp
[0.652s] [ 76%] Built target turtle_brick_interfaces__rosidl_typesupport_c
[0.700s] [ 76%] Built target turtle_brick_interfaces
[0.751s] [ 78%] Built target turtle_brick_interfaces__py
[0.802s] [ 87%] Built target turtle_brick_interfaces__rosidl_generator_py
[0.861s] [ 91%] Built target turtle_brick_interfaces__rosidl_typesupport_introspection_c__pyext
[0.861s] [ 95%] Built target turtle_brick_interfaces__rosidl_typesupport_c__pyext
[0.861s] [100%] Built target turtle_brick_interfaces__rosidl_typesupport_fastrtps_c__pyext
[1.140s] running egg_info
[1.141s] writing turtle_brick_interfaces.egg-info/PKG-INFO
[1.141s] writing dependency_links to turtle_brick_interfaces.egg-info/dependency_links.txt
[1.142s] writing top-level names to turtle_brick_interfaces.egg-info/top_level.txt
[1.144s] reading manifest file 'turtle_brick_interfaces.egg-info/SOURCES.txt'
[1.145s] writing manifest file 'turtle_brick_interfaces.egg-info/SOURCES.txt'
[1.175s] [100%] Built target ament_cmake_python_build_turtle_brick_interfaces_egg
[1.187s] Invoked command in '/home/alyssa/homework2-alyssa225/build/turtle_brick_interfaces' returned '0': CMAKE_PREFIX_PATH=${CMAKE_PREFIX_PATH}:/home/alyssa/homework2-alyssa225/install/turtle_brick:/home/alyssa/homework2-alyssa225/src/install/turtle_brick:/opt/ros/humble /usr/bin/cmake --build /home/alyssa/homework2-alyssa225/build/turtle_brick_interfaces -- -j8 -l8
[1.292s] Invoking command in '/home/alyssa/homework2-alyssa225/build/turtle_brick_interfaces': CMAKE_PREFIX_PATH=${CMAKE_PREFIX_PATH}:/home/alyssa/homework2-alyssa225/install/turtle_brick:/home/alyssa/homework2-alyssa225/src/install/turtle_brick:/opt/ros/humble /usr/bin/cmake --install /home/alyssa/homework2-alyssa225/build/turtle_brick_interfaces
[1.300s] -- Install configuration: ""
[1.300s] -- Up-to-date: /home/alyssa/homework2-alyssa225/install/turtle_brick_interfaces/share/ament_index/resource_index/rosidl_interfaces/turtle_brick_interfaces
[1.301s] -- Up-to-date: /home/alyssa/homework2-alyssa225/install/turtle_brick_interfaces/include/turtle_brick_interfaces/turtle_brick_interfaces
[1.301s] -- Up-to-date: /home/alyssa/homework2-alyssa225/install/turtle_brick_interfaces/include/turtle_brick_interfaces/turtle_brick_interfaces/srv
[1.301s] -- Up-to-date: /home/alyssa/homework2-alyssa225/install/turtle_brick_interfaces/include/turtle_brick_interfaces/turtle_brick_interfaces/srv/detail
[1.301s] -- Up-to-date: /home/alyssa/homework2-alyssa225/install/turtle_brick_interfaces/include/turtle_brick_interfaces/turtle_brick_interfaces/srv/detail/drop__functions.c
[1.301s] -- Up-to-date: /home/alyssa/homework2-alyssa225/install/turtle_brick_interfaces/include/turtle_brick_interfaces/turtle_brick_interfaces/srv/detail/place__struct.h
[1.302s] -- Up-to-date: /home/alyssa/homework2-alyssa225/install/turtle_brick_interfaces/include/turtle_brick_interfaces/turtle_brick_interfaces/srv/detail/drop__functions.h
[1.302s] -- Up-to-date: /home/alyssa/homework2-alyssa225/install/turtle_brick_interfaces/include/turtle_brick_interfaces/turtle_brick_interfaces/srv/detail/place__functions.h
[1.302s] -- Up-to-date: /home/alyssa/homework2-alyssa225/install/turtle_brick_interfaces/include/turtle_brick_interfaces/turtle_brick_interfaces/srv/detail/drop__struct.h
[1.302s] -- Up-to-date: /home/alyssa/homework2-alyssa225/install/turtle_brick_interfaces/include/turtle_brick_interfaces/turtle_brick_interfaces/srv/detail/place__functions.c
[1.302s] -- Up-to-date: /home/alyssa/homework2-alyssa225/install/turtle_brick_interfaces/include/turtle_brick_interfaces/turtle_brick_interfaces/srv/detail/place__type_support.h
[1.302s] -- Up-to-date: /home/alyssa/homework2-alyssa225/install/turtle_brick_interfaces/include/turtle_brick_interfaces/turtle_brick_interfaces/srv/detail/drop__type_support.h
[1.303s] -- Up-to-date: /home/alyssa/homework2-alyssa225/install/turtle_brick_interfaces/include/turtle_brick_interfaces/turtle_brick_interfaces/srv/drop.h
[1.303s] -- Up-to-date: /home/alyssa/homework2-alyssa225/install/turtle_brick_interfaces/include/turtle_brick_interfaces/turtle_brick_interfaces/srv/place.h
[1.303s] -- Up-to-date: /home/alyssa/homework2-alyssa225/install/turtle_brick_interfaces/include/turtle_brick_interfaces/turtle_brick_interfaces/msg
[1.303s] -- Up-to-date: /home/alyssa/homework2-alyssa225/install/turtle_brick_interfaces/include/turtle_brick_interfaces/turtle_brick_interfaces/msg/tilt.h
[1.303s] -- Up-to-date: /home/alyssa/homework2-alyssa225/install/turtle_brick_interfaces/include/turtle_brick_interfaces/turtle_brick_interfaces/msg/detail
[1.303s] -- Up-to-date: /home/alyssa/homework2-alyssa225/install/turtle_brick_interfaces/include/turtle_brick_interfaces/turtle_brick_interfaces/msg/detail/tilt__struct.h
[1.304s] -- Up-to-date: /home/alyssa/homework2-alyssa225/install/turtle_brick_interfaces/include/turtle_brick_interfaces/turtle_brick_interfaces/msg/detail/tilt__functions.h
[1.304s] -- Up-to-date: /home/alyssa/homework2-alyssa225/install/turtle_brick_interfaces/include/turtle_brick_interfaces/turtle_brick_interfaces/msg/detail/tilt__functions.c
[1.304s] -- Up-to-date: /home/alyssa/homework2-alyssa225/install/turtle_brick_interfaces/include/turtle_brick_interfaces/turtle_brick_interfaces/msg/detail/tilt__type_support.h
[1.304s] -- Up-to-date: /home/alyssa/homework2-alyssa225/install/turtle_brick_interfaces/include/turtle_brick_interfaces/turtle_brick_interfaces/msg/rosidl_generator_c__visibility_control.h
[1.304s] -- Up-to-date: /home/alyssa/homework2-alyssa225/install/turtle_brick_interfaces/share/turtle_brick_interfaces/environment/library_path.sh
[1.305s] -- Up-to-date: /home/alyssa/homework2-alyssa225/install/turtle_brick_interfaces/share/turtle_brick_interfaces/environment/library_path.dsv
[1.305s] -- Up-to-date: /home/alyssa/homework2-alyssa225/install/turtle_brick_interfaces/lib/libturtle_brick_interfaces__rosidl_generator_c.so
[1.305s] -- Up-to-date: /home/alyssa/homework2-alyssa225/install/turtle_brick_interfaces/include/turtle_brick_interfaces/turtle_brick_interfaces
[1.305s] -- Up-to-date: /home/alyssa/homework2-alyssa225/install/turtle_brick_interfaces/include/turtle_brick_interfaces/turtle_brick_interfaces/srv
[1.305s] -- Up-to-date: /home/alyssa/homework2-alyssa225/install/turtle_brick_interfaces/include/turtle_brick_interfaces/turtle_brick_interfaces/srv/detail
[1.306s] -- Up-to-date: /home/alyssa/homework2-alyssa225/install/turtle_brick_interfaces/include/turtle_brick_interfaces/turtle_brick_interfaces/srv/detail/drop__rosidl_typesupport_fastrtps_c.h
[1.306s] -- Up-to-date: /home/alyssa/homework2-alyssa225/install/turtle_brick_interfaces/include/turtle_brick_interfaces/turtle_brick_interfaces/srv/detail/place__rosidl_typesupport_fastrtps_c.h
[1.306s] -- Up-to-date: /home/alyssa/homework2-alyssa225/install/turtle_brick_interfaces/include/turtle_brick_interfaces/turtle_brick_interfaces/msg
[1.306s] -- Up-to-date: /home/alyssa/homework2-alyssa225/install/turtle_brick_interfaces/include/turtle_brick_interfaces/turtle_brick_interfaces/msg/rosidl_typesupport_fastrtps_c__visibility_control.h
[1.306s] -- Up-to-date: /home/alyssa/homework2-alyssa225/install/turtle_brick_interfaces/include/turtle_brick_interfaces/turtle_brick_interfaces/msg/detail
[1.306s] -- Up-to-date: /home/alyssa/homework2-alyssa225/install/turtle_brick_interfaces/include/turtle_brick_interfaces/turtle_brick_interfaces/msg/detail/tilt__rosidl_typesupport_fastrtps_c.h
[1.307s] -- Up-to-date: /home/alyssa/homework2-alyssa225/install/turtle_brick_interfaces/lib/libturtle_brick_interfaces__rosidl_typesupport_fastrtps_c.so
[1.307s] -- Up-to-date: /home/alyssa/homework2-alyssa225/install/turtle_brick_interfaces/include/turtle_brick_interfaces/turtle_brick_interfaces
[1.307s] -- Up-to-date: /home/alyssa/homework2-alyssa225/install/turtle_brick_interfaces/include/turtle_brick_interfaces/turtle_brick_interfaces/srv
[1.307s] -- Up-to-date: /home/alyssa/homework2-alyssa225/install/turtle_brick_interfaces/include/turtle_brick_interfaces/turtle_brick_interfaces/srv/detail
[1.307s] -- Up-to-date: /home/alyssa/homework2-alyssa225/install/turtle_brick_interfaces/include/turtle_brick_interfaces/turtle_brick_interfaces/srv/detail/drop__rosidl_typesupport_introspection_c.h
[1.307s] -- Up-to-date: /home/alyssa/homework2-alyssa225/install/turtle_brick_interfaces/include/turtle_brick_interfaces/turtle_brick_interfaces/srv/detail/place__rosidl_typesupport_introspection_c.h
[1.308s] -- Up-to-date: /home/alyssa/homework2-alyssa225/install/turtle_brick_interfaces/include/turtle_brick_interfaces/turtle_brick_interfaces/srv/detail/place__type_support.c
[1.308s] -- Up-to-date: /home/alyssa/homework2-alyssa225/install/turtle_brick_interfaces/include/turtle_brick_interfaces/turtle_brick_interfaces/srv/detail/drop__type_support.c
[1.308s] -- Up-to-date: /home/alyssa/homework2-alyssa225/install/turtle_brick_interfaces/include/turtle_brick_interfaces/turtle_brick_interfaces/msg
[1.308s] -- Up-to-date: /home/alyssa/homework2-alyssa225/install/turtle_brick_interfaces/include/turtle_brick_interfaces/turtle_brick_interfaces/msg/detail
[1.308s] -- Up-to-date: /home/alyssa/homework2-alyssa225/install/turtle_brick_interfaces/include/turtle_brick_interfaces/turtle_brick_interfaces/msg/detail/tilt__type_support.c
[1.309s] -- Up-to-date: /home/alyssa/homework2-alyssa225/install/turtle_brick_interfaces/include/turtle_brick_interfaces/turtle_brick_interfaces/msg/detail/tilt__rosidl_typesupport_introspection_c.h
[1.309s] -- Up-to-date: /home/alyssa/homework2-alyssa225/install/turtle_brick_interfaces/include/turtle_brick_interfaces/turtle_brick_interfaces/msg/rosidl_typesupport_introspection_c__visibility_control.h
[1.309s] -- Up-to-date: /home/alyssa/homework2-alyssa225/install/turtle_brick_interfaces/lib/libturtle_brick_interfaces__rosidl_typesupport_introspection_c.so
[1.309s] -- Up-to-date: /home/alyssa/homework2-alyssa225/install/turtle_brick_interfaces/lib/libturtle_brick_interfaces__rosidl_typesupport_c.so
[1.309s] -- Up-to-date: /home/alyssa/homework2-alyssa225/install/turtle_brick_interfaces/include/turtle_brick_interfaces/turtle_brick_interfaces
[1.309s] -- Up-to-date: /home/alyssa/homework2-alyssa225/install/turtle_brick_interfaces/include/turtle_brick_interfaces/turtle_brick_interfaces/srv
[1.309s] -- Up-to-date: /home/alyssa/homework2-alyssa225/install/turtle_brick_interfaces/include/turtle_brick_interfaces/turtle_brick_interfaces/srv/place.hpp
[1.310s] -- Up-to-date: /home/alyssa/homework2-alyssa225/install/turtle_brick_interfaces/include/turtle_brick_interfaces/turtle_brick_interfaces/srv/detail
[1.310s] -- Up-to-date: /home/alyssa/homework2-alyssa225/install/turtle_brick_interfaces/include/turtle_brick_interfaces/turtle_brick_interfaces/srv/detail/drop__struct.hpp
[1.310s] -- Up-to-date: /home/alyssa/homework2-alyssa225/install/turtle_brick_interfaces/include/turtle_brick_interfaces/turtle_brick_interfaces/srv/detail/place__traits.hpp
[1.310s] -- Up-to-date: /home/alyssa/homework2-alyssa225/install/turtle_brick_interfaces/include/turtle_brick_interfaces/turtle_brick_interfaces/srv/detail/place__struct.hpp
[1.310s] -- Up-to-date: /home/alyssa/homework2-alyssa225/install/turtle_brick_interfaces/include/turtle_brick_interfaces/turtle_brick_interfaces/srv/detail/drop__traits.hpp
[1.310s] -- Up-to-date: /home/alyssa/homework2-alyssa225/install/turtle_brick_interfaces/include/turtle_brick_interfaces/turtle_brick_interfaces/srv/detail/place__builder.hpp
[1.310s] -- Up-to-date: /home/alyssa/homework2-alyssa225/install/turtle_brick_interfaces/include/turtle_brick_interfaces/turtle_brick_interfaces/srv/detail/drop__builder.hpp
[1.311s] -- Up-to-date: /home/alyssa/homework2-alyssa225/install/turtle_brick_interfaces/include/turtle_brick_interfaces/turtle_brick_interfaces/srv/drop.hpp
[1.311s] -- Up-to-date: /home/alyssa/homework2-alyssa225/install/turtle_brick_interfaces/include/turtle_brick_interfaces/turtle_brick_interfaces/msg
[1.311s] -- Up-to-date: /home/alyssa/homework2-alyssa225/install/turtle_brick_interfaces/include/turtle_brick_interfaces/turtle_brick_interfaces/msg/detail
[1.311s] -- Up-to-date: /home/alyssa/homework2-alyssa225/install/turtle_brick_interfaces/include/turtle_brick_interfaces/turtle_brick_interfaces/msg/detail/tilt__traits.hpp
[1.311s] -- Up-to-date: /home/alyssa/homework2-alyssa225/install/turtle_brick_interfaces/include/turtle_brick_interfaces/turtle_brick_interfaces/msg/detail/tilt__builder.hpp
[1.311s] -- Up-to-date: /home/alyssa/homework2-alyssa225/install/turtle_brick_interfaces/include/turtle_brick_interfaces/turtle_brick_interfaces/msg/detail/tilt__struct.hpp
[1.311s] -- Up-to-date: /home/alyssa/homework2-alyssa225/install/turtle_brick_interfaces/include/turtle_brick_interfaces/turtle_brick_interfaces/msg/tilt.hpp
[1.312s] -- Up-to-date: /home/alyssa/homework2-alyssa225/install/turtle_brick_interfaces/include/turtle_brick_interfaces/turtle_brick_interfaces
[1.312s] -- Up-to-date: /home/alyssa/homework2-alyssa225/install/turtle_brick_interfaces/include/turtle_brick_interfaces/turtle_brick_interfaces/srv
[1.312s] -- Up-to-date: /home/alyssa/homework2-alyssa225/install/turtle_brick_interfaces/include/turtle_brick_interfaces/turtle_brick_interfaces/srv/detail
[1.312s] -- Up-to-date: /home/alyssa/homework2-alyssa225/install/turtle_brick_interfaces/include/turtle_brick_interfaces/turtle_brick_interfaces/srv/detail/dds_fastrtps
[1.312s] -- Up-to-date: /home/alyssa/homework2-alyssa225/install/turtle_brick_interfaces/include/turtle_brick_interfaces/turtle_brick_interfaces/srv/detail/drop__rosidl_typesupport_fastrtps_cpp.hpp
[1.312s] -- Up-to-date: /home/alyssa/homework2-alyssa225/install/turtle_brick_interfaces/include/turtle_brick_interfaces/turtle_brick_interfaces/srv/detail/place__rosidl_typesupport_fastrtps_cpp.hpp
[1.312s] -- Up-to-date: /home/alyssa/homework2-alyssa225/install/turtle_brick_interfaces/include/turtle_brick_interfaces/turtle_brick_interfaces/msg
[1.313s] -- Up-to-date: /home/alyssa/homework2-alyssa225/install/turtle_brick_interfaces/include/turtle_brick_interfaces/turtle_brick_interfaces/msg/detail
[1.313s] -- Up-to-date: /home/alyssa/homework2-alyssa225/install/turtle_brick_interfaces/include/turtle_brick_interfaces/turtle_brick_interfaces/msg/detail/dds_fastrtps
[1.313s] -- Up-to-date: /home/alyssa/homework2-alyssa225/install/turtle_brick_interfaces/include/turtle_brick_interfaces/turtle_brick_interfaces/msg/detail/tilt__rosidl_typesupport_fastrtps_cpp.hpp
[1.313s] -- Up-to-date: /home/alyssa/homework2-alyssa225/install/turtle_brick_interfaces/include/turtle_brick_interfaces/turtle_brick_interfaces/msg/rosidl_typesupport_fastrtps_cpp__visibility_control.h
[1.313s] -- Up-to-date: /home/alyssa/homework2-alyssa225/install/turtle_brick_interfaces/lib/libturtle_brick_interfaces__rosidl_typesupport_fastrtps_cpp.so
[1.313s] -- Up-to-date: /home/alyssa/homework2-alyssa225/install/turtle_brick_interfaces/include/turtle_brick_interfaces/turtle_brick_interfaces
[1.313s] -- Up-to-date: /home/alyssa/homework2-alyssa225/install/turtle_brick_interfaces/include/turtle_brick_interfaces/turtle_brick_interfaces/srv
[1.313s] -- Up-to-date: /home/alyssa/homework2-alyssa225/install/turtle_brick_interfaces/include/turtle_brick_interfaces/turtle_brick_interfaces/srv/detail
[1.314s] -- Up-to-date: /home/alyssa/homework2-alyssa225/install/turtle_brick_interfaces/include/turtle_brick_interfaces/turtle_brick_interfaces/srv/detail/drop__rosidl_typesupport_introspection_cpp.hpp
[1.314s] -- Up-to-date: /home/alyssa/homework2-alyssa225/install/turtle_brick_interfaces/include/turtle_brick_interfaces/turtle_brick_interfaces/srv/detail/drop__type_support.cpp
[1.314s] -- Up-to-date: /home/alyssa/homework2-alyssa225/install/turtle_brick_interfaces/include/turtle_brick_interfaces/turtle_brick_interfaces/srv/detail/place__type_support.cpp
[1.314s] -- Up-to-date: /home/alyssa/homework2-alyssa225/install/turtle_brick_interfaces/include/turtle_brick_interfaces/turtle_brick_interfaces/srv/detail/place__rosidl_typesupport_introspection_cpp.hpp
[1.314s] -- Up-to-date: /home/alyssa/homework2-alyssa225/install/turtle_brick_interfaces/include/turtle_brick_interfaces/turtle_brick_interfaces/msg
[1.314s] -- Up-to-date: /home/alyssa/homework2-alyssa225/install/turtle_brick_interfaces/include/turtle_brick_interfaces/turtle_brick_interfaces/msg/detail
[1.314s] -- Up-to-date: /home/alyssa/homework2-alyssa225/install/turtle_brick_interfaces/include/turtle_brick_interfaces/turtle_brick_interfaces/msg/detail/tilt__type_support.cpp
[1.315s] -- Up-to-date: /home/alyssa/homework2-alyssa225/install/turtle_brick_interfaces/include/turtle_brick_interfaces/turtle_brick_interfaces/msg/detail/tilt__rosidl_typesupport_introspection_cpp.hpp
[1.315s] -- Up-to-date: /home/alyssa/homework2-alyssa225/install/turtle_brick_interfaces/lib/libturtle_brick_interfaces__rosidl_typesupport_introspection_cpp.so
[1.315s] -- Up-to-date: /home/alyssa/homework2-alyssa225/install/turtle_brick_interfaces/lib/libturtle_brick_interfaces__rosidl_typesupport_cpp.so
[1.315s] -- Up-to-date: /home/alyssa/homework2-alyssa225/install/turtle_brick_interfaces/share/turtle_brick_interfaces/environment/pythonpath.sh
[1.315s] -- Up-to-date: /home/alyssa/homework2-alyssa225/install/turtle_brick_interfaces/share/turtle_brick_interfaces/environment/pythonpath.dsv
[1.315s] -- Up-to-date: /home/alyssa/homework2-alyssa225/install/turtle_brick_interfaces/local/lib/python3.10/dist-packages/turtle_brick_interfaces-0.0.0-py3.10.egg-info
[1.315s] -- Installing: /home/alyssa/homework2-alyssa225/install/turtle_brick_interfaces/local/lib/python3.10/dist-packages/turtle_brick_interfaces-0.0.0-py3.10.egg-info/top_level.txt
[1.316s] -- Installing: /home/alyssa/homework2-alyssa225/install/turtle_brick_interfaces/local/lib/python3.10/dist-packages/turtle_brick_interfaces-0.0.0-py3.10.egg-info/dependency_links.txt
[1.316s] -- Installing: /home/alyssa/homework2-alyssa225/install/turtle_brick_interfaces/local/lib/python3.10/dist-packages/turtle_brick_interfaces-0.0.0-py3.10.egg-info/SOURCES.txt
[1.316s] -- Installing: /home/alyssa/homework2-alyssa225/install/turtle_brick_interfaces/local/lib/python3.10/dist-packages/turtle_brick_interfaces-0.0.0-py3.10.egg-info/PKG-INFO
[1.316s] -- Up-to-date: /home/alyssa/homework2-alyssa225/install/turtle_brick_interfaces/local/lib/python3.10/dist-packages/turtle_brick_interfaces
[1.316s] -- Up-to-date: /home/alyssa/homework2-alyssa225/install/turtle_brick_interfaces/local/lib/python3.10/dist-packages/turtle_brick_interfaces/turtle_brick_interfaces_s__rosidl_typesupport_introspection_c.cpython-310-x86_64-linux-gnu.so
[1.316s] -- Up-to-date: /home/alyssa/homework2-alyssa225/install/turtle_brick_interfaces/local/lib/python3.10/dist-packages/turtle_brick_interfaces/srv
[1.316s] -- Up-to-date: /home/alyssa/homework2-alyssa225/install/turtle_brick_interfaces/local/lib/python3.10/dist-packages/turtle_brick_interfaces/srv/_drop.py
[1.316s] -- Up-to-date: /home/alyssa/homework2-alyssa225/install/turtle_brick_interfaces/local/lib/python3.10/dist-packages/turtle_brick_interfaces/srv/_drop_s.c
[1.317s] -- Up-to-date: /home/alyssa/homework2-alyssa225/install/turtle_brick_interfaces/local/lib/python3.10/dist-packages/turtle_brick_interfaces/srv/__init__.py
[1.317s] -- Up-to-date: /home/alyssa/homework2-alyssa225/install/turtle_brick_interfaces/local/lib/python3.10/dist-packages/turtle_brick_interfaces/srv/_place_s.c
[1.317s] -- Up-to-date: /home/alyssa/homework2-alyssa225/install/turtle_brick_interfaces/local/lib/python3.10/dist-packages/turtle_brick_interfaces/srv/_place.py
[1.317s] -- Up-to-date: /home/alyssa/homework2-alyssa225/install/turtle_brick_interfaces/local/lib/python3.10/dist-packages/turtle_brick_interfaces/msg
[1.317s] -- Up-to-date: /home/alyssa/homework2-alyssa225/install/turtle_brick_interfaces/local/lib/python3.10/dist-packages/turtle_brick_interfaces/msg/_tilt.py
[1.317s] -- Up-to-date: /home/alyssa/homework2-alyssa225/install/turtle_brick_interfaces/local/lib/python3.10/dist-packages/turtle_brick_interfaces/msg/_tilt_s.c
[1.317s] -- Up-to-date: /home/alyssa/homework2-alyssa225/install/turtle_brick_interfaces/local/lib/python3.10/dist-packages/turtle_brick_interfaces/msg/__init__.py
[1.318s] -- Up-to-date: /home/alyssa/homework2-alyssa225/install/turtle_brick_interfaces/local/lib/python3.10/dist-packages/turtle_brick_interfaces/_turtle_brick_interfaces_s.ep.rosidl_typesupport_introspection_c.c
[1.318s] -- Up-to-date: /home/alyssa/homework2-alyssa225/install/turtle_brick_interfaces/local/lib/python3.10/dist-packages/turtle_brick_interfaces/turtle_brick_interfaces_s__rosidl_typesupport_fastrtps_c.cpython-310-x86_64-linux-gnu.so
[1.318s] -- Up-to-date: /home/alyssa/homework2-alyssa225/install/turtle_brick_interfaces/local/lib/python3.10/dist-packages/turtle_brick_interfaces/_turtle_brick_interfaces_s.ep.rosidl_typesupport_fastrtps_c.c
[1.318s] -- Up-to-date: /home/alyssa/homework2-alyssa225/install/turtle_brick_interfaces/local/lib/python3.10/dist-packages/turtle_brick_interfaces/_turtle_brick_interfaces_s.ep.rosidl_typesupport_c.c
[1.318s] -- Up-to-date: /home/alyssa/homework2-alyssa225/install/turtle_brick_interfaces/local/lib/python3.10/dist-packages/turtle_brick_interfaces/__init__.py
[1.318s] -- Up-to-date: /home/alyssa/homework2-alyssa225/install/turtle_brick_interfaces/local/lib/python3.10/dist-packages/turtle_brick_interfaces/turtle_brick_interfaces_s__rosidl_typesupport_c.cpython-310-x86_64-linux-gnu.so
[1.318s] -- Up-to-date: /home/alyssa/homework2-alyssa225/install/turtle_brick_interfaces/local/lib/python3.10/dist-packages/turtle_brick_interfaces/libturtle_brick_interfaces__rosidl_generator_py.so
[1.351s] Listing '/home/alyssa/homework2-alyssa225/install/turtle_brick_interfaces/local/lib/python3.10/dist-packages/turtle_brick_interfaces'...
[1.351s] Listing '/home/alyssa/homework2-alyssa225/install/turtle_brick_interfaces/local/lib/python3.10/dist-packages/turtle_brick_interfaces/msg'...
[1.351s] Listing '/home/alyssa/homework2-alyssa225/install/turtle_brick_interfaces/local/lib/python3.10/dist-packages/turtle_brick_interfaces/srv'...
[1.357s] -- Up-to-date: /home/alyssa/homework2-alyssa225/install/turtle_brick_interfaces/local/lib/python3.10/dist-packages/turtle_brick_interfaces/turtle_brick_interfaces_s__rosidl_typesupport_fastrtps_c.cpython-310-x86_64-linux-gnu.so
[1.358s] -- Up-to-date: /home/alyssa/homework2-alyssa225/install/turtle_brick_interfaces/local/lib/python3.10/dist-packages/turtle_brick_interfaces/turtle_brick_interfaces_s__rosidl_typesupport_introspection_c.cpython-310-x86_64-linux-gnu.so
[1.358s] -- Up-to-date: /home/alyssa/homework2-alyssa225/install/turtle_brick_interfaces/local/lib/python3.10/dist-packages/turtle_brick_interfaces/turtle_brick_interfaces_s__rosidl_typesupport_c.cpython-310-x86_64-linux-gnu.so
[1.359s] -- Up-to-date: /home/alyssa/homework2-alyssa225/install/turtle_brick_interfaces/lib/libturtle_brick_interfaces__rosidl_generator_py.so
[1.359s] -- Up-to-date: /home/alyssa/homework2-alyssa225/install/turtle_brick_interfaces/share/turtle_brick_interfaces/msg/Tilt.idl
[1.360s] -- Up-to-date: /home/alyssa/homework2-alyssa225/install/turtle_brick_interfaces/share/turtle_brick_interfaces/srv/Place.idl
[1.360s] -- Up-to-date: /home/alyssa/homework2-alyssa225/install/turtle_brick_interfaces/share/turtle_brick_interfaces/srv/Drop.idl
[1.360s] -- Up-to-date: /home/alyssa/homework2-alyssa225/install/turtle_brick_interfaces/share/turtle_brick_interfaces/msg/Tilt.msg
[1.361s] -- Up-to-date: /home/alyssa/homework2-alyssa225/install/turtle_brick_interfaces/share/turtle_brick_interfaces/srv/Place.srv
[1.361s] -- Up-to-date: /home/alyssa/homework2-alyssa225/install/turtle_brick_interfaces/share/turtle_brick_interfaces/srv/Place_Request.msg
[1.361s] -- Up-to-date: /home/alyssa/homework2-alyssa225/install/turtle_brick_interfaces/share/turtle_brick_interfaces/srv/Place_Response.msg
[1.361s] -- Up-to-date: /home/alyssa/homework2-alyssa225/install/turtle_brick_interfaces/share/turtle_brick_interfaces/srv/Drop.srv
[1.362s] -- Up-to-date: /home/alyssa/homework2-alyssa225/install/turtle_brick_interfaces/share/turtle_brick_interfaces/srv/Drop_Request.msg
[1.362s] -- Up-to-date: /home/alyssa/homework2-alyssa225/install/turtle_brick_interfaces/share/turtle_brick_interfaces/srv/Drop_Response.msg
[1.362s] -- Up-to-date: /home/alyssa/homework2-alyssa225/install/turtle_brick_interfaces/share/ament_index/resource_index/package_run_dependencies/turtle_brick_interfaces
[1.362s] -- Up-to-date: /home/alyssa/homework2-alyssa225/install/turtle_brick_interfaces/share/ament_index/resource_index/parent_prefix_path/turtle_brick_interfaces
[1.363s] -- Up-to-date: /home/alyssa/homework2-alyssa225/install/turtle_brick_interfaces/share/turtle_brick_interfaces/environment/ament_prefix_path.sh
[1.363s] -- Up-to-date: /home/alyssa/homework2-alyssa225/install/turtle_brick_interfaces/share/turtle_brick_interfaces/environment/ament_prefix_path.dsv
[1.363s] -- Up-to-date: /home/alyssa/homework2-alyssa225/install/turtle_brick_interfaces/share/turtle_brick_interfaces/environment/path.sh
[1.363s] -- Up-to-date: /home/alyssa/homework2-alyssa225/install/turtle_brick_interfaces/share/turtle_brick_interfaces/environment/path.dsv
[1.364s] -- Up-to-date: /home/alyssa/homework2-alyssa225/install/turtle_brick_interfaces/share/turtle_brick_interfaces/local_setup.bash
[1.364s] -- Up-to-date: /home/alyssa/homework2-alyssa225/install/turtle_brick_interfaces/share/turtle_brick_interfaces/local_setup.sh
[1.364s] -- Up-to-date: /home/alyssa/homework2-alyssa225/install/turtle_brick_interfaces/share/turtle_brick_interfaces/local_setup.zsh
[1.364s] -- Up-to-date: /home/alyssa/homework2-alyssa225/install/turtle_brick_interfaces/share/turtle_brick_interfaces/local_setup.dsv
[1.365s] -- Installing: /home/alyssa/homework2-alyssa225/install/turtle_brick_interfaces/share/turtle_brick_interfaces/package.dsv
[1.365s] -- Up-to-date: /home/alyssa/homework2-alyssa225/install/turtle_brick_interfaces/share/ament_index/resource_index/packages/turtle_brick_interfaces
[1.365s] -- Up-to-date: /home/alyssa/homework2-alyssa225/install/turtle_brick_interfaces/share/turtle_brick_interfaces/cmake/export_turtle_brick_interfaces__rosidl_generator_cExport.cmake
[1.365s] -- Up-to-date: /home/alyssa/homework2-alyssa225/install/turtle_brick_interfaces/share/turtle_brick_interfaces/cmake/export_turtle_brick_interfaces__rosidl_generator_cExport-noconfig.cmake
[1.365s] -- Up-to-date: /home/alyssa/homework2-alyssa225/install/turtle_brick_interfaces/share/turtle_brick_interfaces/cmake/export_turtle_brick_interfaces__rosidl_typesupport_fastrtps_cExport.cmake
[1.365s] -- Up-to-date: /home/alyssa/homework2-alyssa225/install/turtle_brick_interfaces/share/turtle_brick_interfaces/cmake/export_turtle_brick_interfaces__rosidl_typesupport_fastrtps_cExport-noconfig.cmake
[1.366s] -- Up-to-date: /home/alyssa/homework2-alyssa225/install/turtle_brick_interfaces/share/turtle_brick_interfaces/cmake/turtle_brick_interfaces__rosidl_typesupport_introspection_cExport.cmake
[1.366s] -- Up-to-date: /home/alyssa/homework2-alyssa225/install/turtle_brick_interfaces/share/turtle_brick_interfaces/cmake/turtle_brick_interfaces__rosidl_typesupport_introspection_cExport-noconfig.cmake
[1.366s] -- Up-to-date: /home/alyssa/homework2-alyssa225/install/turtle_brick_interfaces/share/turtle_brick_interfaces/cmake/turtle_brick_interfaces__rosidl_typesupport_cExport.cmake
[1.366s] -- Up-to-date: /home/alyssa/homework2-alyssa225/install/turtle_brick_interfaces/share/turtle_brick_interfaces/cmake/turtle_brick_interfaces__rosidl_typesupport_cExport-noconfig.cmake
[1.366s] -- Up-to-date: /home/alyssa/homework2-alyssa225/install/turtle_brick_interfaces/share/turtle_brick_interfaces/cmake/export_turtle_brick_interfaces__rosidl_generator_cppExport.cmake
[1.366s] -- Up-to-date: /home/alyssa/homework2-alyssa225/install/turtle_brick_interfaces/share/turtle_brick_interfaces/cmake/export_turtle_brick_interfaces__rosidl_typesupport_fastrtps_cppExport.cmake
[1.366s] -- Up-to-date: /home/alyssa/homework2-alyssa225/install/turtle_brick_interfaces/share/turtle_brick_interfaces/cmake/export_turtle_brick_interfaces__rosidl_typesupport_fastrtps_cppExport-noconfig.cmake
[1.367s] -- Up-to-date: /home/alyssa/homework2-alyssa225/install/turtle_brick_interfaces/share/turtle_brick_interfaces/cmake/turtle_brick_interfaces__rosidl_typesupport_introspection_cppExport.cmake
[1.367s] -- Up-to-date: /home/alyssa/homework2-alyssa225/install/turtle_brick_interfaces/share/turtle_brick_interfaces/cmake/turtle_brick_interfaces__rosidl_typesupport_introspection_cppExport-noconfig.cmake
[1.367s] -- Up-to-date: /home/alyssa/homework2-alyssa225/install/turtle_brick_interfaces/share/turtle_brick_interfaces/cmake/turtle_brick_interfaces__rosidl_typesupport_cppExport.cmake
[1.367s] -- Up-to-date: /home/alyssa/homework2-alyssa225/install/turtle_brick_interfaces/share/turtle_brick_interfaces/cmake/turtle_brick_interfaces__rosidl_typesupport_cppExport-noconfig.cmake
[1.367s] -- Up-to-date: /home/alyssa/homework2-alyssa225/install/turtle_brick_interfaces/share/turtle_brick_interfaces/cmake/export_turtle_brick_interfaces__rosidl_generator_pyExport.cmake
[1.368s] -- Up-to-date: /home/alyssa/homework2-alyssa225/install/turtle_brick_interfaces/share/turtle_brick_interfaces/cmake/export_turtle_brick_interfaces__rosidl_generator_pyExport-noconfig.cmake
[1.369s] -- Up-to-date: /home/alyssa/homework2-alyssa225/install/turtle_brick_interfaces/share/turtle_brick_interfaces/cmake/rosidl_cmake-extras.cmake
[1.370s] -- Up-to-date: /home/alyssa/homework2-alyssa225/install/turtle_brick_interfaces/share/turtle_brick_interfaces/cmake/ament_cmake_export_include_directories-extras.cmake
[1.370s] -- Up-to-date: /home/alyssa/homework2-alyssa225/install/turtle_brick_interfaces/share/turtle_brick_interfaces/cmake/ament_cmake_export_libraries-extras.cmake
[1.371s] -- Up-to-date: /home/alyssa/homework2-alyssa225/install/turtle_brick_interfaces/share/turtle_brick_interfaces/cmake/ament_cmake_export_targets-extras.cmake
[1.372s] -- Up-to-date: /home/alyssa/homework2-alyssa225/install/turtle_brick_interfaces/share/turtle_brick_interfaces/cmake/rosidl_cmake_export_typesupport_targets-extras.cmake
[1.372s] -- Up-to-date: /home/alyssa/homework2-alyssa225/install/turtle_brick_interfaces/share/turtle_brick_interfaces/cmake/ament_cmake_export_dependencies-extras.cmake
[1.372s] -- Up-to-date: /home/alyssa/homework2-alyssa225/install/turtle_brick_interfaces/share/turtle_brick_interfaces/cmake/rosidl_cmake_export_typesupport_libraries-extras.cmake
[1.374s] -- Up-to-date: /home/alyssa/homework2-alyssa225/install/turtle_brick_interfaces/share/turtle_brick_interfaces/cmake/turtle_brick_interfacesConfig.cmake
[1.374s] -- Up-to-date: /home/alyssa/homework2-alyssa225/install/turtle_brick_interfaces/share/turtle_brick_interfaces/cmake/turtle_brick_interfacesConfig-version.cmake
[1.379s] -- Up-to-date: /home/alyssa/homework2-alyssa225/install/turtle_brick_interfaces/share/turtle_brick_interfaces/package.xml
[1.379s] Invoked command in '/home/alyssa/homework2-alyssa225/build/turtle_brick_interfaces' returned '0': CMAKE_PREFIX_PATH=${CMAKE_PREFIX_PATH}:/home/alyssa/homework2-alyssa225/install/turtle_brick:/home/alyssa/homework2-alyssa225/src/install/turtle_brick:/opt/ros/humble /usr/bin/cmake --install /home/alyssa/homework2-alyssa225/build/turtle_brick_interfaces
