[1.464s] Invoking command in '/home/alyssa/homework2-alyssa225/src/turtle_brick': PYTHONPATH=/home/alyssa/homework2-alyssa225/install/turtle_brick/lib/python3.10/site-packages:${PYTHONPATH} /usr/bin/python3 setup.py egg_info --egg-base ../../build/turtle_brick build --build-base /home/alyssa/homework2-alyssa225/build/turtle_brick/build install --prefix /home/alyssa/homework2-alyssa225/install/turtle_brick --record /home/alyssa/homework2-alyssa225/build/turtle_brick/install.log --single-version-externally-managed
[2.045s] running egg_info
[2.047s] writing ../../build/turtle_brick/turtle_brick.egg-info/PKG-INFO
[2.048s] writing dependency_links to ../../build/turtle_brick/turtle_brick.egg-info/dependency_links.txt
[2.048s] writing entry points to ../../build/turtle_brick/turtle_brick.egg-info/entry_points.txt
[2.050s] writing requirements to ../../build/turtle_brick/turtle_brick.egg-info/requires.txt
[2.050s] writing top-level names to ../../build/turtle_brick/turtle_brick.egg-info/top_level.txt
[2.055s] reading manifest file '../../build/turtle_brick/turtle_brick.egg-info/SOURCES.txt'
[2.064s] writing manifest file '../../build/turtle_brick/turtle_brick.egg-info/SOURCES.txt'
[2.064s] /usr/lib/python3/dist-packages/setuptools/command/install.py:34: SetuptoolsDeprecationWarning: setup.py install is deprecated. Use build and pip and other standards-based tools.
[2.064s]   warnings.warn(
[2.064s] running build
[2.065s] running build_py
[2.065s] copying turtle_brick/turtle_robot.py -> /home/alyssa/homework2-alyssa225/build/turtle_brick/build/lib/turtle_brick
[2.065s] running install
[2.066s] running install_lib
[2.066s] copying /home/alyssa/homework2-alyssa225/build/turtle_brick/build/lib/turtle_brick/turtle_robot.py -> /home/alyssa/homework2-alyssa225/install/turtle_brick/lib/python3.10/site-packages/turtle_brick
[2.066s] byte-compiling /home/alyssa/homework2-alyssa225/install/turtle_brick/lib/python3.10/site-packages/turtle_brick/turtle_robot.py to turtle_robot.cpython-310.pyc
[2.067s] running install_data
[2.067s] copying config/turtle_urdf.rviz -> /home/alyssa/homework2-alyssa225/install/turtle_brick/share/turtle_brick
[2.069s] running install_egg_info
[2.070s] removing '/home/alyssa/homework2-alyssa225/install/turtle_brick/lib/python3.10/site-packages/turtle_brick-0.0.0-py3.10.egg-info' (and everything under it)
[2.070s] Copying ../../build/turtle_brick/turtle_brick.egg-info to /home/alyssa/homework2-alyssa225/install/turtle_brick/lib/python3.10/site-packages/turtle_brick-0.0.0-py3.10.egg-info
[2.070s] running install_scripts
[2.119s] Installing arena script to /home/alyssa/homework2-alyssa225/install/turtle_brick/lib/turtle_brick
[2.119s] Installing turtle_robot script to /home/alyssa/homework2-alyssa225/install/turtle_brick/lib/turtle_brick
[2.120s] writing list of installed files to '/home/alyssa/homework2-alyssa225/build/turtle_brick/install.log'
[2.185s] Invoked command in '/home/alyssa/homework2-alyssa225/src/turtle_brick' returned '0': PYTHONPATH=/home/alyssa/homework2-alyssa225/install/turtle_brick/lib/python3.10/site-packages:${PYTHONPATH} /usr/bin/python3 setup.py egg_info --egg-base ../../build/turtle_brick build --build-base /home/alyssa/homework2-alyssa225/build/turtle_brick/build install --prefix /home/alyssa/homework2-alyssa225/install/turtle_brick --record /home/alyssa/homework2-alyssa225/build/turtle_brick/install.log --single-version-externally-managed
