[0.234s] Invoking command in '/home/alyssa/ros2_ws/src/homework2-alyssa225/build/turtle_brick_interface': CMAKE_PREFIX_PATH=/opt/ros/humble /usr/bin/cmake --build /home/alyssa/ros2_ws/src/homework2-alyssa225/build/turtle_brick_interface -- -j8 -l8
[0.262s] [35m[1mConsolidate compiler generated dependencies of target place[0m
[0.270s] [100%] Built target place
[0.280s] Invoked command in '/home/alyssa/ros2_ws/src/homework2-alyssa225/build/turtle_brick_interface' returned '0': CMAKE_PREFIX_PATH=/opt/ros/humble /usr/bin/cmake --build /home/alyssa/ros2_ws/src/homework2-alyssa225/build/turtle_brick_interface -- -j8 -l8
[0.307s] Invoking command in '/home/alyssa/ros2_ws/src/homework2-alyssa225/build/turtle_brick_interface': CMAKE_PREFIX_PATH=/opt/ros/humble /usr/bin/cmake --install /home/alyssa/ros2_ws/src/homework2-alyssa225/build/turtle_brick_interface
[0.312s] -- Install configuration: ""
[0.313s] -- Installing: /home/alyssa/ros2_ws/src/homework2-alyssa225/install/turtle_brick_interface/lib/turtle_brick_interface/place
[0.314s] -- Installing: /home/alyssa/ros2_ws/src/homework2-alyssa225/install/turtle_brick_interface/share/ament_index/resource_index/package_run_dependencies/turtle_brick_interface
[0.314s] -- Installing: /home/alyssa/ros2_ws/src/homework2-alyssa225/install/turtle_brick_interface/share/ament_index/resource_index/parent_prefix_path/turtle_brick_interface
[0.314s] -- Installing: /home/alyssa/ros2_ws/src/homework2-alyssa225/install/turtle_brick_interface/share/turtle_brick_interface/environment/ament_prefix_path.sh
[0.315s] -- Installing: /home/alyssa/ros2_ws/src/homework2-alyssa225/install/turtle_brick_interface/share/turtle_brick_interface/environment/ament_prefix_path.dsv
[0.315s] -- Installing: /home/alyssa/ros2_ws/src/homework2-alyssa225/install/turtle_brick_interface/share/turtle_brick_interface/environment/path.sh
[0.315s] -- Installing: /home/alyssa/ros2_ws/src/homework2-alyssa225/install/turtle_brick_interface/share/turtle_brick_interface/environment/path.dsv
[0.315s] -- Installing: /home/alyssa/ros2_ws/src/homework2-alyssa225/install/turtle_brick_interface/share/turtle_brick_interface/local_setup.bash
[0.315s] -- Installing: /home/alyssa/ros2_ws/src/homework2-alyssa225/install/turtle_brick_interface/share/turtle_brick_interface/local_setup.sh
[0.316s] -- Installing: /home/alyssa/ros2_ws/src/homework2-alyssa225/install/turtle_brick_interface/share/turtle_brick_interface/local_setup.zsh
[0.316s] -- Installing: /home/alyssa/ros2_ws/src/homework2-alyssa225/install/turtle_brick_interface/share/turtle_brick_interface/local_setup.dsv
[0.316s] -- Installing: /home/alyssa/ros2_ws/src/homework2-alyssa225/install/turtle_brick_interface/share/turtle_brick_interface/package.dsv
[0.317s] -- Installing: /home/alyssa/ros2_ws/src/homework2-alyssa225/install/turtle_brick_interface/share/ament_index/resource_index/packages/turtle_brick_interface
[0.317s] -- Installing: /home/alyssa/ros2_ws/src/homework2-alyssa225/install/turtle_brick_interface/share/turtle_brick_interface/cmake/turtle_brick_interfaceConfig.cmake
[0.317s] -- Installing: /home/alyssa/ros2_ws/src/homework2-alyssa225/install/turtle_brick_interface/share/turtle_brick_interface/cmake/turtle_brick_interfaceConfig-version.cmake
[0.317s] -- Installing: /home/alyssa/ros2_ws/src/homework2-alyssa225/install/turtle_brick_interface/share/turtle_brick_interface/package.xml
[0.320s] Invoked command in '/home/alyssa/ros2_ws/src/homework2-alyssa225/build/turtle_brick_interface' returned '0': CMAKE_PREFIX_PATH=/opt/ros/humble /usr/bin/cmake --install /home/alyssa/ros2_ws/src/homework2-alyssa225/build/turtle_brick_interface
