[1.072s] Invoking command in '/home/alyssa/homework2-alyssa225/src/build/turtle_brick': PYTHONPATH=/home/alyssa/homework2-alyssa225/src/install/turtle_brick/lib/python3.10/site-packages:${PYTHONPATH} /usr/bin/python3 setup.py develop --prefix /home/alyssa/homework2-alyssa225/src/install/turtle_brick --uninstall --editable --build-directory /home/alyssa/homework2-alyssa225/src/build/turtle_brick/build
[1.564s] running develop
[1.564s] /usr/lib/python3/dist-packages/setuptools/command/easy_install.py:158: EasyInstallDeprecationWarning: easy_install command is deprecated. Use build and pip and other standards-based tools.
[1.564s]   warnings.warn(
[1.566s] /usr/lib/python3/dist-packages/setuptools/command/install.py:34: SetuptoolsDeprecationWarning: setup.py install is deprecated. Use build and pip and other standards-based tools.
[1.566s]   warnings.warn(
[1.670s] /usr/lib/python3/dist-packages/pkg_resources/__init__.py:116: PkgResourcesDeprecationWarning: 1.16.0-unknown is an invalid version and will not be supported in a future release
[1.670s]   warnings.warn(
[1.670s] /usr/lib/python3/dist-packages/pkg_resources/__init__.py:116: PkgResourcesDeprecationWarning: 1.1build1 is an invalid version and will not be supported in a future release
[1.671s]   warnings.warn(
[1.672s] /usr/lib/python3/dist-packages/pkg_resources/__init__.py:116: PkgResourcesDeprecationWarning: 0.1.43ubuntu1 is an invalid version and will not be supported in a future release
[1.672s]   warnings.warn(
[1.890s] Invoked command in '/home/alyssa/homework2-alyssa225/src/build/turtle_brick' returned '0': PYTHONPATH=/home/alyssa/homework2-alyssa225/src/install/turtle_brick/lib/python3.10/site-packages:${PYTHONPATH} /usr/bin/python3 setup.py develop --prefix /home/alyssa/homework2-alyssa225/src/install/turtle_brick --uninstall --editable --build-directory /home/alyssa/homework2-alyssa225/src/build/turtle_brick/build
[1.893s] Invoking command in '/home/alyssa/homework2-alyssa225/src/turtle_brick': PYTHONPATH=/home/alyssa/homework2-alyssa225/src/install/turtle_brick/lib/python3.10/site-packages:${PYTHONPATH} /usr/bin/python3 setup.py egg_info --egg-base ../build/turtle_brick build --build-base /home/alyssa/homework2-alyssa225/src/build/turtle_brick/build install --prefix /home/alyssa/homework2-alyssa225/src/install/turtle_brick --record /home/alyssa/homework2-alyssa225/src/build/turtle_brick/install.log --single-version-externally-managed
[2.308s] running egg_info
[2.309s] writing ../build/turtle_brick/turtle_brick.egg-info/PKG-INFO
[2.309s] writing dependency_links to ../build/turtle_brick/turtle_brick.egg-info/dependency_links.txt
[2.310s] writing entry points to ../build/turtle_brick/turtle_brick.egg-info/entry_points.txt
[2.310s] writing requirements to ../build/turtle_brick/turtle_brick.egg-info/requires.txt
[2.310s] writing top-level names to ../build/turtle_brick/turtle_brick.egg-info/top_level.txt
[2.313s] reading manifest file '../build/turtle_brick/turtle_brick.egg-info/SOURCES.txt'
[2.314s] writing manifest file '../build/turtle_brick/turtle_brick.egg-info/SOURCES.txt'
[2.314s] running build
[2.314s] running build_py
[2.314s] copying turtle_brick/turtle_robot.py -> /home/alyssa/homework2-alyssa225/src/build/turtle_brick/build/lib/turtle_brick
[2.314s] running install
[2.314s] /usr/lib/python3/dist-packages/setuptools/command/install.py:34: SetuptoolsDeprecationWarning: setup.py install is deprecated. Use build and pip and other standards-based tools.
[2.314s]   warnings.warn(
[2.315s] running install_lib
[2.315s] copying /home/alyssa/homework2-alyssa225/src/build/turtle_brick/build/lib/turtle_brick/turtle_robot.py -> /home/alyssa/homework2-alyssa225/src/install/turtle_brick/lib/python3.10/site-packages/turtle_brick
[2.316s] byte-compiling /home/alyssa/homework2-alyssa225/src/install/turtle_brick/lib/python3.10/site-packages/turtle_brick/turtle_robot.py to turtle_robot.cpython-310.pyc
[2.317s] running install_data
[2.318s] running install_egg_info
[2.320s] removing '/home/alyssa/homework2-alyssa225/src/install/turtle_brick/lib/python3.10/site-packages/turtle_brick-0.0.0-py3.10.egg-info' (and everything under it)
[2.321s] Copying ../build/turtle_brick/turtle_brick.egg-info to /home/alyssa/homework2-alyssa225/src/install/turtle_brick/lib/python3.10/site-packages/turtle_brick-0.0.0-py3.10.egg-info
[2.322s] running install_scripts
[2.346s] Installing arena script to /home/alyssa/homework2-alyssa225/src/install/turtle_brick/lib/turtle_brick
[2.346s] Installing turtle_robot script to /home/alyssa/homework2-alyssa225/src/install/turtle_brick/lib/turtle_brick
[2.346s] writing list of installed files to '/home/alyssa/homework2-alyssa225/src/build/turtle_brick/install.log'
[2.387s] Invoked command in '/home/alyssa/homework2-alyssa225/src/turtle_brick' returned '0': PYTHONPATH=/home/alyssa/homework2-alyssa225/src/install/turtle_brick/lib/python3.10/site-packages:${PYTHONPATH} /usr/bin/python3 setup.py egg_info --egg-base ../build/turtle_brick build --build-base /home/alyssa/homework2-alyssa225/src/build/turtle_brick/build install --prefix /home/alyssa/homework2-alyssa225/src/install/turtle_brick --record /home/alyssa/homework2-alyssa225/src/build/turtle_brick/install.log --single-version-externally-managed
