[0.250s] Invoking command in '/home/alyssa/homework2-alyssa225/build/turtle_brick_interfaces': CMAKE_PREFIX_PATH=${CMAKE_PREFIX_PATH}:/home/alyssa/homework2-alyssa225/install/turtle_brick:/opt/ros/humble /usr/bin/cmake --build /home/alyssa/homework2-alyssa225/build/turtle_brick_interfaces -- -j8 -l8
[0.274s] -- Found ament_cmake: 1.3.2 (/opt/ros/humble/share/ament_cmake/cmake)
[0.434s] -- Found rosidl_default_generators: 1.2.0 (/opt/ros/humble/share/rosidl_default_generators/cmake)
[0.438s] -- Using all available rosidl_typesupport_c: rosidl_typesupport_fastrtps_c;rosidl_typesupport_introspection_c
[0.443s] -- Found rosidl_adapter: 3.1.3 (/opt/ros/humble/share/rosidl_adapter/cmake)
[0.491s] -- Using all available rosidl_typesupport_cpp: rosidl_typesupport_fastrtps_cpp;rosidl_typesupport_introspection_cpp
[0.831s] -- Found ament_cmake_ros: 0.10.0 (/opt/ros/humble/share/ament_cmake_ros/cmake)
[1.030s] -- Using all available rosidl_typesupport_c: rosidl_typesupport_fastrtps_c;rosidl_typesupport_introspection_c
[1.249s] -- Using all available rosidl_typesupport_cpp: rosidl_typesupport_fastrtps_cpp;rosidl_typesupport_introspection_cpp
[1.269s] -- Found python_cmake_module: 0.10.0 (/opt/ros/humble/share/python_cmake_module/cmake)
[1.290s] -- Using PYTHON_EXECUTABLE: /usr/bin/python3
[1.290s] -- Using PYTHON_INCLUDE_DIRS: /usr/include/python3.10
[1.290s] -- Using PYTHON_LIBRARIES: /usr/lib/x86_64-linux-gnu/libpython3.10.so
[1.301s] -- Found ament_lint_auto: 0.12.4 (/opt/ros/humble/share/ament_lint_auto/cmake)
[1.311s] -- Added test 'lint_cmake' to check CMake code style
[1.313s] -- Added test 'xmllint' to check XML markup files
[1.315s] -- Configuring done
[1.356s] -- Generating done
[1.361s] -- Build files have been written to: /home/alyssa/homework2-alyssa225/build/turtle_brick_interfaces
[1.383s] [35m[1mConsolidate compiler generated dependencies of target turtle_brick_interfaces__rosidl_generator_c[0m
[1.394s] [  2%] Built target turtle_brick_interfaces__cpp
[1.397s] [ 12%] Built target turtle_brick_interfaces__rosidl_generator_c
[1.409s] [35m[1mConsolidate compiler generated dependencies of target turtle_brick_interfaces__rosidl_typesupport_cpp[0m
[1.410s] [ 12%] Built target ament_cmake_python_copy_turtle_brick_interfaces
[1.412s] [35m[1mConsolidate compiler generated dependencies of target turtle_brick_interfaces__rosidl_typesupport_introspection_cpp[0m
[1.412s] [35m[1mConsolidate compiler generated dependencies of target turtle_brick_interfaces__rosidl_typesupport_fastrtps_cpp[0m
[1.417s] [35m[1mConsolidate compiler generated dependencies of target turtle_brick_interfaces__rosidl_typesupport_c[0m
[1.417s] [35m[1mConsolidate compiler generated dependencies of target turtle_brick_interfaces__rosidl_typesupport_introspection_c[0m
[1.418s] [35m[1mConsolidate compiler generated dependencies of target turtle_brick_interfaces__rosidl_typesupport_fastrtps_c[0m
[1.441s] [ 23%] Built target turtle_brick_interfaces__rosidl_typesupport_c
[1.443s] [ 42%] Built target turtle_brick_interfaces__rosidl_typesupport_introspection_c
[1.443s] [ 44%] Built target turtle_brick_interfaces__rosidl_typesupport_introspection_cpp
[1.446s] [ 55%] Built target turtle_brick_interfaces__rosidl_typesupport_cpp
[1.447s] [ 65%] Built target turtle_brick_interfaces__rosidl_typesupport_fastrtps_cpp
[1.452s] [ 76%] Built target turtle_brick_interfaces__rosidl_typesupport_fastrtps_c
[1.471s] [ 76%] Built target turtle_brick_interfaces
[1.490s] [ 78%] Built target turtle_brick_interfaces__py
[1.501s] [35m[1mConsolidate compiler generated dependencies of target turtle_brick_interfaces__rosidl_generator_py[0m
[1.521s] [ 87%] Built target turtle_brick_interfaces__rosidl_generator_py
[1.533s] [35m[1mConsolidate compiler generated dependencies of target turtle_brick_interfaces__rosidl_typesupport_introspection_c__pyext[0m
[1.537s] [35m[1mConsolidate compiler generated dependencies of target turtle_brick_interfaces__rosidl_typesupport_fastrtps_c__pyext[0m
[1.537s] [35m[1mConsolidate compiler generated dependencies of target turtle_brick_interfaces__rosidl_typesupport_c__pyext[0m
[1.554s] [ 91%] Built target turtle_brick_interfaces__rosidl_typesupport_introspection_c__pyext
[1.561s] [ 95%] Built target turtle_brick_interfaces__rosidl_typesupport_fastrtps_c__pyext
[1.562s] [100%] Built target turtle_brick_interfaces__rosidl_typesupport_c__pyext
[1.741s] running egg_info
[1.742s] writing turtle_brick_interfaces.egg-info/PKG-INFO
[1.742s] writing dependency_links to turtle_brick_interfaces.egg-info/dependency_links.txt
[1.742s] writing top-level names to turtle_brick_interfaces.egg-info/top_level.txt
[1.745s] reading manifest file 'turtle_brick_interfaces.egg-info/SOURCES.txt'
[1.746s] writing manifest file 'turtle_brick_interfaces.egg-info/SOURCES.txt'
[1.771s] [100%] Built target ament_cmake_python_build_turtle_brick_interfaces_egg
[1.784s] Invoked command in '/home/alyssa/homework2-alyssa225/build/turtle_brick_interfaces' returned '0': CMAKE_PREFIX_PATH=${CMAKE_PREFIX_PATH}:/home/alyssa/homework2-alyssa225/install/turtle_brick:/opt/ros/humble /usr/bin/cmake --build /home/alyssa/homework2-alyssa225/build/turtle_brick_interfaces -- -j8 -l8
[1.880s] Invoking command in '/home/alyssa/homework2-alyssa225/build/turtle_brick_interfaces': CMAKE_PREFIX_PATH=${CMAKE_PREFIX_PATH}:/home/alyssa/homework2-alyssa225/install/turtle_brick:/opt/ros/humble /usr/bin/cmake --install /home/alyssa/homework2-alyssa225/build/turtle_brick_interfaces
[1.889s] -- Install configuration: ""
[1.889s] -- Up-to-date: /home/alyssa/homework2-alyssa225/install/turtle_brick_interfaces/share/ament_index/resource_index/rosidl_interfaces/turtle_brick_interfaces
[1.890s] -- Up-to-date: /home/alyssa/homework2-alyssa225/install/turtle_brick_interfaces/include/turtle_brick_interfaces/turtle_brick_interfaces
[1.890s] -- Up-to-date: /home/alyssa/homework2-alyssa225/install/turtle_brick_interfaces/include/turtle_brick_interfaces/turtle_brick_interfaces/srv
[1.890s] -- Up-to-date: /home/alyssa/homework2-alyssa225/install/turtle_brick_interfaces/include/turtle_brick_interfaces/turtle_brick_interfaces/srv/detail
[1.890s] -- Up-to-date: /home/alyssa/homework2-alyssa225/install/turtle_brick_interfaces/include/turtle_brick_interfaces/turtle_brick_interfaces/srv/detail/drop__functions.c
[1.890s] -- Up-to-date: /home/alyssa/homework2-alyssa225/install/turtle_brick_interfaces/include/turtle_brick_interfaces/turtle_brick_interfaces/srv/detail/place__struct.h
[1.890s] -- Up-to-date: /home/alyssa/homework2-alyssa225/install/turtle_brick_interfaces/include/turtle_brick_interfaces/turtle_brick_interfaces/srv/detail/drop__functions.h
[1.890s] -- Up-to-date: /home/alyssa/homework2-alyssa225/install/turtle_brick_interfaces/include/turtle_brick_interfaces/turtle_brick_interfaces/srv/detail/place__functions.h
[1.891s] -- Up-to-date: /home/alyssa/homework2-alyssa225/install/turtle_brick_interfaces/include/turtle_brick_interfaces/turtle_brick_interfaces/srv/detail/drop__struct.h
[1.891s] -- Up-to-date: /home/alyssa/homework2-alyssa225/install/turtle_brick_interfaces/include/turtle_brick_interfaces/turtle_brick_interfaces/srv/detail/place__functions.c
[1.891s] -- Up-to-date: /home/alyssa/homework2-alyssa225/install/turtle_brick_interfaces/include/turtle_brick_interfaces/turtle_brick_interfaces/srv/detail/place__type_support.h
[1.891s] -- Up-to-date: /home/alyssa/homework2-alyssa225/install/turtle_brick_interfaces/include/turtle_brick_interfaces/turtle_brick_interfaces/srv/detail/drop__type_support.h
[1.891s] -- Up-to-date: /home/alyssa/homework2-alyssa225/install/turtle_brick_interfaces/include/turtle_brick_interfaces/turtle_brick_interfaces/srv/drop.h
[1.892s] -- Up-to-date: /home/alyssa/homework2-alyssa225/install/turtle_brick_interfaces/include/turtle_brick_interfaces/turtle_brick_interfaces/srv/place.h
[1.892s] -- Up-to-date: /home/alyssa/homework2-alyssa225/install/turtle_brick_interfaces/include/turtle_brick_interfaces/turtle_brick_interfaces/msg
[1.892s] -- Up-to-date: /home/alyssa/homework2-alyssa225/install/turtle_brick_interfaces/include/turtle_brick_interfaces/turtle_brick_interfaces/msg/tilt.h
[1.892s] -- Up-to-date: /home/alyssa/homework2-alyssa225/install/turtle_brick_interfaces/include/turtle_brick_interfaces/turtle_brick_interfaces/msg/detail
[1.892s] -- Up-to-date: /home/alyssa/homework2-alyssa225/install/turtle_brick_interfaces/include/turtle_brick_interfaces/turtle_brick_interfaces/msg/detail/tilt__struct.h
[1.893s] -- Up-to-date: /home/alyssa/homework2-alyssa225/install/turtle_brick_interfaces/include/turtle_brick_interfaces/turtle_brick_interfaces/msg/detail/tilt__functions.h
[1.893s] -- Up-to-date: /home/alyssa/homework2-alyssa225/install/turtle_brick_interfaces/include/turtle_brick_interfaces/turtle_brick_interfaces/msg/detail/tilt__functions.c
[1.893s] -- Up-to-date: /home/alyssa/homework2-alyssa225/install/turtle_brick_interfaces/include/turtle_brick_interfaces/turtle_brick_interfaces/msg/detail/tilt__type_support.h
[1.893s] -- Up-to-date: /home/alyssa/homework2-alyssa225/install/turtle_brick_interfaces/include/turtle_brick_interfaces/turtle_brick_interfaces/msg/rosidl_generator_c__visibility_control.h
[1.893s] -- Up-to-date: /home/alyssa/homework2-alyssa225/install/turtle_brick_interfaces/share/turtle_brick_interfaces/environment/library_path.sh
[1.893s] -- Installing: /home/alyssa/homework2-alyssa225/install/turtle_brick_interfaces/share/turtle_brick_interfaces/environment/library_path.dsv
[1.894s] -- Up-to-date: /home/alyssa/homework2-alyssa225/install/turtle_brick_interfaces/lib/libturtle_brick_interfaces__rosidl_generator_c.so
[1.894s] -- Up-to-date: /home/alyssa/homework2-alyssa225/install/turtle_brick_interfaces/include/turtle_brick_interfaces/turtle_brick_interfaces
[1.894s] -- Up-to-date: /home/alyssa/homework2-alyssa225/install/turtle_brick_interfaces/include/turtle_brick_interfaces/turtle_brick_interfaces/srv
[1.894s] -- Up-to-date: /home/alyssa/homework2-alyssa225/install/turtle_brick_interfaces/include/turtle_brick_interfaces/turtle_brick_interfaces/srv/detail
[1.895s] -- Up-to-date: /home/alyssa/homework2-alyssa225/install/turtle_brick_interfaces/include/turtle_brick_interfaces/turtle_brick_interfaces/srv/detail/drop__rosidl_typesupport_fastrtps_c.h
[1.895s] -- Up-to-date: /home/alyssa/homework2-alyssa225/install/turtle_brick_interfaces/include/turtle_brick_interfaces/turtle_brick_interfaces/srv/detail/place__rosidl_typesupport_fastrtps_c.h
[1.895s] -- Up-to-date: /home/alyssa/homework2-alyssa225/install/turtle_brick_interfaces/include/turtle_brick_interfaces/turtle_brick_interfaces/msg
[1.895s] -- Up-to-date: /home/alyssa/homework2-alyssa225/install/turtle_brick_interfaces/include/turtle_brick_interfaces/turtle_brick_interfaces/msg/rosidl_typesupport_fastrtps_c__visibility_control.h
[1.895s] -- Up-to-date: /home/alyssa/homework2-alyssa225/install/turtle_brick_interfaces/include/turtle_brick_interfaces/turtle_brick_interfaces/msg/detail
[1.896s] -- Up-to-date: /home/alyssa/homework2-alyssa225/install/turtle_brick_interfaces/include/turtle_brick_interfaces/turtle_brick_interfaces/msg/detail/tilt__rosidl_typesupport_fastrtps_c.h
[1.896s] -- Up-to-date: /home/alyssa/homework2-alyssa225/install/turtle_brick_interfaces/lib/libturtle_brick_interfaces__rosidl_typesupport_fastrtps_c.so
[1.896s] -- Up-to-date: /home/alyssa/homework2-alyssa225/install/turtle_brick_interfaces/include/turtle_brick_interfaces/turtle_brick_interfaces
[1.896s] -- Up-to-date: /home/alyssa/homework2-alyssa225/install/turtle_brick_interfaces/include/turtle_brick_interfaces/turtle_brick_interfaces/srv
[1.897s] -- Up-to-date: /home/alyssa/homework2-alyssa225/install/turtle_brick_interfaces/include/turtle_brick_interfaces/turtle_brick_interfaces/srv/detail
[1.897s] -- Up-to-date: /home/alyssa/homework2-alyssa225/install/turtle_brick_interfaces/include/turtle_brick_interfaces/turtle_brick_interfaces/srv/detail/drop__rosidl_typesupport_introspection_c.h
[1.897s] -- Up-to-date: /home/alyssa/homework2-alyssa225/install/turtle_brick_interfaces/include/turtle_brick_interfaces/turtle_brick_interfaces/srv/detail/place__rosidl_typesupport_introspection_c.h
[1.897s] -- Up-to-date: /home/alyssa/homework2-alyssa225/install/turtle_brick_interfaces/include/turtle_brick_interfaces/turtle_brick_interfaces/srv/detail/place__type_support.c
[1.897s] -- Up-to-date: /home/alyssa/homework2-alyssa225/install/turtle_brick_interfaces/include/turtle_brick_interfaces/turtle_brick_interfaces/srv/detail/drop__type_support.c
[1.897s] -- Up-to-date: /home/alyssa/homework2-alyssa225/install/turtle_brick_interfaces/include/turtle_brick_interfaces/turtle_brick_interfaces/msg
[1.898s] -- Up-to-date: /home/alyssa/homework2-alyssa225/install/turtle_brick_interfaces/include/turtle_brick_interfaces/turtle_brick_interfaces/msg/detail
[1.898s] -- Up-to-date: /home/alyssa/homework2-alyssa225/install/turtle_brick_interfaces/include/turtle_brick_interfaces/turtle_brick_interfaces/msg/detail/tilt__type_support.c
[1.898s] -- Up-to-date: /home/alyssa/homework2-alyssa225/install/turtle_brick_interfaces/include/turtle_brick_interfaces/turtle_brick_interfaces/msg/detail/tilt__rosidl_typesupport_introspection_c.h
[1.898s] -- Up-to-date: /home/alyssa/homework2-alyssa225/install/turtle_brick_interfaces/include/turtle_brick_interfaces/turtle_brick_interfaces/msg/rosidl_typesupport_introspection_c__visibility_control.h
[1.898s] -- Up-to-date: /home/alyssa/homework2-alyssa225/install/turtle_brick_interfaces/lib/libturtle_brick_interfaces__rosidl_typesupport_introspection_c.so
[1.898s] -- Up-to-date: /home/alyssa/homework2-alyssa225/install/turtle_brick_interfaces/lib/libturtle_brick_interfaces__rosidl_typesupport_c.so
[1.899s] -- Up-to-date: /home/alyssa/homework2-alyssa225/install/turtle_brick_interfaces/include/turtle_brick_interfaces/turtle_brick_interfaces
[1.899s] -- Up-to-date: /home/alyssa/homework2-alyssa225/install/turtle_brick_interfaces/include/turtle_brick_interfaces/turtle_brick_interfaces/srv
[1.899s] -- Up-to-date: /home/alyssa/homework2-alyssa225/install/turtle_brick_interfaces/include/turtle_brick_interfaces/turtle_brick_interfaces/srv/place.hpp
[1.899s] -- Up-to-date: /home/alyssa/homework2-alyssa225/install/turtle_brick_interfaces/include/turtle_brick_interfaces/turtle_brick_interfaces/srv/detail
[1.900s] -- Up-to-date: /home/alyssa/homework2-alyssa225/install/turtle_brick_interfaces/include/turtle_brick_interfaces/turtle_brick_interfaces/srv/detail/drop__struct.hpp
[1.900s] -- Up-to-date: /home/alyssa/homework2-alyssa225/install/turtle_brick_interfaces/include/turtle_brick_interfaces/turtle_brick_interfaces/srv/detail/place__traits.hpp
[1.900s] -- Up-to-date: /home/alyssa/homework2-alyssa225/install/turtle_brick_interfaces/include/turtle_brick_interfaces/turtle_brick_interfaces/srv/detail/place__struct.hpp
[1.900s] -- Up-to-date: /home/alyssa/homework2-alyssa225/install/turtle_brick_interfaces/include/turtle_brick_interfaces/turtle_brick_interfaces/srv/detail/drop__traits.hpp
[1.900s] -- Up-to-date: /home/alyssa/homework2-alyssa225/install/turtle_brick_interfaces/include/turtle_brick_interfaces/turtle_brick_interfaces/srv/detail/place__builder.hpp
[1.900s] -- Up-to-date: /home/alyssa/homework2-alyssa225/install/turtle_brick_interfaces/include/turtle_brick_interfaces/turtle_brick_interfaces/srv/detail/drop__builder.hpp
[1.900s] -- Up-to-date: /home/alyssa/homework2-alyssa225/install/turtle_brick_interfaces/include/turtle_brick_interfaces/turtle_brick_interfaces/srv/drop.hpp
[1.901s] -- Up-to-date: /home/alyssa/homework2-alyssa225/install/turtle_brick_interfaces/include/turtle_brick_interfaces/turtle_brick_interfaces/msg
[1.901s] -- Up-to-date: /home/alyssa/homework2-alyssa225/install/turtle_brick_interfaces/include/turtle_brick_interfaces/turtle_brick_interfaces/msg/detail
[1.901s] -- Up-to-date: /home/alyssa/homework2-alyssa225/install/turtle_brick_interfaces/include/turtle_brick_interfaces/turtle_brick_interfaces/msg/detail/tilt__traits.hpp
[1.901s] -- Up-to-date: /home/alyssa/homework2-alyssa225/install/turtle_brick_interfaces/include/turtle_brick_interfaces/turtle_brick_interfaces/msg/detail/tilt__builder.hpp
[1.901s] -- Up-to-date: /home/alyssa/homework2-alyssa225/install/turtle_brick_interfaces/include/turtle_brick_interfaces/turtle_brick_interfaces/msg/detail/tilt__struct.hpp
[1.901s] -- Up-to-date: /home/alyssa/homework2-alyssa225/install/turtle_brick_interfaces/include/turtle_brick_interfaces/turtle_brick_interfaces/msg/tilt.hpp
[1.901s] -- Up-to-date: /home/alyssa/homework2-alyssa225/install/turtle_brick_interfaces/include/turtle_brick_interfaces/turtle_brick_interfaces
[1.902s] -- Up-to-date: /home/alyssa/homework2-alyssa225/install/turtle_brick_interfaces/include/turtle_brick_interfaces/turtle_brick_interfaces/srv
[1.902s] -- Up-to-date: /home/alyssa/homework2-alyssa225/install/turtle_brick_interfaces/include/turtle_brick_interfaces/turtle_brick_interfaces/srv/detail
[1.902s] -- Up-to-date: /home/alyssa/homework2-alyssa225/install/turtle_brick_interfaces/include/turtle_brick_interfaces/turtle_brick_interfaces/srv/detail/dds_fastrtps
[1.902s] -- Up-to-date: /home/alyssa/homework2-alyssa225/install/turtle_brick_interfaces/include/turtle_brick_interfaces/turtle_brick_interfaces/srv/detail/drop__rosidl_typesupport_fastrtps_cpp.hpp
[1.902s] -- Up-to-date: /home/alyssa/homework2-alyssa225/install/turtle_brick_interfaces/include/turtle_brick_interfaces/turtle_brick_interfaces/srv/detail/place__rosidl_typesupport_fastrtps_cpp.hpp
[1.902s] -- Up-to-date: /home/alyssa/homework2-alyssa225/install/turtle_brick_interfaces/include/turtle_brick_interfaces/turtle_brick_interfaces/msg
[1.903s] -- Up-to-date: /home/alyssa/homework2-alyssa225/install/turtle_brick_interfaces/include/turtle_brick_interfaces/turtle_brick_interfaces/msg/detail
[1.903s] -- Up-to-date: /home/alyssa/homework2-alyssa225/install/turtle_brick_interfaces/include/turtle_brick_interfaces/turtle_brick_interfaces/msg/detail/dds_fastrtps
[1.903s] -- Up-to-date: /home/alyssa/homework2-alyssa225/install/turtle_brick_interfaces/include/turtle_brick_interfaces/turtle_brick_interfaces/msg/detail/tilt__rosidl_typesupport_fastrtps_cpp.hpp
[1.903s] -- Up-to-date: /home/alyssa/homework2-alyssa225/install/turtle_brick_interfaces/include/turtle_brick_interfaces/turtle_brick_interfaces/msg/rosidl_typesupport_fastrtps_cpp__visibility_control.h
[1.903s] -- Up-to-date: /home/alyssa/homework2-alyssa225/install/turtle_brick_interfaces/lib/libturtle_brick_interfaces__rosidl_typesupport_fastrtps_cpp.so
[1.903s] -- Up-to-date: /home/alyssa/homework2-alyssa225/install/turtle_brick_interfaces/include/turtle_brick_interfaces/turtle_brick_interfaces
[1.904s] -- Up-to-date: /home/alyssa/homework2-alyssa225/install/turtle_brick_interfaces/include/turtle_brick_interfaces/turtle_brick_interfaces/srv
[1.904s] -- Up-to-date: /home/alyssa/homework2-alyssa225/install/turtle_brick_interfaces/include/turtle_brick_interfaces/turtle_brick_interfaces/srv/detail
[1.904s] -- Up-to-date: /home/alyssa/homework2-alyssa225/install/turtle_brick_interfaces/include/turtle_brick_interfaces/turtle_brick_interfaces/srv/detail/drop__rosidl_typesupport_introspection_cpp.hpp
[1.904s] -- Up-to-date: /home/alyssa/homework2-alyssa225/install/turtle_brick_interfaces/include/turtle_brick_interfaces/turtle_brick_interfaces/srv/detail/drop__type_support.cpp
[1.904s] -- Up-to-date: /home/alyssa/homework2-alyssa225/install/turtle_brick_interfaces/include/turtle_brick_interfaces/turtle_brick_interfaces/srv/detail/place__type_support.cpp
[1.905s] -- Up-to-date: /home/alyssa/homework2-alyssa225/install/turtle_brick_interfaces/include/turtle_brick_interfaces/turtle_brick_interfaces/srv/detail/place__rosidl_typesupport_introspection_cpp.hpp
[1.905s] -- Up-to-date: /home/alyssa/homework2-alyssa225/install/turtle_brick_interfaces/include/turtle_brick_interfaces/turtle_brick_interfaces/msg
[1.905s] -- Up-to-date: /home/alyssa/homework2-alyssa225/install/turtle_brick_interfaces/include/turtle_brick_interfaces/turtle_brick_interfaces/msg/detail
[1.905s] -- Up-to-date: /home/alyssa/homework2-alyssa225/install/turtle_brick_interfaces/include/turtle_brick_interfaces/turtle_brick_interfaces/msg/detail/tilt__type_support.cpp
[1.905s] -- Up-to-date: /home/alyssa/homework2-alyssa225/install/turtle_brick_interfaces/include/turtle_brick_interfaces/turtle_brick_interfaces/msg/detail/tilt__rosidl_typesupport_introspection_cpp.hpp
[1.905s] -- Up-to-date: /home/alyssa/homework2-alyssa225/install/turtle_brick_interfaces/lib/libturtle_brick_interfaces__rosidl_typesupport_introspection_cpp.so
[1.906s] -- Up-to-date: /home/alyssa/homework2-alyssa225/install/turtle_brick_interfaces/lib/libturtle_brick_interfaces__rosidl_typesupport_cpp.so
[1.906s] -- Up-to-date: /home/alyssa/homework2-alyssa225/install/turtle_brick_interfaces/share/turtle_brick_interfaces/environment/pythonpath.sh
[1.906s] -- Installing: /home/alyssa/homework2-alyssa225/install/turtle_brick_interfaces/share/turtle_brick_interfaces/environment/pythonpath.dsv
[1.906s] -- Up-to-date: /home/alyssa/homework2-alyssa225/install/turtle_brick_interfaces/local/lib/python3.10/dist-packages/turtle_brick_interfaces-0.0.0-py3.10.egg-info
[1.906s] -- Installing: /home/alyssa/homework2-alyssa225/install/turtle_brick_interfaces/local/lib/python3.10/dist-packages/turtle_brick_interfaces-0.0.0-py3.10.egg-info/top_level.txt
[1.906s] -- Installing: /home/alyssa/homework2-alyssa225/install/turtle_brick_interfaces/local/lib/python3.10/dist-packages/turtle_brick_interfaces-0.0.0-py3.10.egg-info/dependency_links.txt
[1.907s] -- Installing: /home/alyssa/homework2-alyssa225/install/turtle_brick_interfaces/local/lib/python3.10/dist-packages/turtle_brick_interfaces-0.0.0-py3.10.egg-info/SOURCES.txt
[1.907s] -- Installing: /home/alyssa/homework2-alyssa225/install/turtle_brick_interfaces/local/lib/python3.10/dist-packages/turtle_brick_interfaces-0.0.0-py3.10.egg-info/PKG-INFO
[1.907s] -- Up-to-date: /home/alyssa/homework2-alyssa225/install/turtle_brick_interfaces/local/lib/python3.10/dist-packages/turtle_brick_interfaces
[1.907s] -- Up-to-date: /home/alyssa/homework2-alyssa225/install/turtle_brick_interfaces/local/lib/python3.10/dist-packages/turtle_brick_interfaces/turtle_brick_interfaces_s__rosidl_typesupport_introspection_c.cpython-310-x86_64-linux-gnu.so
[1.907s] -- Up-to-date: /home/alyssa/homework2-alyssa225/install/turtle_brick_interfaces/local/lib/python3.10/dist-packages/turtle_brick_interfaces/srv
[1.907s] -- Up-to-date: /home/alyssa/homework2-alyssa225/install/turtle_brick_interfaces/local/lib/python3.10/dist-packages/turtle_brick_interfaces/srv/_drop.py
[1.907s] -- Up-to-date: /home/alyssa/homework2-alyssa225/install/turtle_brick_interfaces/local/lib/python3.10/dist-packages/turtle_brick_interfaces/srv/_drop_s.c
[1.908s] -- Up-to-date: /home/alyssa/homework2-alyssa225/install/turtle_brick_interfaces/local/lib/python3.10/dist-packages/turtle_brick_interfaces/srv/__init__.py
[1.908s] -- Up-to-date: /home/alyssa/homework2-alyssa225/install/turtle_brick_interfaces/local/lib/python3.10/dist-packages/turtle_brick_interfaces/srv/_place_s.c
[1.908s] -- Up-to-date: /home/alyssa/homework2-alyssa225/install/turtle_brick_interfaces/local/lib/python3.10/dist-packages/turtle_brick_interfaces/srv/_place.py
[1.908s] -- Up-to-date: /home/alyssa/homework2-alyssa225/install/turtle_brick_interfaces/local/lib/python3.10/dist-packages/turtle_brick_interfaces/msg
[1.908s] -- Up-to-date: /home/alyssa/homework2-alyssa225/install/turtle_brick_interfaces/local/lib/python3.10/dist-packages/turtle_brick_interfaces/msg/_tilt.py
[1.908s] -- Up-to-date: /home/alyssa/homework2-alyssa225/install/turtle_brick_interfaces/local/lib/python3.10/dist-packages/turtle_brick_interfaces/msg/_tilt_s.c
[1.909s] -- Up-to-date: /home/alyssa/homework2-alyssa225/install/turtle_brick_interfaces/local/lib/python3.10/dist-packages/turtle_brick_interfaces/msg/__init__.py
[1.909s] -- Up-to-date: /home/alyssa/homework2-alyssa225/install/turtle_brick_interfaces/local/lib/python3.10/dist-packages/turtle_brick_interfaces/_turtle_brick_interfaces_s.ep.rosidl_typesupport_introspection_c.c
[1.909s] -- Up-to-date: /home/alyssa/homework2-alyssa225/install/turtle_brick_interfaces/local/lib/python3.10/dist-packages/turtle_brick_interfaces/turtle_brick_interfaces_s__rosidl_typesupport_fastrtps_c.cpython-310-x86_64-linux-gnu.so
[1.909s] -- Up-to-date: /home/alyssa/homework2-alyssa225/install/turtle_brick_interfaces/local/lib/python3.10/dist-packages/turtle_brick_interfaces/_turtle_brick_interfaces_s.ep.rosidl_typesupport_fastrtps_c.c
[1.909s] -- Up-to-date: /home/alyssa/homework2-alyssa225/install/turtle_brick_interfaces/local/lib/python3.10/dist-packages/turtle_brick_interfaces/_turtle_brick_interfaces_s.ep.rosidl_typesupport_c.c
[1.909s] -- Installing: /home/alyssa/homework2-alyssa225/install/turtle_brick_interfaces/local/lib/python3.10/dist-packages/turtle_brick_interfaces/__init__.py
[1.909s] -- Up-to-date: /home/alyssa/homework2-alyssa225/install/turtle_brick_interfaces/local/lib/python3.10/dist-packages/turtle_brick_interfaces/turtle_brick_interfaces_s__rosidl_typesupport_c.cpython-310-x86_64-linux-gnu.so
[1.910s] -- Up-to-date: /home/alyssa/homework2-alyssa225/install/turtle_brick_interfaces/local/lib/python3.10/dist-packages/turtle_brick_interfaces/libturtle_brick_interfaces__rosidl_generator_py.so
[1.945s] Listing '/home/alyssa/homework2-alyssa225/install/turtle_brick_interfaces/local/lib/python3.10/dist-packages/turtle_brick_interfaces'...
[1.945s] Compiling '/home/alyssa/homework2-alyssa225/install/turtle_brick_interfaces/local/lib/python3.10/dist-packages/turtle_brick_interfaces/__init__.py'...
[1.945s] Listing '/home/alyssa/homework2-alyssa225/install/turtle_brick_interfaces/local/lib/python3.10/dist-packages/turtle_brick_interfaces/msg'...
[1.945s] Listing '/home/alyssa/homework2-alyssa225/install/turtle_brick_interfaces/local/lib/python3.10/dist-packages/turtle_brick_interfaces/srv'...
[1.951s] -- Up-to-date: /home/alyssa/homework2-alyssa225/install/turtle_brick_interfaces/local/lib/python3.10/dist-packages/turtle_brick_interfaces/turtle_brick_interfaces_s__rosidl_typesupport_fastrtps_c.cpython-310-x86_64-linux-gnu.so
[1.951s] -- Up-to-date: /home/alyssa/homework2-alyssa225/install/turtle_brick_interfaces/local/lib/python3.10/dist-packages/turtle_brick_interfaces/turtle_brick_interfaces_s__rosidl_typesupport_introspection_c.cpython-310-x86_64-linux-gnu.so
[1.952s] -- Up-to-date: /home/alyssa/homework2-alyssa225/install/turtle_brick_interfaces/local/lib/python3.10/dist-packages/turtle_brick_interfaces/turtle_brick_interfaces_s__rosidl_typesupport_c.cpython-310-x86_64-linux-gnu.so
[1.952s] -- Up-to-date: /home/alyssa/homework2-alyssa225/install/turtle_brick_interfaces/lib/libturtle_brick_interfaces__rosidl_generator_py.so
[1.953s] -- Up-to-date: /home/alyssa/homework2-alyssa225/install/turtle_brick_interfaces/share/turtle_brick_interfaces/msg/Tilt.idl
[1.953s] -- Up-to-date: /home/alyssa/homework2-alyssa225/install/turtle_brick_interfaces/share/turtle_brick_interfaces/srv/Place.idl
[1.953s] -- Up-to-date: /home/alyssa/homework2-alyssa225/install/turtle_brick_interfaces/share/turtle_brick_interfaces/srv/Drop.idl
[1.953s] -- Up-to-date: /home/alyssa/homework2-alyssa225/install/turtle_brick_interfaces/share/turtle_brick_interfaces/msg/Tilt.msg
[1.953s] -- Up-to-date: /home/alyssa/homework2-alyssa225/install/turtle_brick_interfaces/share/turtle_brick_interfaces/srv/Place.srv
[1.953s] -- Up-to-date: /home/alyssa/homework2-alyssa225/install/turtle_brick_interfaces/share/turtle_brick_interfaces/srv/Place_Request.msg
[1.954s] -- Up-to-date: /home/alyssa/homework2-alyssa225/install/turtle_brick_interfaces/share/turtle_brick_interfaces/srv/Place_Response.msg
[1.954s] -- Up-to-date: /home/alyssa/homework2-alyssa225/install/turtle_brick_interfaces/share/turtle_brick_interfaces/srv/Drop.srv
[1.954s] -- Up-to-date: /home/alyssa/homework2-alyssa225/install/turtle_brick_interfaces/share/turtle_brick_interfaces/srv/Drop_Request.msg
[1.954s] -- Up-to-date: /home/alyssa/homework2-alyssa225/install/turtle_brick_interfaces/share/turtle_brick_interfaces/srv/Drop_Response.msg
[1.954s] -- Up-to-date: /home/alyssa/homework2-alyssa225/install/turtle_brick_interfaces/share/ament_index/resource_index/package_run_dependencies/turtle_brick_interfaces
[1.954s] -- Installing: /home/alyssa/homework2-alyssa225/install/turtle_brick_interfaces/share/ament_index/resource_index/parent_prefix_path/turtle_brick_interfaces
[1.954s] -- Up-to-date: /home/alyssa/homework2-alyssa225/install/turtle_brick_interfaces/share/turtle_brick_interfaces/environment/ament_prefix_path.sh
[1.955s] -- Installing: /home/alyssa/homework2-alyssa225/install/turtle_brick_interfaces/share/turtle_brick_interfaces/environment/ament_prefix_path.dsv
[1.955s] -- Up-to-date: /home/alyssa/homework2-alyssa225/install/turtle_brick_interfaces/share/turtle_brick_interfaces/environment/path.sh
[1.955s] -- Installing: /home/alyssa/homework2-alyssa225/install/turtle_brick_interfaces/share/turtle_brick_interfaces/environment/path.dsv
[1.955s] -- Up-to-date: /home/alyssa/homework2-alyssa225/install/turtle_brick_interfaces/share/turtle_brick_interfaces/local_setup.bash
[1.955s] -- Up-to-date: /home/alyssa/homework2-alyssa225/install/turtle_brick_interfaces/share/turtle_brick_interfaces/local_setup.sh
[1.955s] -- Up-to-date: /home/alyssa/homework2-alyssa225/install/turtle_brick_interfaces/share/turtle_brick_interfaces/local_setup.zsh
[1.955s] -- Installing: /home/alyssa/homework2-alyssa225/install/turtle_brick_interfaces/share/turtle_brick_interfaces/local_setup.dsv
[1.956s] -- Installing: /home/alyssa/homework2-alyssa225/install/turtle_brick_interfaces/share/turtle_brick_interfaces/package.dsv
[1.956s] -- Up-to-date: /home/alyssa/homework2-alyssa225/install/turtle_brick_interfaces/share/ament_index/resource_index/packages/turtle_brick_interfaces
[1.956s] -- Up-to-date: /home/alyssa/homework2-alyssa225/install/turtle_brick_interfaces/share/turtle_brick_interfaces/cmake/export_turtle_brick_interfaces__rosidl_generator_cExport.cmake
[1.956s] -- Up-to-date: /home/alyssa/homework2-alyssa225/install/turtle_brick_interfaces/share/turtle_brick_interfaces/cmake/export_turtle_brick_interfaces__rosidl_generator_cExport-noconfig.cmake
[1.956s] -- Up-to-date: /home/alyssa/homework2-alyssa225/install/turtle_brick_interfaces/share/turtle_brick_interfaces/cmake/export_turtle_brick_interfaces__rosidl_typesupport_fastrtps_cExport.cmake
[1.956s] -- Up-to-date: /home/alyssa/homework2-alyssa225/install/turtle_brick_interfaces/share/turtle_brick_interfaces/cmake/export_turtle_brick_interfaces__rosidl_typesupport_fastrtps_cExport-noconfig.cmake
[1.957s] -- Up-to-date: /home/alyssa/homework2-alyssa225/install/turtle_brick_interfaces/share/turtle_brick_interfaces/cmake/turtle_brick_interfaces__rosidl_typesupport_introspection_cExport.cmake
[1.957s] -- Up-to-date: /home/alyssa/homework2-alyssa225/install/turtle_brick_interfaces/share/turtle_brick_interfaces/cmake/turtle_brick_interfaces__rosidl_typesupport_introspection_cExport-noconfig.cmake
[1.957s] -- Up-to-date: /home/alyssa/homework2-alyssa225/install/turtle_brick_interfaces/share/turtle_brick_interfaces/cmake/turtle_brick_interfaces__rosidl_typesupport_cExport.cmake
[1.957s] -- Up-to-date: /home/alyssa/homework2-alyssa225/install/turtle_brick_interfaces/share/turtle_brick_interfaces/cmake/turtle_brick_interfaces__rosidl_typesupport_cExport-noconfig.cmake
[1.957s] -- Up-to-date: /home/alyssa/homework2-alyssa225/install/turtle_brick_interfaces/share/turtle_brick_interfaces/cmake/export_turtle_brick_interfaces__rosidl_generator_cppExport.cmake
[1.957s] -- Up-to-date: /home/alyssa/homework2-alyssa225/install/turtle_brick_interfaces/share/turtle_brick_interfaces/cmake/export_turtle_brick_interfaces__rosidl_typesupport_fastrtps_cppExport.cmake
[1.958s] -- Up-to-date: /home/alyssa/homework2-alyssa225/install/turtle_brick_interfaces/share/turtle_brick_interfaces/cmake/export_turtle_brick_interfaces__rosidl_typesupport_fastrtps_cppExport-noconfig.cmake
[1.958s] -- Up-to-date: /home/alyssa/homework2-alyssa225/install/turtle_brick_interfaces/share/turtle_brick_interfaces/cmake/turtle_brick_interfaces__rosidl_typesupport_introspection_cppExport.cmake
[1.958s] -- Up-to-date: /home/alyssa/homework2-alyssa225/install/turtle_brick_interfaces/share/turtle_brick_interfaces/cmake/turtle_brick_interfaces__rosidl_typesupport_introspection_cppExport-noconfig.cmake
[1.958s] -- Up-to-date: /home/alyssa/homework2-alyssa225/install/turtle_brick_interfaces/share/turtle_brick_interfaces/cmake/turtle_brick_interfaces__rosidl_typesupport_cppExport.cmake
[1.958s] -- Up-to-date: /home/alyssa/homework2-alyssa225/install/turtle_brick_interfaces/share/turtle_brick_interfaces/cmake/turtle_brick_interfaces__rosidl_typesupport_cppExport-noconfig.cmake
[1.958s] -- Up-to-date: /home/alyssa/homework2-alyssa225/install/turtle_brick_interfaces/share/turtle_brick_interfaces/cmake/export_turtle_brick_interfaces__rosidl_generator_pyExport.cmake
[1.958s] -- Up-to-date: /home/alyssa/homework2-alyssa225/install/turtle_brick_interfaces/share/turtle_brick_interfaces/cmake/export_turtle_brick_interfaces__rosidl_generator_pyExport-noconfig.cmake
[1.959s] -- Up-to-date: /home/alyssa/homework2-alyssa225/install/turtle_brick_interfaces/share/turtle_brick_interfaces/cmake/rosidl_cmake-extras.cmake
[1.959s] -- Up-to-date: /home/alyssa/homework2-alyssa225/install/turtle_brick_interfaces/share/turtle_brick_interfaces/cmake/ament_cmake_export_include_directories-extras.cmake
[1.959s] -- Up-to-date: /home/alyssa/homework2-alyssa225/install/turtle_brick_interfaces/share/turtle_brick_interfaces/cmake/ament_cmake_export_libraries-extras.cmake
[1.959s] -- Up-to-date: /home/alyssa/homework2-alyssa225/install/turtle_brick_interfaces/share/turtle_brick_interfaces/cmake/ament_cmake_export_targets-extras.cmake
[1.959s] -- Up-to-date: /home/alyssa/homework2-alyssa225/install/turtle_brick_interfaces/share/turtle_brick_interfaces/cmake/rosidl_cmake_export_typesupport_targets-extras.cmake
[1.959s] -- Up-to-date: /home/alyssa/homework2-alyssa225/install/turtle_brick_interfaces/share/turtle_brick_interfaces/cmake/ament_cmake_export_dependencies-extras.cmake
[1.959s] -- Up-to-date: /home/alyssa/homework2-alyssa225/install/turtle_brick_interfaces/share/turtle_brick_interfaces/cmake/rosidl_cmake_export_typesupport_libraries-extras.cmake
[1.959s] -- Up-to-date: /home/alyssa/homework2-alyssa225/install/turtle_brick_interfaces/share/turtle_brick_interfaces/cmake/turtle_brick_interfacesConfig.cmake
[1.959s] -- Up-to-date: /home/alyssa/homework2-alyssa225/install/turtle_brick_interfaces/share/turtle_brick_interfaces/cmake/turtle_brick_interfacesConfig-version.cmake
[1.959s] -- Up-to-date: /home/alyssa/homework2-alyssa225/install/turtle_brick_interfaces/share/turtle_brick_interfaces/package.xml
[1.963s] Invoked command in '/home/alyssa/homework2-alyssa225/build/turtle_brick_interfaces' returned '0': CMAKE_PREFIX_PATH=${CMAKE_PREFIX_PATH}:/home/alyssa/homework2-alyssa225/install/turtle_brick:/opt/ros/humble /usr/bin/cmake --install /home/alyssa/homework2-alyssa225/build/turtle_brick_interfaces
