running develop
/usr/lib/python3/dist-packages/setuptools/command/easy_install.py:158: EasyInstallDeprecationWarning: easy_install command is deprecated. Use build and pip and other standards-based tools.
  warnings.warn(
/usr/lib/python3/dist-packages/setuptools/command/install.py:34: SetuptoolsDeprecationWarning: setup.py install is deprecated. Use build and pip and other standards-based tools.
  warnings.warn(
/usr/lib/python3/dist-packages/pkg_resources/__init__.py:116: PkgResourcesDeprecationWarning: 1.16.0-unknown is an invalid version and will not be supported in a future release
  warnings.warn(
/usr/lib/python3/dist-packages/pkg_resources/__init__.py:116: PkgResourcesDeprecationWarning: 1.1build1 is an invalid version and will not be supported in a future release
  warnings.warn(
/usr/lib/python3/dist-packages/pkg_resources/__init__.py:116: PkgResourcesDeprecationWarning: 0.1.43ubuntu1 is an invalid version and will not be supported in a future release
  warnings.warn(
Removing /home/alyssa/homework2-alyssa225/src/install/turtle_brick/lib/python3.10/site-packages/turtle-brick.egg-link (link to .)
running egg_info
writing ../build/turtle_brick/turtle_brick.egg-info/PKG-INFO
writing dependency_links to ../build/turtle_brick/turtle_brick.egg-info/dependency_links.txt
writing entry points to ../build/turtle_brick/turtle_brick.egg-info/entry_points.txt
writing requirements to ../build/turtle_brick/turtle_brick.egg-info/requires.txt
writing top-level names to ../build/turtle_brick/turtle_brick.egg-info/top_level.txt
reading manifest file '../build/turtle_brick/turtle_brick.egg-info/SOURCES.txt'
writing manifest file '../build/turtle_brick/turtle_brick.egg-info/SOURCES.txt'
running build
running build_py
creating /home/alyssa/homework2-alyssa225/src/build/turtle_brick/build
creating /home/alyssa/homework2-alyssa225/src/build/turtle_brick/build/lib
creating /home/alyssa/homework2-alyssa225/src/build/turtle_brick/build/lib/turtle_brick
copying turtle_brick/turtle_robot.py -> /home/alyssa/homework2-alyssa225/src/build/turtle_brick/build/lib/turtle_brick
copying turtle_brick/tracker.py -> /home/alyssa/homework2-alyssa225/src/build/turtle_brick/build/lib/turtle_brick
copying turtle_brick/__init__.py -> /home/alyssa/homework2-alyssa225/src/build/turtle_brick/build/lib/turtle_brick
copying turtle_brick/quaternion.py -> /home/alyssa/homework2-alyssa225/src/build/turtle_brick/build/lib/turtle_brick
/usr/lib/python3/dist-packages/setuptools/command/install.py:34: SetuptoolsDeprecationWarning: setup.py install is deprecated. Use build and pip and other standards-based tools.
  warnings.warn(
running install
running install_lib
creating /home/alyssa/homework2-alyssa225/src/install/turtle_brick/lib/python3.10/site-packages/turtle_brick
copying /home/alyssa/homework2-alyssa225/src/build/turtle_brick/build/lib/turtle_brick/turtle_robot.py -> /home/alyssa/homework2-alyssa225/src/install/turtle_brick/lib/python3.10/site-packages/turtle_brick
copying /home/alyssa/homework2-alyssa225/src/build/turtle_brick/build/lib/turtle_brick/tracker.py -> /home/alyssa/homework2-alyssa225/src/install/turtle_brick/lib/python3.10/site-packages/turtle_brick
copying /home/alyssa/homework2-alyssa225/src/build/turtle_brick/build/lib/turtle_brick/__init__.py -> /home/alyssa/homework2-alyssa225/src/install/turtle_brick/lib/python3.10/site-packages/turtle_brick
copying /home/alyssa/homework2-alyssa225/src/build/turtle_brick/build/lib/turtle_brick/quaternion.py -> /home/alyssa/homework2-alyssa225/src/install/turtle_brick/lib/python3.10/site-packages/turtle_brick
byte-compiling /home/alyssa/homework2-alyssa225/src/install/turtle_brick/lib/python3.10/site-packages/turtle_brick/turtle_robot.py to turtle_robot.cpython-310.pyc
byte-compiling /home/alyssa/homework2-alyssa225/src/install/turtle_brick/lib/python3.10/site-packages/turtle_brick/tracker.py to tracker.cpython-310.pyc
byte-compiling /home/alyssa/homework2-alyssa225/src/install/turtle_brick/lib/python3.10/site-packages/turtle_brick/__init__.py to __init__.cpython-310.pyc
byte-compiling /home/alyssa/homework2-alyssa225/src/install/turtle_brick/lib/python3.10/site-packages/turtle_brick/quaternion.py to quaternion.cpython-310.pyc
running install_data
error: can't copy 'config/view.rviz': doesn't exist or not a regular file
