[0.615s] Invoking command in '/home/alyssa/homework2-alyssa225/src/build/turtle_brick': PYTHONPATH=/home/alyssa/homework2-alyssa225/src/install/turtle_brick/lib/python3.10/site-packages:${PYTHONPATH} /usr/bin/python3 setup.py develop --prefix /home/alyssa/homework2-alyssa225/src/install/turtle_brick --uninstall --editable --build-directory /home/alyssa/homework2-alyssa225/src/build/turtle_brick/build
[0.846s] running develop
[0.847s] /usr/lib/python3/dist-packages/setuptools/command/easy_install.py:158: EasyInstallDeprecationWarning: easy_install command is deprecated. Use build and pip and other standards-based tools.
[0.847s]   warnings.warn(
[0.848s] /usr/lib/python3/dist-packages/setuptools/command/install.py:34: SetuptoolsDeprecationWarning: setup.py install is deprecated. Use build and pip and other standards-based tools.
[0.848s]   warnings.warn(
[0.898s] /usr/lib/python3/dist-packages/pkg_resources/__init__.py:116: PkgResourcesDeprecationWarning: 1.16.0-unknown is an invalid version and will not be supported in a future release
[0.898s]   warnings.warn(
[0.899s] /usr/lib/python3/dist-packages/pkg_resources/__init__.py:116: PkgResourcesDeprecationWarning: 1.1build1 is an invalid version and will not be supported in a future release
[0.899s]   warnings.warn(
[0.899s] /usr/lib/python3/dist-packages/pkg_resources/__init__.py:116: PkgResourcesDeprecationWarning: 0.1.43ubuntu1 is an invalid version and will not be supported in a future release
[0.899s]   warnings.warn(
[0.998s] Removing /home/alyssa/homework2-alyssa225/src/install/turtle_brick/lib/python3.10/site-packages/turtle-brick.egg-link (link to .)
[1.018s] Invoked command in '/home/alyssa/homework2-alyssa225/src/build/turtle_brick' returned '0': PYTHONPATH=/home/alyssa/homework2-alyssa225/src/install/turtle_brick/lib/python3.10/site-packages:${PYTHONPATH} /usr/bin/python3 setup.py develop --prefix /home/alyssa/homework2-alyssa225/src/install/turtle_brick --uninstall --editable --build-directory /home/alyssa/homework2-alyssa225/src/build/turtle_brick/build
[1.020s] Invoking command in '/home/alyssa/homework2-alyssa225/src/turtle_brick': PYTHONPATH=/home/alyssa/homework2-alyssa225/src/install/turtle_brick/lib/python3.10/site-packages:${PYTHONPATH} /usr/bin/python3 setup.py egg_info --egg-base ../build/turtle_brick build --build-base /home/alyssa/homework2-alyssa225/src/build/turtle_brick/build install --prefix /home/alyssa/homework2-alyssa225/src/install/turtle_brick --record /home/alyssa/homework2-alyssa225/src/build/turtle_brick/install.log --single-version-externally-managed
[1.220s] running egg_info
[1.220s] writing ../build/turtle_brick/turtle_brick.egg-info/PKG-INFO
[1.221s] writing dependency_links to ../build/turtle_brick/turtle_brick.egg-info/dependency_links.txt
[1.221s] writing entry points to ../build/turtle_brick/turtle_brick.egg-info/entry_points.txt
[1.221s] writing requirements to ../build/turtle_brick/turtle_brick.egg-info/requires.txt
[1.221s] writing top-level names to ../build/turtle_brick/turtle_brick.egg-info/top_level.txt
[1.223s] reading manifest file '../build/turtle_brick/turtle_brick.egg-info/SOURCES.txt'
[1.224s] writing manifest file '../build/turtle_brick/turtle_brick.egg-info/SOURCES.txt'
[1.224s] running build
[1.224s] running build_py
[1.224s] creating /home/alyssa/homework2-alyssa225/src/build/turtle_brick/build
[1.225s] creating /home/alyssa/homework2-alyssa225/src/build/turtle_brick/build/lib
[1.225s] creating /home/alyssa/homework2-alyssa225/src/build/turtle_brick/build/lib/turtle_brick
[1.225s] copying turtle_brick/turtle_robot.py -> /home/alyssa/homework2-alyssa225/src/build/turtle_brick/build/lib/turtle_brick
[1.225s] copying turtle_brick/tracker.py -> /home/alyssa/homework2-alyssa225/src/build/turtle_brick/build/lib/turtle_brick
[1.225s] copying turtle_brick/__init__.py -> /home/alyssa/homework2-alyssa225/src/build/turtle_brick/build/lib/turtle_brick
[1.226s] copying turtle_brick/quaternion.py -> /home/alyssa/homework2-alyssa225/src/build/turtle_brick/build/lib/turtle_brick
[1.226s] /usr/lib/python3/dist-packages/setuptools/command/install.py:34: SetuptoolsDeprecationWarning: setup.py install is deprecated. Use build and pip and other standards-based tools.
[1.226s]   warnings.warn(
[1.226s] running install
[1.226s] running install_lib
[1.226s] creating /home/alyssa/homework2-alyssa225/src/install/turtle_brick/lib/python3.10/site-packages/turtle_brick
[1.227s] copying /home/alyssa/homework2-alyssa225/src/build/turtle_brick/build/lib/turtle_brick/turtle_robot.py -> /home/alyssa/homework2-alyssa225/src/install/turtle_brick/lib/python3.10/site-packages/turtle_brick
[1.227s] copying /home/alyssa/homework2-alyssa225/src/build/turtle_brick/build/lib/turtle_brick/tracker.py -> /home/alyssa/homework2-alyssa225/src/install/turtle_brick/lib/python3.10/site-packages/turtle_brick
[1.227s] copying /home/alyssa/homework2-alyssa225/src/build/turtle_brick/build/lib/turtle_brick/__init__.py -> /home/alyssa/homework2-alyssa225/src/install/turtle_brick/lib/python3.10/site-packages/turtle_brick
[1.227s] copying /home/alyssa/homework2-alyssa225/src/build/turtle_brick/build/lib/turtle_brick/quaternion.py -> /home/alyssa/homework2-alyssa225/src/install/turtle_brick/lib/python3.10/site-packages/turtle_brick
[1.227s] byte-compiling /home/alyssa/homework2-alyssa225/src/install/turtle_brick/lib/python3.10/site-packages/turtle_brick/turtle_robot.py to turtle_robot.cpython-310.pyc
[1.228s] byte-compiling /home/alyssa/homework2-alyssa225/src/install/turtle_brick/lib/python3.10/site-packages/turtle_brick/tracker.py to tracker.cpython-310.pyc
[1.228s] byte-compiling /home/alyssa/homework2-alyssa225/src/install/turtle_brick/lib/python3.10/site-packages/turtle_brick/__init__.py to __init__.cpython-310.pyc
[1.229s] byte-compiling /home/alyssa/homework2-alyssa225/src/install/turtle_brick/lib/python3.10/site-packages/turtle_brick/quaternion.py to quaternion.cpython-310.pyc
[1.229s] running install_data
[1.229s] error: can't copy 'config/view.rviz': doesn't exist or not a regular file
[1.245s] Invoked command in '/home/alyssa/homework2-alyssa225/src/turtle_brick' returned '1': PYTHONPATH=/home/alyssa/homework2-alyssa225/src/install/turtle_brick/lib/python3.10/site-packages:${PYTHONPATH} /usr/bin/python3 setup.py egg_info --egg-base ../build/turtle_brick build --build-base /home/alyssa/homework2-alyssa225/src/build/turtle_brick/build install --prefix /home/alyssa/homework2-alyssa225/src/install/turtle_brick --record /home/alyssa/homework2-alyssa225/src/build/turtle_brick/install.log --single-version-externally-managed
