[0.298s] DEBUG:colcon:Command line arguments: ['/usr/bin/colcon', 'build']
[0.298s] DEBUG:colcon:Parsed command line arguments: Namespace(log_base=None, log_level=None, verb_name='build', build_base='build', install_base='install', merge_install=False, symlink_install=False, test_result_base=None, continue_on_error=False, executor='parallel', parallel_workers=8, event_handlers=None, ignore_user_meta=False, metas=['./colcon.meta'], base_paths=['.'], packages_ignore=None, packages_ignore_regex=None, paths=None, packages_up_to=None, packages_up_to_regex=None, packages_above=None, packages_above_and_dependencies=None, packages_above_depth=None, packages_select_by_dep=None, packages_skip_by_dep=None, packages_skip_up_to=None, packages_select_build_failed=False, packages_skip_build_finished=False, packages_select_test_failures=False, packages_skip_test_passed=False, packages_select=None, packages_skip=None, packages_select_regex=None, packages_skip_regex=None, packages_start=None, packages_end=None, allow_overriding=[], cmake_args=None, cmake_target=None, cmake_target_skip_unavailable=False, cmake_clean_cache=False, cmake_clean_first=False, cmake_force_configure=False, ament_cmake_args=None, catkin_cmake_args=None, catkin_skip_building_tests=False, mixin_files=None, mixin=None, verb_parser=<colcon_mixin.mixin.mixin_argument.MixinArgumentDecorator object at 0x7fa794bb9e40>, verb_extension=<colcon_core.verb.build.BuildVerb object at 0x7fa7954d9f00>, main=<bound method BuildVerb.main of <colcon_core.verb.build.BuildVerb object at 0x7fa7954d9f00>>, mixin_verb=('build',))
[0.326s] Level 1:colcon.colcon_core.package_discovery:discover_packages(colcon_meta) check parameters
[0.326s] Level 1:colcon.colcon_core.package_discovery:discover_packages(recursive) check parameters
[0.326s] Level 1:colcon.colcon_core.package_discovery:discover_packages(ignore) check parameters
[0.326s] Level 1:colcon.colcon_core.package_discovery:discover_packages(path) check parameters
[0.326s] Level 1:colcon.colcon_core.package_discovery:discover_packages(colcon_meta) discover
[0.326s] Level 1:colcon.colcon_core.package_discovery:discover_packages(recursive) discover
[0.326s] INFO:colcon.colcon_core.package_discovery:Crawling recursively for packages in '/home/alyssa/homework2-alyssa225'
[0.326s] Level 1:colcon.colcon_core.package_identification:_identify(.) by extensions ['ignore', 'ignore_ament_install']
[0.326s] Level 1:colcon.colcon_core.package_identification:_identify(.) by extension 'ignore'
[0.326s] Level 1:colcon.colcon_core.package_identification:_identify(.) by extension 'ignore_ament_install'
[0.326s] Level 1:colcon.colcon_core.package_identification:_identify(.) by extensions ['colcon_pkg']
[0.326s] Level 1:colcon.colcon_core.package_identification:_identify(.) by extension 'colcon_pkg'
[0.326s] Level 1:colcon.colcon_core.package_identification:_identify(.) by extensions ['colcon_meta']
[0.326s] Level 1:colcon.colcon_core.package_identification:_identify(.) by extension 'colcon_meta'
[0.327s] Level 1:colcon.colcon_core.package_identification:_identify(.) by extensions ['ros']
[0.327s] Level 1:colcon.colcon_core.package_identification:_identify(.) by extension 'ros'
[0.337s] Level 1:colcon.colcon_core.package_identification:_identify(.) by extensions ['cmake', 'python']
[0.338s] Level 1:colcon.colcon_core.package_identification:_identify(.) by extension 'cmake'
[0.338s] Level 1:colcon.colcon_core.package_identification:_identify(.) by extension 'python'
[0.338s] Level 1:colcon.colcon_core.package_identification:_identify(.) by extensions ['python_setup_py']
[0.338s] Level 1:colcon.colcon_core.package_identification:_identify(.) by extension 'python_setup_py'
[0.338s] Level 1:colcon.colcon_core.package_identification:_identify(build) by extensions ['ignore', 'ignore_ament_install']
[0.338s] Level 1:colcon.colcon_core.package_identification:_identify(build) by extension 'ignore'
[0.338s] Level 1:colcon.colcon_core.package_identification:_identify(build) ignored
[0.338s] Level 1:colcon.colcon_core.package_identification:_identify(install) by extensions ['ignore', 'ignore_ament_install']
[0.338s] Level 1:colcon.colcon_core.package_identification:_identify(install) by extension 'ignore'
[0.338s] Level 1:colcon.colcon_core.package_identification:_identify(install) ignored
[0.339s] Level 1:colcon.colcon_core.package_identification:_identify(log) by extensions ['ignore', 'ignore_ament_install']
[0.339s] Level 1:colcon.colcon_core.package_identification:_identify(log) by extension 'ignore'
[0.339s] Level 1:colcon.colcon_core.package_identification:_identify(log) ignored
[0.339s] Level 1:colcon.colcon_core.package_identification:_identify(src) by extensions ['ignore', 'ignore_ament_install']
[0.339s] Level 1:colcon.colcon_core.package_identification:_identify(src) by extension 'ignore'
[0.339s] Level 1:colcon.colcon_core.package_identification:_identify(src) by extension 'ignore_ament_install'
[0.339s] Level 1:colcon.colcon_core.package_identification:_identify(src) by extensions ['colcon_pkg']
[0.339s] Level 1:colcon.colcon_core.package_identification:_identify(src) by extension 'colcon_pkg'
[0.339s] Level 1:colcon.colcon_core.package_identification:_identify(src) by extensions ['colcon_meta']
[0.339s] Level 1:colcon.colcon_core.package_identification:_identify(src) by extension 'colcon_meta'
[0.339s] Level 1:colcon.colcon_core.package_identification:_identify(src) by extensions ['ros']
[0.339s] Level 1:colcon.colcon_core.package_identification:_identify(src) by extension 'ros'
[0.339s] Level 1:colcon.colcon_core.package_identification:_identify(src) by extensions ['cmake', 'python']
[0.339s] Level 1:colcon.colcon_core.package_identification:_identify(src) by extension 'cmake'
[0.340s] Level 1:colcon.colcon_core.package_identification:_identify(src) by extension 'python'
[0.340s] Level 1:colcon.colcon_core.package_identification:_identify(src) by extensions ['python_setup_py']
[0.340s] Level 1:colcon.colcon_core.package_identification:_identify(src) by extension 'python_setup_py'
[0.340s] Level 1:colcon.colcon_core.package_identification:_identify(src/build) by extensions ['ignore', 'ignore_ament_install']
[0.340s] Level 1:colcon.colcon_core.package_identification:_identify(src/build) by extension 'ignore'
[0.340s] Level 1:colcon.colcon_core.package_identification:_identify(src/build) ignored
[0.340s] Level 1:colcon.colcon_core.package_identification:_identify(src/install) by extensions ['ignore', 'ignore_ament_install']
[0.340s] Level 1:colcon.colcon_core.package_identification:_identify(src/install) by extension 'ignore'
[0.340s] Level 1:colcon.colcon_core.package_identification:_identify(src/install) ignored
[0.340s] Level 1:colcon.colcon_core.package_identification:_identify(src/log) by extensions ['ignore', 'ignore_ament_install']
[0.340s] Level 1:colcon.colcon_core.package_identification:_identify(src/log) by extension 'ignore'
[0.341s] Level 1:colcon.colcon_core.package_identification:_identify(src/log) ignored
[0.341s] Level 1:colcon.colcon_core.package_identification:_identify(src/turtle_brick) by extensions ['ignore', 'ignore_ament_install']
[0.341s] Level 1:colcon.colcon_core.package_identification:_identify(src/turtle_brick) by extension 'ignore'
[0.341s] Level 1:colcon.colcon_core.package_identification:_identify(src/turtle_brick) by extension 'ignore_ament_install'
[0.341s] Level 1:colcon.colcon_core.package_identification:_identify(src/turtle_brick) by extensions ['colcon_pkg']
[0.341s] Level 1:colcon.colcon_core.package_identification:_identify(src/turtle_brick) by extension 'colcon_pkg'
[0.341s] Level 1:colcon.colcon_core.package_identification:_identify(src/turtle_brick) by extensions ['colcon_meta']
[0.341s] Level 1:colcon.colcon_core.package_identification:_identify(src/turtle_brick) by extension 'colcon_meta'
[0.341s] Level 1:colcon.colcon_core.package_identification:_identify(src/turtle_brick) by extensions ['ros']
[0.341s] Level 1:colcon.colcon_core.package_identification:_identify(src/turtle_brick) by extension 'ros'
[0.343s] DEBUG:colcon.colcon_core.package_identification:Package 'src/turtle_brick' with type 'ros.ament_python' and name 'turtle_brick'
[0.344s] Level 1:colcon.colcon_core.package_identification:_identify(src/turtle_brick_interfaces) by extensions ['ignore', 'ignore_ament_install']
[0.344s] Level 1:colcon.colcon_core.package_identification:_identify(src/turtle_brick_interfaces) by extension 'ignore'
[0.344s] Level 1:colcon.colcon_core.package_identification:_identify(src/turtle_brick_interfaces) by extension 'ignore_ament_install'
[0.344s] Level 1:colcon.colcon_core.package_identification:_identify(src/turtle_brick_interfaces) by extensions ['colcon_pkg']
[0.344s] Level 1:colcon.colcon_core.package_identification:_identify(src/turtle_brick_interfaces) by extension 'colcon_pkg'
[0.344s] Level 1:colcon.colcon_core.package_identification:_identify(src/turtle_brick_interfaces) by extensions ['colcon_meta']
[0.344s] Level 1:colcon.colcon_core.package_identification:_identify(src/turtle_brick_interfaces) by extension 'colcon_meta'
[0.344s] Level 1:colcon.colcon_core.package_identification:_identify(src/turtle_brick_interfaces) by extensions ['ros']
[0.344s] Level 1:colcon.colcon_core.package_identification:_identify(src/turtle_brick_interfaces) by extension 'ros'
[0.344s] DEBUG:colcon.colcon_core.package_identification:Package 'src/turtle_brick_interfaces' with type 'ros.ament_cmake' and name 'turtle_brick_interfaces'
[0.344s] Level 1:colcon.colcon_core.package_discovery:discover_packages(recursive) using defaults
[0.344s] Level 1:colcon.colcon_core.package_discovery:discover_packages(ignore) discover
[0.344s] Level 1:colcon.colcon_core.package_discovery:discover_packages(ignore) using defaults
[0.344s] Level 1:colcon.colcon_core.package_discovery:discover_packages(path) discover
[0.344s] Level 1:colcon.colcon_core.package_discovery:discover_packages(path) using defaults
[0.367s] Level 1:colcon.colcon_core.package_discovery:discover_packages(prefix_path) check parameters
[0.367s] Level 1:colcon.colcon_core.package_discovery:discover_packages(prefix_path) discover
[0.369s] DEBUG:colcon.colcon_installed_package_information.package_discovery:Found 4 installed packages in /home/alyssa/homework2-alyssa225/install
[0.370s] DEBUG:colcon.colcon_installed_package_information.package_discovery:Found 2 installed packages in /home/alyssa/homework2-alyssa225/src/install
[0.372s] DEBUG:colcon.colcon_installed_package_information.package_discovery:Found 321 installed packages in /opt/ros/humble
[0.374s] Level 1:colcon.colcon_core.package_discovery:discover_packages(prefix_path) using defaults
[0.434s] Level 5:colcon.colcon_core.verb:set package 'turtle_brick' build argument 'cmake_args' from command line to 'None'
[0.434s] Level 5:colcon.colcon_core.verb:set package 'turtle_brick' build argument 'cmake_target' from command line to 'None'
[0.434s] Level 5:colcon.colcon_core.verb:set package 'turtle_brick' build argument 'cmake_target_skip_unavailable' from command line to 'False'
[0.435s] Level 5:colcon.colcon_core.verb:set package 'turtle_brick' build argument 'cmake_clean_cache' from command line to 'False'
[0.435s] Level 5:colcon.colcon_core.verb:set package 'turtle_brick' build argument 'cmake_clean_first' from command line to 'False'
[0.435s] Level 5:colcon.colcon_core.verb:set package 'turtle_brick' build argument 'cmake_force_configure' from command line to 'False'
[0.435s] Level 5:colcon.colcon_core.verb:set package 'turtle_brick' build argument 'ament_cmake_args' from command line to 'None'
[0.435s] Level 5:colcon.colcon_core.verb:set package 'turtle_brick' build argument 'catkin_cmake_args' from command line to 'None'
[0.435s] Level 5:colcon.colcon_core.verb:set package 'turtle_brick' build argument 'catkin_skip_building_tests' from command line to 'False'
[0.435s] DEBUG:colcon.colcon_core.verb:Building package 'turtle_brick' with the following arguments: {'ament_cmake_args': None, 'build_base': '/home/alyssa/homework2-alyssa225/build/turtle_brick', 'catkin_cmake_args': None, 'catkin_skip_building_tests': False, 'cmake_args': None, 'cmake_clean_cache': False, 'cmake_clean_first': False, 'cmake_force_configure': False, 'cmake_target': None, 'cmake_target_skip_unavailable': False, 'install_base': '/home/alyssa/homework2-alyssa225/install/turtle_brick', 'merge_install': False, 'path': '/home/alyssa/homework2-alyssa225/src/turtle_brick', 'symlink_install': False, 'test_result_base': None}
[0.436s] Level 5:colcon.colcon_core.verb:set package 'turtle_brick_interfaces' build argument 'cmake_args' from command line to 'None'
[0.436s] Level 5:colcon.colcon_core.verb:set package 'turtle_brick_interfaces' build argument 'cmake_target' from command line to 'None'
[0.436s] Level 5:colcon.colcon_core.verb:set package 'turtle_brick_interfaces' build argument 'cmake_target_skip_unavailable' from command line to 'False'
[0.436s] Level 5:colcon.colcon_core.verb:set package 'turtle_brick_interfaces' build argument 'cmake_clean_cache' from command line to 'False'
[0.436s] Level 5:colcon.colcon_core.verb:set package 'turtle_brick_interfaces' build argument 'cmake_clean_first' from command line to 'False'
[0.436s] Level 5:colcon.colcon_core.verb:set package 'turtle_brick_interfaces' build argument 'cmake_force_configure' from command line to 'False'
[0.436s] Level 5:colcon.colcon_core.verb:set package 'turtle_brick_interfaces' build argument 'ament_cmake_args' from command line to 'None'
[0.436s] Level 5:colcon.colcon_core.verb:set package 'turtle_brick_interfaces' build argument 'catkin_cmake_args' from command line to 'None'
[0.436s] Level 5:colcon.colcon_core.verb:set package 'turtle_brick_interfaces' build argument 'catkin_skip_building_tests' from command line to 'False'
[0.436s] DEBUG:colcon.colcon_core.verb:Building package 'turtle_brick_interfaces' with the following arguments: {'ament_cmake_args': None, 'build_base': '/home/alyssa/homework2-alyssa225/build/turtle_brick_interfaces', 'catkin_cmake_args': None, 'catkin_skip_building_tests': False, 'cmake_args': None, 'cmake_clean_cache': False, 'cmake_clean_first': False, 'cmake_force_configure': False, 'cmake_target': None, 'cmake_target_skip_unavailable': False, 'install_base': '/home/alyssa/homework2-alyssa225/install/turtle_brick_interfaces', 'merge_install': False, 'path': '/home/alyssa/homework2-alyssa225/src/turtle_brick_interfaces', 'symlink_install': False, 'test_result_base': None}
[0.437s] INFO:colcon.colcon_core.executor:Executing jobs using 'parallel' executor
[0.440s] DEBUG:colcon.colcon_parallel_executor.executor.parallel:run_until_complete
[0.440s] INFO:colcon.colcon_ros.task.ament_python.build:Building ROS package in '/home/alyssa/homework2-alyssa225/src/turtle_brick' with build type 'ament_python'
[0.440s] Level 1:colcon.colcon_core.shell:create_environment_hook('turtle_brick', 'ament_prefix_path')
[0.445s] INFO:colcon.colcon_core.plugin_system:Skipping extension 'colcon_core.shell.bat': Not used on non-Windows systems
[0.445s] INFO:colcon.colcon_core.shell:Creating environment hook '/home/alyssa/homework2-alyssa225/install/turtle_brick/share/turtle_brick/hook/ament_prefix_path.ps1'
[0.445s] INFO:colcon.colcon_core.shell:Creating environment descriptor '/home/alyssa/homework2-alyssa225/install/turtle_brick/share/turtle_brick/hook/ament_prefix_path.dsv'
[0.446s] INFO:colcon.colcon_core.shell:Creating environment hook '/home/alyssa/homework2-alyssa225/install/turtle_brick/share/turtle_brick/hook/ament_prefix_path.sh'
[0.448s] INFO:colcon.colcon_core.shell:Skip shell extension 'powershell' for command environment: Not usable outside of PowerShell
[0.448s] DEBUG:colcon.colcon_core.shell:Skip shell extension 'dsv' for command environment
[0.453s] INFO:colcon.colcon_ros.task.ament_cmake.build:Building ROS package in '/home/alyssa/homework2-alyssa225/src/turtle_brick_interfaces' with build type 'ament_cmake'
[0.453s] INFO:colcon.colcon_cmake.task.cmake.build:Building CMake package in '/home/alyssa/homework2-alyssa225/src/turtle_brick_interfaces'
[0.455s] INFO:colcon.colcon_core.shell:Skip shell extension 'powershell' for command environment: Not usable outside of PowerShell
[0.455s] DEBUG:colcon.colcon_core.shell:Skip shell extension 'dsv' for command environment
[0.703s] INFO:colcon.colcon_core.task.python.build:Building Python package in '/home/alyssa/homework2-alyssa225/src/turtle_brick'
[0.704s] INFO:colcon.colcon_core.shell:Skip shell extension 'powershell' for command environment: Not usable outside of PowerShell
[0.705s] DEBUG:colcon.colcon_core.shell:Skip shell extension 'dsv' for command environment
[0.715s] DEBUG:colcon.colcon_core.event_handler.log_command:Invoking command in '/home/alyssa/homework2-alyssa225/build/turtle_brick_interfaces': CMAKE_PREFIX_PATH=${CMAKE_PREFIX_PATH}:/home/alyssa/homework2-alyssa225/install/turtle_brick:/home/alyssa/homework2-alyssa225/src/install/turtle_brick:/opt/ros/humble /usr/bin/cmake --build /home/alyssa/homework2-alyssa225/build/turtle_brick_interfaces -- -j8 -l8
[1.139s] DEBUG:colcon.colcon_core.event_handler.log_command:Invoking command in '/home/alyssa/homework2-alyssa225/src/turtle_brick': PYTHONPATH=/home/alyssa/homework2-alyssa225/install/turtle_brick/lib/python3.10/site-packages:${PYTHONPATH} /usr/bin/python3 setup.py egg_info --egg-base ../../build/turtle_brick build --build-base /home/alyssa/homework2-alyssa225/build/turtle_brick/build install --prefix /home/alyssa/homework2-alyssa225/install/turtle_brick --record /home/alyssa/homework2-alyssa225/build/turtle_brick/install.log --single-version-externally-managed
[1.159s] DEBUG:colcon.colcon_core.event_handler.log_command:Invoked command in '/home/alyssa/homework2-alyssa225/build/turtle_brick_interfaces' returned '0': CMAKE_PREFIX_PATH=${CMAKE_PREFIX_PATH}:/home/alyssa/homework2-alyssa225/install/turtle_brick:/home/alyssa/homework2-alyssa225/src/install/turtle_brick:/opt/ros/humble /usr/bin/cmake --build /home/alyssa/homework2-alyssa225/build/turtle_brick_interfaces -- -j8 -l8
[1.265s] DEBUG:colcon.colcon_core.event_handler.log_command:Invoking command in '/home/alyssa/homework2-alyssa225/build/turtle_brick_interfaces': CMAKE_PREFIX_PATH=${CMAKE_PREFIX_PATH}:/home/alyssa/homework2-alyssa225/install/turtle_brick:/home/alyssa/homework2-alyssa225/src/install/turtle_brick:/opt/ros/humble /usr/bin/cmake --install /home/alyssa/homework2-alyssa225/build/turtle_brick_interfaces
[1.339s] Level 1:colcon.colcon_core.environment:create_environment_scripts_only(turtle_brick_interfaces)
[1.344s] DEBUG:colcon.colcon_core.event_handler.log_command:Invoked command in '/home/alyssa/homework2-alyssa225/build/turtle_brick_interfaces' returned '0': CMAKE_PREFIX_PATH=${CMAKE_PREFIX_PATH}:/home/alyssa/homework2-alyssa225/install/turtle_brick:/home/alyssa/homework2-alyssa225/src/install/turtle_brick:/opt/ros/humble /usr/bin/cmake --install /home/alyssa/homework2-alyssa225/build/turtle_brick_interfaces
[1.348s] Level 1:colcon.colcon_core.environment:checking '/home/alyssa/homework2-alyssa225/install/turtle_brick_interfaces' for CMake module files
[1.349s] Level 1:colcon.colcon_core.environment:checking '/home/alyssa/homework2-alyssa225/install/turtle_brick_interfaces' for CMake config files
[1.349s] Level 1:colcon.colcon_core.shell:create_environment_hook('turtle_brick_interfaces', 'cmake_prefix_path')
[1.351s] INFO:colcon.colcon_core.shell:Creating environment hook '/home/alyssa/homework2-alyssa225/install/turtle_brick_interfaces/share/turtle_brick_interfaces/hook/cmake_prefix_path.ps1'
[1.352s] INFO:colcon.colcon_core.shell:Creating environment descriptor '/home/alyssa/homework2-alyssa225/install/turtle_brick_interfaces/share/turtle_brick_interfaces/hook/cmake_prefix_path.dsv'
[1.352s] INFO:colcon.colcon_core.shell:Creating environment hook '/home/alyssa/homework2-alyssa225/install/turtle_brick_interfaces/share/turtle_brick_interfaces/hook/cmake_prefix_path.sh'
[1.353s] Level 1:colcon.colcon_core.environment:checking '/home/alyssa/homework2-alyssa225/install/turtle_brick_interfaces/lib'
[1.354s] Level 1:colcon.colcon_core.shell:create_environment_hook('turtle_brick_interfaces', 'ld_library_path_lib')
[1.356s] INFO:colcon.colcon_core.shell:Creating environment hook '/home/alyssa/homework2-alyssa225/install/turtle_brick_interfaces/share/turtle_brick_interfaces/hook/ld_library_path_lib.ps1'
[1.357s] INFO:colcon.colcon_core.shell:Creating environment descriptor '/home/alyssa/homework2-alyssa225/install/turtle_brick_interfaces/share/turtle_brick_interfaces/hook/ld_library_path_lib.dsv'
[1.357s] INFO:colcon.colcon_core.shell:Creating environment hook '/home/alyssa/homework2-alyssa225/install/turtle_brick_interfaces/share/turtle_brick_interfaces/hook/ld_library_path_lib.sh'
[1.357s] Level 1:colcon.colcon_core.environment:checking '/home/alyssa/homework2-alyssa225/install/turtle_brick_interfaces/bin'
[1.357s] Level 1:colcon.colcon_core.environment:checking '/home/alyssa/homework2-alyssa225/install/turtle_brick_interfaces/lib/pkgconfig/turtle_brick_interfaces.pc'
[1.358s] Level 1:colcon.colcon_core.environment:checking '/home/alyssa/homework2-alyssa225/install/turtle_brick_interfaces/lib/python3.10/site-packages'
[1.358s] Level 1:colcon.colcon_core.environment:checking '/home/alyssa/homework2-alyssa225/install/turtle_brick_interfaces/bin'
[1.360s] INFO:colcon.colcon_core.shell:Creating package script '/home/alyssa/homework2-alyssa225/install/turtle_brick_interfaces/share/turtle_brick_interfaces/package.ps1'
[1.360s] INFO:colcon.colcon_core.shell:Creating package descriptor '/home/alyssa/homework2-alyssa225/install/turtle_brick_interfaces/share/turtle_brick_interfaces/package.dsv'
[1.361s] INFO:colcon.colcon_core.shell:Creating package script '/home/alyssa/homework2-alyssa225/install/turtle_brick_interfaces/share/turtle_brick_interfaces/package.sh'
[1.362s] INFO:colcon.colcon_core.shell:Creating package script '/home/alyssa/homework2-alyssa225/install/turtle_brick_interfaces/share/turtle_brick_interfaces/package.bash'
[1.363s] INFO:colcon.colcon_core.shell:Creating package script '/home/alyssa/homework2-alyssa225/install/turtle_brick_interfaces/share/turtle_brick_interfaces/package.zsh'
[1.363s] Level 1:colcon.colcon_core.environment:create_file_with_runtime_dependencies(/home/alyssa/homework2-alyssa225/install/turtle_brick_interfaces/share/colcon-core/packages/turtle_brick_interfaces)
[1.461s] Level 1:colcon.colcon_core.environment:create_environment_scripts_only(turtle_brick_interfaces)
[1.465s] Level 1:colcon.colcon_core.environment:checking '/home/alyssa/homework2-alyssa225/install/turtle_brick_interfaces' for CMake module files
[1.468s] Level 1:colcon.colcon_core.environment:checking '/home/alyssa/homework2-alyssa225/install/turtle_brick_interfaces' for CMake config files
[1.470s] Level 1:colcon.colcon_core.shell:create_environment_hook('turtle_brick_interfaces', 'cmake_prefix_path')
[1.472s] INFO:colcon.colcon_core.shell:Creating environment hook '/home/alyssa/homework2-alyssa225/install/turtle_brick_interfaces/share/turtle_brick_interfaces/hook/cmake_prefix_path.ps1'
[1.473s] INFO:colcon.colcon_core.shell:Creating environment descriptor '/home/alyssa/homework2-alyssa225/install/turtle_brick_interfaces/share/turtle_brick_interfaces/hook/cmake_prefix_path.dsv'
[1.473s] INFO:colcon.colcon_core.shell:Creating environment hook '/home/alyssa/homework2-alyssa225/install/turtle_brick_interfaces/share/turtle_brick_interfaces/hook/cmake_prefix_path.sh'
[1.474s] Level 1:colcon.colcon_core.environment:checking '/home/alyssa/homework2-alyssa225/install/turtle_brick_interfaces/lib'
[1.474s] Level 1:colcon.colcon_core.shell:create_environment_hook('turtle_brick_interfaces', 'ld_library_path_lib')
[1.476s] INFO:colcon.colcon_core.shell:Creating environment hook '/home/alyssa/homework2-alyssa225/install/turtle_brick_interfaces/share/turtle_brick_interfaces/hook/ld_library_path_lib.ps1'
[1.477s] INFO:colcon.colcon_core.shell:Creating environment descriptor '/home/alyssa/homework2-alyssa225/install/turtle_brick_interfaces/share/turtle_brick_interfaces/hook/ld_library_path_lib.dsv'
[1.477s] INFO:colcon.colcon_core.shell:Creating environment hook '/home/alyssa/homework2-alyssa225/install/turtle_brick_interfaces/share/turtle_brick_interfaces/hook/ld_library_path_lib.sh'
[1.477s] Level 1:colcon.colcon_core.environment:checking '/home/alyssa/homework2-alyssa225/install/turtle_brick_interfaces/bin'
[1.477s] Level 1:colcon.colcon_core.environment:checking '/home/alyssa/homework2-alyssa225/install/turtle_brick_interfaces/lib/pkgconfig/turtle_brick_interfaces.pc'
[1.478s] Level 1:colcon.colcon_core.environment:checking '/home/alyssa/homework2-alyssa225/install/turtle_brick_interfaces/lib/python3.10/site-packages'
[1.478s] Level 1:colcon.colcon_core.environment:checking '/home/alyssa/homework2-alyssa225/install/turtle_brick_interfaces/bin'
[1.480s] INFO:colcon.colcon_core.shell:Creating package script '/home/alyssa/homework2-alyssa225/install/turtle_brick_interfaces/share/turtle_brick_interfaces/package.ps1'
[1.481s] INFO:colcon.colcon_core.shell:Creating package descriptor '/home/alyssa/homework2-alyssa225/install/turtle_brick_interfaces/share/turtle_brick_interfaces/package.dsv'
[1.481s] INFO:colcon.colcon_core.shell:Creating package script '/home/alyssa/homework2-alyssa225/install/turtle_brick_interfaces/share/turtle_brick_interfaces/package.sh'
[1.482s] INFO:colcon.colcon_core.shell:Creating package script '/home/alyssa/homework2-alyssa225/install/turtle_brick_interfaces/share/turtle_brick_interfaces/package.bash'
[1.482s] INFO:colcon.colcon_core.shell:Creating package script '/home/alyssa/homework2-alyssa225/install/turtle_brick_interfaces/share/turtle_brick_interfaces/package.zsh'
[1.483s] Level 1:colcon.colcon_core.environment:create_file_with_runtime_dependencies(/home/alyssa/homework2-alyssa225/install/turtle_brick_interfaces/share/colcon-core/packages/turtle_brick_interfaces)
[1.526s] Level 1:colcon.colcon_core.environment:checking '/home/alyssa/homework2-alyssa225/install/turtle_brick' for CMake module files
[1.527s] DEBUG:colcon.colcon_core.event_handler.log_command:Invoked command in '/home/alyssa/homework2-alyssa225/src/turtle_brick' returned '0': PYTHONPATH=/home/alyssa/homework2-alyssa225/install/turtle_brick/lib/python3.10/site-packages:${PYTHONPATH} /usr/bin/python3 setup.py egg_info --egg-base ../../build/turtle_brick build --build-base /home/alyssa/homework2-alyssa225/build/turtle_brick/build install --prefix /home/alyssa/homework2-alyssa225/install/turtle_brick --record /home/alyssa/homework2-alyssa225/build/turtle_brick/install.log --single-version-externally-managed
[1.528s] Level 1:colcon.colcon_core.environment:checking '/home/alyssa/homework2-alyssa225/install/turtle_brick' for CMake config files
[1.529s] Level 1:colcon.colcon_core.environment:checking '/home/alyssa/homework2-alyssa225/install/turtle_brick/lib'
[1.529s] Level 1:colcon.colcon_core.environment:checking '/home/alyssa/homework2-alyssa225/install/turtle_brick/bin'
[1.529s] Level 1:colcon.colcon_core.environment:checking '/home/alyssa/homework2-alyssa225/install/turtle_brick/lib/pkgconfig/turtle_brick.pc'
[1.529s] Level 1:colcon.colcon_core.environment:checking '/home/alyssa/homework2-alyssa225/install/turtle_brick/lib/python3.10/site-packages'
[1.530s] Level 1:colcon.colcon_core.shell:create_environment_hook('turtle_brick', 'pythonpath')
[1.532s] INFO:colcon.colcon_core.shell:Creating environment hook '/home/alyssa/homework2-alyssa225/install/turtle_brick/share/turtle_brick/hook/pythonpath.ps1'
[1.532s] INFO:colcon.colcon_core.shell:Creating environment descriptor '/home/alyssa/homework2-alyssa225/install/turtle_brick/share/turtle_brick/hook/pythonpath.dsv'
[1.533s] INFO:colcon.colcon_core.shell:Creating environment hook '/home/alyssa/homework2-alyssa225/install/turtle_brick/share/turtle_brick/hook/pythonpath.sh'
[1.534s] Level 1:colcon.colcon_core.environment:checking '/home/alyssa/homework2-alyssa225/install/turtle_brick/bin'
[1.534s] Level 1:colcon.colcon_core.environment:create_environment_scripts_only(turtle_brick)
[1.537s] INFO:colcon.colcon_core.shell:Creating package script '/home/alyssa/homework2-alyssa225/install/turtle_brick/share/turtle_brick/package.ps1'
[1.538s] INFO:colcon.colcon_core.shell:Creating package descriptor '/home/alyssa/homework2-alyssa225/install/turtle_brick/share/turtle_brick/package.dsv'
[1.538s] INFO:colcon.colcon_core.shell:Creating package script '/home/alyssa/homework2-alyssa225/install/turtle_brick/share/turtle_brick/package.sh'
[1.539s] INFO:colcon.colcon_core.shell:Creating package script '/home/alyssa/homework2-alyssa225/install/turtle_brick/share/turtle_brick/package.bash'
[1.539s] INFO:colcon.colcon_core.shell:Creating package script '/home/alyssa/homework2-alyssa225/install/turtle_brick/share/turtle_brick/package.zsh'
[1.539s] Level 1:colcon.colcon_core.environment:create_file_with_runtime_dependencies(/home/alyssa/homework2-alyssa225/install/turtle_brick/share/colcon-core/packages/turtle_brick)
[1.540s] DEBUG:colcon.colcon_parallel_executor.executor.parallel:closing loop
[1.540s] DEBUG:colcon.colcon_parallel_executor.executor.parallel:loop closed
[1.541s] DEBUG:colcon.colcon_parallel_executor.executor.parallel:run_until_complete finished with '0'
[1.541s] DEBUG:colcon.colcon_core.event_reactor:joining thread
[1.549s] INFO:colcon.colcon_core.plugin_system:Skipping extension 'colcon_notification.desktop_notification.terminal_notifier': Not used on non-Darwin systems
[1.549s] INFO:colcon.colcon_core.plugin_system:Skipping extension 'colcon_notification.desktop_notification.win32': Not used on non-Windows systems
[1.549s] INFO:colcon.colcon_notification.desktop_notification:Sending desktop notification using 'notify2'
[1.567s] DEBUG:colcon.colcon_core.event_reactor:joined thread
[1.568s] INFO:colcon.colcon_core.shell:Creating prefix script '/home/alyssa/homework2-alyssa225/install/local_setup.ps1'
[1.569s] INFO:colcon.colcon_core.shell:Creating prefix util module '/home/alyssa/homework2-alyssa225/install/_local_setup_util_ps1.py'
[1.571s] INFO:colcon.colcon_core.shell:Creating prefix chain script '/home/alyssa/homework2-alyssa225/install/setup.ps1'
[1.573s] INFO:colcon.colcon_core.shell:Creating prefix script '/home/alyssa/homework2-alyssa225/install/local_setup.sh'
[1.573s] INFO:colcon.colcon_core.shell:Creating prefix util module '/home/alyssa/homework2-alyssa225/install/_local_setup_util_sh.py'
[1.574s] INFO:colcon.colcon_core.shell:Creating prefix chain script '/home/alyssa/homework2-alyssa225/install/setup.sh'
[1.576s] INFO:colcon.colcon_core.shell:Creating prefix script '/home/alyssa/homework2-alyssa225/install/local_setup.bash'
[1.576s] INFO:colcon.colcon_core.shell:Creating prefix chain script '/home/alyssa/homework2-alyssa225/install/setup.bash'
[1.578s] INFO:colcon.colcon_core.shell:Creating prefix script '/home/alyssa/homework2-alyssa225/install/local_setup.zsh'
[1.578s] INFO:colcon.colcon_core.shell:Creating prefix chain script '/home/alyssa/homework2-alyssa225/install/setup.zsh'
