[1.067s] Invoking command in '/home/alyssa/homework2-alyssa225/src/turtle_brick': PYTHONPATH=/home/alyssa/homework2-alyssa225/install/turtle_brick/lib/python3.10/site-packages:${PYTHONPATH} /usr/bin/python3 setup.py egg_info --egg-base ../../build/turtle_brick build --build-base /home/alyssa/homework2-alyssa225/build/turtle_brick/build install --prefix /home/alyssa/homework2-alyssa225/install/turtle_brick --record /home/alyssa/homework2-alyssa225/build/turtle_brick/install.log --single-version-externally-managed
[1.619s] running egg_info
[1.621s] writing ../../build/turtle_brick/turtle_brick.egg-info/PKG-INFO
[1.622s] writing dependency_links to ../../build/turtle_brick/turtle_brick.egg-info/dependency_links.txt
[1.622s] writing entry points to ../../build/turtle_brick/turtle_brick.egg-info/entry_points.txt
[1.623s] writing requirements to ../../build/turtle_brick/turtle_brick.egg-info/requires.txt
[1.623s] writing top-level names to ../../build/turtle_brick/turtle_brick.egg-info/top_level.txt
[1.629s] reading manifest file '../../build/turtle_brick/turtle_brick.egg-info/SOURCES.txt'
[1.632s] writing manifest file '../../build/turtle_brick/turtle_brick.egg-info/SOURCES.txt'
[1.632s] running build
[1.632s] running build_py
[1.633s] copying turtle_brick/catcher.py -> /home/alyssa/homework2-alyssa225/build/turtle_brick/build/lib/turtle_brick
[1.633s] running install
[1.634s] /usr/lib/python3/dist-packages/setuptools/command/install.py:34: SetuptoolsDeprecationWarning: setup.py install is deprecated. Use build and pip and other standards-based tools.
[1.634s]   warnings.warn(
[1.635s] running install_lib
[1.638s] copying /home/alyssa/homework2-alyssa225/build/turtle_brick/build/lib/turtle_brick/catcher.py -> /home/alyssa/homework2-alyssa225/install/turtle_brick/lib/python3.10/site-packages/turtle_brick
[1.640s] byte-compiling /home/alyssa/homework2-alyssa225/install/turtle_brick/lib/python3.10/site-packages/turtle_brick/catcher.py to catcher.cpython-310.pyc
[1.645s] running install_data
[1.649s] running install_egg_info
[1.649s] removing '/home/alyssa/homework2-alyssa225/install/turtle_brick/lib/python3.10/site-packages/turtle_brick-0.0.0-py3.10.egg-info' (and everything under it)
[1.650s] Copying ../../build/turtle_brick/turtle_brick.egg-info to /home/alyssa/homework2-alyssa225/install/turtle_brick/lib/python3.10/site-packages/turtle_brick-0.0.0-py3.10.egg-info
[1.651s] running install_scripts
[1.705s] Installing arena script to /home/alyssa/homework2-alyssa225/install/turtle_brick/lib/turtle_brick
[1.706s] Installing catcher script to /home/alyssa/homework2-alyssa225/install/turtle_brick/lib/turtle_brick
[1.706s] Installing turtle_robot script to /home/alyssa/homework2-alyssa225/install/turtle_brick/lib/turtle_brick
[1.706s] writing list of installed files to '/home/alyssa/homework2-alyssa225/build/turtle_brick/install.log'
[1.788s] Invoked command in '/home/alyssa/homework2-alyssa225/src/turtle_brick' returned '0': PYTHONPATH=/home/alyssa/homework2-alyssa225/install/turtle_brick/lib/python3.10/site-packages:${PYTHONPATH} /usr/bin/python3 setup.py egg_info --egg-base ../../build/turtle_brick build --build-base /home/alyssa/homework2-alyssa225/build/turtle_brick/build install --prefix /home/alyssa/homework2-alyssa225/install/turtle_brick --record /home/alyssa/homework2-alyssa225/build/turtle_brick/install.log --single-version-externally-managed
