running develop
running egg_info
creating turtle_brick.egg-info
writing turtle_brick.egg-info/PKG-INFO
writing dependency_links to turtle_brick.egg-info/dependency_links.txt
writing entry points to turtle_brick.egg-info/entry_points.txt
writing requirements to turtle_brick.egg-info/requires.txt
writing top-level names to turtle_brick.egg-info/top_level.txt
writing manifest file 'turtle_brick.egg-info/SOURCES.txt'
reading manifest file 'turtle_brick.egg-info/SOURCES.txt'
writing manifest file 'turtle_brick.egg-info/SOURCES.txt'
running build_ext
Creating /home/alyssa/homework2-alyssa225/src/install/turtle_brick/lib/python3.10/site-packages/turtle-brick.egg-link (link to .)
Installing turtle_robot = turtle_brick.turtle_robot:maintracker script to /home/alyssa/homework2-alyssa225/src/install/turtle_brick/lib/turtle_brick

Installed /home/alyssa/homework2-alyssa225/src/build/turtle_brick
running install_data
creating /home/alyssa/homework2-alyssa225/src/install/turtle_brick/share/ament_index
creating /home/alyssa/homework2-alyssa225/src/install/turtle_brick/share/ament_index/resource_index
creating /home/alyssa/homework2-alyssa225/src/install/turtle_brick/share/ament_index/resource_index/packages
copying resource/turtle_brick -> /home/alyssa/homework2-alyssa225/src/install/turtle_brick/share/ament_index/resource_index/packages
copying package.xml -> /home/alyssa/homework2-alyssa225/src/install/turtle_brick/share/turtle_brick
copying launch/show_turtle.launch.py -> /home/alyssa/homework2-alyssa225/src/install/turtle_brick/share/turtle_brick
