[0.594s] Invoking command in '/home/alyssa/homework2-alyssa225/src/build/turtle_brick': PYTHONPATH=/home/alyssa/homework2-alyssa225/src/install/turtle_brick/lib/python3.10/site-packages:${PYTHONPATH} /usr/bin/python3 setup.py develop --prefix /home/alyssa/homework2-alyssa225/src/install/turtle_brick --editable --build-directory /home/alyssa/homework2-alyssa225/src/build/turtle_brick/build --no-deps install_data --install-dir /home/alyssa/homework2-alyssa225/src/install/turtle_brick
[0.873s] running develop
[0.873s] /usr/lib/python3/dist-packages/setuptools/command/easy_install.py:158: EasyInstallDeprecationWarning: easy_install command is deprecated. Use build and pip and other standards-based tools.
[0.873s]   warnings.warn(
[0.875s] /usr/lib/python3/dist-packages/setuptools/command/install.py:34: SetuptoolsDeprecationWarning: setup.py install is deprecated. Use build and pip and other standards-based tools.
[0.875s]   warnings.warn(
[0.942s] /usr/lib/python3/dist-packages/pkg_resources/__init__.py:116: PkgResourcesDeprecationWarning: 1.16.0-unknown is an invalid version and will not be supported in a future release
[0.942s]   warnings.warn(
[0.942s] /usr/lib/python3/dist-packages/pkg_resources/__init__.py:116: PkgResourcesDeprecationWarning: 1.1build1 is an invalid version and will not be supported in a future release
[0.942s]   warnings.warn(
[0.943s] /usr/lib/python3/dist-packages/pkg_resources/__init__.py:116: PkgResourcesDeprecationWarning: 0.1.43ubuntu1 is an invalid version and will not be supported in a future release
[0.943s]   warnings.warn(
[1.065s] running egg_info
[1.065s] creating turtle_brick.egg-info
[1.065s] writing turtle_brick.egg-info/PKG-INFO
[1.065s] writing dependency_links to turtle_brick.egg-info/dependency_links.txt
[1.065s] writing entry points to turtle_brick.egg-info/entry_points.txt
[1.065s] writing requirements to turtle_brick.egg-info/requires.txt
[1.065s] writing top-level names to turtle_brick.egg-info/top_level.txt
[1.066s] writing manifest file 'turtle_brick.egg-info/SOURCES.txt'
[1.068s] reading manifest file 'turtle_brick.egg-info/SOURCES.txt'
[1.069s] writing manifest file 'turtle_brick.egg-info/SOURCES.txt'
[1.070s] running build_ext
[1.070s] Creating /home/alyssa/homework2-alyssa225/src/install/turtle_brick/lib/python3.10/site-packages/turtle-brick.egg-link (link to .)
[1.071s] Installing turtle_robot = turtle_brick.turtle_robot:maintracker script to /home/alyssa/homework2-alyssa225/src/install/turtle_brick/lib/turtle_brick
[1.071s] 
[1.072s] Installed /home/alyssa/homework2-alyssa225/src/build/turtle_brick
[1.072s] running install_data
[1.072s] creating /home/alyssa/homework2-alyssa225/src/install/turtle_brick/share/ament_index
[1.072s] creating /home/alyssa/homework2-alyssa225/src/install/turtle_brick/share/ament_index/resource_index
[1.072s] creating /home/alyssa/homework2-alyssa225/src/install/turtle_brick/share/ament_index/resource_index/packages
[1.072s] copying resource/turtle_brick -> /home/alyssa/homework2-alyssa225/src/install/turtle_brick/share/ament_index/resource_index/packages
[1.072s] copying package.xml -> /home/alyssa/homework2-alyssa225/src/install/turtle_brick/share/turtle_brick
[1.072s] error: can't copy 'config/view.rviz': doesn't exist or not a regular file
[1.072s] copying launch/show_turtle.launch.py -> /home/alyssa/homework2-alyssa225/src/install/turtle_brick/share/turtle_brick
[1.102s] Invoked command in '/home/alyssa/homework2-alyssa225/src/build/turtle_brick' returned '1': PYTHONPATH=/home/alyssa/homework2-alyssa225/src/install/turtle_brick/lib/python3.10/site-packages:${PYTHONPATH} /usr/bin/python3 setup.py develop --prefix /home/alyssa/homework2-alyssa225/src/install/turtle_brick --editable --build-directory /home/alyssa/homework2-alyssa225/src/build/turtle_brick/build --no-deps install_data --install-dir /home/alyssa/homework2-alyssa225/src/install/turtle_brick
