[0.221s] Invoking command in '/home/alyssa/homework2-alyssa225/build/turtle_brick_interface': CMAKE_PREFIX_PATH=${CMAKE_PREFIX_PATH}:/home/alyssa/homework2-alyssa225/install/turtle_brick:/opt/ros/humble /usr/bin/cmake --build /home/alyssa/homework2-alyssa225/build/turtle_brick_interface -- -j8 -l8
[0.227s] [0mCMake Error: The current CMakeCache.txt directory /home/alyssa/homework2-alyssa225/build/turtle_brick_interface/CMakeCache.txt is different than the directory /home/alyssa/ros2_ws/src/homework2-alyssa225/build/turtle_brick_interface where CMakeCache.txt was created. This may result in binaries being created in the wrong place. If you are not sure, reedit the CMakeCache.txt[0m
[0.258s] [100%] Built target place
[0.266s] Invoked command in '/home/alyssa/homework2-alyssa225/build/turtle_brick_interface' returned '0': CMAKE_PREFIX_PATH=${CMAKE_PREFIX_PATH}:/home/alyssa/homework2-alyssa225/install/turtle_brick:/opt/ros/humble /usr/bin/cmake --build /home/alyssa/homework2-alyssa225/build/turtle_brick_interface -- -j8 -l8
[0.293s] Invoking command in '/home/alyssa/homework2-alyssa225/build/turtle_brick_interface': CMAKE_PREFIX_PATH=${CMAKE_PREFIX_PATH}:/home/alyssa/homework2-alyssa225/install/turtle_brick:/opt/ros/humble /usr/bin/cmake --install /home/alyssa/homework2-alyssa225/build/turtle_brick_interface
[0.299s] -- Install configuration: ""
[0.300s] -- Up-to-date: /home/alyssa/ros2_ws/src/homework2-alyssa225/install/turtle_brick_interface/lib/turtle_brick_interface/place
[0.300s] -- Up-to-date: /home/alyssa/ros2_ws/src/homework2-alyssa225/install/turtle_brick_interface/share/ament_index/resource_index/package_run_dependencies/turtle_brick_interface
[0.300s] -- Up-to-date: /home/alyssa/ros2_ws/src/homework2-alyssa225/install/turtle_brick_interface/share/ament_index/resource_index/parent_prefix_path/turtle_brick_interface
[0.300s] -- Up-to-date: /home/alyssa/ros2_ws/src/homework2-alyssa225/install/turtle_brick_interface/share/turtle_brick_interface/environment/ament_prefix_path.sh
[0.301s] -- Up-to-date: /home/alyssa/ros2_ws/src/homework2-alyssa225/install/turtle_brick_interface/share/turtle_brick_interface/environment/ament_prefix_path.dsv
[0.301s] -- Up-to-date: /home/alyssa/ros2_ws/src/homework2-alyssa225/install/turtle_brick_interface/share/turtle_brick_interface/environment/path.sh
[0.301s] -- Up-to-date: /home/alyssa/ros2_ws/src/homework2-alyssa225/install/turtle_brick_interface/share/turtle_brick_interface/environment/path.dsv
[0.301s] -- Up-to-date: /home/alyssa/ros2_ws/src/homework2-alyssa225/install/turtle_brick_interface/share/turtle_brick_interface/local_setup.bash
[0.301s] -- Up-to-date: /home/alyssa/ros2_ws/src/homework2-alyssa225/install/turtle_brick_interface/share/turtle_brick_interface/local_setup.sh
[0.301s] -- Up-to-date: /home/alyssa/ros2_ws/src/homework2-alyssa225/install/turtle_brick_interface/share/turtle_brick_interface/local_setup.zsh
[0.301s] -- Up-to-date: /home/alyssa/ros2_ws/src/homework2-alyssa225/install/turtle_brick_interface/share/turtle_brick_interface/local_setup.dsv
[0.301s] -- Up-to-date: /home/alyssa/ros2_ws/src/homework2-alyssa225/install/turtle_brick_interface/share/turtle_brick_interface/package.dsv
[0.301s] -- Up-to-date: /home/alyssa/ros2_ws/src/homework2-alyssa225/install/turtle_brick_interface/share/ament_index/resource_index/packages/turtle_brick_interface
[0.301s] -- Up-to-date: /home/alyssa/ros2_ws/src/homework2-alyssa225/install/turtle_brick_interface/share/turtle_brick_interface/cmake/turtle_brick_interfaceConfig.cmake
[0.301s] -- Up-to-date: /home/alyssa/ros2_ws/src/homework2-alyssa225/install/turtle_brick_interface/share/turtle_brick_interface/cmake/turtle_brick_interfaceConfig-version.cmake
[0.302s] -- Up-to-date: /home/alyssa/ros2_ws/src/homework2-alyssa225/install/turtle_brick_interface/share/turtle_brick_interface/package.xml
[0.304s] Invoked command in '/home/alyssa/homework2-alyssa225/build/turtle_brick_interface' returned '0': CMAKE_PREFIX_PATH=${CMAKE_PREFIX_PATH}:/home/alyssa/homework2-alyssa225/install/turtle_brick:/opt/ros/humble /usr/bin/cmake --install /home/alyssa/homework2-alyssa225/build/turtle_brick_interface
