[0.324s] Invoking command in '/home/alyssa/homework2-alyssa225/src/build/turtle_brick_interfaces': CMAKE_PREFIX_PATH=${CMAKE_PREFIX_PATH}:/home/alyssa/homework2-alyssa225/src/install/turtle_brick:/opt/ros/humble /usr/bin/cmake --build /home/alyssa/homework2-alyssa225/src/build/turtle_brick_interfaces -- -j8 -l8
[0.365s] [35m[1mConsolidate compiler generated dependencies of target turtle_brick_interfaces__rosidl_generator_c[0m
[0.377s] [  2%] Built target turtle_brick_interfaces__cpp
[0.381s] [ 12%] Built target turtle_brick_interfaces__rosidl_generator_c
[0.391s] [ 12%] Built target ament_cmake_python_symlink_turtle_brick_interfaces
[0.394s] [35m[1mConsolidate compiler generated dependencies of target turtle_brick_interfaces__rosidl_typesupport_cpp[0m
[0.402s] [35m[1mConsolidate compiler generated dependencies of target turtle_brick_interfaces__rosidl_typesupport_fastrtps_cpp[0m
[0.405s] [35m[1mConsolidate compiler generated dependencies of target turtle_brick_interfaces__rosidl_typesupport_introspection_cpp[0m
[0.415s] [35m[1mConsolidate compiler generated dependencies of target turtle_brick_interfaces__rosidl_typesupport_c[0m
[0.416s] [35m[1mConsolidate compiler generated dependencies of target turtle_brick_interfaces__rosidl_typesupport_introspection_c[0m
[0.424s] [ 23%] Built target turtle_brick_interfaces__rosidl_typesupport_cpp
[0.426s] [35m[1mConsolidate compiler generated dependencies of target turtle_brick_interfaces__rosidl_typesupport_fastrtps_c[0m
[0.436s] [ 34%] Built target turtle_brick_interfaces__rosidl_typesupport_introspection_cpp
[0.444s] [ 44%] Built target turtle_brick_interfaces__rosidl_typesupport_fastrtps_cpp
[0.450s] [ 55%] Built target turtle_brick_interfaces__rosidl_typesupport_c
[0.450s] [ 65%] Built target turtle_brick_interfaces__rosidl_typesupport_introspection_c
[0.455s] [ 76%] Built target turtle_brick_interfaces__rosidl_typesupport_fastrtps_c
[0.485s] [ 76%] Built target turtle_brick_interfaces
[0.518s] [ 78%] Built target turtle_brick_interfaces__py
[0.535s] [35m[1mConsolidate compiler generated dependencies of target turtle_brick_interfaces__rosidl_generator_py[0m
[0.558s] [ 87%] Built target turtle_brick_interfaces__rosidl_generator_py
[0.587s] [35m[1mConsolidate compiler generated dependencies of target turtle_brick_interfaces__rosidl_typesupport_c__pyext[0m
[0.588s] [35m[1mConsolidate compiler generated dependencies of target turtle_brick_interfaces__rosidl_typesupport_introspection_c__pyext[0m
[0.603s] [35m[1mConsolidate compiler generated dependencies of target turtle_brick_interfaces__rosidl_typesupport_fastrtps_c__pyext[0m
[0.617s] [ 91%] Built target turtle_brick_interfaces__rosidl_typesupport_introspection_c__pyext
[0.619s] [ 95%] Built target turtle_brick_interfaces__rosidl_typesupport_c__pyext
[0.635s] [100%] Built target turtle_brick_interfaces__rosidl_typesupport_fastrtps_c__pyext
[0.849s] running egg_info
[0.850s] writing turtle_brick_interfaces.egg-info/PKG-INFO
[0.850s] writing dependency_links to turtle_brick_interfaces.egg-info/dependency_links.txt
[0.851s] writing top-level names to turtle_brick_interfaces.egg-info/top_level.txt
[0.854s] reading manifest file 'turtle_brick_interfaces.egg-info/SOURCES.txt'
[0.855s] writing manifest file 'turtle_brick_interfaces.egg-info/SOURCES.txt'
[0.891s] [100%] Built target ament_cmake_python_build_turtle_brick_interfaces_egg
[0.905s] Invoked command in '/home/alyssa/homework2-alyssa225/src/build/turtle_brick_interfaces' returned '0': CMAKE_PREFIX_PATH=${CMAKE_PREFIX_PATH}:/home/alyssa/homework2-alyssa225/src/install/turtle_brick:/opt/ros/humble /usr/bin/cmake --build /home/alyssa/homework2-alyssa225/src/build/turtle_brick_interfaces -- -j8 -l8
[1.016s] Invoking command in '/home/alyssa/homework2-alyssa225/src/build/turtle_brick_interfaces': CMAKE_PREFIX_PATH=${CMAKE_PREFIX_PATH}:/home/alyssa/homework2-alyssa225/src/install/turtle_brick:/opt/ros/humble /usr/bin/cmake --install /home/alyssa/homework2-alyssa225/src/build/turtle_brick_interfaces
[1.025s] -- Install configuration: ""
[1.026s] -- Execute custom install script
[1.026s] -- Up-to-date symlink: /home/alyssa/homework2-alyssa225/src/install/turtle_brick_interfaces/share/ament_index/resource_index/rosidl_interfaces/turtle_brick_interfaces
[1.027s] -- Up-to-date symlink: /home/alyssa/homework2-alyssa225/src/install/turtle_brick_interfaces/include/turtle_brick_interfaces/turtle_brick_interfaces/msg/detail/tilt__functions.h
[1.028s] -- Up-to-date symlink: /home/alyssa/homework2-alyssa225/src/install/turtle_brick_interfaces/include/turtle_brick_interfaces/turtle_brick_interfaces/msg/detail/tilt__struct.h
[1.028s] -- Up-to-date symlink: /home/alyssa/homework2-alyssa225/src/install/turtle_brick_interfaces/include/turtle_brick_interfaces/turtle_brick_interfaces/msg/detail/tilt__type_support.h
[1.028s] -- Up-to-date symlink: /home/alyssa/homework2-alyssa225/src/install/turtle_brick_interfaces/include/turtle_brick_interfaces/turtle_brick_interfaces/msg/rosidl_generator_c__visibility_control.h
[1.028s] -- Up-to-date symlink: /home/alyssa/homework2-alyssa225/src/install/turtle_brick_interfaces/include/turtle_brick_interfaces/turtle_brick_interfaces/msg/tilt.h
[1.028s] -- Up-to-date symlink: /home/alyssa/homework2-alyssa225/src/install/turtle_brick_interfaces/include/turtle_brick_interfaces/turtle_brick_interfaces/srv/detail/drop__functions.h
[1.029s] -- Up-to-date symlink: /home/alyssa/homework2-alyssa225/src/install/turtle_brick_interfaces/include/turtle_brick_interfaces/turtle_brick_interfaces/srv/detail/drop__struct.h
[1.029s] -- Up-to-date symlink: /home/alyssa/homework2-alyssa225/src/install/turtle_brick_interfaces/include/turtle_brick_interfaces/turtle_brick_interfaces/srv/detail/drop__type_support.h
[1.029s] -- Up-to-date symlink: /home/alyssa/homework2-alyssa225/src/install/turtle_brick_interfaces/include/turtle_brick_interfaces/turtle_brick_interfaces/srv/detail/place__functions.h
[1.029s] -- Up-to-date symlink: /home/alyssa/homework2-alyssa225/src/install/turtle_brick_interfaces/include/turtle_brick_interfaces/turtle_brick_interfaces/srv/detail/place__struct.h
[1.030s] -- Up-to-date symlink: /home/alyssa/homework2-alyssa225/src/install/turtle_brick_interfaces/include/turtle_brick_interfaces/turtle_brick_interfaces/srv/detail/place__type_support.h
[1.030s] -- Up-to-date symlink: /home/alyssa/homework2-alyssa225/src/install/turtle_brick_interfaces/include/turtle_brick_interfaces/turtle_brick_interfaces/srv/drop.h
[1.030s] -- Up-to-date symlink: /home/alyssa/homework2-alyssa225/src/install/turtle_brick_interfaces/include/turtle_brick_interfaces/turtle_brick_interfaces/srv/place.h
[1.030s] -- Up-to-date symlink: /home/alyssa/homework2-alyssa225/src/install/turtle_brick_interfaces/share/turtle_brick_interfaces/environment/library_path.sh
[1.031s] -- Up-to-date symlink: /home/alyssa/homework2-alyssa225/src/install/turtle_brick_interfaces/share/turtle_brick_interfaces/environment/library_path.dsv
[1.032s] -- Up-to-date symlink: /home/alyssa/homework2-alyssa225/src/install/turtle_brick_interfaces/include/turtle_brick_interfaces/turtle_brick_interfaces/msg/detail/tilt__rosidl_typesupport_fastrtps_c.h
[1.032s] -- Up-to-date symlink: /home/alyssa/homework2-alyssa225/src/install/turtle_brick_interfaces/include/turtle_brick_interfaces/turtle_brick_interfaces/msg/rosidl_typesupport_fastrtps_c__visibility_control.h
[1.033s] -- Up-to-date symlink: /home/alyssa/homework2-alyssa225/src/install/turtle_brick_interfaces/include/turtle_brick_interfaces/turtle_brick_interfaces/srv/detail/drop__rosidl_typesupport_fastrtps_c.h
[1.033s] -- Up-to-date symlink: /home/alyssa/homework2-alyssa225/src/install/turtle_brick_interfaces/include/turtle_brick_interfaces/turtle_brick_interfaces/srv/detail/place__rosidl_typesupport_fastrtps_c.h
[1.033s] -- Up-to-date symlink: /home/alyssa/homework2-alyssa225/src/install/turtle_brick_interfaces/include/turtle_brick_interfaces/turtle_brick_interfaces/msg/detail/tilt__rosidl_typesupport_introspection_c.h
[1.033s] -- Up-to-date symlink: /home/alyssa/homework2-alyssa225/src/install/turtle_brick_interfaces/include/turtle_brick_interfaces/turtle_brick_interfaces/msg/rosidl_typesupport_introspection_c__visibility_control.h
[1.034s] -- Up-to-date symlink: /home/alyssa/homework2-alyssa225/src/install/turtle_brick_interfaces/include/turtle_brick_interfaces/turtle_brick_interfaces/srv/detail/drop__rosidl_typesupport_introspection_c.h
[1.034s] -- Up-to-date symlink: /home/alyssa/homework2-alyssa225/src/install/turtle_brick_interfaces/include/turtle_brick_interfaces/turtle_brick_interfaces/srv/detail/place__rosidl_typesupport_introspection_c.h
[1.035s] -- Up-to-date symlink: /home/alyssa/homework2-alyssa225/src/install/turtle_brick_interfaces/include/turtle_brick_interfaces/turtle_brick_interfaces/msg/detail/tilt__builder.hpp
[1.035s] -- Up-to-date symlink: /home/alyssa/homework2-alyssa225/src/install/turtle_brick_interfaces/include/turtle_brick_interfaces/turtle_brick_interfaces/msg/detail/tilt__struct.hpp
[1.035s] -- Up-to-date symlink: /home/alyssa/homework2-alyssa225/src/install/turtle_brick_interfaces/include/turtle_brick_interfaces/turtle_brick_interfaces/msg/detail/tilt__traits.hpp
[1.035s] -- Up-to-date symlink: /home/alyssa/homework2-alyssa225/src/install/turtle_brick_interfaces/include/turtle_brick_interfaces/turtle_brick_interfaces/msg/tilt.hpp
[1.035s] -- Up-to-date symlink: /home/alyssa/homework2-alyssa225/src/install/turtle_brick_interfaces/include/turtle_brick_interfaces/turtle_brick_interfaces/srv/detail/drop__builder.hpp
[1.036s] -- Up-to-date symlink: /home/alyssa/homework2-alyssa225/src/install/turtle_brick_interfaces/include/turtle_brick_interfaces/turtle_brick_interfaces/srv/detail/drop__struct.hpp
[1.036s] -- Up-to-date symlink: /home/alyssa/homework2-alyssa225/src/install/turtle_brick_interfaces/include/turtle_brick_interfaces/turtle_brick_interfaces/srv/detail/drop__traits.hpp
[1.036s] -- Up-to-date symlink: /home/alyssa/homework2-alyssa225/src/install/turtle_brick_interfaces/include/turtle_brick_interfaces/turtle_brick_interfaces/srv/detail/place__builder.hpp
[1.037s] -- Up-to-date symlink: /home/alyssa/homework2-alyssa225/src/install/turtle_brick_interfaces/include/turtle_brick_interfaces/turtle_brick_interfaces/srv/detail/place__struct.hpp
[1.037s] -- Up-to-date symlink: /home/alyssa/homework2-alyssa225/src/install/turtle_brick_interfaces/include/turtle_brick_interfaces/turtle_brick_interfaces/srv/detail/place__traits.hpp
[1.038s] -- Up-to-date symlink: /home/alyssa/homework2-alyssa225/src/install/turtle_brick_interfaces/include/turtle_brick_interfaces/turtle_brick_interfaces/srv/drop.hpp
[1.038s] -- Up-to-date symlink: /home/alyssa/homework2-alyssa225/src/install/turtle_brick_interfaces/include/turtle_brick_interfaces/turtle_brick_interfaces/srv/place.hpp
[1.039s] -- Up-to-date symlink: /home/alyssa/homework2-alyssa225/src/install/turtle_brick_interfaces/include/turtle_brick_interfaces/turtle_brick_interfaces/msg/detail/tilt__rosidl_typesupport_fastrtps_cpp.hpp
[1.039s] -- Up-to-date symlink: /home/alyssa/homework2-alyssa225/src/install/turtle_brick_interfaces/include/turtle_brick_interfaces/turtle_brick_interfaces/msg/rosidl_typesupport_fastrtps_cpp__visibility_control.h
[1.039s] -- Up-to-date symlink: /home/alyssa/homework2-alyssa225/src/install/turtle_brick_interfaces/include/turtle_brick_interfaces/turtle_brick_interfaces/srv/detail/drop__rosidl_typesupport_fastrtps_cpp.hpp
[1.039s] -- Up-to-date symlink: /home/alyssa/homework2-alyssa225/src/install/turtle_brick_interfaces/include/turtle_brick_interfaces/turtle_brick_interfaces/srv/detail/place__rosidl_typesupport_fastrtps_cpp.hpp
[1.040s] -- Up-to-date symlink: /home/alyssa/homework2-alyssa225/src/install/turtle_brick_interfaces/include/turtle_brick_interfaces/turtle_brick_interfaces/msg/detail/tilt__rosidl_typesupport_introspection_cpp.hpp
[1.040s] -- Up-to-date symlink: /home/alyssa/homework2-alyssa225/src/install/turtle_brick_interfaces/include/turtle_brick_interfaces/turtle_brick_interfaces/srv/detail/drop__rosidl_typesupport_introspection_cpp.hpp
[1.040s] -- Up-to-date symlink: /home/alyssa/homework2-alyssa225/src/install/turtle_brick_interfaces/include/turtle_brick_interfaces/turtle_brick_interfaces/srv/detail/place__rosidl_typesupport_introspection_cpp.hpp
[1.041s] -- Up-to-date symlink: /home/alyssa/homework2-alyssa225/src/install/turtle_brick_interfaces/share/turtle_brick_interfaces/environment/pythonpath.sh
[1.041s] -- Up-to-date symlink: /home/alyssa/homework2-alyssa225/src/install/turtle_brick_interfaces/share/turtle_brick_interfaces/environment/pythonpath.dsv
[1.042s] -- Up-to-date symlink: /home/alyssa/homework2-alyssa225/src/install/turtle_brick_interfaces/local/lib/python3.10/dist-packages/turtle_brick_interfaces-0.0.0-py3.10.egg-info/PKG-INFO
[1.042s] -- Up-to-date symlink: /home/alyssa/homework2-alyssa225/src/install/turtle_brick_interfaces/local/lib/python3.10/dist-packages/turtle_brick_interfaces-0.0.0-py3.10.egg-info/SOURCES.txt
[1.042s] -- Up-to-date symlink: /home/alyssa/homework2-alyssa225/src/install/turtle_brick_interfaces/local/lib/python3.10/dist-packages/turtle_brick_interfaces-0.0.0-py3.10.egg-info/dependency_links.txt
[1.042s] -- Up-to-date symlink: /home/alyssa/homework2-alyssa225/src/install/turtle_brick_interfaces/local/lib/python3.10/dist-packages/turtle_brick_interfaces-0.0.0-py3.10.egg-info/top_level.txt
[1.044s] -- Up-to-date symlink: /home/alyssa/homework2-alyssa225/src/install/turtle_brick_interfaces/local/lib/python3.10/dist-packages/turtle_brick_interfaces/__init__.py
[1.044s] -- Up-to-date symlink: /home/alyssa/homework2-alyssa225/src/install/turtle_brick_interfaces/local/lib/python3.10/dist-packages/turtle_brick_interfaces/_turtle_brick_interfaces_s.ep.rosidl_typesupport_c.c
[1.044s] -- Up-to-date symlink: /home/alyssa/homework2-alyssa225/src/install/turtle_brick_interfaces/local/lib/python3.10/dist-packages/turtle_brick_interfaces/_turtle_brick_interfaces_s.ep.rosidl_typesupport_fastrtps_c.c
[1.044s] -- Up-to-date symlink: /home/alyssa/homework2-alyssa225/src/install/turtle_brick_interfaces/local/lib/python3.10/dist-packages/turtle_brick_interfaces/_turtle_brick_interfaces_s.ep.rosidl_typesupport_introspection_c.c
[1.044s] -- Up-to-date symlink: /home/alyssa/homework2-alyssa225/src/install/turtle_brick_interfaces/local/lib/python3.10/dist-packages/turtle_brick_interfaces/libturtle_brick_interfaces__rosidl_generator_py.so
[1.045s] -- Up-to-date symlink: /home/alyssa/homework2-alyssa225/src/install/turtle_brick_interfaces/local/lib/python3.10/dist-packages/turtle_brick_interfaces/msg/__init__.py
[1.045s] -- Up-to-date symlink: /home/alyssa/homework2-alyssa225/src/install/turtle_brick_interfaces/local/lib/python3.10/dist-packages/turtle_brick_interfaces/msg/_tilt.py
[1.045s] -- Up-to-date symlink: /home/alyssa/homework2-alyssa225/src/install/turtle_brick_interfaces/local/lib/python3.10/dist-packages/turtle_brick_interfaces/msg/_tilt_s.c
[1.045s] -- Up-to-date symlink: /home/alyssa/homework2-alyssa225/src/install/turtle_brick_interfaces/local/lib/python3.10/dist-packages/turtle_brick_interfaces/srv/__init__.py
[1.045s] -- Up-to-date symlink: /home/alyssa/homework2-alyssa225/src/install/turtle_brick_interfaces/local/lib/python3.10/dist-packages/turtle_brick_interfaces/srv/_drop.py
[1.046s] -- Up-to-date symlink: /home/alyssa/homework2-alyssa225/src/install/turtle_brick_interfaces/local/lib/python3.10/dist-packages/turtle_brick_interfaces/srv/_drop_s.c
[1.046s] -- Up-to-date symlink: /home/alyssa/homework2-alyssa225/src/install/turtle_brick_interfaces/local/lib/python3.10/dist-packages/turtle_brick_interfaces/srv/_place.py
[1.047s] -- Up-to-date symlink: /home/alyssa/homework2-alyssa225/src/install/turtle_brick_interfaces/local/lib/python3.10/dist-packages/turtle_brick_interfaces/srv/_place_s.c
[1.047s] -- Up-to-date symlink: /home/alyssa/homework2-alyssa225/src/install/turtle_brick_interfaces/local/lib/python3.10/dist-packages/turtle_brick_interfaces/turtle_brick_interfaces_s__rosidl_typesupport_c.cpython-310-x86_64-linux-gnu.so
[1.047s] -- Up-to-date symlink: /home/alyssa/homework2-alyssa225/src/install/turtle_brick_interfaces/local/lib/python3.10/dist-packages/turtle_brick_interfaces/turtle_brick_interfaces_s__rosidl_typesupport_fastrtps_c.cpython-310-x86_64-linux-gnu.so
[1.048s] -- Up-to-date symlink: /home/alyssa/homework2-alyssa225/src/install/turtle_brick_interfaces/local/lib/python3.10/dist-packages/turtle_brick_interfaces/turtle_brick_interfaces_s__rosidl_typesupport_introspection_c.cpython-310-x86_64-linux-gnu.so
[1.049s] -- Up-to-date symlink: /home/alyssa/homework2-alyssa225/src/install/turtle_brick_interfaces/local/lib/python3.10/dist-packages/turtle_brick_interfaces/turtle_brick_interfaces_s__rosidl_typesupport_fastrtps_c.cpython-310-x86_64-linux-gnu.so
[1.049s] -- Up-to-date symlink: /home/alyssa/homework2-alyssa225/src/install/turtle_brick_interfaces/local/lib/python3.10/dist-packages/turtle_brick_interfaces/turtle_brick_interfaces_s__rosidl_typesupport_introspection_c.cpython-310-x86_64-linux-gnu.so
[1.050s] -- Up-to-date symlink: /home/alyssa/homework2-alyssa225/src/install/turtle_brick_interfaces/local/lib/python3.10/dist-packages/turtle_brick_interfaces/turtle_brick_interfaces_s__rosidl_typesupport_c.cpython-310-x86_64-linux-gnu.so
[1.051s] -- Up-to-date symlink: /home/alyssa/homework2-alyssa225/src/install/turtle_brick_interfaces/share/turtle_brick_interfaces/msg/Tilt.idl
[1.051s] -- Up-to-date symlink: /home/alyssa/homework2-alyssa225/src/install/turtle_brick_interfaces/share/turtle_brick_interfaces/srv/Place.idl
[1.051s] -- Up-to-date symlink: /home/alyssa/homework2-alyssa225/src/install/turtle_brick_interfaces/share/turtle_brick_interfaces/srv/Drop.idl
[1.051s] -- Up-to-date symlink: /home/alyssa/homework2-alyssa225/src/install/turtle_brick_interfaces/share/turtle_brick_interfaces/msg/Tilt.msg
[1.051s] -- Up-to-date symlink: /home/alyssa/homework2-alyssa225/src/install/turtle_brick_interfaces/share/turtle_brick_interfaces/srv/Place.srv
[1.051s] -- Up-to-date symlink: /home/alyssa/homework2-alyssa225/src/install/turtle_brick_interfaces/share/turtle_brick_interfaces/srv/Place_Request.msg
[1.052s] -- Up-to-date symlink: /home/alyssa/homework2-alyssa225/src/install/turtle_brick_interfaces/share/turtle_brick_interfaces/srv/Place_Response.msg
[1.052s] -- Up-to-date symlink: /home/alyssa/homework2-alyssa225/src/install/turtle_brick_interfaces/share/turtle_brick_interfaces/srv/Drop.srv
[1.052s] -- Up-to-date symlink: /home/alyssa/homework2-alyssa225/src/install/turtle_brick_interfaces/share/turtle_brick_interfaces/srv/Drop_Request.msg
[1.052s] -- Up-to-date symlink: /home/alyssa/homework2-alyssa225/src/install/turtle_brick_interfaces/share/turtle_brick_interfaces/srv/Drop_Response.msg
[1.053s] -- Up-to-date symlink: /home/alyssa/homework2-alyssa225/src/install/turtle_brick_interfaces/share/ament_index/resource_index/package_run_dependencies/turtle_brick_interfaces
[1.053s] -- Up-to-date symlink: /home/alyssa/homework2-alyssa225/src/install/turtle_brick_interfaces/share/ament_index/resource_index/parent_prefix_path/turtle_brick_interfaces
[1.053s] -- Up-to-date symlink: /home/alyssa/homework2-alyssa225/src/install/turtle_brick_interfaces/share/turtle_brick_interfaces/environment/ament_prefix_path.sh
[1.054s] -- Up-to-date symlink: /home/alyssa/homework2-alyssa225/src/install/turtle_brick_interfaces/share/turtle_brick_interfaces/environment/ament_prefix_path.dsv
[1.054s] -- Up-to-date symlink: /home/alyssa/homework2-alyssa225/src/install/turtle_brick_interfaces/share/turtle_brick_interfaces/environment/path.sh
[1.054s] -- Up-to-date symlink: /home/alyssa/homework2-alyssa225/src/install/turtle_brick_interfaces/share/turtle_brick_interfaces/environment/path.dsv
[1.054s] -- Up-to-date symlink: /home/alyssa/homework2-alyssa225/src/install/turtle_brick_interfaces/share/turtle_brick_interfaces/local_setup.bash
[1.054s] -- Up-to-date symlink: /home/alyssa/homework2-alyssa225/src/install/turtle_brick_interfaces/share/turtle_brick_interfaces/local_setup.sh
[1.055s] -- Up-to-date symlink: /home/alyssa/homework2-alyssa225/src/install/turtle_brick_interfaces/share/turtle_brick_interfaces/local_setup.zsh
[1.055s] -- Up-to-date symlink: /home/alyssa/homework2-alyssa225/src/install/turtle_brick_interfaces/share/turtle_brick_interfaces/local_setup.dsv
[1.055s] -- Symlinking: /home/alyssa/homework2-alyssa225/src/install/turtle_brick_interfaces/share/turtle_brick_interfaces/package.dsv
[1.067s] -- Up-to-date symlink: /home/alyssa/homework2-alyssa225/src/install/turtle_brick_interfaces/share/ament_index/resource_index/packages/turtle_brick_interfaces
[1.068s] -- Up-to-date symlink: /home/alyssa/homework2-alyssa225/src/install/turtle_brick_interfaces/share/turtle_brick_interfaces/cmake/rosidl_cmake-extras.cmake
[1.068s] -- Up-to-date symlink: /home/alyssa/homework2-alyssa225/src/install/turtle_brick_interfaces/share/turtle_brick_interfaces/cmake/ament_cmake_export_include_directories-extras.cmake
[1.068s] -- Up-to-date symlink: /home/alyssa/homework2-alyssa225/src/install/turtle_brick_interfaces/share/turtle_brick_interfaces/cmake/ament_cmake_export_libraries-extras.cmake
[1.069s] -- Up-to-date symlink: /home/alyssa/homework2-alyssa225/src/install/turtle_brick_interfaces/share/turtle_brick_interfaces/cmake/ament_cmake_export_targets-extras.cmake
[1.069s] -- Up-to-date symlink: /home/alyssa/homework2-alyssa225/src/install/turtle_brick_interfaces/share/turtle_brick_interfaces/cmake/rosidl_cmake_export_typesupport_targets-extras.cmake
[1.069s] -- Up-to-date symlink: /home/alyssa/homework2-alyssa225/src/install/turtle_brick_interfaces/share/turtle_brick_interfaces/cmake/ament_cmake_export_dependencies-extras.cmake
[1.069s] -- Up-to-date symlink: /home/alyssa/homework2-alyssa225/src/install/turtle_brick_interfaces/share/turtle_brick_interfaces/cmake/rosidl_cmake_export_typesupport_libraries-extras.cmake
[1.070s] -- Up-to-date symlink: /home/alyssa/homework2-alyssa225/src/install/turtle_brick_interfaces/share/turtle_brick_interfaces/cmake/turtle_brick_interfacesConfig.cmake
[1.070s] -- Up-to-date symlink: /home/alyssa/homework2-alyssa225/src/install/turtle_brick_interfaces/share/turtle_brick_interfaces/cmake/turtle_brick_interfacesConfig-version.cmake
[1.070s] -- Up-to-date symlink: /home/alyssa/homework2-alyssa225/src/install/turtle_brick_interfaces/share/turtle_brick_interfaces/package.xml
[1.071s] -- Up-to-date: /home/alyssa/homework2-alyssa225/src/install/turtle_brick_interfaces/lib/libturtle_brick_interfaces__rosidl_generator_c.so
[1.071s] -- Up-to-date: /home/alyssa/homework2-alyssa225/src/install/turtle_brick_interfaces/lib/libturtle_brick_interfaces__rosidl_typesupport_fastrtps_c.so
[1.072s] -- Up-to-date: /home/alyssa/homework2-alyssa225/src/install/turtle_brick_interfaces/lib/libturtle_brick_interfaces__rosidl_typesupport_introspection_c.so
[1.072s] -- Up-to-date: /home/alyssa/homework2-alyssa225/src/install/turtle_brick_interfaces/lib/libturtle_brick_interfaces__rosidl_typesupport_c.so
[1.073s] -- Up-to-date: /home/alyssa/homework2-alyssa225/src/install/turtle_brick_interfaces/lib/libturtle_brick_interfaces__rosidl_typesupport_fastrtps_cpp.so
[1.074s] -- Up-to-date: /home/alyssa/homework2-alyssa225/src/install/turtle_brick_interfaces/lib/libturtle_brick_interfaces__rosidl_typesupport_introspection_cpp.so
[1.075s] -- Up-to-date: /home/alyssa/homework2-alyssa225/src/install/turtle_brick_interfaces/lib/libturtle_brick_interfaces__rosidl_typesupport_cpp.so
[1.118s] Listing '/home/alyssa/homework2-alyssa225/src/install/turtle_brick_interfaces/local/lib/python3.10/dist-packages/turtle_brick_interfaces'...
[1.118s] Listing '/home/alyssa/homework2-alyssa225/src/install/turtle_brick_interfaces/local/lib/python3.10/dist-packages/turtle_brick_interfaces/msg'...
[1.118s] Listing '/home/alyssa/homework2-alyssa225/src/install/turtle_brick_interfaces/local/lib/python3.10/dist-packages/turtle_brick_interfaces/srv'...
[1.126s] -- Up-to-date: /home/alyssa/homework2-alyssa225/src/install/turtle_brick_interfaces/lib/libturtle_brick_interfaces__rosidl_generator_py.so
[1.126s] -- Up-to-date: /home/alyssa/homework2-alyssa225/src/install/turtle_brick_interfaces/share/turtle_brick_interfaces/cmake/export_turtle_brick_interfaces__rosidl_generator_cExport.cmake
[1.126s] -- Up-to-date: /home/alyssa/homework2-alyssa225/src/install/turtle_brick_interfaces/share/turtle_brick_interfaces/cmake/export_turtle_brick_interfaces__rosidl_generator_cExport-noconfig.cmake
[1.127s] -- Up-to-date: /home/alyssa/homework2-alyssa225/src/install/turtle_brick_interfaces/share/turtle_brick_interfaces/cmake/export_turtle_brick_interfaces__rosidl_typesupport_fastrtps_cExport.cmake
[1.127s] -- Up-to-date: /home/alyssa/homework2-alyssa225/src/install/turtle_brick_interfaces/share/turtle_brick_interfaces/cmake/export_turtle_brick_interfaces__rosidl_typesupport_fastrtps_cExport-noconfig.cmake
[1.127s] -- Up-to-date: /home/alyssa/homework2-alyssa225/src/install/turtle_brick_interfaces/share/turtle_brick_interfaces/cmake/turtle_brick_interfaces__rosidl_typesupport_introspection_cExport.cmake
[1.127s] -- Up-to-date: /home/alyssa/homework2-alyssa225/src/install/turtle_brick_interfaces/share/turtle_brick_interfaces/cmake/turtle_brick_interfaces__rosidl_typesupport_introspection_cExport-noconfig.cmake
[1.127s] -- Up-to-date: /home/alyssa/homework2-alyssa225/src/install/turtle_brick_interfaces/share/turtle_brick_interfaces/cmake/turtle_brick_interfaces__rosidl_typesupport_cExport.cmake
[1.128s] -- Up-to-date: /home/alyssa/homework2-alyssa225/src/install/turtle_brick_interfaces/share/turtle_brick_interfaces/cmake/turtle_brick_interfaces__rosidl_typesupport_cExport-noconfig.cmake
[1.128s] -- Up-to-date: /home/alyssa/homework2-alyssa225/src/install/turtle_brick_interfaces/share/turtle_brick_interfaces/cmake/export_turtle_brick_interfaces__rosidl_generator_cppExport.cmake
[1.128s] -- Up-to-date: /home/alyssa/homework2-alyssa225/src/install/turtle_brick_interfaces/share/turtle_brick_interfaces/cmake/export_turtle_brick_interfaces__rosidl_typesupport_fastrtps_cppExport.cmake
[1.128s] -- Up-to-date: /home/alyssa/homework2-alyssa225/src/install/turtle_brick_interfaces/share/turtle_brick_interfaces/cmake/export_turtle_brick_interfaces__rosidl_typesupport_fastrtps_cppExport-noconfig.cmake
[1.129s] -- Up-to-date: /home/alyssa/homework2-alyssa225/src/install/turtle_brick_interfaces/share/turtle_brick_interfaces/cmake/turtle_brick_interfaces__rosidl_typesupport_introspection_cppExport.cmake
[1.129s] -- Up-to-date: /home/alyssa/homework2-alyssa225/src/install/turtle_brick_interfaces/share/turtle_brick_interfaces/cmake/turtle_brick_interfaces__rosidl_typesupport_introspection_cppExport-noconfig.cmake
[1.129s] -- Up-to-date: /home/alyssa/homework2-alyssa225/src/install/turtle_brick_interfaces/share/turtle_brick_interfaces/cmake/turtle_brick_interfaces__rosidl_typesupport_cppExport.cmake
[1.129s] -- Up-to-date: /home/alyssa/homework2-alyssa225/src/install/turtle_brick_interfaces/share/turtle_brick_interfaces/cmake/turtle_brick_interfaces__rosidl_typesupport_cppExport-noconfig.cmake
[1.129s] -- Up-to-date: /home/alyssa/homework2-alyssa225/src/install/turtle_brick_interfaces/share/turtle_brick_interfaces/cmake/export_turtle_brick_interfaces__rosidl_generator_pyExport.cmake
[1.129s] -- Up-to-date: /home/alyssa/homework2-alyssa225/src/install/turtle_brick_interfaces/share/turtle_brick_interfaces/cmake/export_turtle_brick_interfaces__rosidl_generator_pyExport-noconfig.cmake
[1.132s] Invoked command in '/home/alyssa/homework2-alyssa225/src/build/turtle_brick_interfaces' returned '0': CMAKE_PREFIX_PATH=${CMAKE_PREFIX_PATH}:/home/alyssa/homework2-alyssa225/src/install/turtle_brick:/opt/ros/humble /usr/bin/cmake --install /home/alyssa/homework2-alyssa225/src/build/turtle_brick_interfaces
