[0.672s] Invoking command in '/home/alyssa/homework2-alyssa225/src/turtle_brick': PYTHONPATH=/home/alyssa/homework2-alyssa225/install/turtle_brick/lib/python3.10/site-packages:${PYTHONPATH} /usr/bin/python3 setup.py egg_info --egg-base ../../build/turtle_brick build --build-base /home/alyssa/homework2-alyssa225/build/turtle_brick/build install --prefix /home/alyssa/homework2-alyssa225/install/turtle_brick --record /home/alyssa/homework2-alyssa225/build/turtle_brick/install.log --single-version-externally-managed
[0.973s] running egg_info
[0.974s] writing ../../build/turtle_brick/turtle_brick.egg-info/PKG-INFO
[0.975s] writing dependency_links to ../../build/turtle_brick/turtle_brick.egg-info/dependency_links.txt
[0.975s] writing entry points to ../../build/turtle_brick/turtle_brick.egg-info/entry_points.txt
[0.975s] writing requirements to ../../build/turtle_brick/turtle_brick.egg-info/requires.txt
[0.975s] writing top-level names to ../../build/turtle_brick/turtle_brick.egg-info/top_level.txt
[0.978s] reading manifest file '../../build/turtle_brick/turtle_brick.egg-info/SOURCES.txt'
[0.979s] writing manifest file '../../build/turtle_brick/turtle_brick.egg-info/SOURCES.txt'
[0.979s] running build
[0.979s] running build_py
[0.980s] running install
[0.980s] /usr/lib/python3/dist-packages/setuptools/command/install.py:34: SetuptoolsDeprecationWarning: setup.py install is deprecated. Use build and pip and other standards-based tools.
[0.980s]   warnings.warn(
[0.980s] running install_lib
[0.982s] running install_data
[0.983s] running install_egg_info
[0.984s] removing '/home/alyssa/homework2-alyssa225/install/turtle_brick/lib/python3.10/site-packages/turtle_brick-0.0.0-py3.10.egg-info' (and everything under it)
[0.984s] Copying ../../build/turtle_brick/turtle_brick.egg-info to /home/alyssa/homework2-alyssa225/install/turtle_brick/lib/python3.10/site-packages/turtle_brick-0.0.0-py3.10.egg-info
[0.986s] running install_scripts
[1.011s] Installing arena script to /home/alyssa/homework2-alyssa225/install/turtle_brick/lib/turtle_brick
[1.012s] Installing catcher script to /home/alyssa/homework2-alyssa225/install/turtle_brick/lib/turtle_brick
[1.012s] Installing turtle_robot script to /home/alyssa/homework2-alyssa225/install/turtle_brick/lib/turtle_brick
[1.012s] writing list of installed files to '/home/alyssa/homework2-alyssa225/build/turtle_brick/install.log'
[1.048s] Invoked command in '/home/alyssa/homework2-alyssa225/src/turtle_brick' returned '0': PYTHONPATH=/home/alyssa/homework2-alyssa225/install/turtle_brick/lib/python3.10/site-packages:${PYTHONPATH} /usr/bin/python3 setup.py egg_info --egg-base ../../build/turtle_brick build --build-base /home/alyssa/homework2-alyssa225/build/turtle_brick/build install --prefix /home/alyssa/homework2-alyssa225/install/turtle_brick --record /home/alyssa/homework2-alyssa225/build/turtle_brick/install.log --single-version-externally-managed
