[0.689s] Invoking command in '/home/alyssa/homework2-alyssa225/src/build/turtle_brick': PYTHONPATH=/home/alyssa/homework2-alyssa225/src/install/turtle_brick/lib/python3.10/site-packages:${PYTHONPATH} /usr/bin/python3 setup.py develop --prefix /home/alyssa/homework2-alyssa225/src/install/turtle_brick --uninstall --editable --build-directory /home/alyssa/homework2-alyssa225/src/build/turtle_brick/build
[1.134s] running develop
[1.135s] /usr/lib/python3/dist-packages/setuptools/command/easy_install.py:158: EasyInstallDeprecationWarning: easy_install command is deprecated. Use build and pip and other standards-based tools.
[1.135s]   warnings.warn(
[1.136s] /usr/lib/python3/dist-packages/setuptools/command/install.py:34: SetuptoolsDeprecationWarning: setup.py install is deprecated. Use build and pip and other standards-based tools.
[1.136s]   warnings.warn(
[1.189s] /usr/lib/python3/dist-packages/pkg_resources/__init__.py:116: PkgResourcesDeprecationWarning: 1.16.0-unknown is an invalid version and will not be supported in a future release
[1.189s]   warnings.warn(
[1.189s] /usr/lib/python3/dist-packages/pkg_resources/__init__.py:116: PkgResourcesDeprecationWarning: 1.1build1 is an invalid version and will not be supported in a future release
[1.190s]   warnings.warn(
[1.190s] /usr/lib/python3/dist-packages/pkg_resources/__init__.py:116: PkgResourcesDeprecationWarning: 0.1.43ubuntu1 is an invalid version and will not be supported in a future release
[1.190s]   warnings.warn(
[1.311s] Invoked command in '/home/alyssa/homework2-alyssa225/src/build/turtle_brick' returned '0': PYTHONPATH=/home/alyssa/homework2-alyssa225/src/install/turtle_brick/lib/python3.10/site-packages:${PYTHONPATH} /usr/bin/python3 setup.py develop --prefix /home/alyssa/homework2-alyssa225/src/install/turtle_brick --uninstall --editable --build-directory /home/alyssa/homework2-alyssa225/src/build/turtle_brick/build
[1.312s] Invoking command in '/home/alyssa/homework2-alyssa225/src/turtle_brick': PYTHONPATH=/home/alyssa/homework2-alyssa225/src/install/turtle_brick/lib/python3.10/site-packages:${PYTHONPATH} /usr/bin/python3 setup.py egg_info --egg-base ../build/turtle_brick build --build-base /home/alyssa/homework2-alyssa225/src/build/turtle_brick/build install --prefix /home/alyssa/homework2-alyssa225/src/install/turtle_brick --record /home/alyssa/homework2-alyssa225/src/build/turtle_brick/install.log --single-version-externally-managed
[1.568s] running egg_info
[1.569s] writing ../build/turtle_brick/turtle_brick.egg-info/PKG-INFO
[1.570s] writing dependency_links to ../build/turtle_brick/turtle_brick.egg-info/dependency_links.txt
[1.570s] writing entry points to ../build/turtle_brick/turtle_brick.egg-info/entry_points.txt
[1.570s] writing requirements to ../build/turtle_brick/turtle_brick.egg-info/requires.txt
[1.571s] writing top-level names to ../build/turtle_brick/turtle_brick.egg-info/top_level.txt
[1.572s] reading manifest file '../build/turtle_brick/turtle_brick.egg-info/SOURCES.txt'
[1.573s] writing manifest file '../build/turtle_brick/turtle_brick.egg-info/SOURCES.txt'
[1.573s] running build
[1.574s] running build_py
[1.574s] copying turtle_brick/arena.py -> /home/alyssa/homework2-alyssa225/src/build/turtle_brick/build/lib/turtle_brick
[1.574s] running install
[1.574s] /usr/lib/python3/dist-packages/setuptools/command/install.py:34: SetuptoolsDeprecationWarning: setup.py install is deprecated. Use build and pip and other standards-based tools.
[1.575s]   warnings.warn(
[1.575s] running install_lib
[1.576s] copying /home/alyssa/homework2-alyssa225/src/build/turtle_brick/build/lib/turtle_brick/arena.py -> /home/alyssa/homework2-alyssa225/src/install/turtle_brick/lib/python3.10/site-packages/turtle_brick
[1.577s] byte-compiling /home/alyssa/homework2-alyssa225/src/install/turtle_brick/lib/python3.10/site-packages/turtle_brick/arena.py to arena.cpython-310.pyc
[1.578s] running install_data
[1.578s] running install_egg_info
[1.580s] removing '/home/alyssa/homework2-alyssa225/src/install/turtle_brick/lib/python3.10/site-packages/turtle_brick-0.0.0-py3.10.egg-info' (and everything under it)
[1.580s] Copying ../build/turtle_brick/turtle_brick.egg-info to /home/alyssa/homework2-alyssa225/src/install/turtle_brick/lib/python3.10/site-packages/turtle_brick-0.0.0-py3.10.egg-info
[1.581s] running install_scripts
[1.598s] Installing arena script to /home/alyssa/homework2-alyssa225/src/install/turtle_brick/lib/turtle_brick
[1.599s] Installing turtle_robot script to /home/alyssa/homework2-alyssa225/src/install/turtle_brick/lib/turtle_brick
[1.599s] writing list of installed files to '/home/alyssa/homework2-alyssa225/src/build/turtle_brick/install.log'
[1.619s] Invoked command in '/home/alyssa/homework2-alyssa225/src/turtle_brick' returned '0': PYTHONPATH=/home/alyssa/homework2-alyssa225/src/install/turtle_brick/lib/python3.10/site-packages:${PYTHONPATH} /usr/bin/python3 setup.py egg_info --egg-base ../build/turtle_brick build --build-base /home/alyssa/homework2-alyssa225/src/build/turtle_brick/build install --prefix /home/alyssa/homework2-alyssa225/src/install/turtle_brick --record /home/alyssa/homework2-alyssa225/src/build/turtle_brick/install.log --single-version-externally-managed
