[0.264s] DEBUG:colcon:Command line arguments: ['/usr/bin/colcon', 'build']
[0.264s] DEBUG:colcon:Parsed command line arguments: Namespace(log_base=None, log_level=None, verb_name='build', build_base='build', install_base='install', merge_install=False, symlink_install=False, test_result_base=None, continue_on_error=False, executor='parallel', parallel_workers=8, event_handlers=None, ignore_user_meta=False, metas=['./colcon.meta'], base_paths=['.'], packages_ignore=None, packages_ignore_regex=None, paths=None, packages_up_to=None, packages_up_to_regex=None, packages_above=None, packages_above_and_dependencies=None, packages_above_depth=None, packages_select_by_dep=None, packages_skip_by_dep=None, packages_skip_up_to=None, packages_select_build_failed=False, packages_skip_build_finished=False, packages_select_test_failures=False, packages_skip_test_passed=False, packages_select=None, packages_skip=None, packages_select_regex=None, packages_skip_regex=None, packages_start=None, packages_end=None, allow_overriding=[], cmake_args=None, cmake_target=None, cmake_target_skip_unavailable=False, cmake_clean_cache=False, cmake_clean_first=False, cmake_force_configure=False, ament_cmake_args=None, catkin_cmake_args=None, catkin_skip_building_tests=False, mixin_files=None, mixin=None, verb_parser=<colcon_mixin.mixin.mixin_argument.MixinArgumentDecorator object at 0x7fc155989bd0>, verb_extension=<colcon_core.verb.build.BuildVerb object at 0x7fc1562db220>, main=<bound method BuildVerb.main of <colcon_core.verb.build.BuildVerb object at 0x7fc1562db220>>, mixin_verb=('build',))
[0.289s] Level 1:colcon.colcon_core.package_discovery:discover_packages(colcon_meta) check parameters
[0.289s] Level 1:colcon.colcon_core.package_discovery:discover_packages(recursive) check parameters
[0.289s] Level 1:colcon.colcon_core.package_discovery:discover_packages(ignore) check parameters
[0.289s] Level 1:colcon.colcon_core.package_discovery:discover_packages(path) check parameters
[0.289s] Level 1:colcon.colcon_core.package_discovery:discover_packages(colcon_meta) discover
[0.289s] Level 1:colcon.colcon_core.package_discovery:discover_packages(recursive) discover
[0.289s] INFO:colcon.colcon_core.package_discovery:Crawling recursively for packages in '/home/alyssa/ros2_ws/src/homework2-alyssa225'
[0.289s] Level 1:colcon.colcon_core.package_identification:_identify(.) by extensions ['ignore', 'ignore_ament_install']
[0.289s] Level 1:colcon.colcon_core.package_identification:_identify(.) by extension 'ignore'
[0.289s] Level 1:colcon.colcon_core.package_identification:_identify(.) by extension 'ignore_ament_install'
[0.289s] Level 1:colcon.colcon_core.package_identification:_identify(.) by extensions ['colcon_pkg']
[0.289s] Level 1:colcon.colcon_core.package_identification:_identify(.) by extension 'colcon_pkg'
[0.289s] Level 1:colcon.colcon_core.package_identification:_identify(.) by extensions ['colcon_meta']
[0.289s] Level 1:colcon.colcon_core.package_identification:_identify(.) by extension 'colcon_meta'
[0.289s] Level 1:colcon.colcon_core.package_identification:_identify(.) by extensions ['ros']
[0.289s] Level 1:colcon.colcon_core.package_identification:_identify(.) by extension 'ros'
[0.303s] Level 1:colcon.colcon_core.package_identification:_identify(.) by extensions ['cmake', 'python']
[0.303s] Level 1:colcon.colcon_core.package_identification:_identify(.) by extension 'cmake'
[0.303s] Level 1:colcon.colcon_core.package_identification:_identify(.) by extension 'python'
[0.303s] Level 1:colcon.colcon_core.package_identification:_identify(.) by extensions ['python_setup_py']
[0.303s] Level 1:colcon.colcon_core.package_identification:_identify(.) by extension 'python_setup_py'
[0.304s] Level 1:colcon.colcon_core.package_identification:_identify(build) by extensions ['ignore', 'ignore_ament_install']
[0.304s] Level 1:colcon.colcon_core.package_identification:_identify(build) by extension 'ignore'
[0.304s] Level 1:colcon.colcon_core.package_identification:_identify(build) ignored
[0.304s] Level 1:colcon.colcon_core.package_identification:_identify(install) by extensions ['ignore', 'ignore_ament_install']
[0.304s] Level 1:colcon.colcon_core.package_identification:_identify(install) by extension 'ignore'
[0.304s] Level 1:colcon.colcon_core.package_identification:_identify(install) ignored
[0.304s] Level 1:colcon.colcon_core.package_identification:_identify(joint_state_publisher-noetic-devel) by extensions ['ignore', 'ignore_ament_install']
[0.304s] Level 1:colcon.colcon_core.package_identification:_identify(joint_state_publisher-noetic-devel) by extension 'ignore'
[0.304s] Level 1:colcon.colcon_core.package_identification:_identify(joint_state_publisher-noetic-devel) by extension 'ignore_ament_install'
[0.304s] Level 1:colcon.colcon_core.package_identification:_identify(joint_state_publisher-noetic-devel) by extensions ['colcon_pkg']
[0.304s] Level 1:colcon.colcon_core.package_identification:_identify(joint_state_publisher-noetic-devel) by extension 'colcon_pkg'
[0.304s] Level 1:colcon.colcon_core.package_identification:_identify(joint_state_publisher-noetic-devel) by extensions ['colcon_meta']
[0.304s] Level 1:colcon.colcon_core.package_identification:_identify(joint_state_publisher-noetic-devel) by extension 'colcon_meta'
[0.304s] Level 1:colcon.colcon_core.package_identification:_identify(joint_state_publisher-noetic-devel) by extensions ['ros']
[0.304s] Level 1:colcon.colcon_core.package_identification:_identify(joint_state_publisher-noetic-devel) by extension 'ros'
[0.305s] Level 1:colcon.colcon_core.package_identification:_identify(joint_state_publisher-noetic-devel) by extensions ['cmake', 'python']
[0.305s] Level 1:colcon.colcon_core.package_identification:_identify(joint_state_publisher-noetic-devel) by extension 'cmake'
[0.305s] Level 1:colcon.colcon_core.package_identification:_identify(joint_state_publisher-noetic-devel) by extension 'python'
[0.305s] Level 1:colcon.colcon_core.package_identification:_identify(joint_state_publisher-noetic-devel) by extensions ['python_setup_py']
[0.305s] Level 1:colcon.colcon_core.package_identification:_identify(joint_state_publisher-noetic-devel) by extension 'python_setup_py'
[0.305s] Level 1:colcon.colcon_core.package_identification:_identify(joint_state_publisher-noetic-devel/joint_state_publisher) by extensions ['ignore', 'ignore_ament_install']
[0.305s] Level 1:colcon.colcon_core.package_identification:_identify(joint_state_publisher-noetic-devel/joint_state_publisher) by extension 'ignore'
[0.305s] Level 1:colcon.colcon_core.package_identification:_identify(joint_state_publisher-noetic-devel/joint_state_publisher) by extension 'ignore_ament_install'
[0.305s] Level 1:colcon.colcon_core.package_identification:_identify(joint_state_publisher-noetic-devel/joint_state_publisher) by extensions ['colcon_pkg']
[0.305s] Level 1:colcon.colcon_core.package_identification:_identify(joint_state_publisher-noetic-devel/joint_state_publisher) by extension 'colcon_pkg'
[0.305s] Level 1:colcon.colcon_core.package_identification:_identify(joint_state_publisher-noetic-devel/joint_state_publisher) by extensions ['colcon_meta']
[0.305s] Level 1:colcon.colcon_core.package_identification:_identify(joint_state_publisher-noetic-devel/joint_state_publisher) by extension 'colcon_meta'
[0.305s] Level 1:colcon.colcon_core.package_identification:_identify(joint_state_publisher-noetic-devel/joint_state_publisher) by extensions ['ros']
[0.305s] Level 1:colcon.colcon_core.package_identification:_identify(joint_state_publisher-noetic-devel/joint_state_publisher) by extension 'ros'
[0.308s] DEBUG:colcon.colcon_core.package_identification:Package 'joint_state_publisher-noetic-devel/joint_state_publisher' with type 'ros.catkin' and name 'joint_state_publisher'
[0.308s] Level 1:colcon.colcon_core.package_identification:_identify(joint_state_publisher-noetic-devel/joint_state_publisher_gui) by extensions ['ignore', 'ignore_ament_install']
[0.309s] Level 1:colcon.colcon_core.package_identification:_identify(joint_state_publisher-noetic-devel/joint_state_publisher_gui) by extension 'ignore'
[0.309s] Level 1:colcon.colcon_core.package_identification:_identify(joint_state_publisher-noetic-devel/joint_state_publisher_gui) by extension 'ignore_ament_install'
[0.309s] Level 1:colcon.colcon_core.package_identification:_identify(joint_state_publisher-noetic-devel/joint_state_publisher_gui) by extensions ['colcon_pkg']
[0.309s] Level 1:colcon.colcon_core.package_identification:_identify(joint_state_publisher-noetic-devel/joint_state_publisher_gui) by extension 'colcon_pkg'
[0.309s] Level 1:colcon.colcon_core.package_identification:_identify(joint_state_publisher-noetic-devel/joint_state_publisher_gui) by extensions ['colcon_meta']
[0.309s] Level 1:colcon.colcon_core.package_identification:_identify(joint_state_publisher-noetic-devel/joint_state_publisher_gui) by extension 'colcon_meta'
[0.309s] Level 1:colcon.colcon_core.package_identification:_identify(joint_state_publisher-noetic-devel/joint_state_publisher_gui) by extensions ['ros']
[0.309s] Level 1:colcon.colcon_core.package_identification:_identify(joint_state_publisher-noetic-devel/joint_state_publisher_gui) by extension 'ros'
[0.309s] DEBUG:colcon.colcon_core.package_identification:Package 'joint_state_publisher-noetic-devel/joint_state_publisher_gui' with type 'ros.catkin' and name 'joint_state_publisher_gui'
[0.309s] Level 1:colcon.colcon_core.package_identification:_identify(log) by extensions ['ignore', 'ignore_ament_install']
[0.309s] Level 1:colcon.colcon_core.package_identification:_identify(log) by extension 'ignore'
[0.310s] Level 1:colcon.colcon_core.package_identification:_identify(log) ignored
[0.310s] Level 1:colcon.colcon_core.package_identification:_identify(turtle_brick) by extensions ['ignore', 'ignore_ament_install']
[0.310s] Level 1:colcon.colcon_core.package_identification:_identify(turtle_brick) by extension 'ignore'
[0.310s] Level 1:colcon.colcon_core.package_identification:_identify(turtle_brick) by extension 'ignore_ament_install'
[0.310s] Level 1:colcon.colcon_core.package_identification:_identify(turtle_brick) by extensions ['colcon_pkg']
[0.310s] Level 1:colcon.colcon_core.package_identification:_identify(turtle_brick) by extension 'colcon_pkg'
[0.310s] Level 1:colcon.colcon_core.package_identification:_identify(turtle_brick) by extensions ['colcon_meta']
[0.310s] Level 1:colcon.colcon_core.package_identification:_identify(turtle_brick) by extension 'colcon_meta'
[0.310s] Level 1:colcon.colcon_core.package_identification:_identify(turtle_brick) by extensions ['ros']
[0.310s] Level 1:colcon.colcon_core.package_identification:_identify(turtle_brick) by extension 'ros'
[0.311s] DEBUG:colcon.colcon_core.package_identification:Package 'turtle_brick' with type 'ros.ament_python' and name 'turtle_brick'
[0.311s] Level 1:colcon.colcon_core.package_identification:_identify(turtle_brick_interface) by extensions ['ignore', 'ignore_ament_install']
[0.311s] Level 1:colcon.colcon_core.package_identification:_identify(turtle_brick_interface) by extension 'ignore'
[0.311s] Level 1:colcon.colcon_core.package_identification:_identify(turtle_brick_interface) by extension 'ignore_ament_install'
[0.311s] Level 1:colcon.colcon_core.package_identification:_identify(turtle_brick_interface) by extensions ['colcon_pkg']
[0.311s] Level 1:colcon.colcon_core.package_identification:_identify(turtle_brick_interface) by extension 'colcon_pkg'
[0.311s] Level 1:colcon.colcon_core.package_identification:_identify(turtle_brick_interface) by extensions ['colcon_meta']
[0.311s] Level 1:colcon.colcon_core.package_identification:_identify(turtle_brick_interface) by extension 'colcon_meta'
[0.311s] Level 1:colcon.colcon_core.package_identification:_identify(turtle_brick_interface) by extensions ['ros']
[0.311s] Level 1:colcon.colcon_core.package_identification:_identify(turtle_brick_interface) by extension 'ros'
[0.312s] DEBUG:colcon.colcon_core.package_identification:Package 'turtle_brick_interface' with type 'ros.ament_cmake' and name 'turtle_brick_interface'
[0.312s] Level 1:colcon.colcon_core.package_discovery:discover_packages(recursive) using defaults
[0.312s] Level 1:colcon.colcon_core.package_discovery:discover_packages(ignore) discover
[0.312s] Level 1:colcon.colcon_core.package_discovery:discover_packages(ignore) using defaults
[0.312s] Level 1:colcon.colcon_core.package_discovery:discover_packages(path) discover
[0.312s] Level 1:colcon.colcon_core.package_discovery:discover_packages(path) using defaults
[0.333s] Level 1:colcon.colcon_core.package_discovery:discover_packages(prefix_path) check parameters
[0.333s] Level 1:colcon.colcon_core.package_discovery:discover_packages(prefix_path) discover
[0.335s] DEBUG:colcon.colcon_installed_package_information.package_discovery:Found 321 installed packages in /opt/ros/humble
[0.337s] Level 1:colcon.colcon_core.package_discovery:discover_packages(prefix_path) using defaults
[0.391s] Level 5:colcon.colcon_core.verb:set package 'joint_state_publisher' build argument 'cmake_args' from command line to 'None'
[0.391s] Level 5:colcon.colcon_core.verb:set package 'joint_state_publisher' build argument 'cmake_target' from command line to 'None'
[0.391s] Level 5:colcon.colcon_core.verb:set package 'joint_state_publisher' build argument 'cmake_target_skip_unavailable' from command line to 'False'
[0.391s] Level 5:colcon.colcon_core.verb:set package 'joint_state_publisher' build argument 'cmake_clean_cache' from command line to 'False'
[0.391s] Level 5:colcon.colcon_core.verb:set package 'joint_state_publisher' build argument 'cmake_clean_first' from command line to 'False'
[0.391s] Level 5:colcon.colcon_core.verb:set package 'joint_state_publisher' build argument 'cmake_force_configure' from command line to 'False'
[0.391s] Level 5:colcon.colcon_core.verb:set package 'joint_state_publisher' build argument 'ament_cmake_args' from command line to 'None'
[0.391s] Level 5:colcon.colcon_core.verb:set package 'joint_state_publisher' build argument 'catkin_cmake_args' from command line to 'None'
[0.391s] Level 5:colcon.colcon_core.verb:set package 'joint_state_publisher' build argument 'catkin_skip_building_tests' from command line to 'False'
[0.391s] DEBUG:colcon.colcon_core.verb:Building package 'joint_state_publisher' with the following arguments: {'ament_cmake_args': None, 'build_base': '/home/alyssa/ros2_ws/src/homework2-alyssa225/build/joint_state_publisher', 'catkin_cmake_args': None, 'catkin_skip_building_tests': False, 'cmake_args': None, 'cmake_clean_cache': False, 'cmake_clean_first': False, 'cmake_force_configure': False, 'cmake_target': None, 'cmake_target_skip_unavailable': False, 'install_base': '/home/alyssa/ros2_ws/src/homework2-alyssa225/install/joint_state_publisher', 'merge_install': False, 'path': '/home/alyssa/ros2_ws/src/homework2-alyssa225/joint_state_publisher-noetic-devel/joint_state_publisher', 'symlink_install': False, 'test_result_base': None}
[0.393s] Level 5:colcon.colcon_core.verb:set package 'turtle_brick' build argument 'cmake_args' from command line to 'None'
[0.393s] Level 5:colcon.colcon_core.verb:set package 'turtle_brick' build argument 'cmake_target' from command line to 'None'
[0.393s] Level 5:colcon.colcon_core.verb:set package 'turtle_brick' build argument 'cmake_target_skip_unavailable' from command line to 'False'
[0.393s] Level 5:colcon.colcon_core.verb:set package 'turtle_brick' build argument 'cmake_clean_cache' from command line to 'False'
[0.393s] Level 5:colcon.colcon_core.verb:set package 'turtle_brick' build argument 'cmake_clean_first' from command line to 'False'
[0.393s] Level 5:colcon.colcon_core.verb:set package 'turtle_brick' build argument 'cmake_force_configure' from command line to 'False'
[0.393s] Level 5:colcon.colcon_core.verb:set package 'turtle_brick' build argument 'ament_cmake_args' from command line to 'None'
[0.393s] Level 5:colcon.colcon_core.verb:set package 'turtle_brick' build argument 'catkin_cmake_args' from command line to 'None'
[0.393s] Level 5:colcon.colcon_core.verb:set package 'turtle_brick' build argument 'catkin_skip_building_tests' from command line to 'False'
[0.393s] DEBUG:colcon.colcon_core.verb:Building package 'turtle_brick' with the following arguments: {'ament_cmake_args': None, 'build_base': '/home/alyssa/ros2_ws/src/homework2-alyssa225/build/turtle_brick', 'catkin_cmake_args': None, 'catkin_skip_building_tests': False, 'cmake_args': None, 'cmake_clean_cache': False, 'cmake_clean_first': False, 'cmake_force_configure': False, 'cmake_target': None, 'cmake_target_skip_unavailable': False, 'install_base': '/home/alyssa/ros2_ws/src/homework2-alyssa225/install/turtle_brick', 'merge_install': False, 'path': '/home/alyssa/ros2_ws/src/homework2-alyssa225/turtle_brick', 'symlink_install': False, 'test_result_base': None}
[0.395s] Level 5:colcon.colcon_core.verb:set package 'turtle_brick_interface' build argument 'cmake_args' from command line to 'None'
[0.395s] Level 5:colcon.colcon_core.verb:set package 'turtle_brick_interface' build argument 'cmake_target' from command line to 'None'
[0.395s] Level 5:colcon.colcon_core.verb:set package 'turtle_brick_interface' build argument 'cmake_target_skip_unavailable' from command line to 'False'
[0.395s] Level 5:colcon.colcon_core.verb:set package 'turtle_brick_interface' build argument 'cmake_clean_cache' from command line to 'False'
[0.395s] Level 5:colcon.colcon_core.verb:set package 'turtle_brick_interface' build argument 'cmake_clean_first' from command line to 'False'
[0.395s] Level 5:colcon.colcon_core.verb:set package 'turtle_brick_interface' build argument 'cmake_force_configure' from command line to 'False'
[0.395s] Level 5:colcon.colcon_core.verb:set package 'turtle_brick_interface' build argument 'ament_cmake_args' from command line to 'None'
[0.395s] Level 5:colcon.colcon_core.verb:set package 'turtle_brick_interface' build argument 'catkin_cmake_args' from command line to 'None'
[0.395s] Level 5:colcon.colcon_core.verb:set package 'turtle_brick_interface' build argument 'catkin_skip_building_tests' from command line to 'False'
[0.395s] DEBUG:colcon.colcon_core.verb:Building package 'turtle_brick_interface' with the following arguments: {'ament_cmake_args': None, 'build_base': '/home/alyssa/ros2_ws/src/homework2-alyssa225/build/turtle_brick_interface', 'catkin_cmake_args': None, 'catkin_skip_building_tests': False, 'cmake_args': None, 'cmake_clean_cache': False, 'cmake_clean_first': False, 'cmake_force_configure': False, 'cmake_target': None, 'cmake_target_skip_unavailable': False, 'install_base': '/home/alyssa/ros2_ws/src/homework2-alyssa225/install/turtle_brick_interface', 'merge_install': False, 'path': '/home/alyssa/ros2_ws/src/homework2-alyssa225/turtle_brick_interface', 'symlink_install': False, 'test_result_base': None}
[0.396s] Level 5:colcon.colcon_core.verb:set package 'joint_state_publisher_gui' build argument 'cmake_args' from command line to 'None'
[0.396s] Level 5:colcon.colcon_core.verb:set package 'joint_state_publisher_gui' build argument 'cmake_target' from command line to 'None'
[0.396s] Level 5:colcon.colcon_core.verb:set package 'joint_state_publisher_gui' build argument 'cmake_target_skip_unavailable' from command line to 'False'
[0.396s] Level 5:colcon.colcon_core.verb:set package 'joint_state_publisher_gui' build argument 'cmake_clean_cache' from command line to 'False'
[0.396s] Level 5:colcon.colcon_core.verb:set package 'joint_state_publisher_gui' build argument 'cmake_clean_first' from command line to 'False'
[0.397s] Level 5:colcon.colcon_core.verb:set package 'joint_state_publisher_gui' build argument 'cmake_force_configure' from command line to 'False'
[0.397s] Level 5:colcon.colcon_core.verb:set package 'joint_state_publisher_gui' build argument 'ament_cmake_args' from command line to 'None'
[0.397s] Level 5:colcon.colcon_core.verb:set package 'joint_state_publisher_gui' build argument 'catkin_cmake_args' from command line to 'None'
[0.397s] Level 5:colcon.colcon_core.verb:set package 'joint_state_publisher_gui' build argument 'catkin_skip_building_tests' from command line to 'False'
[0.397s] DEBUG:colcon.colcon_core.verb:Building package 'joint_state_publisher_gui' with the following arguments: {'ament_cmake_args': None, 'build_base': '/home/alyssa/ros2_ws/src/homework2-alyssa225/build/joint_state_publisher_gui', 'catkin_cmake_args': None, 'catkin_skip_building_tests': False, 'cmake_args': None, 'cmake_clean_cache': False, 'cmake_clean_first': False, 'cmake_force_configure': False, 'cmake_target': None, 'cmake_target_skip_unavailable': False, 'install_base': '/home/alyssa/ros2_ws/src/homework2-alyssa225/install/joint_state_publisher_gui', 'merge_install': False, 'path': '/home/alyssa/ros2_ws/src/homework2-alyssa225/joint_state_publisher-noetic-devel/joint_state_publisher_gui', 'symlink_install': False, 'test_result_base': None}
[0.398s] INFO:colcon.colcon_core.executor:Executing jobs using 'parallel' executor
[0.403s] DEBUG:colcon.colcon_parallel_executor.executor.parallel:run_until_complete
[0.403s] INFO:colcon.colcon_ros.task.catkin.build:Building ROS package in '/home/alyssa/ros2_ws/src/homework2-alyssa225/joint_state_publisher-noetic-devel/joint_state_publisher' with build type 'catkin'
[0.403s] INFO:colcon.colcon_cmake.task.cmake.build:Building CMake package in '/home/alyssa/ros2_ws/src/homework2-alyssa225/joint_state_publisher-noetic-devel/joint_state_publisher'
[0.407s] INFO:colcon.colcon_core.plugin_system:Skipping extension 'colcon_core.shell.bat': Not used on non-Windows systems
[0.407s] INFO:colcon.colcon_core.shell:Skip shell extension 'powershell' for command environment: Not usable outside of PowerShell
[0.407s] DEBUG:colcon.colcon_core.shell:Skip shell extension 'dsv' for command environment
[0.410s] INFO:colcon.colcon_ros.task.ament_python.build:Building ROS package in '/home/alyssa/ros2_ws/src/homework2-alyssa225/turtle_brick' with build type 'ament_python'
[0.410s] Level 1:colcon.colcon_core.shell:create_environment_hook('turtle_brick', 'ament_prefix_path')
[0.411s] INFO:colcon.colcon_core.shell:Creating environment hook '/home/alyssa/ros2_ws/src/homework2-alyssa225/install/turtle_brick/share/turtle_brick/hook/ament_prefix_path.ps1'
[0.412s] INFO:colcon.colcon_core.shell:Creating environment descriptor '/home/alyssa/ros2_ws/src/homework2-alyssa225/install/turtle_brick/share/turtle_brick/hook/ament_prefix_path.dsv'
[0.413s] INFO:colcon.colcon_core.shell:Creating environment hook '/home/alyssa/ros2_ws/src/homework2-alyssa225/install/turtle_brick/share/turtle_brick/hook/ament_prefix_path.sh'
[0.415s] INFO:colcon.colcon_core.shell:Skip shell extension 'powershell' for command environment: Not usable outside of PowerShell
[0.415s] DEBUG:colcon.colcon_core.shell:Skip shell extension 'dsv' for command environment
[0.418s] INFO:colcon.colcon_ros.task.ament_cmake.build:Building ROS package in '/home/alyssa/ros2_ws/src/homework2-alyssa225/turtle_brick_interface' with build type 'ament_cmake'
[0.418s] INFO:colcon.colcon_cmake.task.cmake.build:Building CMake package in '/home/alyssa/ros2_ws/src/homework2-alyssa225/turtle_brick_interface'
[0.419s] INFO:colcon.colcon_core.shell:Skip shell extension 'powershell' for command environment: Not usable outside of PowerShell
[0.419s] DEBUG:colcon.colcon_core.shell:Skip shell extension 'dsv' for command environment
[0.427s] DEBUG:colcon.colcon_core.event_handler.log_command:Invoking command in '/home/alyssa/ros2_ws/src/homework2-alyssa225/build/joint_state_publisher': /usr/bin/cmake /home/alyssa/ros2_ws/src/homework2-alyssa225/joint_state_publisher-noetic-devel/joint_state_publisher -DCATKIN_INSTALL_INTO_PREFIX_ROOT=0 -DCMAKE_INSTALL_PREFIX=/home/alyssa/ros2_ws/src/homework2-alyssa225/install/joint_state_publisher
[0.632s] INFO:colcon.colcon_core.task.python.build:Building Python package in '/home/alyssa/ros2_ws/src/homework2-alyssa225/turtle_brick'
[0.634s] INFO:colcon.colcon_core.shell:Skip shell extension 'powershell' for command environment: Not usable outside of PowerShell
[0.634s] DEBUG:colcon.colcon_core.shell:Skip shell extension 'dsv' for command environment
[0.645s] DEBUG:colcon.colcon_core.event_handler.log_command:Invoking command in '/home/alyssa/ros2_ws/src/homework2-alyssa225/build/turtle_brick_interface': CMAKE_PREFIX_PATH=/opt/ros/humble /usr/bin/cmake --build /home/alyssa/ros2_ws/src/homework2-alyssa225/build/turtle_brick_interface -- -j8 -l8
[0.646s] DEBUG:colcon.colcon_core.event_handler.log_command:Invoked command in '/home/alyssa/ros2_ws/src/homework2-alyssa225/build/joint_state_publisher' returned '1': /usr/bin/cmake /home/alyssa/ros2_ws/src/homework2-alyssa225/joint_state_publisher-noetic-devel/joint_state_publisher -DCATKIN_INSTALL_INTO_PREFIX_ROOT=0 -DCMAKE_INSTALL_PREFIX=/home/alyssa/ros2_ws/src/homework2-alyssa225/install/joint_state_publisher
[0.653s] Level 1:colcon.colcon_core.environment:create_environment_scripts_only(joint_state_publisher)
[0.657s] Level 1:colcon.colcon_core.environment:checking '/home/alyssa/ros2_ws/src/homework2-alyssa225/install/joint_state_publisher' for CMake module files
[0.657s] Level 1:colcon.colcon_core.environment:checking '/home/alyssa/ros2_ws/src/homework2-alyssa225/install/joint_state_publisher' for CMake config files
[0.658s] Level 1:colcon.colcon_core.environment:checking '/home/alyssa/ros2_ws/src/homework2-alyssa225/install/joint_state_publisher/bin'
[0.658s] Level 1:colcon.colcon_core.environment:checking '/home/alyssa/ros2_ws/src/homework2-alyssa225/install/joint_state_publisher/lib/pkgconfig/joint_state_publisher.pc'
[0.658s] Level 1:colcon.colcon_core.environment:checking '/home/alyssa/ros2_ws/src/homework2-alyssa225/install/joint_state_publisher/lib/python3.10/site-packages'
[0.658s] Level 1:colcon.colcon_core.environment:checking '/home/alyssa/ros2_ws/src/homework2-alyssa225/install/joint_state_publisher/bin'
[0.660s] INFO:colcon.colcon_core.shell:Creating package script '/home/alyssa/ros2_ws/src/homework2-alyssa225/install/joint_state_publisher/share/joint_state_publisher/package.ps1'
[0.660s] INFO:colcon.colcon_core.shell:Creating package descriptor '/home/alyssa/ros2_ws/src/homework2-alyssa225/install/joint_state_publisher/share/joint_state_publisher/package.dsv'
[0.661s] INFO:colcon.colcon_core.shell:Creating package script '/home/alyssa/ros2_ws/src/homework2-alyssa225/install/joint_state_publisher/share/joint_state_publisher/package.sh'
[0.661s] INFO:colcon.colcon_core.shell:Creating package script '/home/alyssa/ros2_ws/src/homework2-alyssa225/install/joint_state_publisher/share/joint_state_publisher/package.bash'
[0.662s] INFO:colcon.colcon_core.shell:Creating package script '/home/alyssa/ros2_ws/src/homework2-alyssa225/install/joint_state_publisher/share/joint_state_publisher/package.zsh'
[0.663s] Level 1:colcon.colcon_core.environment:create_file_with_runtime_dependencies(/home/alyssa/ros2_ws/src/homework2-alyssa225/install/joint_state_publisher/share/colcon-core/packages/joint_state_publisher)
[0.938s] DEBUG:colcon.colcon_parallel_executor.executor.parallel:closing loop
[0.938s] DEBUG:colcon.colcon_parallel_executor.executor.parallel:loop closed
[0.939s] DEBUG:colcon.colcon_parallel_executor.executor.parallel:run_until_complete finished with '1'
[0.939s] DEBUG:colcon.colcon_core.event_reactor:joining thread
[0.951s] INFO:colcon.colcon_core.plugin_system:Skipping extension 'colcon_notification.desktop_notification.terminal_notifier': Not used on non-Darwin systems
[0.951s] INFO:colcon.colcon_core.plugin_system:Skipping extension 'colcon_notification.desktop_notification.win32': Not used on non-Windows systems
[0.951s] INFO:colcon.colcon_notification.desktop_notification:Sending desktop notification using 'notify2'
[0.966s] DEBUG:colcon.colcon_core.event_reactor:joined thread
[0.967s] INFO:colcon.colcon_core.shell:Creating prefix script '/home/alyssa/ros2_ws/src/homework2-alyssa225/install/local_setup.ps1'
[0.968s] INFO:colcon.colcon_core.shell:Creating prefix util module '/home/alyssa/ros2_ws/src/homework2-alyssa225/install/_local_setup_util_ps1.py'
[0.970s] INFO:colcon.colcon_core.shell:Creating prefix chain script '/home/alyssa/ros2_ws/src/homework2-alyssa225/install/setup.ps1'
[0.971s] INFO:colcon.colcon_core.shell:Creating prefix script '/home/alyssa/ros2_ws/src/homework2-alyssa225/install/local_setup.sh'
[0.972s] INFO:colcon.colcon_core.shell:Creating prefix util module '/home/alyssa/ros2_ws/src/homework2-alyssa225/install/_local_setup_util_sh.py'
[0.972s] INFO:colcon.colcon_core.shell:Creating prefix chain script '/home/alyssa/ros2_ws/src/homework2-alyssa225/install/setup.sh'
[0.973s] INFO:colcon.colcon_core.shell:Creating prefix script '/home/alyssa/ros2_ws/src/homework2-alyssa225/install/local_setup.bash'
[0.974s] INFO:colcon.colcon_core.shell:Creating prefix chain script '/home/alyssa/ros2_ws/src/homework2-alyssa225/install/setup.bash'
[0.975s] INFO:colcon.colcon_core.shell:Creating prefix script '/home/alyssa/ros2_ws/src/homework2-alyssa225/install/local_setup.zsh'
[0.975s] INFO:colcon.colcon_core.shell:Creating prefix chain script '/home/alyssa/ros2_ws/src/homework2-alyssa225/install/setup.zsh'
