[0.231s] Invoking command in '/home/alyssa/homework2-alyssa225/build/turtle_brick_interfaces': CMAKE_PREFIX_PATH=${CMAKE_PREFIX_PATH}:/home/alyssa/homework2-alyssa225/install/turtle_brick:/home/alyssa/ros2_ws/src/crazy_turtle/install/crazy_turtle:/home/alyssa/homework2-alyssa225/src/install/turtle_brick:/opt/ros/humble /usr/bin/cmake --build /home/alyssa/homework2-alyssa225/build/turtle_brick_interfaces -- -j8 -l8
[0.253s] -- Found ament_cmake: 1.3.2 (/opt/ros/humble/share/ament_cmake/cmake)
[0.385s] -- Found rosidl_default_generators: 1.2.0 (/opt/ros/humble/share/rosidl_default_generators/cmake)
[0.387s] -- Using all available rosidl_typesupport_c: rosidl_typesupport_fastrtps_c;rosidl_typesupport_introspection_c
[0.390s] -- Found rosidl_adapter: 3.1.3 (/opt/ros/humble/share/rosidl_adapter/cmake)
[0.430s] -- Using all available rosidl_typesupport_cpp: rosidl_typesupport_fastrtps_cpp;rosidl_typesupport_introspection_cpp
[0.804s] -- Found ament_cmake_ros: 0.10.0 (/opt/ros/humble/share/ament_cmake_ros/cmake)
[1.056s] -- Using all available rosidl_typesupport_c: rosidl_typesupport_fastrtps_c;rosidl_typesupport_introspection_c
[1.271s] -- Using all available rosidl_typesupport_cpp: rosidl_typesupport_fastrtps_cpp;rosidl_typesupport_introspection_cpp
[1.291s] -- Found python_cmake_module: 0.10.0 (/opt/ros/humble/share/python_cmake_module/cmake)
[1.312s] -- Using PYTHON_EXECUTABLE: /usr/bin/python3
[1.312s] -- Using PYTHON_INCLUDE_DIRS: /usr/include/python3.10
[1.313s] -- Using PYTHON_LIBRARIES: /usr/lib/x86_64-linux-gnu/libpython3.10.so
[1.325s] -- Found ament_lint_auto: 0.12.4 (/opt/ros/humble/share/ament_lint_auto/cmake)
[1.335s] -- Added test 'lint_cmake' to check CMake code style
[1.336s] -- Added test 'xmllint' to check XML markup files
[1.338s] -- Configuring done
[1.378s] -- Generating done
[1.382s] -- Build files have been written to: /home/alyssa/homework2-alyssa225/build/turtle_brick_interfaces
[1.404s] [  2%] [34m[1mGenerating C code for ROS interfaces[0m
[1.413s] [  4%] [34m[1mGenerating C++ code for ROS interfaces[0m
[1.423s] [  4%] Built target ament_cmake_python_copy_turtle_brick_interfaces
[1.744s] running egg_info
[1.745s] writing turtle_brick_interfaces.egg-info/PKG-INFO
[1.745s] writing dependency_links to turtle_brick_interfaces.egg-info/dependency_links.txt
[1.746s] writing top-level names to turtle_brick_interfaces.egg-info/top_level.txt
[1.748s] reading manifest file 'turtle_brick_interfaces.egg-info/SOURCES.txt'
[1.749s] writing manifest file 'turtle_brick_interfaces.egg-info/SOURCES.txt'
[1.778s] [  4%] Built target ament_cmake_python_build_turtle_brick_interfaces_egg
[2.015s] [  4%] Built target turtle_brick_interfaces__cpp
[2.025s] [35m[1mConsolidate compiler generated dependencies of target turtle_brick_interfaces__rosidl_generator_c[0m
[2.026s] [  6%] [34m[1mGenerating C++ introspection for ROS interfaces[0m
[2.027s] [  8%] [34m[1mGenerating C++ type support for eProsima Fast-RTPS[0m
[2.029s] [ 10%] [34m[1mGenerating C++ type support dispatch for ROS interfaces[0m
[2.043s] [ 17%] [32mBuilding C object CMakeFiles/turtle_brick_interfaces__rosidl_generator_c.dir/rosidl_generator_c/turtle_brick_interfaces/srv/detail/place__functions.c.o[0m
[2.043s] [ 17%] [32mBuilding C object CMakeFiles/turtle_brick_interfaces__rosidl_generator_c.dir/rosidl_generator_c/turtle_brick_interfaces/srv/detail/drop__functions.c.o[0m
[2.043s] [ 17%] [32mBuilding C object CMakeFiles/turtle_brick_interfaces__rosidl_generator_c.dir/rosidl_generator_c/turtle_brick_interfaces/msg/detail/tilt__functions.c.o[0m
[2.061s] In file included from [01m[K/home/alyssa/homework2-alyssa225/build/turtle_brick_interfaces/rosidl_generator_c/turtle_brick_interfaces/srv/detail/drop__functions.h:19[m[K,
[2.061s]                  from [01m[K/home/alyssa/homework2-alyssa225/build/turtle_brick_interfaces/rosidl_generator_c/turtle_brick_interfaces/srv/detail/drop__functions.c:4[m[K:
[2.062s] [01m[K/home/alyssa/homework2-alyssa225/build/turtle_brick_interfaces/rosidl_generator_c/turtle_brick_interfaces/srv/detail/drop__struct.h:41:10:[m[K [01;31m[Kfatal error: [m[Kturtle_brick_interfaces/msg/detail/string__struct.h: No such file or directory
[2.062s]    41 | #include [01;31m[K"turtle_brick_interfaces/msg/detail/string__struct.h"[m[K
[2.062s]       |          [01;31m[K^~~~~~~~~~~~~~~~~~~~~~~~~~~~~~~~~~~~~~~~~~~~~~~~~~~~~[m[K
[2.062s] compilation terminated.
[2.063s] gmake[2]: *** [CMakeFiles/turtle_brick_interfaces__rosidl_generator_c.dir/build.make:165: CMakeFiles/turtle_brick_interfaces__rosidl_generator_c.dir/rosidl_generator_c/turtle_brick_interfaces/srv/detail/drop__functions.c.o] Error 1
[2.063s] gmake[2]: *** Waiting for unfinished jobs....
[2.132s] gmake[1]: *** [CMakeFiles/Makefile2:213: CMakeFiles/turtle_brick_interfaces__rosidl_generator_c.dir/all] Error 2
[2.132s] gmake[1]: *** Waiting for unfinished jobs....
[2.481s] [35m[1mConsolidate compiler generated dependencies of target turtle_brick_interfaces__rosidl_typesupport_introspection_cpp[0m
[2.482s] [35m[1mConsolidate compiler generated dependencies of target turtle_brick_interfaces__rosidl_typesupport_cpp[0m
[2.498s] [ 19%] [32mBuilding CXX object CMakeFiles/turtle_brick_interfaces__rosidl_typesupport_cpp.dir/rosidl_typesupport_cpp/turtle_brick_interfaces/srv/drop__type_support.cpp.o[0m
[2.500s] [ 21%] [32mBuilding CXX object CMakeFiles/turtle_brick_interfaces__rosidl_typesupport_introspection_cpp.dir/rosidl_typesupport_introspection_cpp/turtle_brick_interfaces/msg/detail/tilt__type_support.cpp.o[0m
[2.501s] [ 25%] [32mBuilding CXX object CMakeFiles/turtle_brick_interfaces__rosidl_typesupport_introspection_cpp.dir/rosidl_typesupport_introspection_cpp/turtle_brick_interfaces/srv/detail/place__type_support.cpp.o[0m
[2.501s] [ 25%] [32mBuilding CXX object CMakeFiles/turtle_brick_interfaces__rosidl_typesupport_cpp.dir/rosidl_typesupport_cpp/turtle_brick_interfaces/msg/tilt__type_support.cpp.o[0m
[2.502s] [ 29%] [32mBuilding CXX object CMakeFiles/turtle_brick_interfaces__rosidl_typesupport_cpp.dir/rosidl_typesupport_cpp/turtle_brick_interfaces/srv/place__type_support.cpp.o[0m
[2.502s] [ 29%] [32mBuilding CXX object CMakeFiles/turtle_brick_interfaces__rosidl_typesupport_introspection_cpp.dir/rosidl_typesupport_introspection_cpp/turtle_brick_interfaces/srv/detail/drop__type_support.cpp.o[0m
[2.562s] [35m[1mConsolidate compiler generated dependencies of target turtle_brick_interfaces__rosidl_typesupport_fastrtps_cpp[0m
[2.591s] [ 31%] [32mBuilding CXX object CMakeFiles/turtle_brick_interfaces__rosidl_typesupport_fastrtps_cpp.dir/rosidl_typesupport_fastrtps_cpp/turtle_brick_interfaces/srv/detail/dds_fastrtps/place__type_support.cpp.o[0m
[2.594s] [ 34%] [32mBuilding CXX object CMakeFiles/turtle_brick_interfaces__rosidl_typesupport_fastrtps_cpp.dir/rosidl_typesupport_fastrtps_cpp/turtle_brick_interfaces/msg/detail/dds_fastrtps/tilt__type_support.cpp.o[0m
[2.612s] In file included from [01m[K/home/alyssa/homework2-alyssa225/build/turtle_brick_interfaces/rosidl_typesupport_cpp/turtle_brick_interfaces/srv/drop__type_support.cpp:7[m[K:
[2.612s] [01m[K/home/alyssa/homework2-alyssa225/build/turtle_brick_interfaces/rosidl_generator_cpp/turtle_brick_interfaces/srv/detail/drop__struct.hpp:134:10:[m[K [01;31m[Kfatal error: [m[Kturtle_brick_interfaces/msg/detail/string__struct.hpp: No such file or directory
[2.613s]   134 | #include [01;31m[K"turtle_brick_interfaces/msg/detail/string__struct.hpp"[m[K
[2.613s]       |          [01;31m[K^~~~~~~~~~~~~~~~~~~~~~~~~~~~~~~~~~~~~~~~~~~~~~~~~~~~~~~[m[K
[2.614s] compilation terminated.
[2.616s] gmake[2]: *** [CMakeFiles/turtle_brick_interfaces__rosidl_typesupport_cpp.dir/build.make:122: CMakeFiles/turtle_brick_interfaces__rosidl_typesupport_cpp.dir/rosidl_typesupport_cpp/turtle_brick_interfaces/srv/drop__type_support.cpp.o] Error 1
[2.617s] gmake[2]: *** Waiting for unfinished jobs....
[2.627s] In file included from [01m[K/home/alyssa/homework2-alyssa225/build/turtle_brick_interfaces/rosidl_typesupport_introspection_cpp/turtle_brick_interfaces/srv/detail/drop__type_support.cpp:12[m[K:
[2.628s] [01m[K/home/alyssa/homework2-alyssa225/build/turtle_brick_interfaces/rosidl_generator_cpp/turtle_brick_interfaces/srv/detail/drop__struct.hpp:134:10:[m[K [01;31m[Kfatal error: [m[Kturtle_brick_interfaces/msg/detail/string__struct.hpp: No such file or directory
[2.628s]   134 | #include [01;31m[K"turtle_brick_interfaces/msg/detail/string__struct.hpp"[m[K
[2.629s]       |          [01;31m[K^~~~~~~~~~~~~~~~~~~~~~~~~~~~~~~~~~~~~~~~~~~~~~~~~~~~~~~[m[K
[2.629s] compilation terminated.
[2.629s] [ 36%] [32mBuilding CXX object CMakeFiles/turtle_brick_interfaces__rosidl_typesupport_fastrtps_cpp.dir/rosidl_typesupport_fastrtps_cpp/turtle_brick_interfaces/srv/detail/dds_fastrtps/drop__type_support.cpp.o[0m
[2.632s] gmake[2]: *** [CMakeFiles/turtle_brick_interfaces__rosidl_typesupport_introspection_cpp.dir/build.make:133: CMakeFiles/turtle_brick_interfaces__rosidl_typesupport_introspection_cpp.dir/rosidl_typesupport_introspection_cpp/turtle_brick_interfaces/srv/detail/drop__type_support.cpp.o] Error 1
[2.633s] gmake[2]: *** Waiting for unfinished jobs....
[2.738s] In file included from [01m[K/home/alyssa/homework2-alyssa225/build/turtle_brick_interfaces/rosidl_typesupport_fastrtps_cpp/turtle_brick_interfaces/srv/detail/drop__rosidl_typesupport_fastrtps_cpp.hpp:11[m[K,
[2.738s]                  from [01m[K/home/alyssa/homework2-alyssa225/build/turtle_brick_interfaces/rosidl_typesupport_fastrtps_cpp/turtle_brick_interfaces/srv/detail/dds_fastrtps/drop__type_support.cpp:4[m[K:
[2.739s] [01m[K/home/alyssa/homework2-alyssa225/build/turtle_brick_interfaces/rosidl_generator_cpp/turtle_brick_interfaces/srv/detail/drop__struct.hpp:134:10:[m[K [01;31m[Kfatal error: [m[Kturtle_brick_interfaces/msg/detail/string__struct.hpp: No such file or directory
[2.739s]   134 | #include [01;31m[K"turtle_brick_interfaces/msg/detail/string__struct.hpp"[m[K
[2.739s]       |          [01;31m[K^~~~~~~~~~~~~~~~~~~~~~~~~~~~~~~~~~~~~~~~~~~~~~~~~~~~~~~[m[K
[2.740s] compilation terminated.
[2.741s] gmake[2]: *** [CMakeFiles/turtle_brick_interfaces__rosidl_typesupport_fastrtps_cpp.dir/build.make:133: CMakeFiles/turtle_brick_interfaces__rosidl_typesupport_fastrtps_cpp.dir/rosidl_typesupport_fastrtps_cpp/turtle_brick_interfaces/srv/detail/dds_fastrtps/drop__type_support.cpp.o] Error 1
[2.741s] gmake[2]: *** Waiting for unfinished jobs....
[2.963s] gmake[1]: *** [CMakeFiles/Makefile2:395: CMakeFiles/turtle_brick_interfaces__rosidl_typesupport_cpp.dir/all] Error 2
[3.097s] gmake[1]: *** [CMakeFiles/Makefile2:369: CMakeFiles/turtle_brick_interfaces__rosidl_typesupport_introspection_cpp.dir/all] Error 2
[3.156s] gmake[1]: *** [CMakeFiles/Makefile2:343: CMakeFiles/turtle_brick_interfaces__rosidl_typesupport_fastrtps_cpp.dir/all] Error 2
[3.157s] gmake: *** [Makefile:146: all] Error 2
[3.158s] Invoked command in '/home/alyssa/homework2-alyssa225/build/turtle_brick_interfaces' returned '2': CMAKE_PREFIX_PATH=${CMAKE_PREFIX_PATH}:/home/alyssa/homework2-alyssa225/install/turtle_brick:/home/alyssa/ros2_ws/src/crazy_turtle/install/crazy_turtle:/home/alyssa/homework2-alyssa225/src/install/turtle_brick:/opt/ros/humble /usr/bin/cmake --build /home/alyssa/homework2-alyssa225/build/turtle_brick_interfaces -- -j8 -l8
