[0.599s] Invoking command in '/home/alyssa/homework2-alyssa225/src/turtle_brick': PYTHONPATH=/home/alyssa/homework2-alyssa225/install/turtle_brick/lib/python3.10/site-packages:${PYTHONPATH} /usr/bin/python3 setup.py egg_info --egg-base ../../build/turtle_brick build --build-base /home/alyssa/homework2-alyssa225/build/turtle_brick/build install --prefix /home/alyssa/homework2-alyssa225/install/turtle_brick --record /home/alyssa/homework2-alyssa225/build/turtle_brick/install.log --single-version-externally-managed
[0.850s] running egg_info
[0.850s] writing ../../build/turtle_brick/turtle_brick.egg-info/PKG-INFO
[0.850s] writing dependency_links to ../../build/turtle_brick/turtle_brick.egg-info/dependency_links.txt
[0.851s] writing entry points to ../../build/turtle_brick/turtle_brick.egg-info/entry_points.txt
[0.851s] writing requirements to ../../build/turtle_brick/turtle_brick.egg-info/requires.txt
[0.851s] writing top-level names to ../../build/turtle_brick/turtle_brick.egg-info/top_level.txt
[0.854s] reading manifest file '../../build/turtle_brick/turtle_brick.egg-info/SOURCES.txt'
[0.856s] writing manifest file '../../build/turtle_brick/turtle_brick.egg-info/SOURCES.txt'
[0.856s] running build
[0.856s] running build_py
[0.856s] copying turtle_brick/turtle_robot.py -> /home/alyssa/homework2-alyssa225/build/turtle_brick/build/lib/turtle_brick
[0.856s] running install
[0.857s] /usr/lib/python3/dist-packages/setuptools/command/install.py:34: SetuptoolsDeprecationWarning: setup.py install is deprecated. Use build and pip and other standards-based tools.
[0.857s]   warnings.warn(
[0.857s] running install_lib
[0.859s] copying /home/alyssa/homework2-alyssa225/build/turtle_brick/build/lib/turtle_brick/turtle_robot.py -> /home/alyssa/homework2-alyssa225/install/turtle_brick/lib/python3.10/site-packages/turtle_brick
[0.859s] byte-compiling /home/alyssa/homework2-alyssa225/install/turtle_brick/lib/python3.10/site-packages/turtle_brick/turtle_robot.py to turtle_robot.cpython-310.pyc
[0.860s] running install_data
[0.861s] error: can't copy 'config/view.rviz': doesn't exist or not a regular file
[0.879s] Invoked command in '/home/alyssa/homework2-alyssa225/src/turtle_brick' returned '1': PYTHONPATH=/home/alyssa/homework2-alyssa225/install/turtle_brick/lib/python3.10/site-packages:${PYTHONPATH} /usr/bin/python3 setup.py egg_info --egg-base ../../build/turtle_brick build --build-base /home/alyssa/homework2-alyssa225/build/turtle_brick/build install --prefix /home/alyssa/homework2-alyssa225/install/turtle_brick --record /home/alyssa/homework2-alyssa225/build/turtle_brick/install.log --single-version-externally-managed
