[1.826s] Invoking command in '/home/alyssa/homework2-alyssa225/src/turtle_brick': PYTHONPATH=/home/alyssa/homework2-alyssa225/install/turtle_brick/lib/python3.10/site-packages:${PYTHONPATH} /usr/bin/python3 setup.py egg_info --egg-base ../../build/turtle_brick build --build-base /home/alyssa/homework2-alyssa225/build/turtle_brick/build install --prefix /home/alyssa/homework2-alyssa225/install/turtle_brick --record /home/alyssa/homework2-alyssa225/build/turtle_brick/install.log --single-version-externally-managed
[2.549s] running egg_info
[2.551s] writing ../../build/turtle_brick/turtle_brick.egg-info/PKG-INFO
[2.553s] writing dependency_links to ../../build/turtle_brick/turtle_brick.egg-info/dependency_links.txt
[2.553s] writing entry points to ../../build/turtle_brick/turtle_brick.egg-info/entry_points.txt
[2.556s] writing requirements to ../../build/turtle_brick/turtle_brick.egg-info/requires.txt
[2.557s] writing top-level names to ../../build/turtle_brick/turtle_brick.egg-info/top_level.txt
[2.560s] reading manifest file '../../build/turtle_brick/turtle_brick.egg-info/SOURCES.txt'
[2.563s] writing manifest file '../../build/turtle_brick/turtle_brick.egg-info/SOURCES.txt'
[2.564s] running build
[2.564s] running build_py
[2.565s] running install
[2.565s] /usr/lib/python3/dist-packages/setuptools/command/install.py:34: SetuptoolsDeprecationWarning: setup.py install is deprecated. Use build and pip and other standards-based tools.
[2.565s]   warnings.warn(
[2.566s] running install_lib
[2.569s] running install_data
[2.571s] running install_egg_info
[2.573s] removing '/home/alyssa/homework2-alyssa225/install/turtle_brick/lib/python3.10/site-packages/turtle_brick-0.0.0-py3.10.egg-info' (and everything under it)
[2.574s] Copying ../../build/turtle_brick/turtle_brick.egg-info to /home/alyssa/homework2-alyssa225/install/turtle_brick/lib/python3.10/site-packages/turtle_brick-0.0.0-py3.10.egg-info
[2.576s] running install_scripts
[2.625s] Installing arena script to /home/alyssa/homework2-alyssa225/install/turtle_brick/lib/turtle_brick
[2.626s] Installing catcher script to /home/alyssa/homework2-alyssa225/install/turtle_brick/lib/turtle_brick
[2.626s] Installing turtle_robot script to /home/alyssa/homework2-alyssa225/install/turtle_brick/lib/turtle_brick
[2.626s] writing list of installed files to '/home/alyssa/homework2-alyssa225/build/turtle_brick/install.log'
[2.706s] Invoked command in '/home/alyssa/homework2-alyssa225/src/turtle_brick' returned '0': PYTHONPATH=/home/alyssa/homework2-alyssa225/install/turtle_brick/lib/python3.10/site-packages:${PYTHONPATH} /usr/bin/python3 setup.py egg_info --egg-base ../../build/turtle_brick build --build-base /home/alyssa/homework2-alyssa225/build/turtle_brick/build install --prefix /home/alyssa/homework2-alyssa225/install/turtle_brick --record /home/alyssa/homework2-alyssa225/build/turtle_brick/install.log --single-version-externally-managed
