[0.649s] Invoking command in '/home/alyssa/homework2-alyssa225/src/turtle_brick': PYTHONPATH=/home/alyssa/homework2-alyssa225/install/turtle_brick/lib/python3.10/site-packages:${PYTHONPATH} /usr/bin/python3 setup.py egg_info --egg-base ../../build/turtle_brick build --build-base /home/alyssa/homework2-alyssa225/build/turtle_brick/build install --prefix /home/alyssa/homework2-alyssa225/install/turtle_brick --record /home/alyssa/homework2-alyssa225/build/turtle_brick/install.log --single-version-externally-managed
[0.861s] running egg_info
[0.862s] writing ../../build/turtle_brick/turtle_brick.egg-info/PKG-INFO
[0.862s] writing dependency_links to ../../build/turtle_brick/turtle_brick.egg-info/dependency_links.txt
[0.862s] writing entry points to ../../build/turtle_brick/turtle_brick.egg-info/entry_points.txt
[0.862s] writing requirements to ../../build/turtle_brick/turtle_brick.egg-info/requires.txt
[0.862s] writing top-level names to ../../build/turtle_brick/turtle_brick.egg-info/top_level.txt
[0.865s] reading manifest file '../../build/turtle_brick/turtle_brick.egg-info/SOURCES.txt'
[0.866s] writing manifest file '../../build/turtle_brick/turtle_brick.egg-info/SOURCES.txt'
[0.866s] running build
[0.866s] running build_py
[0.866s] running install
[0.867s] /usr/lib/python3/dist-packages/setuptools/command/install.py:34: SetuptoolsDeprecationWarning: setup.py install is deprecated. Use build and pip and other standards-based tools.
[0.867s]   warnings.warn(
[0.867s] running install_lib
[0.869s] running install_data
[0.869s] running install_egg_info
[0.871s] removing '/home/alyssa/homework2-alyssa225/install/turtle_brick/lib/python3.10/site-packages/turtle_brick-0.0.0-py3.10.egg-info' (and everything under it)
[0.871s] Copying ../../build/turtle_brick/turtle_brick.egg-info to /home/alyssa/homework2-alyssa225/install/turtle_brick/lib/python3.10/site-packages/turtle_brick-0.0.0-py3.10.egg-info
[0.872s] running install_scripts
[0.893s] Installing turtle_robot script to /home/alyssa/homework2-alyssa225/install/turtle_brick/lib/turtle_brick
[0.893s] writing list of installed files to '/home/alyssa/homework2-alyssa225/build/turtle_brick/install.log'
[0.913s] Invoked command in '/home/alyssa/homework2-alyssa225/src/turtle_brick' returned '0': PYTHONPATH=/home/alyssa/homework2-alyssa225/install/turtle_brick/lib/python3.10/site-packages:${PYTHONPATH} /usr/bin/python3 setup.py egg_info --egg-base ../../build/turtle_brick build --build-base /home/alyssa/homework2-alyssa225/build/turtle_brick/build install --prefix /home/alyssa/homework2-alyssa225/install/turtle_brick --record /home/alyssa/homework2-alyssa225/build/turtle_brick/install.log --single-version-externally-managed
