[1.456s] Invoking command in '/home/alyssa/homework2-alyssa225/src/turtle_brick': PYTHONPATH=/home/alyssa/homework2-alyssa225/install/turtle_brick/lib/python3.10/site-packages:${PYTHONPATH} /usr/bin/python3 setup.py egg_info --egg-base ../../build/turtle_brick build --build-base /home/alyssa/homework2-alyssa225/build/turtle_brick/build install --prefix /home/alyssa/homework2-alyssa225/install/turtle_brick --record /home/alyssa/homework2-alyssa225/build/turtle_brick/install.log --single-version-externally-managed
[1.995s] running egg_info
[1.995s] writing ../../build/turtle_brick/turtle_brick.egg-info/PKG-INFO
[1.995s] writing dependency_links to ../../build/turtle_brick/turtle_brick.egg-info/dependency_links.txt
[1.995s] writing entry points to ../../build/turtle_brick/turtle_brick.egg-info/entry_points.txt
[1.996s] writing requirements to ../../build/turtle_brick/turtle_brick.egg-info/requires.txt
[1.996s] writing top-level names to ../../build/turtle_brick/turtle_brick.egg-info/top_level.txt
[1.999s] reading manifest file '../../build/turtle_brick/turtle_brick.egg-info/SOURCES.txt'
[2.001s] writing manifest file '../../build/turtle_brick/turtle_brick.egg-info/SOURCES.txt'
[2.001s] running build
[2.001s] running build_py
[2.002s] running install
[2.002s] /usr/lib/python3/dist-packages/setuptools/command/install.py:34: SetuptoolsDeprecationWarning: setup.py install is deprecated. Use build and pip and other standards-based tools.
[2.002s]   warnings.warn(
[2.003s] running install_lib
[2.005s] running install_data
[2.006s] running install_egg_info
[2.008s] removing '/home/alyssa/homework2-alyssa225/install/turtle_brick/lib/python3.10/site-packages/turtle_brick-0.0.0-py3.10.egg-info' (and everything under it)
[2.009s] Copying ../../build/turtle_brick/turtle_brick.egg-info to /home/alyssa/homework2-alyssa225/install/turtle_brick/lib/python3.10/site-packages/turtle_brick-0.0.0-py3.10.egg-info
[2.010s] running install_scripts
[2.051s] Installing arena script to /home/alyssa/homework2-alyssa225/install/turtle_brick/lib/turtle_brick
[2.051s] Installing catcher script to /home/alyssa/homework2-alyssa225/install/turtle_brick/lib/turtle_brick
[2.051s] Installing turtle_robot script to /home/alyssa/homework2-alyssa225/install/turtle_brick/lib/turtle_brick
[2.051s] writing list of installed files to '/home/alyssa/homework2-alyssa225/build/turtle_brick/install.log'
[2.111s] Invoked command in '/home/alyssa/homework2-alyssa225/src/turtle_brick' returned '0': PYTHONPATH=/home/alyssa/homework2-alyssa225/install/turtle_brick/lib/python3.10/site-packages:${PYTHONPATH} /usr/bin/python3 setup.py egg_info --egg-base ../../build/turtle_brick build --build-base /home/alyssa/homework2-alyssa225/build/turtle_brick/build install --prefix /home/alyssa/homework2-alyssa225/install/turtle_brick --record /home/alyssa/homework2-alyssa225/build/turtle_brick/install.log --single-version-externally-managed
