[0.723s] Invoking command in '/home/alyssa/homework2-alyssa225/src/build/turtle_brick': PYTHONPATH=/home/alyssa/homework2-alyssa225/src/install/turtle_brick/lib/python3.10/site-packages:${PYTHONPATH} /usr/bin/python3 setup.py develop --prefix /home/alyssa/homework2-alyssa225/src/install/turtle_brick --uninstall --editable --build-directory /home/alyssa/homework2-alyssa225/src/build/turtle_brick/build
[1.128s] running develop
[1.129s] /usr/lib/python3/dist-packages/setuptools/command/easy_install.py:158: EasyInstallDeprecationWarning: easy_install command is deprecated. Use build and pip and other standards-based tools.
[1.129s]   warnings.warn(
[1.132s] /usr/lib/python3/dist-packages/setuptools/command/install.py:34: SetuptoolsDeprecationWarning: setup.py install is deprecated. Use build and pip and other standards-based tools.
[1.132s]   warnings.warn(
[1.205s] /usr/lib/python3/dist-packages/pkg_resources/__init__.py:116: PkgResourcesDeprecationWarning: 1.16.0-unknown is an invalid version and will not be supported in a future release
[1.205s]   warnings.warn(
[1.205s] /usr/lib/python3/dist-packages/pkg_resources/__init__.py:116: PkgResourcesDeprecationWarning: 1.1build1 is an invalid version and will not be supported in a future release
[1.205s]   warnings.warn(
[1.206s] /usr/lib/python3/dist-packages/pkg_resources/__init__.py:116: PkgResourcesDeprecationWarning: 0.1.43ubuntu1 is an invalid version and will not be supported in a future release
[1.206s]   warnings.warn(
[1.337s] Invoked command in '/home/alyssa/homework2-alyssa225/src/build/turtle_brick' returned '0': PYTHONPATH=/home/alyssa/homework2-alyssa225/src/install/turtle_brick/lib/python3.10/site-packages:${PYTHONPATH} /usr/bin/python3 setup.py develop --prefix /home/alyssa/homework2-alyssa225/src/install/turtle_brick --uninstall --editable --build-directory /home/alyssa/homework2-alyssa225/src/build/turtle_brick/build
[1.338s] Invoking command in '/home/alyssa/homework2-alyssa225/src/turtle_brick': PYTHONPATH=/home/alyssa/homework2-alyssa225/src/install/turtle_brick/lib/python3.10/site-packages:${PYTHONPATH} /usr/bin/python3 setup.py egg_info --egg-base ../build/turtle_brick build --build-base /home/alyssa/homework2-alyssa225/src/build/turtle_brick/build install --prefix /home/alyssa/homework2-alyssa225/src/install/turtle_brick --record /home/alyssa/homework2-alyssa225/src/build/turtle_brick/install.log --single-version-externally-managed
[1.579s] running egg_info
[1.580s] writing ../build/turtle_brick/turtle_brick.egg-info/PKG-INFO
[1.580s] writing dependency_links to ../build/turtle_brick/turtle_brick.egg-info/dependency_links.txt
[1.580s] writing entry points to ../build/turtle_brick/turtle_brick.egg-info/entry_points.txt
[1.581s] writing requirements to ../build/turtle_brick/turtle_brick.egg-info/requires.txt
[1.581s] writing top-level names to ../build/turtle_brick/turtle_brick.egg-info/top_level.txt
[1.582s] reading manifest file '../build/turtle_brick/turtle_brick.egg-info/SOURCES.txt'
[1.583s] writing manifest file '../build/turtle_brick/turtle_brick.egg-info/SOURCES.txt'
[1.583s] running build
[1.583s] running build_py
[1.583s] running install
[1.584s] /usr/lib/python3/dist-packages/setuptools/command/install.py:34: SetuptoolsDeprecationWarning: setup.py install is deprecated. Use build and pip and other standards-based tools.
[1.584s]   warnings.warn(
[1.584s] running install_lib
[1.586s] running install_data
[1.586s] copying launch/show_turtle.launch.py -> /home/alyssa/homework2-alyssa225/src/install/turtle_brick/share/turtle_brick
[1.587s] running install_egg_info
[1.588s] removing '/home/alyssa/homework2-alyssa225/src/install/turtle_brick/lib/python3.10/site-packages/turtle_brick-0.0.0-py3.10.egg-info' (and everything under it)
[1.589s] Copying ../build/turtle_brick/turtle_brick.egg-info to /home/alyssa/homework2-alyssa225/src/install/turtle_brick/lib/python3.10/site-packages/turtle_brick-0.0.0-py3.10.egg-info
[1.590s] running install_scripts
[1.608s] Installing arena script to /home/alyssa/homework2-alyssa225/src/install/turtle_brick/lib/turtle_brick
[1.608s] Installing turtle_robot script to /home/alyssa/homework2-alyssa225/src/install/turtle_brick/lib/turtle_brick
[1.608s] writing list of installed files to '/home/alyssa/homework2-alyssa225/src/build/turtle_brick/install.log'
[1.627s] Invoked command in '/home/alyssa/homework2-alyssa225/src/turtle_brick' returned '0': PYTHONPATH=/home/alyssa/homework2-alyssa225/src/install/turtle_brick/lib/python3.10/site-packages:${PYTHONPATH} /usr/bin/python3 setup.py egg_info --egg-base ../build/turtle_brick build --build-base /home/alyssa/homework2-alyssa225/src/build/turtle_brick/build install --prefix /home/alyssa/homework2-alyssa225/src/install/turtle_brick --record /home/alyssa/homework2-alyssa225/src/build/turtle_brick/install.log --single-version-externally-managed
