running egg_info
creating ../build/turtle_brick/turtle_brick.egg-info
writing ../build/turtle_brick/turtle_brick.egg-info/PKG-INFO
writing dependency_links to ../build/turtle_brick/turtle_brick.egg-info/dependency_links.txt
writing entry points to ../build/turtle_brick/turtle_brick.egg-info/entry_points.txt
writing requirements to ../build/turtle_brick/turtle_brick.egg-info/requires.txt
writing top-level names to ../build/turtle_brick/turtle_brick.egg-info/top_level.txt
writing manifest file '../build/turtle_brick/turtle_brick.egg-info/SOURCES.txt'
reading manifest file '../build/turtle_brick/turtle_brick.egg-info/SOURCES.txt'
writing manifest file '../build/turtle_brick/turtle_brick.egg-info/SOURCES.txt'
running build
running build_py
creating /home/alyssa/ros2_ws/src/homework2-alyssa225/build/turtle_brick/build
creating /home/alyssa/ros2_ws/src/homework2-alyssa225/build/turtle_brick/build/lib
creating /home/alyssa/ros2_ws/src/homework2-alyssa225/build/turtle_brick/build/lib/turtle_brick
copying turtle_brick/turtle_robot.py -> /home/alyssa/ros2_ws/src/homework2-alyssa225/build/turtle_brick/build/lib/turtle_brick
copying turtle_brick/__init__.py -> /home/alyssa/ros2_ws/src/homework2-alyssa225/build/turtle_brick/build/lib/turtle_brick
running install
running install_lib
creating /home/alyssa/ros2_ws/src/homework2-alyssa225/install/turtle_brick/lib/python3.10/site-packages/turtle_brick
copying /home/alyssa/ros2_ws/src/homework2-alyssa225/build/turtle_brick/build/lib/turtle_brick/turtle_robot.py -> /home/alyssa/ros2_ws/src/homework2-alyssa225/install/turtle_brick/lib/python3.10/site-packages/turtle_brick
copying /home/alyssa/ros2_ws/src/homework2-alyssa225/build/turtle_brick/build/lib/turtle_brick/__init__.py -> /home/alyssa/ros2_ws/src/homework2-alyssa225/install/turtle_brick/lib/python3.10/site-packages/turtle_brick
byte-compiling /home/alyssa/ros2_ws/src/homework2-alyssa225/install/turtle_brick/lib/python3.10/site-packages/turtle_brick/turtle_robot.py to turtle_robot.cpython-310.pyc
byte-compiling /home/alyssa/ros2_ws/src/homework2-alyssa225/install/turtle_brick/lib/python3.10/site-packages/turtle_brick/__init__.py to __init__.cpython-310.pyc
running install_data
creating /home/alyssa/ros2_ws/src/homework2-alyssa225/install/turtle_brick/share/ament_index
creating /home/alyssa/ros2_ws/src/homework2-alyssa225/install/turtle_brick/share/ament_index/resource_index
creating /home/alyssa/ros2_ws/src/homework2-alyssa225/install/turtle_brick/share/ament_index/resource_index/packages
copying resource/turtle_brick -> /home/alyssa/ros2_ws/src/homework2-alyssa225/install/turtle_brick/share/ament_index/resource_index/packages
copying package.xml -> /home/alyssa/ros2_ws/src/homework2-alyssa225/install/turtle_brick/share/turtle_brick
running install_egg_info
Copying ../build/turtle_brick/turtle_brick.egg-info to /home/alyssa/ros2_ws/src/homework2-alyssa225/install/turtle_brick/lib/python3.10/site-packages/turtle_brick-0.0.0-py3.10.egg-info
running install_scripts
Installing turtle_robot script to /home/alyssa/ros2_ws/src/homework2-alyssa225/install/turtle_brick/lib/turtle_brick
writing list of installed files to '/home/alyssa/ros2_ws/src/homework2-alyssa225/build/turtle_brick/install.log'
