[0.530s] Invoking command in '/home/alyssa/ros2_ws/src/homework2-alyssa225/turtle_brick': PYTHONPATH=/home/alyssa/ros2_ws/src/homework2-alyssa225/install/turtle_brick/lib/python3.10/site-packages:${PYTHONPATH} /usr/bin/python3 setup.py egg_info --egg-base ../build/turtle_brick build --build-base /home/alyssa/ros2_ws/src/homework2-alyssa225/build/turtle_brick/build install --prefix /home/alyssa/ros2_ws/src/homework2-alyssa225/install/turtle_brick --record /home/alyssa/ros2_ws/src/homework2-alyssa225/build/turtle_brick/install.log --single-version-externally-managed
[0.721s] running egg_info
[0.722s] creating ../build/turtle_brick/turtle_brick.egg-info
[0.723s] writing ../build/turtle_brick/turtle_brick.egg-info/PKG-INFO
[0.724s] writing dependency_links to ../build/turtle_brick/turtle_brick.egg-info/dependency_links.txt
[0.724s] writing entry points to ../build/turtle_brick/turtle_brick.egg-info/entry_points.txt
[0.724s] writing requirements to ../build/turtle_brick/turtle_brick.egg-info/requires.txt
[0.724s] writing top-level names to ../build/turtle_brick/turtle_brick.egg-info/top_level.txt
[0.724s] writing manifest file '../build/turtle_brick/turtle_brick.egg-info/SOURCES.txt'
[0.726s] reading manifest file '../build/turtle_brick/turtle_brick.egg-info/SOURCES.txt'
[0.727s] writing manifest file '../build/turtle_brick/turtle_brick.egg-info/SOURCES.txt'
[0.728s] running build
[0.728s] running build_py
[0.728s] creating /home/alyssa/ros2_ws/src/homework2-alyssa225/build/turtle_brick/build
[0.728s] creating /home/alyssa/ros2_ws/src/homework2-alyssa225/build/turtle_brick/build/lib
[0.728s] creating /home/alyssa/ros2_ws/src/homework2-alyssa225/build/turtle_brick/build/lib/turtle_brick
[0.729s] copying turtle_brick/turtle_robot.py -> /home/alyssa/ros2_ws/src/homework2-alyssa225/build/turtle_brick/build/lib/turtle_brick
[0.729s] copying turtle_brick/__init__.py -> /home/alyssa/ros2_ws/src/homework2-alyssa225/build/turtle_brick/build/lib/turtle_brick
[0.729s] running install
[0.729s] /usr/lib/python3/dist-packages/setuptools/command/install.py:34: SetuptoolsDeprecationWarning: setup.py install is deprecated. Use build and pip and other standards-based tools.
[0.729s]   warnings.warn(
[0.729s] running install_lib
[0.730s] creating /home/alyssa/ros2_ws/src/homework2-alyssa225/install/turtle_brick/lib/python3.10/site-packages/turtle_brick
[0.730s] copying /home/alyssa/ros2_ws/src/homework2-alyssa225/build/turtle_brick/build/lib/turtle_brick/turtle_robot.py -> /home/alyssa/ros2_ws/src/homework2-alyssa225/install/turtle_brick/lib/python3.10/site-packages/turtle_brick
[0.731s] copying /home/alyssa/ros2_ws/src/homework2-alyssa225/build/turtle_brick/build/lib/turtle_brick/__init__.py -> /home/alyssa/ros2_ws/src/homework2-alyssa225/install/turtle_brick/lib/python3.10/site-packages/turtle_brick
[0.731s] byte-compiling /home/alyssa/ros2_ws/src/homework2-alyssa225/install/turtle_brick/lib/python3.10/site-packages/turtle_brick/turtle_robot.py to turtle_robot.cpython-310.pyc
[0.731s] byte-compiling /home/alyssa/ros2_ws/src/homework2-alyssa225/install/turtle_brick/lib/python3.10/site-packages/turtle_brick/__init__.py to __init__.cpython-310.pyc
[0.732s] running install_data
[0.732s] creating /home/alyssa/ros2_ws/src/homework2-alyssa225/install/turtle_brick/share/ament_index
[0.733s] creating /home/alyssa/ros2_ws/src/homework2-alyssa225/install/turtle_brick/share/ament_index/resource_index
[0.733s] creating /home/alyssa/ros2_ws/src/homework2-alyssa225/install/turtle_brick/share/ament_index/resource_index/packages
[0.733s] copying resource/turtle_brick -> /home/alyssa/ros2_ws/src/homework2-alyssa225/install/turtle_brick/share/ament_index/resource_index/packages
[0.733s] copying package.xml -> /home/alyssa/ros2_ws/src/homework2-alyssa225/install/turtle_brick/share/turtle_brick
[0.733s] running install_egg_info
[0.735s] Copying ../build/turtle_brick/turtle_brick.egg-info to /home/alyssa/ros2_ws/src/homework2-alyssa225/install/turtle_brick/lib/python3.10/site-packages/turtle_brick-0.0.0-py3.10.egg-info
[0.736s] running install_scripts
[0.754s] Installing turtle_robot script to /home/alyssa/ros2_ws/src/homework2-alyssa225/install/turtle_brick/lib/turtle_brick
[0.755s] writing list of installed files to '/home/alyssa/ros2_ws/src/homework2-alyssa225/build/turtle_brick/install.log'
[0.777s] Invoked command in '/home/alyssa/ros2_ws/src/homework2-alyssa225/turtle_brick' returned '0': PYTHONPATH=/home/alyssa/ros2_ws/src/homework2-alyssa225/install/turtle_brick/lib/python3.10/site-packages:${PYTHONPATH} /usr/bin/python3 setup.py egg_info --egg-base ../build/turtle_brick build --build-base /home/alyssa/ros2_ws/src/homework2-alyssa225/build/turtle_brick/build install --prefix /home/alyssa/ros2_ws/src/homework2-alyssa225/install/turtle_brick --record /home/alyssa/ros2_ws/src/homework2-alyssa225/build/turtle_brick/install.log --single-version-externally-managed
