[2.977s] Invoking command in '/home/alyssa/homework2-alyssa225/src/turtle_brick': PYTHONPATH=/home/alyssa/homework2-alyssa225/install/turtle_brick/lib/python3.10/site-packages:${PYTHONPATH} /usr/bin/python3 setup.py egg_info --egg-base ../../build/turtle_brick build --build-base /home/alyssa/homework2-alyssa225/build/turtle_brick/build install --prefix /home/alyssa/homework2-alyssa225/install/turtle_brick --record /home/alyssa/homework2-alyssa225/build/turtle_brick/install.log --single-version-externally-managed
[4.186s] running egg_info
[4.190s] writing ../../build/turtle_brick/turtle_brick.egg-info/PKG-INFO
[4.191s] writing dependency_links to ../../build/turtle_brick/turtle_brick.egg-info/dependency_links.txt
[4.194s] writing entry points to ../../build/turtle_brick/turtle_brick.egg-info/entry_points.txt
[4.196s] writing requirements to ../../build/turtle_brick/turtle_brick.egg-info/requires.txt
[4.196s] writing top-level names to ../../build/turtle_brick/turtle_brick.egg-info/top_level.txt
[4.204s] reading manifest file '../../build/turtle_brick/turtle_brick.egg-info/SOURCES.txt'
[4.208s] writing manifest file '../../build/turtle_brick/turtle_brick.egg-info/SOURCES.txt'
[4.210s] running build
[4.210s] running build_py
[4.211s] copying turtle_brick/arena.py -> /home/alyssa/homework2-alyssa225/build/turtle_brick/build/lib/turtle_brick
[4.213s] running install
[4.214s] /usr/lib/python3/dist-packages/setuptools/command/install.py:34: SetuptoolsDeprecationWarning: setup.py install is deprecated. Use build and pip and other standards-based tools.
[4.214s]   warnings.warn(
[4.215s] running install_lib
[4.219s] copying /home/alyssa/homework2-alyssa225/build/turtle_brick/build/lib/turtle_brick/arena.py -> /home/alyssa/homework2-alyssa225/install/turtle_brick/lib/python3.10/site-packages/turtle_brick
[4.222s] byte-compiling /home/alyssa/homework2-alyssa225/install/turtle_brick/lib/python3.10/site-packages/turtle_brick/arena.py to arena.cpython-310.pyc
[4.231s] running install_data
[4.235s] running install_egg_info
[4.244s] removing '/home/alyssa/homework2-alyssa225/install/turtle_brick/lib/python3.10/site-packages/turtle_brick-0.0.0-py3.10.egg-info' (and everything under it)
[4.246s] Copying ../../build/turtle_brick/turtle_brick.egg-info to /home/alyssa/homework2-alyssa225/install/turtle_brick/lib/python3.10/site-packages/turtle_brick-0.0.0-py3.10.egg-info
[4.251s] running install_scripts
[4.376s] Installing arena script to /home/alyssa/homework2-alyssa225/install/turtle_brick/lib/turtle_brick
[4.377s] Installing catcher script to /home/alyssa/homework2-alyssa225/install/turtle_brick/lib/turtle_brick
[4.378s] Installing turtle_robot script to /home/alyssa/homework2-alyssa225/install/turtle_brick/lib/turtle_brick
[4.380s] writing list of installed files to '/home/alyssa/homework2-alyssa225/build/turtle_brick/install.log'
[4.495s] Invoked command in '/home/alyssa/homework2-alyssa225/src/turtle_brick' returned '0': PYTHONPATH=/home/alyssa/homework2-alyssa225/install/turtle_brick/lib/python3.10/site-packages:${PYTHONPATH} /usr/bin/python3 setup.py egg_info --egg-base ../../build/turtle_brick build --build-base /home/alyssa/homework2-alyssa225/build/turtle_brick/build install --prefix /home/alyssa/homework2-alyssa225/install/turtle_brick --record /home/alyssa/homework2-alyssa225/build/turtle_brick/install.log --single-version-externally-managed
