[0.232s] Invoking command in '/home/alyssa/homework2-alyssa225/build/turtle_brick_interfaces': CMAKE_PREFIX_PATH=${CMAKE_PREFIX_PATH}:/home/alyssa/ws/install/me495_tf:/home/alyssa/homework2-alyssa225/install/turtle_brick:/opt/ros/humble /usr/bin/cmake /home/alyssa/homework2-alyssa225/src/turtle_brick_interfaces -DCMAKE_INSTALL_PREFIX=/home/alyssa/homework2-alyssa225/install/turtle_brick_interfaces
[0.284s] -- The C compiler identification is GNU 11.2.0
[0.341s] -- The CXX compiler identification is GNU 11.2.0
[0.349s] -- Detecting C compiler ABI info
[0.414s] -- Detecting C compiler ABI info - done
[0.422s] -- Check for working C compiler: /usr/bin/cc - skipped
[0.423s] -- Detecting C compile features
[0.423s] -- Detecting C compile features - done
[0.427s] -- Detecting CXX compiler ABI info
[0.502s] -- Detecting CXX compiler ABI info - done
[0.511s] -- Check for working CXX compiler: /usr/bin/c++ - skipped
[0.511s] -- Detecting CXX compile features
[0.511s] -- Detecting CXX compile features - done
[0.514s] -- Found ament_cmake: 1.3.2 (/opt/ros/humble/share/ament_cmake/cmake)
[0.692s] -- Found Python3: /usr/bin/python3.10 (found version "3.10.6") found components: Interpreter 
[0.785s] -- Found ament_lint_auto: 0.12.4 (/opt/ros/humble/share/ament_lint_auto/cmake)
[0.867s] -- Added test 'lint_cmake' to check CMake code style
[0.867s] -- Added test 'xmllint' to check XML markup files
[0.869s] -- Configuring done
[0.871s] -- Generating done
[0.872s] -- Build files have been written to: /home/alyssa/homework2-alyssa225/build/turtle_brick_interfaces
