[0.241s] Invoking command in '/home/alyssa/homework2-alyssa225/src/build/turtle_brick_interfaces': CMAKE_PREFIX_PATH=${CMAKE_PREFIX_PATH}:/home/alyssa/ros2_ws/src/crazy_turtle/install/crazy_turtle:/home/alyssa/homework2-alyssa225/src/install/turtle_brick:/opt/ros/humble /usr/bin/cmake --build /home/alyssa/homework2-alyssa225/src/build/turtle_brick_interfaces -- -j8 -l8
[0.260s] -- Found ament_cmake: 1.3.2 (/opt/ros/humble/share/ament_cmake/cmake)
[0.386s] -- Override CMake install command with custom implementation using symlinks instead of copying resources
[0.398s] -- Found rosidl_default_generators: 1.2.0 (/opt/ros/humble/share/rosidl_default_generators/cmake)
[0.401s] -- Using all available rosidl_typesupport_c: rosidl_typesupport_fastrtps_c;rosidl_typesupport_introspection_c
[0.404s] -- Found rosidl_adapter: 3.1.3 (/opt/ros/humble/share/rosidl_adapter/cmake)
[0.436s] -- Using all available rosidl_typesupport_cpp: rosidl_typesupport_fastrtps_cpp;rosidl_typesupport_introspection_cpp
[0.751s] -- Found ament_cmake_ros: 0.10.0 (/opt/ros/humble/share/ament_cmake_ros/cmake)
[0.968s] -- Using all available rosidl_typesupport_c: rosidl_typesupport_fastrtps_c;rosidl_typesupport_introspection_c
[1.206s] -- Using all available rosidl_typesupport_cpp: rosidl_typesupport_fastrtps_cpp;rosidl_typesupport_introspection_cpp
[1.232s] -- Found python_cmake_module: 0.10.0 (/opt/ros/humble/share/python_cmake_module/cmake)
[1.255s] -- Using PYTHON_EXECUTABLE: /usr/bin/python3
[1.255s] -- Using PYTHON_INCLUDE_DIRS: /usr/include/python3.10
[1.255s] -- Using PYTHON_LIBRARIES: /usr/lib/x86_64-linux-gnu/libpython3.10.so
[1.272s] -- Found ament_lint_auto: 0.12.4 (/opt/ros/humble/share/ament_lint_auto/cmake)
[1.286s] -- Added test 'lint_cmake' to check CMake code style
[1.287s] -- Added test 'xmllint' to check XML markup files
[1.291s] -- Configuring done
[1.335s] -- Generating done
[1.341s] -- Build files have been written to: /home/alyssa/homework2-alyssa225/src/build/turtle_brick_interfaces
[1.369s] [  2%] [34m[1mGenerating C code for ROS interfaces[0m
[1.388s] [  5%] [34m[1mGenerating C++ code for ROS interfaces[0m
[1.399s] [  5%] Built target ament_cmake_python_symlink_turtle_brick_interfaces
[1.844s] running egg_info
[1.845s] writing turtle_brick_interfaces.egg-info/PKG-INFO
[1.845s] writing dependency_links to turtle_brick_interfaces.egg-info/dependency_links.txt
[1.846s] writing top-level names to turtle_brick_interfaces.egg-info/top_level.txt
[1.850s] reading manifest file 'turtle_brick_interfaces.egg-info/SOURCES.txt'
[1.851s] writing manifest file 'turtle_brick_interfaces.egg-info/SOURCES.txt'
[1.896s] [35m[1mConsolidate compiler generated dependencies of target turtle_brick_interfaces__rosidl_generator_c[0m
[1.900s] [  5%] Built target ament_cmake_python_build_turtle_brick_interfaces_egg
[1.909s] [  7%] [32mBuilding C object CMakeFiles/turtle_brick_interfaces__rosidl_generator_c.dir/rosidl_generator_c/turtle_brick_interfaces/msg/detail/tilt__functions.c.o[0m
[1.909s] [  7%] Built target turtle_brick_interfaces__cpp
[1.913s] [ 10%] [32mBuilding C object CMakeFiles/turtle_brick_interfaces__rosidl_generator_c.dir/rosidl_generator_c/turtle_brick_interfaces/srv/detail/place__functions.c.o[0m
[1.922s] [ 12%] [34m[1mGenerating C++ type support dispatch for ROS interfaces[0m
[1.924s] [ 17%] [34m[1mGenerating C++ type support for eProsima Fast-RTPS[0m
[1.924s] [ 17%] [34m[1mGenerating C++ introspection for ROS interfaces[0m
[2.005s] [ 20%] [32m[1mLinking C shared library libturtle_brick_interfaces__rosidl_generator_c.so[0m
[2.053s] [ 20%] Built target turtle_brick_interfaces__rosidl_generator_c
[2.076s] [ 23%] [34m[1mGenerating C introspection for ROS interfaces[0m
[2.080s] [ 25%] [34m[1mGenerating C type support for eProsima Fast-RTPS[0m
[2.093s] [ 28%] [34m[1mGenerating C type support dispatch for ROS interfaces[0m
[2.420s] [35m[1mConsolidate compiler generated dependencies of target turtle_brick_interfaces__rosidl_typesupport_cpp[0m
[2.441s] [35m[1mConsolidate compiler generated dependencies of target turtle_brick_interfaces__rosidl_typesupport_introspection_cpp[0m
[2.443s] [ 33%] [32mBuilding CXX object CMakeFiles/turtle_brick_interfaces__rosidl_typesupport_cpp.dir/rosidl_typesupport_cpp/turtle_brick_interfaces/msg/tilt__type_support.cpp.o[0m
[2.443s] [ 33%] [32mBuilding CXX object CMakeFiles/turtle_brick_interfaces__rosidl_typesupport_cpp.dir/rosidl_typesupport_cpp/turtle_brick_interfaces/srv/place__type_support.cpp.o[0m
[2.464s] [ 35%] [32mBuilding CXX object CMakeFiles/turtle_brick_interfaces__rosidl_typesupport_introspection_cpp.dir/rosidl_typesupport_introspection_cpp/turtle_brick_interfaces/srv/detail/place__type_support.cpp.o[0m
[2.465s] [ 38%] [32mBuilding CXX object CMakeFiles/turtle_brick_interfaces__rosidl_typesupport_introspection_cpp.dir/rosidl_typesupport_introspection_cpp/turtle_brick_interfaces/msg/detail/tilt__type_support.cpp.o[0m
[2.683s] [35m[1mConsolidate compiler generated dependencies of target turtle_brick_interfaces__rosidl_typesupport_c[0m
[2.703s] [35m[1mConsolidate compiler generated dependencies of target turtle_brick_interfaces__rosidl_typesupport_fastrtps_cpp[0m
[2.722s] [ 41%] [32mBuilding CXX object CMakeFiles/turtle_brick_interfaces__rosidl_typesupport_c.dir/rosidl_typesupport_c/turtle_brick_interfaces/msg/tilt__type_support.cpp.o[0m
[2.753s] [ 43%] [32mBuilding CXX object CMakeFiles/turtle_brick_interfaces__rosidl_typesupport_fastrtps_cpp.dir/rosidl_typesupport_fastrtps_cpp/turtle_brick_interfaces/msg/detail/dds_fastrtps/tilt__type_support.cpp.o[0m
[2.780s] [35m[1mConsolidate compiler generated dependencies of target turtle_brick_interfaces__rosidl_typesupport_fastrtps_c[0m
[2.788s] [ 46%] [32mBuilding CXX object CMakeFiles/turtle_brick_interfaces__rosidl_typesupport_c.dir/rosidl_typesupport_c/turtle_brick_interfaces/srv/place__type_support.cpp.o[0m
[2.794s] [35m[1mConsolidate compiler generated dependencies of target turtle_brick_interfaces__rosidl_typesupport_introspection_c[0m
[2.822s] [ 48%] [32mBuilding CXX object CMakeFiles/turtle_brick_interfaces__rosidl_typesupport_fastrtps_c.dir/rosidl_typesupport_fastrtps_c/turtle_brick_interfaces/msg/detail/tilt__type_support_c.cpp.o[0m
[2.829s] [ 51%] [32mBuilding C object CMakeFiles/turtle_brick_interfaces__rosidl_typesupport_introspection_c.dir/rosidl_typesupport_introspection_c/turtle_brick_interfaces/msg/detail/tilt__type_support.c.o[0m
[2.894s] [ 53%] [32m[1mLinking CXX shared library libturtle_brick_interfaces__rosidl_typesupport_c.so[0m
[2.986s] [ 56%] [32mBuilding C object CMakeFiles/turtle_brick_interfaces__rosidl_typesupport_introspection_c.dir/rosidl_typesupport_introspection_c/turtle_brick_interfaces/srv/detail/place__type_support.c.o[0m
[2.998s] [ 56%] Built target turtle_brick_interfaces__rosidl_typesupport_c
[3.013s] [ 58%] [32mBuilding CXX object CMakeFiles/turtle_brick_interfaces__rosidl_typesupport_fastrtps_c.dir/rosidl_typesupport_fastrtps_c/turtle_brick_interfaces/srv/detail/place__type_support_c.cpp.o[0m
[3.018s] [ 61%] [32mBuilding CXX object CMakeFiles/turtle_brick_interfaces__rosidl_typesupport_fastrtps_cpp.dir/rosidl_typesupport_fastrtps_cpp/turtle_brick_interfaces/srv/detail/dds_fastrtps/place__type_support.cpp.o[0m
[3.052s] [ 64%] [32m[1mLinking C shared library libturtle_brick_interfaces__rosidl_typesupport_introspection_c.so[0m
[3.097s] [ 66%] [32m[1mLinking CXX shared library libturtle_brick_interfaces__rosidl_typesupport_cpp.so[0m
[3.106s] [ 66%] Built target turtle_brick_interfaces__rosidl_typesupport_introspection_c
[3.179s] [ 66%] Built target turtle_brick_interfaces__rosidl_typesupport_cpp
[3.374s] [ 69%] [32m[1mLinking CXX shared library libturtle_brick_interfaces__rosidl_typesupport_introspection_cpp.so[0m
[3.437s] [ 69%] Built target turtle_brick_interfaces__rosidl_typesupport_introspection_cpp
[3.570s] [ 71%] [32m[1mLinking CXX shared library libturtle_brick_interfaces__rosidl_typesupport_fastrtps_c.so[0m
[3.580s] [ 74%] [32m[1mLinking CXX shared library libturtle_brick_interfaces__rosidl_typesupport_fastrtps_cpp.so[0m
[3.668s] [ 74%] Built target turtle_brick_interfaces__rosidl_typesupport_fastrtps_c
[3.695s] [ 74%] Built target turtle_brick_interfaces__rosidl_typesupport_fastrtps_cpp
[3.715s] [ 74%] Built target turtle_brick_interfaces
[3.738s] [ 76%] [34m[1mGenerating Python code for ROS interfaces[0m
[4.219s] [ 76%] Built target turtle_brick_interfaces__py
[4.227s] [35m[1mConsolidate compiler generated dependencies of target turtle_brick_interfaces__rosidl_generator_py[0m
[4.240s] [ 82%] [32mBuilding C object CMakeFiles/turtle_brick_interfaces__rosidl_generator_py.dir/rosidl_generator_py/turtle_brick_interfaces/msg/_tilt_s.c.o[0m
[4.240s] [ 82%] [32mBuilding C object CMakeFiles/turtle_brick_interfaces__rosidl_generator_py.dir/rosidl_generator_py/turtle_brick_interfaces/srv/_place_s.c.o[0m
[4.334s] [ 84%] [32m[1mLinking C shared library rosidl_generator_py/turtle_brick_interfaces/libturtle_brick_interfaces__rosidl_generator_py.so[0m
[4.366s] [ 84%] Built target turtle_brick_interfaces__rosidl_generator_py
[4.375s] [35m[1mConsolidate compiler generated dependencies of target turtle_brick_interfaces__rosidl_typesupport_c__pyext[0m
[4.375s] [35m[1mConsolidate compiler generated dependencies of target turtle_brick_interfaces__rosidl_typesupport_fastrtps_c__pyext[0m
[4.375s] [35m[1mConsolidate compiler generated dependencies of target turtle_brick_interfaces__rosidl_typesupport_introspection_c__pyext[0m
[4.389s] [ 92%] [32mBuilding C object CMakeFiles/turtle_brick_interfaces__rosidl_typesupport_c__pyext.dir/rosidl_generator_py/turtle_brick_interfaces/_turtle_brick_interfaces_s.ep.rosidl_typesupport_c.c.o[0m
[4.389s] [ 92%] [32mBuilding C object CMakeFiles/turtle_brick_interfaces__rosidl_typesupport_fastrtps_c__pyext.dir/rosidl_generator_py/turtle_brick_interfaces/_turtle_brick_interfaces_s.ep.rosidl_typesupport_fastrtps_c.c.o[0m
[4.389s] [ 92%] [32mBuilding C object CMakeFiles/turtle_brick_interfaces__rosidl_typesupport_introspection_c__pyext.dir/rosidl_generator_py/turtle_brick_interfaces/_turtle_brick_interfaces_s.ep.rosidl_typesupport_introspection_c.c.o[0m
[4.486s] [ 94%] [32m[1mLinking C shared library rosidl_generator_py/turtle_brick_interfaces/turtle_brick_interfaces_s__rosidl_typesupport_c.cpython-310-x86_64-linux-gnu.so[0m
[4.488s] [ 97%] [32m[1mLinking C shared library rosidl_generator_py/turtle_brick_interfaces/turtle_brick_interfaces_s__rosidl_typesupport_introspection_c.cpython-310-x86_64-linux-gnu.so[0m
[4.493s] [100%] [32m[1mLinking C shared library rosidl_generator_py/turtle_brick_interfaces/turtle_brick_interfaces_s__rosidl_typesupport_fastrtps_c.cpython-310-x86_64-linux-gnu.so[0m
[4.518s] [100%] Built target turtle_brick_interfaces__rosidl_typesupport_c__pyext
[4.519s] [100%] Built target turtle_brick_interfaces__rosidl_typesupport_introspection_c__pyext
[4.526s] [100%] Built target turtle_brick_interfaces__rosidl_typesupport_fastrtps_c__pyext
[4.536s] Invoked command in '/home/alyssa/homework2-alyssa225/src/build/turtle_brick_interfaces' returned '0': CMAKE_PREFIX_PATH=${CMAKE_PREFIX_PATH}:/home/alyssa/ros2_ws/src/crazy_turtle/install/crazy_turtle:/home/alyssa/homework2-alyssa225/src/install/turtle_brick:/opt/ros/humble /usr/bin/cmake --build /home/alyssa/homework2-alyssa225/src/build/turtle_brick_interfaces -- -j8 -l8
[4.605s] Invoking command in '/home/alyssa/homework2-alyssa225/src/build/turtle_brick_interfaces': CMAKE_PREFIX_PATH=${CMAKE_PREFIX_PATH}:/home/alyssa/ros2_ws/src/crazy_turtle/install/crazy_turtle:/home/alyssa/homework2-alyssa225/src/install/turtle_brick:/opt/ros/humble /usr/bin/cmake --install /home/alyssa/homework2-alyssa225/src/build/turtle_brick_interfaces
[4.612s] -- Install configuration: ""
[4.612s] -- Execute custom install script
[4.612s] -- Up-to-date symlink: /home/alyssa/homework2-alyssa225/src/install/turtle_brick_interfaces/share/ament_index/resource_index/rosidl_interfaces/turtle_brick_interfaces
[4.613s] -- Up-to-date symlink: /home/alyssa/homework2-alyssa225/src/install/turtle_brick_interfaces/include/turtle_brick_interfaces/turtle_brick_interfaces/msg/detail/tilt__functions.h
[4.613s] -- Up-to-date symlink: /home/alyssa/homework2-alyssa225/src/install/turtle_brick_interfaces/include/turtle_brick_interfaces/turtle_brick_interfaces/msg/detail/tilt__struct.h
[4.613s] -- Up-to-date symlink: /home/alyssa/homework2-alyssa225/src/install/turtle_brick_interfaces/include/turtle_brick_interfaces/turtle_brick_interfaces/msg/detail/tilt__type_support.h
[4.613s] -- Up-to-date symlink: /home/alyssa/homework2-alyssa225/src/install/turtle_brick_interfaces/include/turtle_brick_interfaces/turtle_brick_interfaces/msg/rosidl_generator_c__visibility_control.h
[4.614s] -- Up-to-date symlink: /home/alyssa/homework2-alyssa225/src/install/turtle_brick_interfaces/include/turtle_brick_interfaces/turtle_brick_interfaces/msg/tilt.h
[4.614s] -- Up-to-date symlink: /home/alyssa/homework2-alyssa225/src/install/turtle_brick_interfaces/include/turtle_brick_interfaces/turtle_brick_interfaces/srv/detail/place__functions.h
[4.614s] -- Up-to-date symlink: /home/alyssa/homework2-alyssa225/src/install/turtle_brick_interfaces/include/turtle_brick_interfaces/turtle_brick_interfaces/srv/detail/place__struct.h
[4.614s] -- Up-to-date symlink: /home/alyssa/homework2-alyssa225/src/install/turtle_brick_interfaces/include/turtle_brick_interfaces/turtle_brick_interfaces/srv/detail/place__type_support.h
[4.614s] -- Up-to-date symlink: /home/alyssa/homework2-alyssa225/src/install/turtle_brick_interfaces/include/turtle_brick_interfaces/turtle_brick_interfaces/srv/place.h
[4.614s] -- Up-to-date symlink: /home/alyssa/homework2-alyssa225/src/install/turtle_brick_interfaces/share/turtle_brick_interfaces/environment/library_path.sh
[4.615s] -- Up-to-date symlink: /home/alyssa/homework2-alyssa225/src/install/turtle_brick_interfaces/share/turtle_brick_interfaces/environment/library_path.dsv
[4.615s] -- Up-to-date symlink: /home/alyssa/homework2-alyssa225/src/install/turtle_brick_interfaces/include/turtle_brick_interfaces/turtle_brick_interfaces/msg/detail/tilt__rosidl_typesupport_fastrtps_c.h
[4.615s] -- Up-to-date symlink: /home/alyssa/homework2-alyssa225/src/install/turtle_brick_interfaces/include/turtle_brick_interfaces/turtle_brick_interfaces/msg/rosidl_typesupport_fastrtps_c__visibility_control.h
[4.615s] -- Up-to-date symlink: /home/alyssa/homework2-alyssa225/src/install/turtle_brick_interfaces/include/turtle_brick_interfaces/turtle_brick_interfaces/srv/detail/place__rosidl_typesupport_fastrtps_c.h
[4.616s] -- Up-to-date symlink: /home/alyssa/homework2-alyssa225/src/install/turtle_brick_interfaces/include/turtle_brick_interfaces/turtle_brick_interfaces/msg/detail/tilt__rosidl_typesupport_introspection_c.h
[4.616s] -- Up-to-date symlink: /home/alyssa/homework2-alyssa225/src/install/turtle_brick_interfaces/include/turtle_brick_interfaces/turtle_brick_interfaces/msg/rosidl_typesupport_introspection_c__visibility_control.h
[4.616s] -- Up-to-date symlink: /home/alyssa/homework2-alyssa225/src/install/turtle_brick_interfaces/include/turtle_brick_interfaces/turtle_brick_interfaces/srv/detail/place__rosidl_typesupport_introspection_c.h
[4.616s] -- Up-to-date symlink: /home/alyssa/homework2-alyssa225/src/install/turtle_brick_interfaces/include/turtle_brick_interfaces/turtle_brick_interfaces/msg/detail/tilt__builder.hpp
[4.616s] -- Up-to-date symlink: /home/alyssa/homework2-alyssa225/src/install/turtle_brick_interfaces/include/turtle_brick_interfaces/turtle_brick_interfaces/msg/detail/tilt__struct.hpp
[4.616s] -- Up-to-date symlink: /home/alyssa/homework2-alyssa225/src/install/turtle_brick_interfaces/include/turtle_brick_interfaces/turtle_brick_interfaces/msg/detail/tilt__traits.hpp
[4.617s] -- Up-to-date symlink: /home/alyssa/homework2-alyssa225/src/install/turtle_brick_interfaces/include/turtle_brick_interfaces/turtle_brick_interfaces/msg/tilt.hpp
[4.617s] -- Up-to-date symlink: /home/alyssa/homework2-alyssa225/src/install/turtle_brick_interfaces/include/turtle_brick_interfaces/turtle_brick_interfaces/srv/detail/place__builder.hpp
[4.617s] -- Up-to-date symlink: /home/alyssa/homework2-alyssa225/src/install/turtle_brick_interfaces/include/turtle_brick_interfaces/turtle_brick_interfaces/srv/detail/place__struct.hpp
[4.617s] -- Up-to-date symlink: /home/alyssa/homework2-alyssa225/src/install/turtle_brick_interfaces/include/turtle_brick_interfaces/turtle_brick_interfaces/srv/detail/place__traits.hpp
[4.617s] -- Up-to-date symlink: /home/alyssa/homework2-alyssa225/src/install/turtle_brick_interfaces/include/turtle_brick_interfaces/turtle_brick_interfaces/srv/place.hpp
[4.618s] -- Up-to-date symlink: /home/alyssa/homework2-alyssa225/src/install/turtle_brick_interfaces/include/turtle_brick_interfaces/turtle_brick_interfaces/msg/detail/tilt__rosidl_typesupport_fastrtps_cpp.hpp
[4.618s] -- Up-to-date symlink: /home/alyssa/homework2-alyssa225/src/install/turtle_brick_interfaces/include/turtle_brick_interfaces/turtle_brick_interfaces/msg/rosidl_typesupport_fastrtps_cpp__visibility_control.h
[4.618s] -- Up-to-date symlink: /home/alyssa/homework2-alyssa225/src/install/turtle_brick_interfaces/include/turtle_brick_interfaces/turtle_brick_interfaces/srv/detail/place__rosidl_typesupport_fastrtps_cpp.hpp
[4.618s] -- Up-to-date symlink: /home/alyssa/homework2-alyssa225/src/install/turtle_brick_interfaces/include/turtle_brick_interfaces/turtle_brick_interfaces/msg/detail/tilt__rosidl_typesupport_introspection_cpp.hpp
[4.619s] -- Up-to-date symlink: /home/alyssa/homework2-alyssa225/src/install/turtle_brick_interfaces/include/turtle_brick_interfaces/turtle_brick_interfaces/srv/detail/place__rosidl_typesupport_introspection_cpp.hpp
[4.619s] -- Up-to-date symlink: /home/alyssa/homework2-alyssa225/src/install/turtle_brick_interfaces/share/turtle_brick_interfaces/environment/pythonpath.sh
[4.619s] -- Up-to-date symlink: /home/alyssa/homework2-alyssa225/src/install/turtle_brick_interfaces/share/turtle_brick_interfaces/environment/pythonpath.dsv
[4.619s] -- Up-to-date symlink: /home/alyssa/homework2-alyssa225/src/install/turtle_brick_interfaces/local/lib/python3.10/dist-packages/turtle_brick_interfaces-0.0.0-py3.10.egg-info/PKG-INFO
[4.619s] -- Up-to-date symlink: /home/alyssa/homework2-alyssa225/src/install/turtle_brick_interfaces/local/lib/python3.10/dist-packages/turtle_brick_interfaces-0.0.0-py3.10.egg-info/SOURCES.txt
[4.619s] -- Up-to-date symlink: /home/alyssa/homework2-alyssa225/src/install/turtle_brick_interfaces/local/lib/python3.10/dist-packages/turtle_brick_interfaces-0.0.0-py3.10.egg-info/dependency_links.txt
[4.620s] -- Up-to-date symlink: /home/alyssa/homework2-alyssa225/src/install/turtle_brick_interfaces/local/lib/python3.10/dist-packages/turtle_brick_interfaces-0.0.0-py3.10.egg-info/top_level.txt
[4.620s] -- Up-to-date symlink: /home/alyssa/homework2-alyssa225/src/install/turtle_brick_interfaces/local/lib/python3.10/dist-packages/turtle_brick_interfaces/__init__.py
[4.620s] -- Up-to-date symlink: /home/alyssa/homework2-alyssa225/src/install/turtle_brick_interfaces/local/lib/python3.10/dist-packages/turtle_brick_interfaces/_turtle_brick_interfaces_s.ep.rosidl_typesupport_c.c
[4.621s] -- Up-to-date symlink: /home/alyssa/homework2-alyssa225/src/install/turtle_brick_interfaces/local/lib/python3.10/dist-packages/turtle_brick_interfaces/_turtle_brick_interfaces_s.ep.rosidl_typesupport_fastrtps_c.c
[4.621s] -- Up-to-date symlink: /home/alyssa/homework2-alyssa225/src/install/turtle_brick_interfaces/local/lib/python3.10/dist-packages/turtle_brick_interfaces/_turtle_brick_interfaces_s.ep.rosidl_typesupport_introspection_c.c
[4.621s] -- Up-to-date symlink: /home/alyssa/homework2-alyssa225/src/install/turtle_brick_interfaces/local/lib/python3.10/dist-packages/turtle_brick_interfaces/libturtle_brick_interfaces__rosidl_generator_py.so
[4.621s] -- Up-to-date symlink: /home/alyssa/homework2-alyssa225/src/install/turtle_brick_interfaces/local/lib/python3.10/dist-packages/turtle_brick_interfaces/msg/__init__.py
[4.621s] -- Up-to-date symlink: /home/alyssa/homework2-alyssa225/src/install/turtle_brick_interfaces/local/lib/python3.10/dist-packages/turtle_brick_interfaces/msg/_tilt.py
[4.621s] -- Up-to-date symlink: /home/alyssa/homework2-alyssa225/src/install/turtle_brick_interfaces/local/lib/python3.10/dist-packages/turtle_brick_interfaces/msg/_tilt_s.c
[4.622s] -- Up-to-date symlink: /home/alyssa/homework2-alyssa225/src/install/turtle_brick_interfaces/local/lib/python3.10/dist-packages/turtle_brick_interfaces/srv/__init__.py
[4.622s] -- Up-to-date symlink: /home/alyssa/homework2-alyssa225/src/install/turtle_brick_interfaces/local/lib/python3.10/dist-packages/turtle_brick_interfaces/srv/_place.py
[4.622s] -- Up-to-date symlink: /home/alyssa/homework2-alyssa225/src/install/turtle_brick_interfaces/local/lib/python3.10/dist-packages/turtle_brick_interfaces/srv/_place_s.c
[4.622s] -- Up-to-date symlink: /home/alyssa/homework2-alyssa225/src/install/turtle_brick_interfaces/local/lib/python3.10/dist-packages/turtle_brick_interfaces/turtle_brick_interfaces_s__rosidl_typesupport_c.cpython-310-x86_64-linux-gnu.so
[4.622s] -- Up-to-date symlink: /home/alyssa/homework2-alyssa225/src/install/turtle_brick_interfaces/local/lib/python3.10/dist-packages/turtle_brick_interfaces/turtle_brick_interfaces_s__rosidl_typesupport_fastrtps_c.cpython-310-x86_64-linux-gnu.so
[4.622s] -- Up-to-date symlink: /home/alyssa/homework2-alyssa225/src/install/turtle_brick_interfaces/local/lib/python3.10/dist-packages/turtle_brick_interfaces/turtle_brick_interfaces_s__rosidl_typesupport_introspection_c.cpython-310-x86_64-linux-gnu.so
[4.623s] -- Up-to-date symlink: /home/alyssa/homework2-alyssa225/src/install/turtle_brick_interfaces/local/lib/python3.10/dist-packages/turtle_brick_interfaces/turtle_brick_interfaces_s__rosidl_typesupport_fastrtps_c.cpython-310-x86_64-linux-gnu.so
[4.623s] -- Up-to-date symlink: /home/alyssa/homework2-alyssa225/src/install/turtle_brick_interfaces/local/lib/python3.10/dist-packages/turtle_brick_interfaces/turtle_brick_interfaces_s__rosidl_typesupport_introspection_c.cpython-310-x86_64-linux-gnu.so
[4.623s] -- Up-to-date symlink: /home/alyssa/homework2-alyssa225/src/install/turtle_brick_interfaces/local/lib/python3.10/dist-packages/turtle_brick_interfaces/turtle_brick_interfaces_s__rosidl_typesupport_c.cpython-310-x86_64-linux-gnu.so
[4.623s] -- Up-to-date symlink: /home/alyssa/homework2-alyssa225/src/install/turtle_brick_interfaces/share/turtle_brick_interfaces/msg/Tilt.idl
[4.623s] -- Up-to-date symlink: /home/alyssa/homework2-alyssa225/src/install/turtle_brick_interfaces/share/turtle_brick_interfaces/srv/Place.idl
[4.623s] -- Up-to-date symlink: /home/alyssa/homework2-alyssa225/src/install/turtle_brick_interfaces/share/turtle_brick_interfaces/msg/Tilt.msg
[4.624s] -- Up-to-date symlink: /home/alyssa/homework2-alyssa225/src/install/turtle_brick_interfaces/share/turtle_brick_interfaces/srv/Place.srv
[4.624s] -- Up-to-date symlink: /home/alyssa/homework2-alyssa225/src/install/turtle_brick_interfaces/share/turtle_brick_interfaces/srv/Place_Request.msg
[4.624s] -- Up-to-date symlink: /home/alyssa/homework2-alyssa225/src/install/turtle_brick_interfaces/share/turtle_brick_interfaces/srv/Place_Response.msg
[4.624s] -- Up-to-date symlink: /home/alyssa/homework2-alyssa225/src/install/turtle_brick_interfaces/share/ament_index/resource_index/package_run_dependencies/turtle_brick_interfaces
[4.624s] -- Up-to-date symlink: /home/alyssa/homework2-alyssa225/src/install/turtle_brick_interfaces/share/ament_index/resource_index/parent_prefix_path/turtle_brick_interfaces
[4.625s] -- Up-to-date symlink: /home/alyssa/homework2-alyssa225/src/install/turtle_brick_interfaces/share/turtle_brick_interfaces/environment/ament_prefix_path.sh
[4.625s] -- Up-to-date symlink: /home/alyssa/homework2-alyssa225/src/install/turtle_brick_interfaces/share/turtle_brick_interfaces/environment/ament_prefix_path.dsv
[4.625s] -- Up-to-date symlink: /home/alyssa/homework2-alyssa225/src/install/turtle_brick_interfaces/share/turtle_brick_interfaces/environment/path.sh
[4.626s] -- Up-to-date symlink: /home/alyssa/homework2-alyssa225/src/install/turtle_brick_interfaces/share/turtle_brick_interfaces/environment/path.dsv
[4.626s] -- Up-to-date symlink: /home/alyssa/homework2-alyssa225/src/install/turtle_brick_interfaces/share/turtle_brick_interfaces/local_setup.bash
[4.626s] -- Up-to-date symlink: /home/alyssa/homework2-alyssa225/src/install/turtle_brick_interfaces/share/turtle_brick_interfaces/local_setup.sh
[4.626s] -- Up-to-date symlink: /home/alyssa/homework2-alyssa225/src/install/turtle_brick_interfaces/share/turtle_brick_interfaces/local_setup.zsh
[4.627s] -- Up-to-date symlink: /home/alyssa/homework2-alyssa225/src/install/turtle_brick_interfaces/share/turtle_brick_interfaces/local_setup.dsv
[4.627s] -- Symlinking: /home/alyssa/homework2-alyssa225/src/install/turtle_brick_interfaces/share/turtle_brick_interfaces/package.dsv
[4.635s] -- Up-to-date symlink: /home/alyssa/homework2-alyssa225/src/install/turtle_brick_interfaces/share/ament_index/resource_index/packages/turtle_brick_interfaces
[4.635s] -- Up-to-date symlink: /home/alyssa/homework2-alyssa225/src/install/turtle_brick_interfaces/share/turtle_brick_interfaces/cmake/rosidl_cmake-extras.cmake
[4.635s] -- Up-to-date symlink: /home/alyssa/homework2-alyssa225/src/install/turtle_brick_interfaces/share/turtle_brick_interfaces/cmake/ament_cmake_export_include_directories-extras.cmake
[4.635s] -- Up-to-date symlink: /home/alyssa/homework2-alyssa225/src/install/turtle_brick_interfaces/share/turtle_brick_interfaces/cmake/ament_cmake_export_libraries-extras.cmake
[4.635s] -- Up-to-date symlink: /home/alyssa/homework2-alyssa225/src/install/turtle_brick_interfaces/share/turtle_brick_interfaces/cmake/ament_cmake_export_targets-extras.cmake
[4.636s] -- Up-to-date symlink: /home/alyssa/homework2-alyssa225/src/install/turtle_brick_interfaces/share/turtle_brick_interfaces/cmake/rosidl_cmake_export_typesupport_targets-extras.cmake
[4.636s] -- Up-to-date symlink: /home/alyssa/homework2-alyssa225/src/install/turtle_brick_interfaces/share/turtle_brick_interfaces/cmake/ament_cmake_export_dependencies-extras.cmake
[4.636s] -- Up-to-date symlink: /home/alyssa/homework2-alyssa225/src/install/turtle_brick_interfaces/share/turtle_brick_interfaces/cmake/rosidl_cmake_export_typesupport_libraries-extras.cmake
[4.636s] -- Up-to-date symlink: /home/alyssa/homework2-alyssa225/src/install/turtle_brick_interfaces/share/turtle_brick_interfaces/cmake/turtle_brick_interfacesConfig.cmake
[4.637s] -- Up-to-date symlink: /home/alyssa/homework2-alyssa225/src/install/turtle_brick_interfaces/share/turtle_brick_interfaces/cmake/turtle_brick_interfacesConfig-version.cmake
[4.637s] -- Up-to-date symlink: /home/alyssa/homework2-alyssa225/src/install/turtle_brick_interfaces/share/turtle_brick_interfaces/package.xml
[4.637s] -- Installing: /home/alyssa/homework2-alyssa225/src/install/turtle_brick_interfaces/lib/libturtle_brick_interfaces__rosidl_generator_c.so
[4.638s] -- Set runtime path of "/home/alyssa/homework2-alyssa225/src/install/turtle_brick_interfaces/lib/libturtle_brick_interfaces__rosidl_generator_c.so" to ""
[4.638s] -- Installing: /home/alyssa/homework2-alyssa225/src/install/turtle_brick_interfaces/lib/libturtle_brick_interfaces__rosidl_typesupport_fastrtps_c.so
[4.639s] -- Set runtime path of "/home/alyssa/homework2-alyssa225/src/install/turtle_brick_interfaces/lib/libturtle_brick_interfaces__rosidl_typesupport_fastrtps_c.so" to ""
[4.639s] -- Installing: /home/alyssa/homework2-alyssa225/src/install/turtle_brick_interfaces/lib/libturtle_brick_interfaces__rosidl_typesupport_introspection_c.so
[4.639s] -- Set runtime path of "/home/alyssa/homework2-alyssa225/src/install/turtle_brick_interfaces/lib/libturtle_brick_interfaces__rosidl_typesupport_introspection_c.so" to ""
[4.640s] -- Installing: /home/alyssa/homework2-alyssa225/src/install/turtle_brick_interfaces/lib/libturtle_brick_interfaces__rosidl_typesupport_c.so
[4.640s] -- Set runtime path of "/home/alyssa/homework2-alyssa225/src/install/turtle_brick_interfaces/lib/libturtle_brick_interfaces__rosidl_typesupport_c.so" to ""
[4.640s] -- Installing: /home/alyssa/homework2-alyssa225/src/install/turtle_brick_interfaces/lib/libturtle_brick_interfaces__rosidl_typesupport_fastrtps_cpp.so
[4.641s] -- Set runtime path of "/home/alyssa/homework2-alyssa225/src/install/turtle_brick_interfaces/lib/libturtle_brick_interfaces__rosidl_typesupport_fastrtps_cpp.so" to ""
[4.641s] -- Installing: /home/alyssa/homework2-alyssa225/src/install/turtle_brick_interfaces/lib/libturtle_brick_interfaces__rosidl_typesupport_introspection_cpp.so
[4.642s] -- Set runtime path of "/home/alyssa/homework2-alyssa225/src/install/turtle_brick_interfaces/lib/libturtle_brick_interfaces__rosidl_typesupport_introspection_cpp.so" to ""
[4.642s] -- Installing: /home/alyssa/homework2-alyssa225/src/install/turtle_brick_interfaces/lib/libturtle_brick_interfaces__rosidl_typesupport_cpp.so
[4.642s] -- Set runtime path of "/home/alyssa/homework2-alyssa225/src/install/turtle_brick_interfaces/lib/libturtle_brick_interfaces__rosidl_typesupport_cpp.so" to ""
[4.673s] Listing '/home/alyssa/homework2-alyssa225/src/install/turtle_brick_interfaces/local/lib/python3.10/dist-packages/turtle_brick_interfaces'...
[4.674s] Compiling '/home/alyssa/homework2-alyssa225/src/install/turtle_brick_interfaces/local/lib/python3.10/dist-packages/turtle_brick_interfaces/__init__.py'...
[4.674s] Listing '/home/alyssa/homework2-alyssa225/src/install/turtle_brick_interfaces/local/lib/python3.10/dist-packages/turtle_brick_interfaces/msg'...
[4.674s] Compiling '/home/alyssa/homework2-alyssa225/src/install/turtle_brick_interfaces/local/lib/python3.10/dist-packages/turtle_brick_interfaces/msg/__init__.py'...
[4.674s] Compiling '/home/alyssa/homework2-alyssa225/src/install/turtle_brick_interfaces/local/lib/python3.10/dist-packages/turtle_brick_interfaces/msg/_tilt.py'...
[4.674s] Listing '/home/alyssa/homework2-alyssa225/src/install/turtle_brick_interfaces/local/lib/python3.10/dist-packages/turtle_brick_interfaces/srv'...
[4.674s] Compiling '/home/alyssa/homework2-alyssa225/src/install/turtle_brick_interfaces/local/lib/python3.10/dist-packages/turtle_brick_interfaces/srv/__init__.py'...
[4.674s] Compiling '/home/alyssa/homework2-alyssa225/src/install/turtle_brick_interfaces/local/lib/python3.10/dist-packages/turtle_brick_interfaces/srv/_place.py'...
[4.677s] -- Installing: /home/alyssa/homework2-alyssa225/src/install/turtle_brick_interfaces/lib/libturtle_brick_interfaces__rosidl_generator_py.so
[4.678s] -- Set runtime path of "/home/alyssa/homework2-alyssa225/src/install/turtle_brick_interfaces/lib/libturtle_brick_interfaces__rosidl_generator_py.so" to ""
[4.678s] -- Up-to-date: /home/alyssa/homework2-alyssa225/src/install/turtle_brick_interfaces/share/turtle_brick_interfaces/cmake/export_turtle_brick_interfaces__rosidl_generator_cExport.cmake
[4.678s] -- Up-to-date: /home/alyssa/homework2-alyssa225/src/install/turtle_brick_interfaces/share/turtle_brick_interfaces/cmake/export_turtle_brick_interfaces__rosidl_generator_cExport-noconfig.cmake
[4.679s] -- Up-to-date: /home/alyssa/homework2-alyssa225/src/install/turtle_brick_interfaces/share/turtle_brick_interfaces/cmake/export_turtle_brick_interfaces__rosidl_typesupport_fastrtps_cExport.cmake
[4.679s] -- Up-to-date: /home/alyssa/homework2-alyssa225/src/install/turtle_brick_interfaces/share/turtle_brick_interfaces/cmake/export_turtle_brick_interfaces__rosidl_typesupport_fastrtps_cExport-noconfig.cmake
[4.679s] -- Up-to-date: /home/alyssa/homework2-alyssa225/src/install/turtle_brick_interfaces/share/turtle_brick_interfaces/cmake/turtle_brick_interfaces__rosidl_typesupport_introspection_cExport.cmake
[4.679s] -- Up-to-date: /home/alyssa/homework2-alyssa225/src/install/turtle_brick_interfaces/share/turtle_brick_interfaces/cmake/turtle_brick_interfaces__rosidl_typesupport_introspection_cExport-noconfig.cmake
[4.679s] -- Up-to-date: /home/alyssa/homework2-alyssa225/src/install/turtle_brick_interfaces/share/turtle_brick_interfaces/cmake/turtle_brick_interfaces__rosidl_typesupport_cExport.cmake
[4.679s] -- Up-to-date: /home/alyssa/homework2-alyssa225/src/install/turtle_brick_interfaces/share/turtle_brick_interfaces/cmake/turtle_brick_interfaces__rosidl_typesupport_cExport-noconfig.cmake
[4.680s] -- Up-to-date: /home/alyssa/homework2-alyssa225/src/install/turtle_brick_interfaces/share/turtle_brick_interfaces/cmake/export_turtle_brick_interfaces__rosidl_generator_cppExport.cmake
[4.680s] -- Up-to-date: /home/alyssa/homework2-alyssa225/src/install/turtle_brick_interfaces/share/turtle_brick_interfaces/cmake/export_turtle_brick_interfaces__rosidl_typesupport_fastrtps_cppExport.cmake
[4.680s] -- Up-to-date: /home/alyssa/homework2-alyssa225/src/install/turtle_brick_interfaces/share/turtle_brick_interfaces/cmake/export_turtle_brick_interfaces__rosidl_typesupport_fastrtps_cppExport-noconfig.cmake
[4.680s] -- Up-to-date: /home/alyssa/homework2-alyssa225/src/install/turtle_brick_interfaces/share/turtle_brick_interfaces/cmake/turtle_brick_interfaces__rosidl_typesupport_introspection_cppExport.cmake
[4.680s] -- Up-to-date: /home/alyssa/homework2-alyssa225/src/install/turtle_brick_interfaces/share/turtle_brick_interfaces/cmake/turtle_brick_interfaces__rosidl_typesupport_introspection_cppExport-noconfig.cmake
[4.680s] -- Up-to-date: /home/alyssa/homework2-alyssa225/src/install/turtle_brick_interfaces/share/turtle_brick_interfaces/cmake/turtle_brick_interfaces__rosidl_typesupport_cppExport.cmake
[4.680s] -- Up-to-date: /home/alyssa/homework2-alyssa225/src/install/turtle_brick_interfaces/share/turtle_brick_interfaces/cmake/turtle_brick_interfaces__rosidl_typesupport_cppExport-noconfig.cmake
[4.680s] -- Up-to-date: /home/alyssa/homework2-alyssa225/src/install/turtle_brick_interfaces/share/turtle_brick_interfaces/cmake/export_turtle_brick_interfaces__rosidl_generator_pyExport.cmake
[4.681s] -- Up-to-date: /home/alyssa/homework2-alyssa225/src/install/turtle_brick_interfaces/share/turtle_brick_interfaces/cmake/export_turtle_brick_interfaces__rosidl_generator_pyExport-noconfig.cmake
[4.685s] Invoked command in '/home/alyssa/homework2-alyssa225/src/build/turtle_brick_interfaces' returned '0': CMAKE_PREFIX_PATH=${CMAKE_PREFIX_PATH}:/home/alyssa/ros2_ws/src/crazy_turtle/install/crazy_turtle:/home/alyssa/homework2-alyssa225/src/install/turtle_brick:/opt/ros/humble /usr/bin/cmake --install /home/alyssa/homework2-alyssa225/src/build/turtle_brick_interfaces
