[0.387s] Invoking command in '/home/alyssa/homework2-alyssa225/src/build/turtle_brick_interfaces': CMAKE_PREFIX_PATH=${CMAKE_PREFIX_PATH}:/home/alyssa/homework2-alyssa225/src/install/turtle_brick:/opt/ros/humble /usr/bin/cmake --build /home/alyssa/homework2-alyssa225/src/build/turtle_brick_interfaces -- -j8 -l8
[0.408s] -- Found ament_cmake: 1.3.2 (/opt/ros/humble/share/ament_cmake/cmake)
[0.589s] -- Override CMake install command with custom implementation using symlinks instead of copying resources
[0.599s] -- Found rosidl_default_generators: 1.2.0 (/opt/ros/humble/share/rosidl_default_generators/cmake)
[0.602s] -- Using all available rosidl_typesupport_c: rosidl_typesupport_fastrtps_c;rosidl_typesupport_introspection_c
[0.606s] -- Found rosidl_adapter: 3.1.3 (/opt/ros/humble/share/rosidl_adapter/cmake)
[0.659s] -- Using all available rosidl_typesupport_cpp: rosidl_typesupport_fastrtps_cpp;rosidl_typesupport_introspection_cpp
[1.147s] -- Found ament_cmake_ros: 0.10.0 (/opt/ros/humble/share/ament_cmake_ros/cmake)
[1.448s] -- Using all available rosidl_typesupport_c: rosidl_typesupport_fastrtps_c;rosidl_typesupport_introspection_c
[1.751s] -- Using all available rosidl_typesupport_cpp: rosidl_typesupport_fastrtps_cpp;rosidl_typesupport_introspection_cpp
[1.783s] -- Found PythonInterp: /usr/bin/python3 (found suitable version "3.10.6", minimum required is "3.6") 
[1.785s] -- Found python_cmake_module: 0.10.0 (/opt/ros/humble/share/python_cmake_module/cmake)
[1.819s] -- Found PythonLibs: /usr/lib/x86_64-linux-gnu/libpython3.10.so (found suitable version "3.10.6", minimum required is "3.5") 
[1.819s] -- Using PYTHON_EXECUTABLE: /usr/bin/python3
[1.820s] -- Using PYTHON_INCLUDE_DIRS: /usr/include/python3.10
[1.820s] -- Using PYTHON_LIBRARIES: /usr/lib/x86_64-linux-gnu/libpython3.10.so
[1.855s] -- Found PythonExtra: .so  
[1.905s] -- Found ament_lint_auto: 0.12.4 (/opt/ros/humble/share/ament_lint_auto/cmake)
[1.932s] -- Added test 'lint_cmake' to check CMake code style
[1.934s] -- Added test 'xmllint' to check XML markup files
[1.940s] -- Configuring done
[1.986s] -- Generating done
[1.989s] -- Build files have been written to: /home/alyssa/homework2-alyssa225/src/build/turtle_brick_interfaces
[2.015s] [  3%] [34m[1mGenerating C code for ROS interfaces[0m
[2.029s] [  6%] [34m[1mGenerating C++ code for ROS interfaces[0m
[2.041s] [  6%] Built target ament_cmake_python_symlink_turtle_brick_interfaces
[2.606s] running egg_info
[2.606s] creating turtle_brick_interfaces.egg-info
[2.607s] writing turtle_brick_interfaces.egg-info/PKG-INFO
[2.607s] writing dependency_links to turtle_brick_interfaces.egg-info/dependency_links.txt
[2.607s] writing top-level names to turtle_brick_interfaces.egg-info/top_level.txt
[2.608s] writing manifest file 'turtle_brick_interfaces.egg-info/SOURCES.txt'
[2.615s] reading manifest file 'turtle_brick_interfaces.egg-info/SOURCES.txt'
[2.616s] writing manifest file 'turtle_brick_interfaces.egg-info/SOURCES.txt'
[2.630s] [  6%] Built target turtle_brick_interfaces__cpp
[2.647s] [  9%] [34m[1mGenerating C++ introspection for ROS interfaces[0m
[2.647s] [ 12%] [32mBuilding C object CMakeFiles/turtle_brick_interfaces__rosidl_generator_c.dir/rosidl_generator_c/turtle_brick_interfaces/msg/detail/tilt__functions.c.o[0m
[2.649s] [ 16%] [34m[1mGenerating C++ type support for eProsima Fast-RTPS[0m
[2.661s] [ 19%] [34m[1mGenerating C++ type support dispatch for ROS interfaces[0m
[2.671s] [ 19%] Built target ament_cmake_python_build_turtle_brick_interfaces_egg
[2.821s] [ 22%] [32m[1mLinking C shared library libturtle_brick_interfaces__rosidl_generator_c.so[0m
[2.901s] [ 22%] Built target turtle_brick_interfaces__rosidl_generator_c
[2.917s] [ 29%] [34m[1mGenerating C type support dispatch for ROS interfaces[0m
[2.918s] [ 29%] [34m[1mGenerating C introspection for ROS interfaces[0m
[2.924s] [ 32%] [34m[1mGenerating C type support for eProsima Fast-RTPS[0m
[3.163s] [ 35%] [32mBuilding CXX object CMakeFiles/turtle_brick_interfaces__rosidl_typesupport_cpp.dir/rosidl_typesupport_cpp/turtle_brick_interfaces/msg/tilt__type_support.cpp.o[0m
[3.188s] [ 38%] [32mBuilding CXX object CMakeFiles/turtle_brick_interfaces__rosidl_typesupport_fastrtps_cpp.dir/rosidl_typesupport_fastrtps_cpp/turtle_brick_interfaces/msg/detail/dds_fastrtps/tilt__type_support.cpp.o[0m
[3.234s] [ 41%] [32mBuilding CXX object CMakeFiles/turtle_brick_interfaces__rosidl_typesupport_introspection_cpp.dir/rosidl_typesupport_introspection_cpp/turtle_brick_interfaces/msg/detail/tilt__type_support.cpp.o[0m
[3.445s] [ 45%] [32mBuilding CXX object CMakeFiles/turtle_brick_interfaces__rosidl_typesupport_c.dir/rosidl_typesupport_c/turtle_brick_interfaces/msg/tilt__type_support.cpp.o[0m
[3.472s] [ 48%] [32mBuilding C object CMakeFiles/turtle_brick_interfaces__rosidl_typesupport_introspection_c.dir/rosidl_typesupport_introspection_c/turtle_brick_interfaces/msg/detail/tilt__type_support.c.o[0m
[3.503s] [ 51%] [32mBuilding CXX object CMakeFiles/turtle_brick_interfaces__rosidl_typesupport_fastrtps_c.dir/rosidl_typesupport_fastrtps_c/turtle_brick_interfaces/msg/detail/tilt__type_support_c.cpp.o[0m
[3.514s] [ 54%] [32m[1mLinking CXX shared library libturtle_brick_interfaces__rosidl_typesupport_c.so[0m
[3.539s] [ 58%] [32m[1mLinking C shared library libturtle_brick_interfaces__rosidl_typesupport_introspection_c.so[0m
[3.607s] [ 58%] Built target turtle_brick_interfaces__rosidl_typesupport_introspection_c
[3.623s] [ 58%] Built target turtle_brick_interfaces__rosidl_typesupport_c
[3.804s] [ 61%] [32m[1mLinking CXX shared library libturtle_brick_interfaces__rosidl_typesupport_cpp.so[0m
[3.858s] [ 61%] Built target turtle_brick_interfaces__rosidl_typesupport_cpp
[3.951s] [ 64%] [32m[1mLinking CXX shared library libturtle_brick_interfaces__rosidl_typesupport_fastrtps_cpp.so[0m
[4.044s] [ 67%] [32m[1mLinking CXX shared library libturtle_brick_interfaces__rosidl_typesupport_introspection_cpp.so[0m
[4.087s] [ 67%] Built target turtle_brick_interfaces__rosidl_typesupport_fastrtps_cpp
[4.124s] [ 67%] Built target turtle_brick_interfaces__rosidl_typesupport_introspection_cpp
[4.195s] [ 70%] [32m[1mLinking CXX shared library libturtle_brick_interfaces__rosidl_typesupport_fastrtps_c.so[0m
[4.317s] [ 70%] Built target turtle_brick_interfaces__rosidl_typesupport_fastrtps_c
[4.339s] [ 70%] Built target turtle_brick_interfaces
[4.362s] [ 74%] [34m[1mGenerating Python code for ROS interfaces[0m
[4.819s] [ 74%] Built target turtle_brick_interfaces__py
[4.848s] [ 77%] [32mBuilding C object CMakeFiles/turtle_brick_interfaces__rosidl_generator_py.dir/rosidl_generator_py/turtle_brick_interfaces/msg/_tilt_s.c.o[0m
[4.990s] [ 80%] [32m[1mLinking C shared library rosidl_generator_py/turtle_brick_interfaces/libturtle_brick_interfaces__rosidl_generator_py.so[0m
[5.027s] [ 80%] Built target turtle_brick_interfaces__rosidl_generator_py
[5.046s] [ 87%] [32mBuilding C object CMakeFiles/turtle_brick_interfaces__rosidl_typesupport_fastrtps_c__pyext.dir/rosidl_generator_py/turtle_brick_interfaces/_turtle_brick_interfaces_s.ep.rosidl_typesupport_fastrtps_c.c.o[0m
[5.046s] [ 87%] [32mBuilding C object CMakeFiles/turtle_brick_interfaces__rosidl_typesupport_c__pyext.dir/rosidl_generator_py/turtle_brick_interfaces/_turtle_brick_interfaces_s.ep.rosidl_typesupport_c.c.o[0m
[5.046s] [ 90%] [32mBuilding C object CMakeFiles/turtle_brick_interfaces__rosidl_typesupport_introspection_c__pyext.dir/rosidl_generator_py/turtle_brick_interfaces/_turtle_brick_interfaces_s.ep.rosidl_typesupport_introspection_c.c.o[0m
[5.164s] [ 93%] [32m[1mLinking C shared library rosidl_generator_py/turtle_brick_interfaces/turtle_brick_interfaces_s__rosidl_typesupport_c.cpython-310-x86_64-linux-gnu.so[0m
[5.164s] [ 96%] [32m[1mLinking C shared library rosidl_generator_py/turtle_brick_interfaces/turtle_brick_interfaces_s__rosidl_typesupport_introspection_c.cpython-310-x86_64-linux-gnu.so[0m
[5.172s] [100%] [32m[1mLinking C shared library rosidl_generator_py/turtle_brick_interfaces/turtle_brick_interfaces_s__rosidl_typesupport_fastrtps_c.cpython-310-x86_64-linux-gnu.so[0m
[5.209s] [100%] Built target turtle_brick_interfaces__rosidl_typesupport_introspection_c__pyext
[5.210s] [100%] Built target turtle_brick_interfaces__rosidl_typesupport_c__pyext
[5.218s] [100%] Built target turtle_brick_interfaces__rosidl_typesupport_fastrtps_c__pyext
[5.230s] Invoked command in '/home/alyssa/homework2-alyssa225/src/build/turtle_brick_interfaces' returned '0': CMAKE_PREFIX_PATH=${CMAKE_PREFIX_PATH}:/home/alyssa/homework2-alyssa225/src/install/turtle_brick:/opt/ros/humble /usr/bin/cmake --build /home/alyssa/homework2-alyssa225/src/build/turtle_brick_interfaces -- -j8 -l8
[5.307s] Invoking command in '/home/alyssa/homework2-alyssa225/src/build/turtle_brick_interfaces': CMAKE_PREFIX_PATH=${CMAKE_PREFIX_PATH}:/home/alyssa/homework2-alyssa225/src/install/turtle_brick:/opt/ros/humble /usr/bin/cmake --install /home/alyssa/homework2-alyssa225/src/build/turtle_brick_interfaces
[5.315s] -- Install configuration: ""
[5.315s] -- Execute custom install script
[5.316s] -- Symlinking: /home/alyssa/homework2-alyssa225/src/install/turtle_brick_interfaces/share/ament_index/resource_index/rosidl_interfaces/turtle_brick_interfaces
[5.326s] -- Symlinking: /home/alyssa/homework2-alyssa225/src/install/turtle_brick_interfaces/include/turtle_brick_interfaces/turtle_brick_interfaces/msg/detail/tilt__functions.h
[5.335s] -- Symlinking: /home/alyssa/homework2-alyssa225/src/install/turtle_brick_interfaces/include/turtle_brick_interfaces/turtle_brick_interfaces/msg/detail/tilt__struct.h
[5.344s] -- Symlinking: /home/alyssa/homework2-alyssa225/src/install/turtle_brick_interfaces/include/turtle_brick_interfaces/turtle_brick_interfaces/msg/detail/tilt__type_support.h
[5.353s] -- Symlinking: /home/alyssa/homework2-alyssa225/src/install/turtle_brick_interfaces/include/turtle_brick_interfaces/turtle_brick_interfaces/msg/rosidl_generator_c__visibility_control.h
[5.364s] -- Symlinking: /home/alyssa/homework2-alyssa225/src/install/turtle_brick_interfaces/include/turtle_brick_interfaces/turtle_brick_interfaces/msg/tilt.h
[5.376s] -- Symlinking: /home/alyssa/homework2-alyssa225/src/install/turtle_brick_interfaces/share/turtle_brick_interfaces/environment/library_path.sh
[5.387s] -- Symlinking: /home/alyssa/homework2-alyssa225/src/install/turtle_brick_interfaces/share/turtle_brick_interfaces/environment/library_path.dsv
[5.397s] -- Symlinking: /home/alyssa/homework2-alyssa225/src/install/turtle_brick_interfaces/include/turtle_brick_interfaces/turtle_brick_interfaces/msg/detail/tilt__rosidl_typesupport_fastrtps_c.h
[5.406s] -- Symlinking: /home/alyssa/homework2-alyssa225/src/install/turtle_brick_interfaces/include/turtle_brick_interfaces/turtle_brick_interfaces/msg/rosidl_typesupport_fastrtps_c__visibility_control.h
[5.417s] -- Symlinking: /home/alyssa/homework2-alyssa225/src/install/turtle_brick_interfaces/include/turtle_brick_interfaces/turtle_brick_interfaces/msg/detail/tilt__rosidl_typesupport_introspection_c.h
[5.428s] -- Symlinking: /home/alyssa/homework2-alyssa225/src/install/turtle_brick_interfaces/include/turtle_brick_interfaces/turtle_brick_interfaces/msg/rosidl_typesupport_introspection_c__visibility_control.h
[5.440s] -- Symlinking: /home/alyssa/homework2-alyssa225/src/install/turtle_brick_interfaces/include/turtle_brick_interfaces/turtle_brick_interfaces/msg/detail/tilt__builder.hpp
[5.451s] -- Symlinking: /home/alyssa/homework2-alyssa225/src/install/turtle_brick_interfaces/include/turtle_brick_interfaces/turtle_brick_interfaces/msg/detail/tilt__struct.hpp
[5.461s] -- Symlinking: /home/alyssa/homework2-alyssa225/src/install/turtle_brick_interfaces/include/turtle_brick_interfaces/turtle_brick_interfaces/msg/detail/tilt__traits.hpp
[5.473s] -- Symlinking: /home/alyssa/homework2-alyssa225/src/install/turtle_brick_interfaces/include/turtle_brick_interfaces/turtle_brick_interfaces/msg/tilt.hpp
[5.486s] -- Symlinking: /home/alyssa/homework2-alyssa225/src/install/turtle_brick_interfaces/include/turtle_brick_interfaces/turtle_brick_interfaces/msg/detail/tilt__rosidl_typesupport_fastrtps_cpp.hpp
[5.495s] -- Symlinking: /home/alyssa/homework2-alyssa225/src/install/turtle_brick_interfaces/include/turtle_brick_interfaces/turtle_brick_interfaces/msg/rosidl_typesupport_fastrtps_cpp__visibility_control.h
[5.504s] -- Symlinking: /home/alyssa/homework2-alyssa225/src/install/turtle_brick_interfaces/include/turtle_brick_interfaces/turtle_brick_interfaces/msg/detail/tilt__rosidl_typesupport_introspection_cpp.hpp
[5.514s] -- Symlinking: /home/alyssa/homework2-alyssa225/src/install/turtle_brick_interfaces/share/turtle_brick_interfaces/environment/pythonpath.sh
[5.523s] -- Symlinking: /home/alyssa/homework2-alyssa225/src/install/turtle_brick_interfaces/share/turtle_brick_interfaces/environment/pythonpath.dsv
[5.532s] -- Symlinking: /home/alyssa/homework2-alyssa225/src/install/turtle_brick_interfaces/local/lib/python3.10/dist-packages/turtle_brick_interfaces-0.0.0-py3.10.egg-info/PKG-INFO
[5.541s] -- Symlinking: /home/alyssa/homework2-alyssa225/src/install/turtle_brick_interfaces/local/lib/python3.10/dist-packages/turtle_brick_interfaces-0.0.0-py3.10.egg-info/SOURCES.txt
[5.549s] -- Symlinking: /home/alyssa/homework2-alyssa225/src/install/turtle_brick_interfaces/local/lib/python3.10/dist-packages/turtle_brick_interfaces-0.0.0-py3.10.egg-info/dependency_links.txt
[5.556s] -- Symlinking: /home/alyssa/homework2-alyssa225/src/install/turtle_brick_interfaces/local/lib/python3.10/dist-packages/turtle_brick_interfaces-0.0.0-py3.10.egg-info/top_level.txt
[5.565s] -- Symlinking: /home/alyssa/homework2-alyssa225/src/install/turtle_brick_interfaces/local/lib/python3.10/dist-packages/turtle_brick_interfaces/__init__.py
[5.576s] -- Symlinking: /home/alyssa/homework2-alyssa225/src/install/turtle_brick_interfaces/local/lib/python3.10/dist-packages/turtle_brick_interfaces/_turtle_brick_interfaces_s.ep.rosidl_typesupport_c.c
[5.588s] -- Symlinking: /home/alyssa/homework2-alyssa225/src/install/turtle_brick_interfaces/local/lib/python3.10/dist-packages/turtle_brick_interfaces/_turtle_brick_interfaces_s.ep.rosidl_typesupport_fastrtps_c.c
[5.597s] -- Symlinking: /home/alyssa/homework2-alyssa225/src/install/turtle_brick_interfaces/local/lib/python3.10/dist-packages/turtle_brick_interfaces/_turtle_brick_interfaces_s.ep.rosidl_typesupport_introspection_c.c
[5.606s] -- Symlinking: /home/alyssa/homework2-alyssa225/src/install/turtle_brick_interfaces/local/lib/python3.10/dist-packages/turtle_brick_interfaces/libturtle_brick_interfaces__rosidl_generator_py.so
[5.614s] -- Symlinking: /home/alyssa/homework2-alyssa225/src/install/turtle_brick_interfaces/local/lib/python3.10/dist-packages/turtle_brick_interfaces/msg/__init__.py
[5.621s] -- Symlinking: /home/alyssa/homework2-alyssa225/src/install/turtle_brick_interfaces/local/lib/python3.10/dist-packages/turtle_brick_interfaces/msg/_tilt.py
[5.628s] -- Symlinking: /home/alyssa/homework2-alyssa225/src/install/turtle_brick_interfaces/local/lib/python3.10/dist-packages/turtle_brick_interfaces/msg/_tilt_s.c
[5.636s] -- Symlinking: /home/alyssa/homework2-alyssa225/src/install/turtle_brick_interfaces/local/lib/python3.10/dist-packages/turtle_brick_interfaces/turtle_brick_interfaces_s__rosidl_typesupport_c.cpython-310-x86_64-linux-gnu.so
[5.643s] -- Symlinking: /home/alyssa/homework2-alyssa225/src/install/turtle_brick_interfaces/local/lib/python3.10/dist-packages/turtle_brick_interfaces/turtle_brick_interfaces_s__rosidl_typesupport_fastrtps_c.cpython-310-x86_64-linux-gnu.so
[5.651s] -- Symlinking: /home/alyssa/homework2-alyssa225/src/install/turtle_brick_interfaces/local/lib/python3.10/dist-packages/turtle_brick_interfaces/turtle_brick_interfaces_s__rosidl_typesupport_introspection_c.cpython-310-x86_64-linux-gnu.so
[5.658s] -- Up-to-date symlink: /home/alyssa/homework2-alyssa225/src/install/turtle_brick_interfaces/local/lib/python3.10/dist-packages/turtle_brick_interfaces/turtle_brick_interfaces_s__rosidl_typesupport_fastrtps_c.cpython-310-x86_64-linux-gnu.so
[5.658s] -- Up-to-date symlink: /home/alyssa/homework2-alyssa225/src/install/turtle_brick_interfaces/local/lib/python3.10/dist-packages/turtle_brick_interfaces/turtle_brick_interfaces_s__rosidl_typesupport_introspection_c.cpython-310-x86_64-linux-gnu.so
[5.659s] -- Up-to-date symlink: /home/alyssa/homework2-alyssa225/src/install/turtle_brick_interfaces/local/lib/python3.10/dist-packages/turtle_brick_interfaces/turtle_brick_interfaces_s__rosidl_typesupport_c.cpython-310-x86_64-linux-gnu.so
[5.659s] -- Symlinking: /home/alyssa/homework2-alyssa225/src/install/turtle_brick_interfaces/share/turtle_brick_interfaces/msg/Tilt.idl
[5.670s] -- Symlinking: /home/alyssa/homework2-alyssa225/src/install/turtle_brick_interfaces/share/turtle_brick_interfaces/msg/Tilt.msg
[5.684s] -- Up-to-date symlink: /home/alyssa/homework2-alyssa225/src/install/turtle_brick_interfaces/share/ament_index/resource_index/package_run_dependencies/turtle_brick_interfaces
[5.684s] -- Up-to-date symlink: /home/alyssa/homework2-alyssa225/src/install/turtle_brick_interfaces/share/ament_index/resource_index/parent_prefix_path/turtle_brick_interfaces
[5.684s] -- Up-to-date symlink: /home/alyssa/homework2-alyssa225/src/install/turtle_brick_interfaces/share/turtle_brick_interfaces/environment/ament_prefix_path.sh
[5.684s] -- Up-to-date symlink: /home/alyssa/homework2-alyssa225/src/install/turtle_brick_interfaces/share/turtle_brick_interfaces/environment/ament_prefix_path.dsv
[5.685s] -- Up-to-date symlink: /home/alyssa/homework2-alyssa225/src/install/turtle_brick_interfaces/share/turtle_brick_interfaces/environment/path.sh
[5.685s] -- Up-to-date symlink: /home/alyssa/homework2-alyssa225/src/install/turtle_brick_interfaces/share/turtle_brick_interfaces/environment/path.dsv
[5.685s] -- Up-to-date symlink: /home/alyssa/homework2-alyssa225/src/install/turtle_brick_interfaces/share/turtle_brick_interfaces/local_setup.bash
[5.686s] -- Up-to-date symlink: /home/alyssa/homework2-alyssa225/src/install/turtle_brick_interfaces/share/turtle_brick_interfaces/local_setup.sh
[5.686s] -- Up-to-date symlink: /home/alyssa/homework2-alyssa225/src/install/turtle_brick_interfaces/share/turtle_brick_interfaces/local_setup.zsh
[5.686s] -- Up-to-date symlink: /home/alyssa/homework2-alyssa225/src/install/turtle_brick_interfaces/share/turtle_brick_interfaces/local_setup.dsv
[5.687s] -- Symlinking: /home/alyssa/homework2-alyssa225/src/install/turtle_brick_interfaces/share/turtle_brick_interfaces/package.dsv
[5.696s] -- Up-to-date symlink: /home/alyssa/homework2-alyssa225/src/install/turtle_brick_interfaces/share/ament_index/resource_index/packages/turtle_brick_interfaces
[5.696s] -- Symlinking: /home/alyssa/homework2-alyssa225/src/install/turtle_brick_interfaces/share/turtle_brick_interfaces/cmake/rosidl_cmake-extras.cmake
[5.703s] -- Symlinking: /home/alyssa/homework2-alyssa225/src/install/turtle_brick_interfaces/share/turtle_brick_interfaces/cmake/ament_cmake_export_include_directories-extras.cmake
[5.712s] -- Symlinking: /home/alyssa/homework2-alyssa225/src/install/turtle_brick_interfaces/share/turtle_brick_interfaces/cmake/ament_cmake_export_libraries-extras.cmake
[5.720s] -- Symlinking: /home/alyssa/homework2-alyssa225/src/install/turtle_brick_interfaces/share/turtle_brick_interfaces/cmake/ament_cmake_export_targets-extras.cmake
[5.729s] -- Symlinking: /home/alyssa/homework2-alyssa225/src/install/turtle_brick_interfaces/share/turtle_brick_interfaces/cmake/rosidl_cmake_export_typesupport_targets-extras.cmake
[5.737s] -- Symlinking: /home/alyssa/homework2-alyssa225/src/install/turtle_brick_interfaces/share/turtle_brick_interfaces/cmake/ament_cmake_export_dependencies-extras.cmake
[5.746s] -- Symlinking: /home/alyssa/homework2-alyssa225/src/install/turtle_brick_interfaces/share/turtle_brick_interfaces/cmake/rosidl_cmake_export_typesupport_libraries-extras.cmake
[5.754s] -- Up-to-date symlink: /home/alyssa/homework2-alyssa225/src/install/turtle_brick_interfaces/share/turtle_brick_interfaces/cmake/turtle_brick_interfacesConfig.cmake
[5.754s] -- Up-to-date symlink: /home/alyssa/homework2-alyssa225/src/install/turtle_brick_interfaces/share/turtle_brick_interfaces/cmake/turtle_brick_interfacesConfig-version.cmake
[5.754s] -- Up-to-date symlink: /home/alyssa/homework2-alyssa225/src/install/turtle_brick_interfaces/share/turtle_brick_interfaces/package.xml
[5.754s] -- Installing: /home/alyssa/homework2-alyssa225/src/install/turtle_brick_interfaces/lib/libturtle_brick_interfaces__rosidl_generator_c.so
[5.755s] -- Set runtime path of "/home/alyssa/homework2-alyssa225/src/install/turtle_brick_interfaces/lib/libturtle_brick_interfaces__rosidl_generator_c.so" to ""
[5.755s] -- Installing: /home/alyssa/homework2-alyssa225/src/install/turtle_brick_interfaces/lib/libturtle_brick_interfaces__rosidl_typesupport_fastrtps_c.so
[5.756s] -- Set runtime path of "/home/alyssa/homework2-alyssa225/src/install/turtle_brick_interfaces/lib/libturtle_brick_interfaces__rosidl_typesupport_fastrtps_c.so" to ""
[5.756s] -- Installing: /home/alyssa/homework2-alyssa225/src/install/turtle_brick_interfaces/lib/libturtle_brick_interfaces__rosidl_typesupport_introspection_c.so
[5.756s] -- Set runtime path of "/home/alyssa/homework2-alyssa225/src/install/turtle_brick_interfaces/lib/libturtle_brick_interfaces__rosidl_typesupport_introspection_c.so" to ""
[5.756s] -- Installing: /home/alyssa/homework2-alyssa225/src/install/turtle_brick_interfaces/lib/libturtle_brick_interfaces__rosidl_typesupport_c.so
[5.757s] -- Set runtime path of "/home/alyssa/homework2-alyssa225/src/install/turtle_brick_interfaces/lib/libturtle_brick_interfaces__rosidl_typesupport_c.so" to ""
[5.757s] -- Installing: /home/alyssa/homework2-alyssa225/src/install/turtle_brick_interfaces/lib/libturtle_brick_interfaces__rosidl_typesupport_fastrtps_cpp.so
[5.757s] -- Set runtime path of "/home/alyssa/homework2-alyssa225/src/install/turtle_brick_interfaces/lib/libturtle_brick_interfaces__rosidl_typesupport_fastrtps_cpp.so" to ""
[5.758s] -- Installing: /home/alyssa/homework2-alyssa225/src/install/turtle_brick_interfaces/lib/libturtle_brick_interfaces__rosidl_typesupport_introspection_cpp.so
[5.758s] -- Set runtime path of "/home/alyssa/homework2-alyssa225/src/install/turtle_brick_interfaces/lib/libturtle_brick_interfaces__rosidl_typesupport_introspection_cpp.so" to ""
[5.758s] -- Installing: /home/alyssa/homework2-alyssa225/src/install/turtle_brick_interfaces/lib/libturtle_brick_interfaces__rosidl_typesupport_cpp.so
[5.759s] -- Set runtime path of "/home/alyssa/homework2-alyssa225/src/install/turtle_brick_interfaces/lib/libturtle_brick_interfaces__rosidl_typesupport_cpp.so" to ""
[5.803s] Listing '/home/alyssa/homework2-alyssa225/src/install/turtle_brick_interfaces/local/lib/python3.10/dist-packages/turtle_brick_interfaces'...
[5.803s] Compiling '/home/alyssa/homework2-alyssa225/src/install/turtle_brick_interfaces/local/lib/python3.10/dist-packages/turtle_brick_interfaces/__init__.py'...
[5.803s] Listing '/home/alyssa/homework2-alyssa225/src/install/turtle_brick_interfaces/local/lib/python3.10/dist-packages/turtle_brick_interfaces/msg'...
[5.804s] Compiling '/home/alyssa/homework2-alyssa225/src/install/turtle_brick_interfaces/local/lib/python3.10/dist-packages/turtle_brick_interfaces/msg/__init__.py'...
[5.804s] Compiling '/home/alyssa/homework2-alyssa225/src/install/turtle_brick_interfaces/local/lib/python3.10/dist-packages/turtle_brick_interfaces/msg/_tilt.py'...
[5.808s] -- Installing: /home/alyssa/homework2-alyssa225/src/install/turtle_brick_interfaces/lib/libturtle_brick_interfaces__rosidl_generator_py.so
[5.808s] -- Set runtime path of "/home/alyssa/homework2-alyssa225/src/install/turtle_brick_interfaces/lib/libturtle_brick_interfaces__rosidl_generator_py.so" to ""
[5.809s] -- Installing: /home/alyssa/homework2-alyssa225/src/install/turtle_brick_interfaces/share/turtle_brick_interfaces/cmake/export_turtle_brick_interfaces__rosidl_generator_cExport.cmake
[5.809s] -- Installing: /home/alyssa/homework2-alyssa225/src/install/turtle_brick_interfaces/share/turtle_brick_interfaces/cmake/export_turtle_brick_interfaces__rosidl_generator_cExport-noconfig.cmake
[5.809s] -- Installing: /home/alyssa/homework2-alyssa225/src/install/turtle_brick_interfaces/share/turtle_brick_interfaces/cmake/export_turtle_brick_interfaces__rosidl_typesupport_fastrtps_cExport.cmake
[5.809s] -- Installing: /home/alyssa/homework2-alyssa225/src/install/turtle_brick_interfaces/share/turtle_brick_interfaces/cmake/export_turtle_brick_interfaces__rosidl_typesupport_fastrtps_cExport-noconfig.cmake
[5.809s] -- Installing: /home/alyssa/homework2-alyssa225/src/install/turtle_brick_interfaces/share/turtle_brick_interfaces/cmake/turtle_brick_interfaces__rosidl_typesupport_introspection_cExport.cmake
[5.810s] -- Installing: /home/alyssa/homework2-alyssa225/src/install/turtle_brick_interfaces/share/turtle_brick_interfaces/cmake/turtle_brick_interfaces__rosidl_typesupport_introspection_cExport-noconfig.cmake
[5.810s] -- Installing: /home/alyssa/homework2-alyssa225/src/install/turtle_brick_interfaces/share/turtle_brick_interfaces/cmake/turtle_brick_interfaces__rosidl_typesupport_cExport.cmake
[5.810s] -- Installing: /home/alyssa/homework2-alyssa225/src/install/turtle_brick_interfaces/share/turtle_brick_interfaces/cmake/turtle_brick_interfaces__rosidl_typesupport_cExport-noconfig.cmake
[5.810s] -- Installing: /home/alyssa/homework2-alyssa225/src/install/turtle_brick_interfaces/share/turtle_brick_interfaces/cmake/export_turtle_brick_interfaces__rosidl_generator_cppExport.cmake
[5.811s] -- Installing: /home/alyssa/homework2-alyssa225/src/install/turtle_brick_interfaces/share/turtle_brick_interfaces/cmake/export_turtle_brick_interfaces__rosidl_typesupport_fastrtps_cppExport.cmake
[5.811s] -- Installing: /home/alyssa/homework2-alyssa225/src/install/turtle_brick_interfaces/share/turtle_brick_interfaces/cmake/export_turtle_brick_interfaces__rosidl_typesupport_fastrtps_cppExport-noconfig.cmake
[5.811s] -- Installing: /home/alyssa/homework2-alyssa225/src/install/turtle_brick_interfaces/share/turtle_brick_interfaces/cmake/turtle_brick_interfaces__rosidl_typesupport_introspection_cppExport.cmake
[5.811s] -- Installing: /home/alyssa/homework2-alyssa225/src/install/turtle_brick_interfaces/share/turtle_brick_interfaces/cmake/turtle_brick_interfaces__rosidl_typesupport_introspection_cppExport-noconfig.cmake
[5.812s] -- Installing: /home/alyssa/homework2-alyssa225/src/install/turtle_brick_interfaces/share/turtle_brick_interfaces/cmake/turtle_brick_interfaces__rosidl_typesupport_cppExport.cmake
[5.812s] -- Installing: /home/alyssa/homework2-alyssa225/src/install/turtle_brick_interfaces/share/turtle_brick_interfaces/cmake/turtle_brick_interfaces__rosidl_typesupport_cppExport-noconfig.cmake
[5.812s] -- Installing: /home/alyssa/homework2-alyssa225/src/install/turtle_brick_interfaces/share/turtle_brick_interfaces/cmake/export_turtle_brick_interfaces__rosidl_generator_pyExport.cmake
[5.812s] -- Installing: /home/alyssa/homework2-alyssa225/src/install/turtle_brick_interfaces/share/turtle_brick_interfaces/cmake/export_turtle_brick_interfaces__rosidl_generator_pyExport-noconfig.cmake
[5.817s] Invoked command in '/home/alyssa/homework2-alyssa225/src/build/turtle_brick_interfaces' returned '0': CMAKE_PREFIX_PATH=${CMAKE_PREFIX_PATH}:/home/alyssa/homework2-alyssa225/src/install/turtle_brick:/opt/ros/humble /usr/bin/cmake --install /home/alyssa/homework2-alyssa225/src/build/turtle_brick_interfaces
