[0.024s] Invoking command in '/home/alyssa/ros2_ws/src/homework2-alyssa225/build/joint_state_publisher': /usr/bin/cmake /home/alyssa/ros2_ws/src/homework2-alyssa225/joint_state_publisher -DCATKIN_INSTALL_INTO_PREFIX_ROOT=0 -DCMAKE_INSTALL_PREFIX=/home/alyssa/ros2_ws/src/homework2-alyssa225/install/joint_state_publisher
[0.266s] -- The C compiler identification is GNU 11.2.0
[0.266s] -- The CXX compiler identification is GNU 11.2.0
[0.267s] -- Detecting C compiler ABI info
[0.267s] -- Detecting C compiler ABI info - done
[0.268s] -- Check for working C compiler: /usr/bin/cc - skipped
[0.269s] -- Detecting C compile features
[0.269s] -- Detecting C compile features - done
[0.269s] -- Detecting CXX compiler ABI info
[0.275s] -- Detecting CXX compiler ABI info - done
[0.287s] -- Check for working CXX compiler: /usr/bin/c++ - skipped
[0.287s] -- Detecting CXX compile features
[0.288s] -- Detecting CXX compile features - done
[0.308s] [31mCMake Error at CMakeLists.txt:4 (find_package):
[0.308s]   By not providing "Findcatkin.cmake" in CMAKE_MODULE_PATH this project has
[0.308s]   asked CMake to find a package configuration file provided by "catkin", but
[0.308s]   CMake did not find one.
[0.308s] 
[0.308s]   Could not find a package configuration file provided by "catkin" with any
[0.309s]   of the following names:
[0.309s] 
[0.309s]     catkinConfig.cmake
[0.309s]     catkin-config.cmake
[0.309s] 
[0.309s]   Add the installation prefix of "catkin" to CMAKE_PREFIX_PATH or set
[0.310s]   "catkin_DIR" to a directory containing one of the above files.  If "catkin"
[0.310s]   provides a separate development package or SDK, be sure it has been
[0.310s]   installed.
[0.310s] 
[0.310s] [0m
[0.310s] -- Configuring incomplete, errors occurred!
[0.311s] See also "/home/alyssa/ros2_ws/src/homework2-alyssa225/build/joint_state_publisher/CMakeFiles/CMakeOutput.log".
[0.312s] Invoked command in '/home/alyssa/ros2_ws/src/homework2-alyssa225/build/joint_state_publisher' returned '1': /usr/bin/cmake /home/alyssa/ros2_ws/src/homework2-alyssa225/joint_state_publisher -DCATKIN_INSTALL_INTO_PREFIX_ROOT=0 -DCMAKE_INSTALL_PREFIX=/home/alyssa/ros2_ws/src/homework2-alyssa225/install/joint_state_publisher
