[0.650s] Invoking command in '/home/alyssa/homework2-alyssa225/src/build/turtle_brick': PYTHONPATH=/home/alyssa/homework2-alyssa225/src/install/turtle_brick/lib/python3.10/site-packages:${PYTHONPATH} /usr/bin/python3 setup.py develop --prefix /home/alyssa/homework2-alyssa225/src/install/turtle_brick --uninstall --editable --build-directory /home/alyssa/homework2-alyssa225/src/build/turtle_brick/build
[0.994s] running develop
[0.994s] /usr/lib/python3/dist-packages/setuptools/command/easy_install.py:158: EasyInstallDeprecationWarning: easy_install command is deprecated. Use build and pip and other standards-based tools.
[0.995s]   warnings.warn(
[0.996s] /usr/lib/python3/dist-packages/setuptools/command/install.py:34: SetuptoolsDeprecationWarning: setup.py install is deprecated. Use build and pip and other standards-based tools.
[0.996s]   warnings.warn(
[1.053s] /usr/lib/python3/dist-packages/pkg_resources/__init__.py:116: PkgResourcesDeprecationWarning: 1.16.0-unknown is an invalid version and will not be supported in a future release
[1.053s]   warnings.warn(
[1.053s] /usr/lib/python3/dist-packages/pkg_resources/__init__.py:116: PkgResourcesDeprecationWarning: 1.1build1 is an invalid version and will not be supported in a future release
[1.054s]   warnings.warn(
[1.054s] /usr/lib/python3/dist-packages/pkg_resources/__init__.py:116: PkgResourcesDeprecationWarning: 0.1.43ubuntu1 is an invalid version and will not be supported in a future release
[1.054s]   warnings.warn(
[1.173s] Invoked command in '/home/alyssa/homework2-alyssa225/src/build/turtle_brick' returned '0': PYTHONPATH=/home/alyssa/homework2-alyssa225/src/install/turtle_brick/lib/python3.10/site-packages:${PYTHONPATH} /usr/bin/python3 setup.py develop --prefix /home/alyssa/homework2-alyssa225/src/install/turtle_brick --uninstall --editable --build-directory /home/alyssa/homework2-alyssa225/src/build/turtle_brick/build
[1.173s] Invoking command in '/home/alyssa/homework2-alyssa225/src/turtle_brick': PYTHONPATH=/home/alyssa/homework2-alyssa225/src/install/turtle_brick/lib/python3.10/site-packages:${PYTHONPATH} /usr/bin/python3 setup.py egg_info --egg-base ../build/turtle_brick build --build-base /home/alyssa/homework2-alyssa225/src/build/turtle_brick/build install --prefix /home/alyssa/homework2-alyssa225/src/install/turtle_brick --record /home/alyssa/homework2-alyssa225/src/build/turtle_brick/install.log --single-version-externally-managed
[1.377s] running egg_info
[1.377s] writing ../build/turtle_brick/turtle_brick.egg-info/PKG-INFO
[1.377s] writing dependency_links to ../build/turtle_brick/turtle_brick.egg-info/dependency_links.txt
[1.378s] writing entry points to ../build/turtle_brick/turtle_brick.egg-info/entry_points.txt
[1.378s] writing requirements to ../build/turtle_brick/turtle_brick.egg-info/requires.txt
[1.378s] writing top-level names to ../build/turtle_brick/turtle_brick.egg-info/top_level.txt
[1.380s] reading manifest file '../build/turtle_brick/turtle_brick.egg-info/SOURCES.txt'
[1.381s] writing manifest file '../build/turtle_brick/turtle_brick.egg-info/SOURCES.txt'
[1.381s] running build
[1.381s] running build_py
[1.381s] copying turtle_brick/arena.py -> /home/alyssa/homework2-alyssa225/src/build/turtle_brick/build/lib/turtle_brick
[1.381s] copying turtle_brick/turtle_robot.py -> /home/alyssa/homework2-alyssa225/src/build/turtle_brick/build/lib/turtle_brick
[1.382s] running install
[1.382s] /usr/lib/python3/dist-packages/setuptools/command/install.py:34: SetuptoolsDeprecationWarning: setup.py install is deprecated. Use build and pip and other standards-based tools.
[1.382s]   warnings.warn(
[1.382s] running install_lib
[1.383s] copying /home/alyssa/homework2-alyssa225/src/build/turtle_brick/build/lib/turtle_brick/arena.py -> /home/alyssa/homework2-alyssa225/src/install/turtle_brick/lib/python3.10/site-packages/turtle_brick
[1.383s] copying /home/alyssa/homework2-alyssa225/src/build/turtle_brick/build/lib/turtle_brick/turtle_robot.py -> /home/alyssa/homework2-alyssa225/src/install/turtle_brick/lib/python3.10/site-packages/turtle_brick
[1.384s] byte-compiling /home/alyssa/homework2-alyssa225/src/install/turtle_brick/lib/python3.10/site-packages/turtle_brick/arena.py to arena.cpython-310.pyc
[1.385s]   File "/home/alyssa/homework2-alyssa225/src/install/turtle_brick/lib/python3.10/site-packages/turtle_brick/arena.py", line 129
[1.385s]     18 marker.color.a = 1.0; // Don't forget to set the alpha!
[1.385s]                                    ^
[1.385s] SyntaxError: unterminated string literal (detected at line 129)
[1.385s] 
[1.386s] byte-compiling /home/alyssa/homework2-alyssa225/src/install/turtle_brick/lib/python3.10/site-packages/turtle_brick/turtle_robot.py to turtle_robot.cpython-310.pyc
[1.386s] running install_data
[1.386s] running install_egg_info
[1.388s] removing '/home/alyssa/homework2-alyssa225/src/install/turtle_brick/lib/python3.10/site-packages/turtle_brick-0.0.0-py3.10.egg-info' (and everything under it)
[1.388s] Copying ../build/turtle_brick/turtle_brick.egg-info to /home/alyssa/homework2-alyssa225/src/install/turtle_brick/lib/python3.10/site-packages/turtle_brick-0.0.0-py3.10.egg-info
[1.389s] running install_scripts
[1.407s] Installing arena script to /home/alyssa/homework2-alyssa225/src/install/turtle_brick/lib/turtle_brick
[1.407s] Installing turtle_robot script to /home/alyssa/homework2-alyssa225/src/install/turtle_brick/lib/turtle_brick
[1.408s] writing list of installed files to '/home/alyssa/homework2-alyssa225/src/build/turtle_brick/install.log'
[1.428s] Invoked command in '/home/alyssa/homework2-alyssa225/src/turtle_brick' returned '0': PYTHONPATH=/home/alyssa/homework2-alyssa225/src/install/turtle_brick/lib/python3.10/site-packages:${PYTHONPATH} /usr/bin/python3 setup.py egg_info --egg-base ../build/turtle_brick build --build-base /home/alyssa/homework2-alyssa225/src/build/turtle_brick/build install --prefix /home/alyssa/homework2-alyssa225/src/install/turtle_brick --record /home/alyssa/homework2-alyssa225/src/build/turtle_brick/install.log --single-version-externally-managed
