[0.363s] Invoking command in '/home/alyssa/homework2-alyssa225/src/build/turtle_brick_interfaces': CMAKE_PREFIX_PATH=${CMAKE_PREFIX_PATH}:/home/alyssa/homework2-alyssa225/src/install/turtle_brick:/opt/ros/humble /usr/bin/cmake --build /home/alyssa/homework2-alyssa225/src/build/turtle_brick_interfaces -- -j8 -l8
[0.401s] Invoked command in '/home/alyssa/homework2-alyssa225/src/build/turtle_brick_interfaces' returned '0': CMAKE_PREFIX_PATH=${CMAKE_PREFIX_PATH}:/home/alyssa/homework2-alyssa225/src/install/turtle_brick:/opt/ros/humble /usr/bin/cmake --build /home/alyssa/homework2-alyssa225/src/build/turtle_brick_interfaces -- -j8 -l8
[0.431s] Invoking command in '/home/alyssa/homework2-alyssa225/src/build/turtle_brick_interfaces': CMAKE_PREFIX_PATH=${CMAKE_PREFIX_PATH}:/home/alyssa/homework2-alyssa225/src/install/turtle_brick:/opt/ros/humble /usr/bin/cmake --install /home/alyssa/homework2-alyssa225/src/build/turtle_brick_interfaces
[0.438s] -- Install configuration: ""
[0.439s] -- Execute custom install script
[0.440s] -- Up-to-date symlink: /home/alyssa/homework2-alyssa225/src/install/turtle_brick_interfaces/share/ament_index/resource_index/package_run_dependencies/turtle_brick_interfaces
[0.440s] -- Up-to-date symlink: /home/alyssa/homework2-alyssa225/src/install/turtle_brick_interfaces/share/ament_index/resource_index/parent_prefix_path/turtle_brick_interfaces
[0.440s] -- Up-to-date symlink: /home/alyssa/homework2-alyssa225/src/install/turtle_brick_interfaces/share/turtle_brick_interfaces/environment/ament_prefix_path.sh
[0.440s] -- Up-to-date symlink: /home/alyssa/homework2-alyssa225/src/install/turtle_brick_interfaces/share/turtle_brick_interfaces/environment/ament_prefix_path.dsv
[0.441s] -- Up-to-date symlink: /home/alyssa/homework2-alyssa225/src/install/turtle_brick_interfaces/share/turtle_brick_interfaces/environment/path.sh
[0.441s] -- Up-to-date symlink: /home/alyssa/homework2-alyssa225/src/install/turtle_brick_interfaces/share/turtle_brick_interfaces/environment/path.dsv
[0.441s] -- Up-to-date symlink: /home/alyssa/homework2-alyssa225/src/install/turtle_brick_interfaces/share/turtle_brick_interfaces/local_setup.bash
[0.441s] -- Up-to-date symlink: /home/alyssa/homework2-alyssa225/src/install/turtle_brick_interfaces/share/turtle_brick_interfaces/local_setup.sh
[0.442s] -- Up-to-date symlink: /home/alyssa/homework2-alyssa225/src/install/turtle_brick_interfaces/share/turtle_brick_interfaces/local_setup.zsh
[0.442s] -- Up-to-date symlink: /home/alyssa/homework2-alyssa225/src/install/turtle_brick_interfaces/share/turtle_brick_interfaces/local_setup.dsv
[0.443s] -- Symlinking: /home/alyssa/homework2-alyssa225/src/install/turtle_brick_interfaces/share/turtle_brick_interfaces/package.dsv
[0.455s] -- Up-to-date symlink: /home/alyssa/homework2-alyssa225/src/install/turtle_brick_interfaces/share/ament_index/resource_index/packages/turtle_brick_interfaces
[0.455s] -- Up-to-date symlink: /home/alyssa/homework2-alyssa225/src/install/turtle_brick_interfaces/share/turtle_brick_interfaces/cmake/turtle_brick_interfacesConfig.cmake
[0.456s] -- Up-to-date symlink: /home/alyssa/homework2-alyssa225/src/install/turtle_brick_interfaces/share/turtle_brick_interfaces/cmake/turtle_brick_interfacesConfig-version.cmake
[0.456s] -- Up-to-date symlink: /home/alyssa/homework2-alyssa225/src/install/turtle_brick_interfaces/share/turtle_brick_interfaces/package.xml
[0.460s] Invoked command in '/home/alyssa/homework2-alyssa225/src/build/turtle_brick_interfaces' returned '0': CMAKE_PREFIX_PATH=${CMAKE_PREFIX_PATH}:/home/alyssa/homework2-alyssa225/src/install/turtle_brick:/opt/ros/humble /usr/bin/cmake --install /home/alyssa/homework2-alyssa225/src/build/turtle_brick_interfaces
